<?xml version="1.0" encoding="UTF-8"?>
<robot generator="Robot 5.0.1 (Python 3.10.4 on linux)" generated="20220714 08:35:06.259" rpa="false" schemaversion="3">
<suite id="s1" name="03 Carrinhos Tests" source="/home/mota/Documentos/Compass/Sprint's/GitHub/RoboTron_Joao_Victor_Compass/Sprint 5: Tech/Challenge/ServeRest Tester/tests/03_carrinhos_tests.robot">
<kw name="Criar Sessao" library="common" type="SETUP">
<kw name="Create Session" library="RequestsLibrary">
<arg>serverest</arg>
<arg>${BASE_URI}</arg>
<doc>Create Session: create a HTTP session to a server</doc>
<msg timestamp="20220714 08:35:06.466" level="INFO">Creating Session using : alias=serverest, url=http://localhost:3000/, headers={},                     cookies={}, auth=None, timeout=None, proxies=None, verify=False,                     debug=0 </msg>
<status status="PASS" starttime="20220714 08:35:06.465" endtime="20220714 08:35:06.466"/>
</kw>
<status status="PASS" starttime="20220714 08:35:06.465" endtime="20220714 08:35:06.466"/>
</kw>
<test id="s1-t1" name="Cenario: GET Listar Todos Carrinhos 200" line="11">
<kw name="GET Endpoint /carrinhos" library="03_carrinho_keywords">
<kw name="GET On Session" library="RequestsLibrary">
<var>${response}</var>
<arg>serverest</arg>
<arg>/carrinhos</arg>
<doc>Sends a GET request on a previously created HTTP Session.</doc>
<msg timestamp="20220714 08:35:06.470" level="INFO">GET Request : url=http://localhost:3000/carrinhos 
 path_url=/carrinhos 
 headers={'User-Agent': 'python-requests/2.25.1', 'Accept-Encoding': 'gzip, deflate', 'Accept': '*/*', 'Connection': 'keep-alive'} 
 body=None 
 </msg>
<msg timestamp="20220714 08:35:06.470" level="INFO">GET Response : url=http://localhost:3000/carrinhos 
 status=200, reason=OK 
 headers={'Access-Control-Allow-Origin': '*', 'x-dns-prefetch-control': 'off', 'x-frame-options': 'SAMEORIGIN', 'strict-transport-security': 'max-age=15552000; includeSubDomains', 'x-download-options': 'noopen', 'x-content-type-options': 'nosniff', 'x-xss-protection': '1; mode=block', 'x-moesif-transaction-id': 'a5062638-df39-455d-9001-812bdb46a7d3', 'Content-Type': 'application/json; charset=utf-8', 'Content-Length': '977', 'Date': 'Thu, 14 Jul 2022 11:35:06 GMT', 'Connection': 'keep-alive', 'Keep-Alive': 'timeout=5'} 
 body={
    "quantidade": 2,
    "carrinhos": [
        {
            "produtos": [
                {
                    "idProduto": "BeeJh5lz3k6kSIzA",
                    "quantidade": "1",
                    "precoUnitario": 487
                }
            ],
            "precoTotal": 487,
            "quantidadeTotal": "01",
            "idUsuario": "7TH6LoS53DTRI1II",
            "_id": "139TBLfBvkY8csEP"
        },
        {
            "produtos": [
                {
                    "idProduto": "BeeJh5lz3k6kSIzA",
                    "quantidade": 2,
                    "precoUnitario": 470
                },
                {
                    "idProduto": "K6leHdftCeOJj8BJ",
                    "quantidade": 1,
                    "precoUnitario": 5240
                }
            ],
            "precoTotal": 6180,
            "quantidadeTotal": 3,
            "idUsuario": "oUb7aGkMtSEPf6BZ",
            "_id": "qbMqntef4iTOwWfg"
        }
    ]
} 
 </msg>
<msg timestamp="20220714 08:35:06.470" level="INFO">${response} = &lt;Response [200]&gt;</msg>
<status status="PASS" starttime="20220714 08:35:06.467" endtime="20220714 08:35:06.470"/>
</kw>
<kw name="Log To Console" library="BuiltIn">
<arg>Response: ${response.content}</arg>
<doc>Logs the given message to the console.</doc>
<status status="PASS" starttime="20220714 08:35:06.470" endtime="20220714 08:35:06.470"/>
</kw>
<kw name="Set Global Variable" library="BuiltIn">
<arg>${response}</arg>
<doc>Makes a variable available globally in all tests and suites.</doc>
<msg timestamp="20220714 08:35:06.471" level="INFO">${response} = &lt;Response [200]&gt;</msg>
<status status="PASS" starttime="20220714 08:35:06.470" endtime="20220714 08:35:06.471"/>
</kw>
<status status="PASS" starttime="20220714 08:35:06.466" endtime="20220714 08:35:06.471"/>
</kw>
<kw name="Validar Status Code &quot;200&quot;" library="common" sourcename="Validar Status Code &quot;${statuscode}&quot;">
<kw name="Should Be True" library="BuiltIn">
<arg>${response.status_code} == ${statuscode}</arg>
<doc>Fails if the given condition is not true.</doc>
<status status="PASS" starttime="20220714 08:35:06.471" endtime="20220714 08:35:06.472"/>
</kw>
<status status="PASS" starttime="20220714 08:35:06.471" endtime="20220714 08:35:06.472"/>
</kw>
<tag>GET_CARRINHO</tag>
<status status="PASS" starttime="20220714 08:35:06.466" endtime="20220714 08:35:06.472"/>
</test>
<test id="s1-t2" name="Cenario: GET Carrinho Especifico 200" line="16">
<kw name="Listar Carrinhos e Armazenar ID" library="03_carrinho_keywords">
<kw name="GET Endpoint /carrinhos" library="03_carrinho_keywords">
<kw name="GET On Session" library="RequestsLibrary">
<var>${response}</var>
<arg>serverest</arg>
<arg>/carrinhos</arg>
<doc>Sends a GET request on a previously created HTTP Session.</doc>
<msg timestamp="20220714 08:35:06.474" level="INFO">GET Request : url=http://localhost:3000/carrinhos 
 path_url=/carrinhos 
 headers={'User-Agent': 'python-requests/2.25.1', 'Accept-Encoding': 'gzip, deflate', 'Accept': '*/*', 'Connection': 'keep-alive'} 
 body=None 
 </msg>
<msg timestamp="20220714 08:35:06.475" level="INFO">GET Response : url=http://localhost:3000/carrinhos 
 status=200, reason=OK 
 headers={'Access-Control-Allow-Origin': '*', 'x-dns-prefetch-control': 'off', 'x-frame-options': 'SAMEORIGIN', 'strict-transport-security': 'max-age=15552000; includeSubDomains', 'x-download-options': 'noopen', 'x-content-type-options': 'nosniff', 'x-xss-protection': '1; mode=block', 'x-moesif-transaction-id': '1709e162-1641-4031-a40f-034ff1579bce', 'Content-Type': 'application/json; charset=utf-8', 'Content-Length': '977', 'Date': 'Thu, 14 Jul 2022 11:35:06 GMT', 'Connection': 'keep-alive', 'Keep-Alive': 'timeout=5'} 
 body={
    "quantidade": 2,
    "carrinhos": [
        {
            "produtos": [
                {
                    "idProduto": "BeeJh5lz3k6kSIzA",
                    "quantidade": "1",
                    "precoUnitario": 487
                }
            ],
            "precoTotal": 487,
            "quantidadeTotal": "01",
            "idUsuario": "7TH6LoS53DTRI1II",
            "_id": "139TBLfBvkY8csEP"
        },
        {
            "produtos": [
                {
                    "idProduto": "BeeJh5lz3k6kSIzA",
                    "quantidade": 2,
                    "precoUnitario": 470
                },
                {
                    "idProduto": "K6leHdftCeOJj8BJ",
                    "quantidade": 1,
                    "precoUnitario": 5240
                }
            ],
            "precoTotal": 6180,
            "quantidadeTotal": 3,
            "idUsuario": "oUb7aGkMtSEPf6BZ",
            "_id": "qbMqntef4iTOwWfg"
        }
    ]
} 
 </msg>
<msg timestamp="20220714 08:35:06.475" level="INFO">${response} = &lt;Response [200]&gt;</msg>
<status status="PASS" starttime="20220714 08:35:06.473" endtime="20220714 08:35:06.475"/>
</kw>
<kw name="Log To Console" library="BuiltIn">
<arg>Response: ${response.content}</arg>
<doc>Logs the given message to the console.</doc>
<status status="PASS" starttime="20220714 08:35:06.475" endtime="20220714 08:35:06.475"/>
</kw>
<kw name="Set Global Variable" library="BuiltIn">
<arg>${response}</arg>
<doc>Makes a variable available globally in all tests and suites.</doc>
<msg timestamp="20220714 08:35:06.475" level="INFO">${response} = &lt;Response [200]&gt;</msg>
<status status="PASS" starttime="20220714 08:35:06.475" endtime="20220714 08:35:06.475"/>
</kw>
<status status="PASS" starttime="20220714 08:35:06.472" endtime="20220714 08:35:06.475"/>
</kw>
<kw name="Set Variable" library="BuiltIn">
<var>${id_carrinho}</var>
<arg>${response.json()["carrinhos"][0]["_id"]}</arg>
<doc>Returns the given values which can then be assigned to a variables.</doc>
<msg timestamp="20220714 08:35:06.476" level="INFO">${id_carrinho} = 139TBLfBvkY8csEP</msg>
<status status="PASS" starttime="20220714 08:35:06.476" endtime="20220714 08:35:06.476"/>
</kw>
<kw name="Set Global Variable" library="BuiltIn">
<arg>${id_carrinho}</arg>
<doc>Makes a variable available globally in all tests and suites.</doc>
<msg timestamp="20220714 08:35:06.476" level="INFO">${id_carrinho} = 139TBLfBvkY8csEP</msg>
<status status="PASS" starttime="20220714 08:35:06.476" endtime="20220714 08:35:06.476"/>
</kw>
<status status="PASS" starttime="20220714 08:35:06.472" endtime="20220714 08:35:06.476"/>
</kw>
<kw name="GET Endpoint /carrinhos Especifico" library="03_carrinho_keywords">
<kw name="GET On Session" library="RequestsLibrary">
<var>${response}</var>
<arg>serverest</arg>
<arg>/carrinhos/${id_carrinho}</arg>
<doc>Sends a GET request on a previously created HTTP Session.</doc>
<msg timestamp="20220714 08:35:06.479" level="INFO">GET Request : url=http://localhost:3000/carrinhos/139TBLfBvkY8csEP 
 path_url=/carrinhos/139TBLfBvkY8csEP 
 headers={'User-Agent': 'python-requests/2.25.1', 'Accept-Encoding': 'gzip, deflate', 'Accept': '*/*', 'Connection': 'keep-alive'} 
 body=None 
 </msg>
<msg timestamp="20220714 08:35:06.479" level="INFO">GET Response : url=http://localhost:3000/carrinhos/139TBLfBvkY8csEP 
 status=200, reason=OK 
 headers={'Access-Control-Allow-Origin': '*', 'x-dns-prefetch-control': 'off', 'x-frame-options': 'SAMEORIGIN', 'strict-transport-security': 'max-age=15552000; includeSubDomains', 'x-download-options': 'noopen', 'x-content-type-options': 'nosniff', 'x-xss-protection': '1; mode=block', 'x-moesif-transaction-id': '5287d611-bbda-41e8-8701-8280faba2675', 'Content-Type': 'application/json; charset=utf-8', 'Content-Length': '276', 'Date': 'Thu, 14 Jul 2022 11:35:06 GMT', 'Connection': 'keep-alive', 'Keep-Alive': 'timeout=5'} 
 body={
    "produtos": [
        {
            "idProduto": "BeeJh5lz3k6kSIzA",
            "quantidade": "1",
            "precoUnitario": 487
        }
    ],
    "precoTotal": 487,
    "quantidadeTotal": "01",
    "idUsuario": "7TH6LoS53DTRI1II",
    "_id": "139TBLfBvkY8csEP"
} 
 </msg>
<msg timestamp="20220714 08:35:06.479" level="INFO">${response} = &lt;Response [200]&gt;</msg>
<status status="PASS" starttime="20220714 08:35:06.477" endtime="20220714 08:35:06.479"/>
</kw>
<kw name="Log To Console" library="BuiltIn">
<arg>Response: ${response.content}</arg>
<doc>Logs the given message to the console.</doc>
<status status="PASS" starttime="20220714 08:35:06.479" endtime="20220714 08:35:06.480"/>
</kw>
<kw name="Set Global Variable" library="BuiltIn">
<arg>${response}</arg>
<doc>Makes a variable available globally in all tests and suites.</doc>
<msg timestamp="20220714 08:35:06.480" level="INFO">${response} = &lt;Response [200]&gt;</msg>
<status status="PASS" starttime="20220714 08:35:06.480" endtime="20220714 08:35:06.480"/>
</kw>
<status status="PASS" starttime="20220714 08:35:06.476" endtime="20220714 08:35:06.480"/>
</kw>
<kw name="Validar Status Code &quot;200&quot;" library="common" sourcename="Validar Status Code &quot;${statuscode}&quot;">
<kw name="Should Be True" library="BuiltIn">
<arg>${response.status_code} == ${statuscode}</arg>
<doc>Fails if the given condition is not true.</doc>
<status status="PASS" starttime="20220714 08:35:06.480" endtime="20220714 08:35:06.481"/>
</kw>
<status status="PASS" starttime="20220714 08:35:06.480" endtime="20220714 08:35:06.481"/>
</kw>
<tag>GET_CARRINHO_ID</tag>
<status status="PASS" starttime="20220714 08:35:06.472" endtime="20220714 08:35:06.481"/>
</test>
<test id="s1-t3" name="Cenario: GET Carrinho ID Invalida 400" line="22">
<kw name="GET Endpoint /carrinhos ID Invalida" library="03_carrinho_keywords">
<kw name="GET On Session" library="RequestsLibrary">
<var>${response}</var>
<arg>serverest</arg>
<arg>/carrinhos/ID_INVALIDO</arg>
<arg>expected_status=400</arg>
<doc>Sends a GET request on a previously created HTTP Session.</doc>
<msg timestamp="20220714 08:35:06.484" level="INFO">GET Request : url=http://localhost:3000/carrinhos/ID_INVALIDO 
 path_url=/carrinhos/ID_INVALIDO 
 headers={'User-Agent': 'python-requests/2.25.1', 'Accept-Encoding': 'gzip, deflate', 'Accept': '*/*', 'Connection': 'keep-alive'} 
 body=None 
 </msg>
<msg timestamp="20220714 08:35:06.484" level="INFO">GET Response : url=http://localhost:3000/carrinhos/ID_INVALIDO 
 status=400, reason=Bad Request 
 headers={'Access-Control-Allow-Origin': '*', 'x-dns-prefetch-control': 'off', 'x-frame-options': 'SAMEORIGIN', 'strict-transport-security': 'max-age=15552000; includeSubDomains', 'x-download-options': 'noopen', 'x-content-type-options': 'nosniff', 'x-xss-protection': '1; mode=block', 'x-moesif-transaction-id': '0e2df1a7-e80d-4983-a4de-865e3f863d71', 'Content-Type': 'application/json; charset=utf-8', 'Content-Length': '45', 'Date': 'Thu, 14 Jul 2022 11:35:06 GMT', 'Connection': 'keep-alive', 'Keep-Alive': 'timeout=5'} 
 body={
    "message": "Carrinho não encontrado"
} 
 </msg>
<msg timestamp="20220714 08:35:06.484" level="INFO">${response} = &lt;Response [400]&gt;</msg>
<status status="PASS" starttime="20220714 08:35:06.482" endtime="20220714 08:35:06.484"/>
</kw>
<kw name="Log To Console" library="BuiltIn">
<arg>Response: ${response.content}</arg>
<doc>Logs the given message to the console.</doc>
<status status="PASS" starttime="20220714 08:35:06.484" endtime="20220714 08:35:06.484"/>
</kw>
<kw name="Set Global Variable" library="BuiltIn">
<arg>${response}</arg>
<doc>Makes a variable available globally in all tests and suites.</doc>
<msg timestamp="20220714 08:35:06.484" level="INFO">${response} = &lt;Response [400]&gt;</msg>
<status status="PASS" starttime="20220714 08:35:06.484" endtime="20220714 08:35:06.484"/>
</kw>
<status status="PASS" starttime="20220714 08:35:06.482" endtime="20220714 08:35:06.485"/>
</kw>
<kw name="Validar Status Code &quot;400&quot;" library="common" sourcename="Validar Status Code &quot;${statuscode}&quot;">
<kw name="Should Be True" library="BuiltIn">
<arg>${response.status_code} == ${statuscode}</arg>
<doc>Fails if the given condition is not true.</doc>
<status status="PASS" starttime="20220714 08:35:06.485" endtime="20220714 08:35:06.485"/>
</kw>
<status status="PASS" starttime="20220714 08:35:06.485" endtime="20220714 08:35:06.485"/>
</kw>
<tag>GET_CARRINHO_ID_INVALIDA</tag>
<status status="PASS" starttime="20220714 08:35:06.481" endtime="20220714 08:35:06.486"/>
</test>
<test id="s1-t4" name="Cenario: POST Criar Carrinho 201" line="28">
<kw name="Fazer Login e Armazenar Token Nao Administrador" library="00_login_keywords">
<kw name="POST Endpoint /login Nao Administrador" library="00_login_keywords">
<kw name="Create Dictionary" library="BuiltIn">
<var>&amp;{payload}</var>
<arg>email=${email_para_login}</arg>
<arg>password=${senha_para_login}</arg>
<doc>Creates and returns a dictionary based on the given ``items``.</doc>
<msg timestamp="20220714 08:35:06.487" level="INFO">&amp;{payload} = { email=anthony95@example.com | password=aCc1Wnkq78 }</msg>
<status status="PASS" starttime="20220714 08:35:06.486" endtime="20220714 08:35:06.487"/>
</kw>
<kw name="POST On Session" library="RequestsLibrary">
<var>${response}</var>
<arg>serverest</arg>
<arg>/login</arg>
<arg>data=&amp;{payload}</arg>
<doc>Sends a POST request on a previously created HTTP Session.</doc>
<msg timestamp="20220714 08:35:06.489" level="INFO">POST Request : url=http://localhost:3000/login 
 path_url=/login 
 headers={'User-Agent': 'python-requests/2.25.1', 'Accept-Encoding': 'gzip, deflate', 'Accept': '*/*', 'Connection': 'keep-alive', 'Content-Length': '49', 'Content-Type': 'application/x-www-form-urlencoded'} 
 body=email=anthony95%40example.com&amp;password=aCc1Wnkq78 
 </msg>
<msg timestamp="20220714 08:35:06.489" level="INFO">POST Response : url=http://localhost:3000/login 
 status=200, reason=OK 
 headers={'Access-Control-Allow-Origin': '*', 'x-dns-prefetch-control': 'off', 'x-frame-options': 'SAMEORIGIN', 'strict-transport-security': 'max-age=15552000; includeSubDomains', 'x-download-options': 'noopen', 'x-content-type-options': 'nosniff', 'x-xss-protection': '1; mode=block', 'x-moesif-transaction-id': '0b58d345-c5b5-4ed2-949d-e248d46aac94', 'Content-Type': 'application/json; charset=utf-8', 'Content-Length': '283', 'Date': 'Thu, 14 Jul 2022 11:35:06 GMT', 'Connection': 'keep-alive', 'Keep-Alive': 'timeout=5'} 
 body={
    "message": "Login realizado com sucesso",
    "authorization": "Bearer eyJhbGciOiJIUzI1NiIsInR5cCI6IkpXVCJ9.eyJlbWFpbCI6ImFudGhvbnk5NUBleGFtcGxlLmNvbSIsInBhc3N3b3JkIjoiYUNjMVdua3E3OCIsImlhdCI6MTY1Nzc5ODUwNiwiZXhwIjoxNjU3Nzk5MTA2fQ.3l3Py4VFbjR9tZuFwaa4GD0ALdPVGY42qf4EpAezpdQ"
} 
 </msg>
<msg timestamp="20220714 08:35:06.489" level="INFO">${response} = &lt;Response [200]&gt;</msg>
<status status="PASS" starttime="20220714 08:35:06.487" endtime="20220714 08:35:06.489"/>
</kw>
<kw name="Log To Console" library="BuiltIn">
<arg>Response: ${response.content}</arg>
<doc>Logs the given message to the console.</doc>
<status status="PASS" starttime="20220714 08:35:06.489" endtime="20220714 08:35:06.490"/>
</kw>
<kw name="Set Global Variable" library="BuiltIn">
<arg>${response}</arg>
<doc>Makes a variable available globally in all tests and suites.</doc>
<msg timestamp="20220714 08:35:06.490" level="INFO">${response} = &lt;Response [200]&gt;</msg>
<status status="PASS" starttime="20220714 08:35:06.490" endtime="20220714 08:35:06.490"/>
</kw>
<status status="PASS" starttime="20220714 08:35:06.486" endtime="20220714 08:35:06.490"/>
</kw>
<kw name="Validar Ter Logado" library="00_login_keywords">
<kw name="Should Be Equal" library="BuiltIn">
<arg>${response.json()["message"]}</arg>
<arg>Login realizado com sucesso</arg>
<doc>Fails if the given objects are unequal.</doc>
<status status="PASS" starttime="20220714 08:35:06.490" endtime="20220714 08:35:06.491"/>
</kw>
<kw name="Should Not Be Empty" library="BuiltIn">
<arg>${response.json()["authorization"]}</arg>
<doc>Verifies that the given item is not empty.</doc>
<msg timestamp="20220714 08:35:06.491" level="INFO">Length is 210</msg>
<status status="PASS" starttime="20220714 08:35:06.491" endtime="20220714 08:35:06.491"/>
</kw>
<status status="PASS" starttime="20220714 08:35:06.490" endtime="20220714 08:35:06.491"/>
</kw>
<kw name="Set Variable" library="BuiltIn">
<var>${token_auth}</var>
<arg>${response.json()["authorization"]}</arg>
<doc>Returns the given values which can then be assigned to a variables.</doc>
<msg timestamp="20220714 08:35:06.492" level="INFO">${token_auth} = Bearer eyJhbGciOiJIUzI1NiIsInR5cCI6IkpXVCJ9.eyJlbWFpbCI6ImFudGhvbnk5NUBleGFtcGxlLmNvbSIsInBhc3N3b3JkIjoiYUNjMVdua3E3OCIsImlhdCI6MTY1Nzc5ODUwNiwiZXhwIjoxNjU3Nzk5MTA2fQ.3l3Py4VFbjR9tZuFwaa4GD0ALdPVGY42q...</msg>
<status status="PASS" starttime="20220714 08:35:06.491" endtime="20220714 08:35:06.492"/>
</kw>
<kw name="Log To Console" library="BuiltIn">
<arg>Token Salvo: ${token_auth}</arg>
<doc>Logs the given message to the console.</doc>
<status status="PASS" starttime="20220714 08:35:06.492" endtime="20220714 08:35:06.492"/>
</kw>
<kw name="Set Global Variable" library="BuiltIn">
<arg>${token_auth}</arg>
<doc>Makes a variable available globally in all tests and suites.</doc>
<msg timestamp="20220714 08:35:06.492" level="INFO">${token_auth} = Bearer eyJhbGciOiJIUzI1NiIsInR5cCI6IkpXVCJ9.eyJlbWFpbCI6ImFudGhvbnk5NUBleGFtcGxlLmNvbSIsInBhc3N3b3JkIjoiYUNjMVdua3E3OCIsImlhdCI6MTY1Nzc5ODUwNiwiZXhwIjoxNjU3Nzk5MTA2fQ.3l3Py4VFbjR9tZuFwaa4GD0ALdPVGY42q...</msg>
<status status="PASS" starttime="20220714 08:35:06.492" endtime="20220714 08:35:06.492"/>
</kw>
<status status="PASS" starttime="20220714 08:35:06.486" endtime="20220714 08:35:06.492"/>
</kw>
<kw name="Criar Dados Produto Valido" library="01_produtos_dynamics">
<kw name="Evaluate" library="BuiltIn">
<var>${produto}</var>
<arg>random.choice(@{produto}) + " " + random.choice(@{marca})</arg>
<arg>random</arg>
<doc>Evaluates the given expression in Python and returns the result.</doc>
<msg timestamp="20220714 08:35:06.493" level="INFO">${produto} = Gabinete LG</msg>
<status status="PASS" starttime="20220714 08:35:06.492" endtime="20220714 08:35:06.493"/>
</kw>
<kw name="Random Number" library="FakerLibrary">
<var>${codigo}</var>
<arg>digits=5</arg>
<doc>Generate a random integer according to the following rules:</doc>
<msg timestamp="20220714 08:35:06.493" level="INFO">${codigo} = 23600</msg>
<status status="PASS" starttime="20220714 08:35:06.493" endtime="20220714 08:35:06.493"/>
</kw>
<kw name="Catenate" library="BuiltIn">
<var>${nome}</var>
<arg>${produto} ${codigo}</arg>
<doc>Catenates the given items together and returns the resulted string.</doc>
<msg timestamp="20220714 08:35:06.493" level="INFO">${nome} = Gabinete LG 23600</msg>
<status status="PASS" starttime="20220714 08:35:06.493" endtime="20220714 08:35:06.493"/>
</kw>
<kw name="Random Number" library="FakerLibrary">
<var>${preco}</var>
<arg>digits=3</arg>
<doc>Generate a random integer according to the following rules:</doc>
<msg timestamp="20220714 08:35:06.494" level="INFO">${preco} = 726</msg>
<status status="PASS" starttime="20220714 08:35:06.493" endtime="20220714 08:35:06.494"/>
</kw>
<kw name="Random Number" library="FakerLibrary">
<var>${quantidade}</var>
<arg>digits=3</arg>
<doc>Generate a random integer according to the following rules:</doc>
<msg timestamp="20220714 08:35:06.494" level="INFO">${quantidade} = 800</msg>
<status status="PASS" starttime="20220714 08:35:06.494" endtime="20220714 08:35:06.494"/>
</kw>
<kw name="Create Dictionary" library="BuiltIn">
<var>&amp;{payload}</var>
<arg>nome=${nome}</arg>
<arg>preco=${preco}</arg>
<arg>descricao=${descricao}</arg>
<arg>quantidade=${quantidade}</arg>
<doc>Creates and returns a dictionary based on the given ``items``.</doc>
<msg timestamp="20220714 08:35:06.494" level="INFO">&amp;{payload} = { nome=Gabinete LG 23600 | preco=726 | descricao=Eletroeletrônico | quantidade=800 }</msg>
<status status="PASS" starttime="20220714 08:35:06.494" endtime="20220714 08:35:06.494"/>
</kw>
<kw name="Log To Console" library="BuiltIn">
<arg>${payload}</arg>
<doc>Logs the given message to the console.</doc>
<status status="PASS" starttime="20220714 08:35:06.494" endtime="20220714 08:35:06.495"/>
</kw>
<kw name="Set Global Variable" library="BuiltIn">
<arg>${payload}</arg>
<doc>Makes a variable available globally in all tests and suites.</doc>
<msg timestamp="20220714 08:35:06.495" level="INFO">${payload} = {'nome': 'Gabinete LG 23600', 'preco': 726, 'descricao': 'Eletroeletrônico', 'quantidade': 800}</msg>
<status status="PASS" starttime="20220714 08:35:06.495" endtime="20220714 08:35:06.495"/>
</kw>
<status status="PASS" starttime="20220714 08:35:06.492" endtime="20220714 08:35:06.495"/>
</kw>
<kw name="Encontrar ID de um Produto Cadastrado" library="02_produtos_keywords">
<kw name="GET Endpoint /produtos" library="02_produtos_keywords">
<kw name="GET On Session" library="RequestsLibrary">
<var>${response}</var>
<arg>serverest</arg>
<arg>/produtos</arg>
<doc>Sends a GET request on a previously created HTTP Session.</doc>
<msg timestamp="20220714 08:35:06.497" level="INFO">GET Request : url=http://localhost:3000/produtos 
 path_url=/produtos 
 headers={'User-Agent': 'python-requests/2.25.1', 'Accept-Encoding': 'gzip, deflate', 'Accept': '*/*', 'Connection': 'keep-alive'} 
 body=None 
 </msg>
<msg timestamp="20220714 08:35:06.497" level="INFO">GET Response : url=http://localhost:3000/produtos 
 status=200, reason=OK 
 headers={'Access-Control-Allow-Origin': '*', 'x-dns-prefetch-control': 'off', 'x-frame-options': 'SAMEORIGIN', 'strict-transport-security': 'max-age=15552000; includeSubDomains', 'x-download-options': 'noopen', 'x-content-type-options': 'nosniff', 'x-xss-protection': '1; mode=block', 'x-moesif-transaction-id': '1ef7dfa6-ef6b-4b66-b7e3-f686ab4c6dee', 'Content-Type': 'application/json; charset=utf-8', 'Content-Length': '7624', 'Date': 'Thu, 14 Jul 2022 11:35:06 GMT', 'Connection': 'keep-alive', 'Keep-Alive': 'timeout=5'} 
 body={
    "quantidade": 37,
    "produtos": [
        {
            "nome": "Computador Philco 90060",
            "preco": 20,
            "descricao": "Eletroeletrônico",
            "quantidade": 49,
            "_id": "3GIo9Japmwsp7P0d"
        },
        {
            "nome": "Notebook Sony 46079",
            "preco": 294,
            "descricao": "Eletroeletrônico",
            "quantidade": "928889891",
            "_id": "9hvS26LitEhUFlI1"
        },
        {
            "nome": "Computador LG 7459",
            "preco": 357,
            "descricao": "Eletroeletrônico",
            "quantidade": 52,
            "_id": "BeeJh5lz3k6kSIzA"
        },
        {
            "nome": "Computador Sony 92032",
            "preco": 268,
            "descricao": "Eletroeletrônico",
            "quantidade": 692,
            "_id": "CBrdEBrY1gi8fKMe"
        },
        {
            "nome": "\"Logitech MX Vertical\"",
            "preco": 470,
            "descricao": "\"Mouse\"",
            "quantidade": 381,
            "_id": "EJx3JOee4DBt2VTr"
        },
        {
            "nome": "Mouse Philco 33641",
            "preco": 305,
            "descricao": "Eletroeletrônico",
            "quantidade": 603,
            "_id": "GY29o6aGthWHIcG5"
        },
        {
            "nome": "Mouse Samsung 45790",
            "preco": 839,
            "descricao": "Eletroeletrônico",
            "quantidade": 706,
            "_id": "HeYLZcgamf5BcihU"
        },
        {
            "nome": "Notebook Asus 68778",
            "preco": 661,
            "descricao": "Eletroeletrônico",
            "quantidade": 154,
            "_id": "Ip1EBPQWEOWUn7IW"
        },
        {
            "nome": "Notebook Philco 48437",
            "preco": 360,
            "descricao": "Eletroeletrônico",
            "quantidade": 732,
            "_id": "K2g9vX2vSTCHenM1"
        },
        {
            "nome": "Samsung 60 polegadas",
            "preco": 5240,
            "descricao": "TV",
            "quantidade": 49977,
            "_id": "K6leHdftCeOJj8BJ"
        },
        {
            "nome": "Mouse LG 72105",
            "preco": 504,
            "descricao": "Eletroeletrônico",
            "quantidade": 927,
            "_id": "KEcYmQ1as5VR9wKT"
        },
        {
            "nome": "Televisão Samsung 24258",
            "preco": 258,
            "descricao": "Eletroeletrônico",
            "quantidade": 928,
            "_id": "N9IxvdCBT0DhlH6y"
        },
        {
            "nome": "Teclado Samsung 69701",
            "preco": 489,
            "descricao": "quite",
            "quantidade": 5616,
            "_id": "P4HCMaM4diRJVofC"
        },
        {
            "nome": "Memória Dell 68872",
            "preco": 93,
            "descricao": "Eletroeletrônico",
            "quantidade": 20,
            "_id": "QGCKLKPnCJe4etx4"
        },
        {
            "nome": "Memória Philco 66865",
            "preco": 903,
            "descricao": "Eletroeletrônico",
            "quantidade": 208,
            "_id": "QsewlX4nwkJ2l6Nz"
        },
        {
            "nome": "Teclado LG 3200",
            "preco": 983,
            "descricao": "Eletroeletrônico",
            "quantidade": 172,
            "_id": "RANqSGUx2h6jMS29"
        },
        {
            "nome": "Teclado Asus 28988",
            "preco": 423,
            "descricao": "Eletroeletrônico",
            "quantidade": 759,
            "_id": "S3CgAdzzJjQI3Dia"
        },
        {
            "nome": "Televisão Acer 55138",
            "preco": 29,
            "descricao": "Eletroeletrônico",
            "quantidade": 906,
            "_id": "SQLnqDd2Vj1wNF2V"
        },
        {
            "nome": "Mouse Sony 72732",
            "preco": 803,
            "descricao": "Eletroeletrônico",
            "quantidade": 401,
            "_id": "TARpe8g492uqSA7r"
        },
        {
            "nome": "Computador Acer 55895",
            "preco": 765,
            "descricao": "Eletroeletrônico",
            "quantidade": 288,
            "_id": "U40ZQM2phsorMRU2"
        },
        {
            "nome": "Monitor Sony 22998",
            "preco": 484,
            "descricao": "Eletroeletrônico",
            "quantidade": 2777,
            "_id": "UKkM4M06BTuPwHAK"
        },
        {
            "nome": "Televisão Dell 34168",
            "preco": 216,
            "descricao": "Eletroeletrônico",
            "quantidade": 394,
            "_id": "VtZj3BezeV6o1K2S"
        },
        {
            "nome": "Computador Acer 81796",
            "preco": 966,
            "descricao": "Eletroeletrônico",
            "quantidade": 998,
            "_id": "YFMYr2f9K16uV8A4"
        },
        {
            "nome": "Mouse Samsung 36774",
            "preco": 83,
            "descricao": "Eletroeletrônico",
            "quantidade": 536,
            "_id": "aqckBLqNGCcuBanj"
        },
        {
            "nome": "Mouse Asus 54048",
            "preco": 938,
            "descricao": "Eletroeletrônico",
            "quantidade": 717,
            "_id": "csi79TDLS2RaXBKY"
        },
        {
            "nome": "Computador Acer 47384",
            "preco": 214,
            "descricao": "Eletroeletrônico",
            "quantidade": 957,
            "_id": "g5OEYDu3iRTJ5xcZ"
        },
        {
            "nome": "Televisão Samsung 35646",
            "preco": 154,
            "descricao": "Eletroeletrônico",
            "quantidade": 634,
            "_id": "hYYrrxChQgB6UdWD"
        },
        {
            "nome": "Monitor Philco 14519",
            "preco": 263,
            "descricao": "Eletroeletrônico",
            "quantidade": 275,
            "_id": "idcE0VDJLlHU7erI"
        },
        {
            "nome": "Televisão Sony 59054",
            "preco": 19,
            "descricao": "Eletroeletrônico",
            "quantidade": 559,
            "_id": "kRo4OljiwxqmbskS"
        },
        {
            "nome": "Memória Samsung 17334",
            "preco": 125,
            "descricao": "Eletroeletrônico",
            "quantidade": 83,
            "_id": "m1yxKPgN7FIxubSD"
        },
        {
            "nome": "Mouse Philco 22099",
            "preco": 103,
            "descricao": "Eletroeletrônico",
            "quantidade": 678,
            "_id": "m7B6EB9pqWOhKFzj"
        },
        {
            "nome": "Memória Philco 40117",
            "preco": 172,
            "descricao": "Eletroeletrônico",
            "quantidade": 983,
            "_id": "nKYuseapokLImFfa"
        },
        {
            "nome": "Notebook LG 37292",
            "preco": 203,
            "descricao": "Eletroeletrônico",
            "quantidade": 12,
            "_id": "q3RQSihgqKAEcsd7"
        },
        {
            "nome": "Notebook Asus 63533",
            "preco": 374,
            "descricao": "Eletroeletrônico",
            "quantidade": 27,
            "_id": "qLJjfpR1XFG7AC9I"
        },
        {
            "nome": "Gabinete Asus 50809",
            "preco": 729,
            "descricao": "Eletroeletrônico",
            "quantidade": 981,
            "_id": "qhIusGZfUJBpn4NE"
        },
        {
            "nome": "Computador HP 78487",
            "preco": 714,
            "descricao": "Eletroeletrônico",
            "quantidade": 75,
            "_id": "xQ8nQq3yw40IhDAB"
        },
        {
            "nome": "Teclado Philco 44684",
            "preco": 260,
            "descricao": "Eletroeletrônico",
            "quantidade": 975,
            "_id": "yOJQFRI74Um2WcLM"
        }
    ]
} 
 </msg>
<msg timestamp="20220714 08:35:06.497" level="INFO">${response} = &lt;Response [200]&gt;</msg>
<status status="PASS" starttime="20220714 08:35:06.495" endtime="20220714 08:35:06.498"/>
</kw>
<kw name="Log To Console" library="BuiltIn">
<arg>Response: ${response.content}</arg>
<doc>Logs the given message to the console.</doc>
<status status="PASS" starttime="20220714 08:35:06.498" endtime="20220714 08:35:06.499"/>
</kw>
<kw name="Set Global Variable" library="BuiltIn">
<arg>${response}</arg>
<doc>Makes a variable available globally in all tests and suites.</doc>
<msg timestamp="20220714 08:35:06.499" level="INFO">${response} = &lt;Response [200]&gt;</msg>
<status status="PASS" starttime="20220714 08:35:06.499" endtime="20220714 08:35:06.499"/>
</kw>
<status status="PASS" starttime="20220714 08:35:06.495" endtime="20220714 08:35:06.499"/>
</kw>
<kw name="Set Variable" library="BuiltIn">
<var>${id_produto}</var>
<arg>${response.json()["produtos"][0]["_id"]}</arg>
<doc>Returns the given values which can then be assigned to a variables.</doc>
<msg timestamp="20220714 08:35:06.500" level="INFO">${id_produto} = 3GIo9Japmwsp7P0d</msg>
<status status="PASS" starttime="20220714 08:35:06.500" endtime="20220714 08:35:06.500"/>
</kw>
<kw name="Set Global Variable" library="BuiltIn">
<arg>${id_produto}</arg>
<doc>Makes a variable available globally in all tests and suites.</doc>
<msg timestamp="20220714 08:35:06.500" level="INFO">${id_produto} = 3GIo9Japmwsp7P0d</msg>
<status status="PASS" starttime="20220714 08:35:06.500" endtime="20220714 08:35:06.500"/>
</kw>
<status status="PASS" starttime="20220714 08:35:06.495" endtime="20220714 08:35:06.500"/>
</kw>
<kw name="Adicionar um Produto ao Carrinho" library="03_carrinho_keywords">
<kw name="Convert String To JSON" library="JSONLibrary">
<var>${json}</var>
<arg>{"produtos": []}</arg>
<doc>Convert String to JSON object</doc>
<msg timestamp="20220714 08:35:06.501" level="INFO">${json} = {'produtos': []}</msg>
<status status="PASS" starttime="20220714 08:35:06.501" endtime="20220714 08:35:06.501"/>
</kw>
<kw name="Create Dictionary" library="BuiltIn">
<var>${payload}</var>
<arg>idProduto=${id_produto}</arg>
<arg>quantidade=${quantidade}</arg>
<doc>Creates and returns a dictionary based on the given ``items``.</doc>
<msg timestamp="20220714 08:35:06.501" level="INFO">${payload} = {'idProduto': '3GIo9Japmwsp7P0d', 'quantidade': '1'}</msg>
<status status="PASS" starttime="20220714 08:35:06.501" endtime="20220714 08:35:06.501"/>
</kw>
<kw name="Add Object To Json" library="JSONLibrary">
<var>${json}</var>
<arg>${json}</arg>
<arg>$..produtos</arg>
<arg>${payload}</arg>
<doc>Add an dictionary or list object to json object using json_path</doc>
<msg timestamp="20220714 08:35:06.515" level="INFO">${json} = {'produtos': [{'idProduto': '3GIo9Japmwsp7P0d', 'quantidade': '1'}]}</msg>
<status status="PASS" starttime="20220714 08:35:06.501" endtime="20220714 08:35:06.515"/>
</kw>
<kw name="Set Global Variable" library="BuiltIn">
<arg>${json}</arg>
<doc>Makes a variable available globally in all tests and suites.</doc>
<msg timestamp="20220714 08:35:06.516" level="INFO">${json} = {'produtos': [{'idProduto': '3GIo9Japmwsp7P0d', 'quantidade': '1'}]}</msg>
<status status="PASS" starttime="20220714 08:35:06.516" endtime="20220714 08:35:06.516"/>
</kw>
<status status="PASS" starttime="20220714 08:35:06.500" endtime="20220714 08:35:06.516"/>
</kw>
<kw name="POST Endpoint /carrinhos" library="03_carrinho_keywords">
<kw name="Create Dictionary" library="BuiltIn">
<var>&amp;{header}</var>
<arg>Authorization=${token_auth}</arg>
<doc>Creates and returns a dictionary based on the given ``items``.</doc>
<msg timestamp="20220714 08:35:06.516" level="INFO">&amp;{header} = { Authorization=Bearer eyJhbGciOiJIUzI1NiIsInR5cCI6IkpXVCJ9.eyJlbWFpbCI6ImFudGhvbnk5NUBleGFtcGxlLmNvbSIsInBhc3N3b3JkIjoiYUNjMVdua3E3OCIsImlhdCI6MTY1Nzc5ODUwNiwiZXhwIjoxNjU3Nzk5MTA2fQ.3l3Py4VFbjR9tZuFw...</msg>
<status status="PASS" starttime="20220714 08:35:06.516" endtime="20220714 08:35:06.516"/>
</kw>
<kw name="POST On Session" library="RequestsLibrary">
<var>${response}</var>
<arg>serverest</arg>
<arg>/carrinhos</arg>
<arg>json=&amp;{json}</arg>
<arg>headers=${header}</arg>
<arg>expected_status=any</arg>
<doc>Sends a POST request on a previously created HTTP Session.</doc>
<msg timestamp="20220714 08:35:06.522" level="INFO">POST Request : url=http://localhost:3000/carrinhos 
 path_url=/carrinhos 
 headers={'User-Agent': 'python-requests/2.25.1', 'Accept-Encoding': 'gzip, deflate', 'Accept': '*/*', 'Connection': 'keep-alive', 'Authorization': 'Bearer eyJhbGciOiJIUzI1NiIsInR5cCI6IkpXVCJ9.eyJlbWFpbCI6ImFudGhvbnk5NUBleGFtcGxlLmNvbSIsInBhc3N3b3JkIjoiYUNjMVdua3E3OCIsImlhdCI6MTY1Nzc5ODUwNiwiZXhwIjoxNjU3Nzk5MTA2fQ.3l3Py4VFbjR9tZuFwaa4GD0ALdPVGY42qf4EpAezpdQ', 'Content-Length': '68', 'Content-Type': 'application/json'} 
 body=b'{"produtos": [{"idProduto": "3GIo9Japmwsp7P0d", "quantidade": "1"}]}' 
 </msg>
<msg timestamp="20220714 08:35:06.522" level="INFO">POST Response : url=http://localhost:3000/carrinhos 
 status=201, reason=Created 
 headers={'Access-Control-Allow-Origin': '*', 'x-dns-prefetch-control': 'off', 'x-frame-options': 'SAMEORIGIN', 'strict-transport-security': 'max-age=15552000; includeSubDomains', 'x-download-options': 'noopen', 'x-content-type-options': 'nosniff', 'x-xss-protection': '1; mode=block', 'x-moesif-transaction-id': 'c639ad77-24ee-4f88-89ce-24362bdeee04', 'Content-Type': 'application/json; charset=utf-8', 'Content-Length': '82', 'Date': 'Thu, 14 Jul 2022 11:35:06 GMT', 'Connection': 'keep-alive', 'Keep-Alive': 'timeout=5'} 
 body={
    "message": "Cadastro realizado com sucesso",
    "_id": "7G0zAvkKVpZtgcfA"
} 
 </msg>
<msg timestamp="20220714 08:35:06.522" level="INFO">${response} = &lt;Response [201]&gt;</msg>
<status status="PASS" starttime="20220714 08:35:06.516" endtime="20220714 08:35:06.522"/>
</kw>
<kw name="Log To Console" library="BuiltIn">
<arg>Response: ${response.content}</arg>
<doc>Logs the given message to the console.</doc>
<status status="PASS" starttime="20220714 08:35:06.523" endtime="20220714 08:35:06.523"/>
</kw>
<kw name="Set Global Variable" library="BuiltIn">
<arg>${response}</arg>
<doc>Makes a variable available globally in all tests and suites.</doc>
<msg timestamp="20220714 08:35:06.524" level="INFO">${response} = &lt;Response [201]&gt;</msg>
<status status="PASS" starttime="20220714 08:35:06.524" endtime="20220714 08:35:06.524"/>
</kw>
<status status="PASS" starttime="20220714 08:35:06.516" endtime="20220714 08:35:06.524"/>
</kw>
<kw name="Validar Status Code &quot;201&quot;" library="common" sourcename="Validar Status Code &quot;${statuscode}&quot;">
<kw name="Should Be True" library="BuiltIn">
<arg>${response.status_code} == ${statuscode}</arg>
<doc>Fails if the given condition is not true.</doc>
<status status="PASS" starttime="20220714 08:35:06.525" endtime="20220714 08:35:06.526"/>
</kw>
<status status="PASS" starttime="20220714 08:35:06.524" endtime="20220714 08:35:06.526"/>
</kw>
<kw name="Validar Ter Criado Carrinho" library="03_carrinho_keywords">
<kw name="Should Be Equal" library="BuiltIn">
<arg>${response.json()["message"]}</arg>
<arg>Cadastro realizado com sucesso</arg>
<doc>Fails if the given objects are unequal.</doc>
<status status="PASS" starttime="20220714 08:35:06.526" endtime="20220714 08:35:06.527"/>
</kw>
<kw name="Should Not Be Empty" library="BuiltIn">
<arg>${response.json()["_id"]}</arg>
<doc>Verifies that the given item is not empty.</doc>
<msg timestamp="20220714 08:35:06.527" level="INFO">Length is 16</msg>
<status status="PASS" starttime="20220714 08:35:06.527" endtime="20220714 08:35:06.527"/>
</kw>
<status status="PASS" starttime="20220714 08:35:06.526" endtime="20220714 08:35:06.527"/>
</kw>
<tag>POST_CARRINHO</tag>
<status status="PASS" starttime="20220714 08:35:06.486" endtime="20220714 08:35:06.527"/>
</test>
<test id="s1-t5" name="Cenario: POST Criar Carrinho 201" line="38">
<kw name="Fazer Login e Armazenar Token" library="00_login_keywords">
<kw name="POST Endpoint /login" library="00_login_keywords">
<kw name="Create Dictionary" library="BuiltIn">
<var>&amp;{payload}</var>
<arg>email=${email_para_login_adm}</arg>
<arg>password=${senha_para_login_adm}</arg>
<doc>Creates and returns a dictionary based on the given ``items``.</doc>
<msg timestamp="20220714 08:35:06.528" level="INFO">&amp;{payload} = { email=fulano@qa.com | password=nba123 }</msg>
<status status="PASS" starttime="20220714 08:35:06.528" endtime="20220714 08:35:06.528"/>
</kw>
<kw name="POST On Session" library="RequestsLibrary">
<var>${response}</var>
<arg>serverest</arg>
<arg>/login</arg>
<arg>data=&amp;{payload}</arg>
<doc>Sends a POST request on a previously created HTTP Session.</doc>
<msg timestamp="20220714 08:35:06.531" level="INFO">POST Request : url=http://localhost:3000/login 
 path_url=/login 
 headers={'User-Agent': 'python-requests/2.25.1', 'Accept-Encoding': 'gzip, deflate', 'Accept': '*/*', 'Connection': 'keep-alive', 'Content-Length': '37', 'Content-Type': 'application/x-www-form-urlencoded'} 
 body=email=fulano%40qa.com&amp;password=nba123 
 </msg>
<msg timestamp="20220714 08:35:06.531" level="INFO">POST Response : url=http://localhost:3000/login 
 status=200, reason=OK 
 headers={'Access-Control-Allow-Origin': '*', 'x-dns-prefetch-control': 'off', 'x-frame-options': 'SAMEORIGIN', 'strict-transport-security': 'max-age=15552000; includeSubDomains', 'x-download-options': 'noopen', 'x-content-type-options': 'nosniff', 'x-xss-protection': '1; mode=block', 'x-moesif-transaction-id': '5f5a234d-e80e-4079-b827-620b6905fc49', 'Content-Type': 'application/json; charset=utf-8', 'Content-Length': '267', 'Date': 'Thu, 14 Jul 2022 11:35:06 GMT', 'Connection': 'keep-alive', 'Keep-Alive': 'timeout=5'} 
 body={
    "message": "Login realizado com sucesso",
    "authorization": "Bearer eyJhbGciOiJIUzI1NiIsInR5cCI6IkpXVCJ9.eyJlbWFpbCI6ImZ1bGFub0BxYS5jb20iLCJwYXNzd29yZCI6Im5iYTEyMyIsImlhdCI6MTY1Nzc5ODUwNiwiZXhwIjoxNjU3Nzk5MTA2fQ.CA_rZ0T-_R2WJB7h2OOztuZnADNPfNfp_eBZYRyhyLw"
} 
 </msg>
<msg timestamp="20220714 08:35:06.531" level="INFO">${response} = &lt;Response [200]&gt;</msg>
<status status="PASS" starttime="20220714 08:35:06.529" endtime="20220714 08:35:06.531"/>
</kw>
<kw name="Log To Console" library="BuiltIn">
<arg>Response: ${response.content}</arg>
<doc>Logs the given message to the console.</doc>
<status status="PASS" starttime="20220714 08:35:06.531" endtime="20220714 08:35:06.532"/>
</kw>
<kw name="Set Global Variable" library="BuiltIn">
<arg>${response}</arg>
<doc>Makes a variable available globally in all tests and suites.</doc>
<msg timestamp="20220714 08:35:06.532" level="INFO">${response} = &lt;Response [200]&gt;</msg>
<status status="PASS" starttime="20220714 08:35:06.532" endtime="20220714 08:35:06.532"/>
</kw>
<status status="PASS" starttime="20220714 08:35:06.528" endtime="20220714 08:35:06.532"/>
</kw>
<kw name="Validar Ter Logado" library="00_login_keywords">
<kw name="Should Be Equal" library="BuiltIn">
<arg>${response.json()["message"]}</arg>
<arg>Login realizado com sucesso</arg>
<doc>Fails if the given objects are unequal.</doc>
<status status="PASS" starttime="20220714 08:35:06.532" endtime="20220714 08:35:06.533"/>
</kw>
<kw name="Should Not Be Empty" library="BuiltIn">
<arg>${response.json()["authorization"]}</arg>
<doc>Verifies that the given item is not empty.</doc>
<msg timestamp="20220714 08:35:06.533" level="INFO">Length is 194</msg>
<status status="PASS" starttime="20220714 08:35:06.533" endtime="20220714 08:35:06.533"/>
</kw>
<status status="PASS" starttime="20220714 08:35:06.532" endtime="20220714 08:35:06.533"/>
</kw>
<kw name="Set Variable" library="BuiltIn">
<var>${token_auth}</var>
<arg>${response.json()["authorization"]}</arg>
<doc>Returns the given values which can then be assigned to a variables.</doc>
<msg timestamp="20220714 08:35:06.534" level="INFO">${token_auth} = Bearer eyJhbGciOiJIUzI1NiIsInR5cCI6IkpXVCJ9.eyJlbWFpbCI6ImZ1bGFub0BxYS5jb20iLCJwYXNzd29yZCI6Im5iYTEyMyIsImlhdCI6MTY1Nzc5ODUwNiwiZXhwIjoxNjU3Nzk5MTA2fQ.CA_rZ0T-_R2WJB7h2OOztuZnADNPfNfp_eBZYRyhyLw</msg>
<status status="PASS" starttime="20220714 08:35:06.533" endtime="20220714 08:35:06.534"/>
</kw>
<kw name="Log To Console" library="BuiltIn">
<arg>Token Salvo: ${token_auth}</arg>
<doc>Logs the given message to the console.</doc>
<status status="PASS" starttime="20220714 08:35:06.534" endtime="20220714 08:35:06.534"/>
</kw>
<kw name="Set Global Variable" library="BuiltIn">
<arg>${token_auth}</arg>
<doc>Makes a variable available globally in all tests and suites.</doc>
<msg timestamp="20220714 08:35:06.534" level="INFO">${token_auth} = Bearer eyJhbGciOiJIUzI1NiIsInR5cCI6IkpXVCJ9.eyJlbWFpbCI6ImZ1bGFub0BxYS5jb20iLCJwYXNzd29yZCI6Im5iYTEyMyIsImlhdCI6MTY1Nzc5ODUwNiwiZXhwIjoxNjU3Nzk5MTA2fQ.CA_rZ0T-_R2WJB7h2OOztuZnADNPfNfp_eBZYRyhyLw</msg>
<status status="PASS" starttime="20220714 08:35:06.534" endtime="20220714 08:35:06.534"/>
</kw>
<status status="PASS" starttime="20220714 08:35:06.528" endtime="20220714 08:35:06.534"/>
</kw>
<kw name="Criar Dados Produto Valido" library="01_produtos_dynamics">
<kw name="Evaluate" library="BuiltIn">
<var>${produto}</var>
<arg>random.choice(@{produto}) + " " + random.choice(@{marca})</arg>
<arg>random</arg>
<doc>Evaluates the given expression in Python and returns the result.</doc>
<msg timestamp="20220714 08:35:06.535" level="INFO">${produto} = Teclado Dell</msg>
<status status="PASS" starttime="20220714 08:35:06.535" endtime="20220714 08:35:06.535"/>
</kw>
<kw name="Random Number" library="FakerLibrary">
<var>${codigo}</var>
<arg>digits=5</arg>
<doc>Generate a random integer according to the following rules:</doc>
<msg timestamp="20220714 08:35:06.535" level="INFO">${codigo} = 1999</msg>
<status status="PASS" starttime="20220714 08:35:06.535" endtime="20220714 08:35:06.535"/>
</kw>
<kw name="Catenate" library="BuiltIn">
<var>${nome}</var>
<arg>${produto} ${codigo}</arg>
<doc>Catenates the given items together and returns the resulted string.</doc>
<msg timestamp="20220714 08:35:06.535" level="INFO">${nome} = Teclado Dell 1999</msg>
<status status="PASS" starttime="20220714 08:35:06.535" endtime="20220714 08:35:06.535"/>
</kw>
<kw name="Random Number" library="FakerLibrary">
<var>${preco}</var>
<arg>digits=3</arg>
<doc>Generate a random integer according to the following rules:</doc>
<msg timestamp="20220714 08:35:06.535" level="INFO">${preco} = 921</msg>
<status status="PASS" starttime="20220714 08:35:06.535" endtime="20220714 08:35:06.535"/>
</kw>
<kw name="Random Number" library="FakerLibrary">
<var>${quantidade}</var>
<arg>digits=3</arg>
<doc>Generate a random integer according to the following rules:</doc>
<msg timestamp="20220714 08:35:06.536" level="INFO">${quantidade} = 539</msg>
<status status="PASS" starttime="20220714 08:35:06.536" endtime="20220714 08:35:06.536"/>
</kw>
<kw name="Create Dictionary" library="BuiltIn">
<var>&amp;{payload}</var>
<arg>nome=${nome}</arg>
<arg>preco=${preco}</arg>
<arg>descricao=${descricao}</arg>
<arg>quantidade=${quantidade}</arg>
<doc>Creates and returns a dictionary based on the given ``items``.</doc>
<msg timestamp="20220714 08:35:06.536" level="INFO">&amp;{payload} = { nome=Teclado Dell 1999 | preco=921 | descricao=Eletroeletrônico | quantidade=539 }</msg>
<status status="PASS" starttime="20220714 08:35:06.536" endtime="20220714 08:35:06.536"/>
</kw>
<kw name="Log To Console" library="BuiltIn">
<arg>${payload}</arg>
<doc>Logs the given message to the console.</doc>
<status status="PASS" starttime="20220714 08:35:06.536" endtime="20220714 08:35:06.536"/>
</kw>
<kw name="Set Global Variable" library="BuiltIn">
<arg>${payload}</arg>
<doc>Makes a variable available globally in all tests and suites.</doc>
<msg timestamp="20220714 08:35:06.537" level="INFO">${payload} = {'nome': 'Teclado Dell 1999', 'preco': 921, 'descricao': 'Eletroeletrônico', 'quantidade': 539}</msg>
<status status="PASS" starttime="20220714 08:35:06.536" endtime="20220714 08:35:06.537"/>
</kw>
<status status="PASS" starttime="20220714 08:35:06.534" endtime="20220714 08:35:06.537"/>
</kw>
<kw name="Encontrar ID de um Produto Cadastrado" library="02_produtos_keywords">
<kw name="GET Endpoint /produtos" library="02_produtos_keywords">
<kw name="GET On Session" library="RequestsLibrary">
<var>${response}</var>
<arg>serverest</arg>
<arg>/produtos</arg>
<doc>Sends a GET request on a previously created HTTP Session.</doc>
<msg timestamp="20220714 08:35:06.539" level="INFO">GET Request : url=http://localhost:3000/produtos 
 path_url=/produtos 
 headers={'User-Agent': 'python-requests/2.25.1', 'Accept-Encoding': 'gzip, deflate', 'Accept': '*/*', 'Connection': 'keep-alive'} 
 body=None 
 </msg>
<msg timestamp="20220714 08:35:06.539" level="INFO">GET Response : url=http://localhost:3000/produtos 
 status=200, reason=OK 
 headers={'Access-Control-Allow-Origin': '*', 'x-dns-prefetch-control': 'off', 'x-frame-options': 'SAMEORIGIN', 'strict-transport-security': 'max-age=15552000; includeSubDomains', 'x-download-options': 'noopen', 'x-content-type-options': 'nosniff', 'x-xss-protection': '1; mode=block', 'x-moesif-transaction-id': '4b5a67aa-e0ad-4ed0-ad05-a9ca152a6a3b', 'Content-Type': 'application/json; charset=utf-8', 'Content-Length': '7624', 'Date': 'Thu, 14 Jul 2022 11:35:06 GMT', 'Connection': 'keep-alive', 'Keep-Alive': 'timeout=5'} 
 body={
    "quantidade": 37,
    "produtos": [
        {
            "nome": "Computador Philco 90060",
            "preco": 20,
            "descricao": "Eletroeletrônico",
            "quantidade": 48,
            "_id": "3GIo9Japmwsp7P0d"
        },
        {
            "nome": "Notebook Sony 46079",
            "preco": 294,
            "descricao": "Eletroeletrônico",
            "quantidade": "928889891",
            "_id": "9hvS26LitEhUFlI1"
        },
        {
            "nome": "Computador LG 7459",
            "preco": 357,
            "descricao": "Eletroeletrônico",
            "quantidade": 52,
            "_id": "BeeJh5lz3k6kSIzA"
        },
        {
            "nome": "Computador Sony 92032",
            "preco": 268,
            "descricao": "Eletroeletrônico",
            "quantidade": 692,
            "_id": "CBrdEBrY1gi8fKMe"
        },
        {
            "nome": "\"Logitech MX Vertical\"",
            "preco": 470,
            "descricao": "\"Mouse\"",
            "quantidade": 381,
            "_id": "EJx3JOee4DBt2VTr"
        },
        {
            "nome": "Mouse Philco 33641",
            "preco": 305,
            "descricao": "Eletroeletrônico",
            "quantidade": 603,
            "_id": "GY29o6aGthWHIcG5"
        },
        {
            "nome": "Mouse Samsung 45790",
            "preco": 839,
            "descricao": "Eletroeletrônico",
            "quantidade": 706,
            "_id": "HeYLZcgamf5BcihU"
        },
        {
            "nome": "Notebook Asus 68778",
            "preco": 661,
            "descricao": "Eletroeletrônico",
            "quantidade": 154,
            "_id": "Ip1EBPQWEOWUn7IW"
        },
        {
            "nome": "Notebook Philco 48437",
            "preco": 360,
            "descricao": "Eletroeletrônico",
            "quantidade": 732,
            "_id": "K2g9vX2vSTCHenM1"
        },
        {
            "nome": "Samsung 60 polegadas",
            "preco": 5240,
            "descricao": "TV",
            "quantidade": 49977,
            "_id": "K6leHdftCeOJj8BJ"
        },
        {
            "nome": "Mouse LG 72105",
            "preco": 504,
            "descricao": "Eletroeletrônico",
            "quantidade": 927,
            "_id": "KEcYmQ1as5VR9wKT"
        },
        {
            "nome": "Televisão Samsung 24258",
            "preco": 258,
            "descricao": "Eletroeletrônico",
            "quantidade": 928,
            "_id": "N9IxvdCBT0DhlH6y"
        },
        {
            "nome": "Teclado Samsung 69701",
            "preco": 489,
            "descricao": "quite",
            "quantidade": 5616,
            "_id": "P4HCMaM4diRJVofC"
        },
        {
            "nome": "Memória Dell 68872",
            "preco": 93,
            "descricao": "Eletroeletrônico",
            "quantidade": 20,
            "_id": "QGCKLKPnCJe4etx4"
        },
        {
            "nome": "Memória Philco 66865",
            "preco": 903,
            "descricao": "Eletroeletrônico",
            "quantidade": 208,
            "_id": "QsewlX4nwkJ2l6Nz"
        },
        {
            "nome": "Teclado LG 3200",
            "preco": 983,
            "descricao": "Eletroeletrônico",
            "quantidade": 172,
            "_id": "RANqSGUx2h6jMS29"
        },
        {
            "nome": "Teclado Asus 28988",
            "preco": 423,
            "descricao": "Eletroeletrônico",
            "quantidade": 759,
            "_id": "S3CgAdzzJjQI3Dia"
        },
        {
            "nome": "Televisão Acer 55138",
            "preco": 29,
            "descricao": "Eletroeletrônico",
            "quantidade": 906,
            "_id": "SQLnqDd2Vj1wNF2V"
        },
        {
            "nome": "Mouse Sony 72732",
            "preco": 803,
            "descricao": "Eletroeletrônico",
            "quantidade": 401,
            "_id": "TARpe8g492uqSA7r"
        },
        {
            "nome": "Computador Acer 55895",
            "preco": 765,
            "descricao": "Eletroeletrônico",
            "quantidade": 288,
            "_id": "U40ZQM2phsorMRU2"
        },
        {
            "nome": "Monitor Sony 22998",
            "preco": 484,
            "descricao": "Eletroeletrônico",
            "quantidade": 2777,
            "_id": "UKkM4M06BTuPwHAK"
        },
        {
            "nome": "Televisão Dell 34168",
            "preco": 216,
            "descricao": "Eletroeletrônico",
            "quantidade": 394,
            "_id": "VtZj3BezeV6o1K2S"
        },
        {
            "nome": "Computador Acer 81796",
            "preco": 966,
            "descricao": "Eletroeletrônico",
            "quantidade": 998,
            "_id": "YFMYr2f9K16uV8A4"
        },
        {
            "nome": "Mouse Samsung 36774",
            "preco": 83,
            "descricao": "Eletroeletrônico",
            "quantidade": 536,
            "_id": "aqckBLqNGCcuBanj"
        },
        {
            "nome": "Mouse Asus 54048",
            "preco": 938,
            "descricao": "Eletroeletrônico",
            "quantidade": 717,
            "_id": "csi79TDLS2RaXBKY"
        },
        {
            "nome": "Computador Acer 47384",
            "preco": 214,
            "descricao": "Eletroeletrônico",
            "quantidade": 957,
            "_id": "g5OEYDu3iRTJ5xcZ"
        },
        {
            "nome": "Televisão Samsung 35646",
            "preco": 154,
            "descricao": "Eletroeletrônico",
            "quantidade": 634,
            "_id": "hYYrrxChQgB6UdWD"
        },
        {
            "nome": "Monitor Philco 14519",
            "preco": 263,
            "descricao": "Eletroeletrônico",
            "quantidade": 275,
            "_id": "idcE0VDJLlHU7erI"
        },
        {
            "nome": "Televisão Sony 59054",
            "preco": 19,
            "descricao": "Eletroeletrônico",
            "quantidade": 559,
            "_id": "kRo4OljiwxqmbskS"
        },
        {
            "nome": "Memória Samsung 17334",
            "preco": 125,
            "descricao": "Eletroeletrônico",
            "quantidade": 83,
            "_id": "m1yxKPgN7FIxubSD"
        },
        {
            "nome": "Mouse Philco 22099",
            "preco": 103,
            "descricao": "Eletroeletrônico",
            "quantidade": 678,
            "_id": "m7B6EB9pqWOhKFzj"
        },
        {
            "nome": "Memória Philco 40117",
            "preco": 172,
            "descricao": "Eletroeletrônico",
            "quantidade": 983,
            "_id": "nKYuseapokLImFfa"
        },
        {
            "nome": "Notebook LG 37292",
            "preco": 203,
            "descricao": "Eletroeletrônico",
            "quantidade": 12,
            "_id": "q3RQSihgqKAEcsd7"
        },
        {
            "nome": "Notebook Asus 63533",
            "preco": 374,
            "descricao": "Eletroeletrônico",
            "quantidade": 27,
            "_id": "qLJjfpR1XFG7AC9I"
        },
        {
            "nome": "Gabinete Asus 50809",
            "preco": 729,
            "descricao": "Eletroeletrônico",
            "quantidade": 981,
            "_id": "qhIusGZfUJBpn4NE"
        },
        {
            "nome": "Computador HP 78487",
            "preco": 714,
            "descricao": "Eletroeletrônico",
            "quantidade": 75,
            "_id": "xQ8nQq3yw40IhDAB"
        },
        {
            "nome": "Teclado Philco 44684",
            "preco": 260,
            "descricao": "Eletroeletrônico",
            "quantidade": 975,
            "_id": "yOJQFRI74Um2WcLM"
        }
    ]
} 
 </msg>
<msg timestamp="20220714 08:35:06.540" level="INFO">${response} = &lt;Response [200]&gt;</msg>
<status status="PASS" starttime="20220714 08:35:06.537" endtime="20220714 08:35:06.540"/>
</kw>
<kw name="Log To Console" library="BuiltIn">
<arg>Response: ${response.content}</arg>
<doc>Logs the given message to the console.</doc>
<status status="PASS" starttime="20220714 08:35:06.540" endtime="20220714 08:35:06.541"/>
</kw>
<kw name="Set Global Variable" library="BuiltIn">
<arg>${response}</arg>
<doc>Makes a variable available globally in all tests and suites.</doc>
<msg timestamp="20220714 08:35:06.541" level="INFO">${response} = &lt;Response [200]&gt;</msg>
<status status="PASS" starttime="20220714 08:35:06.541" endtime="20220714 08:35:06.541"/>
</kw>
<status status="PASS" starttime="20220714 08:35:06.537" endtime="20220714 08:35:06.541"/>
</kw>
<kw name="Set Variable" library="BuiltIn">
<var>${id_produto}</var>
<arg>${response.json()["produtos"][0]["_id"]}</arg>
<doc>Returns the given values which can then be assigned to a variables.</doc>
<msg timestamp="20220714 08:35:06.542" level="INFO">${id_produto} = 3GIo9Japmwsp7P0d</msg>
<status status="PASS" starttime="20220714 08:35:06.541" endtime="20220714 08:35:06.542"/>
</kw>
<kw name="Set Global Variable" library="BuiltIn">
<arg>${id_produto}</arg>
<doc>Makes a variable available globally in all tests and suites.</doc>
<msg timestamp="20220714 08:35:06.542" level="INFO">${id_produto} = 3GIo9Japmwsp7P0d</msg>
<status status="PASS" starttime="20220714 08:35:06.542" endtime="20220714 08:35:06.542"/>
</kw>
<status status="PASS" starttime="20220714 08:35:06.537" endtime="20220714 08:35:06.542"/>
</kw>
<kw name="Adicionar um Produto ao Carrinho" library="03_carrinho_keywords">
<kw name="Convert String To JSON" library="JSONLibrary">
<var>${json}</var>
<arg>{"produtos": []}</arg>
<doc>Convert String to JSON object</doc>
<msg timestamp="20220714 08:35:06.542" level="INFO">${json} = {'produtos': []}</msg>
<status status="PASS" starttime="20220714 08:35:06.542" endtime="20220714 08:35:06.542"/>
</kw>
<kw name="Create Dictionary" library="BuiltIn">
<var>${payload}</var>
<arg>idProduto=${id_produto}</arg>
<arg>quantidade=${quantidade}</arg>
<doc>Creates and returns a dictionary based on the given ``items``.</doc>
<msg timestamp="20220714 08:35:06.543" level="INFO">${payload} = {'idProduto': '3GIo9Japmwsp7P0d', 'quantidade': '1'}</msg>
<status status="PASS" starttime="20220714 08:35:06.543" endtime="20220714 08:35:06.543"/>
</kw>
<kw name="Add Object To Json" library="JSONLibrary">
<var>${json}</var>
<arg>${json}</arg>
<arg>$..produtos</arg>
<arg>${payload}</arg>
<doc>Add an dictionary or list object to json object using json_path</doc>
<msg timestamp="20220714 08:35:06.554" level="INFO">${json} = {'produtos': [{'idProduto': '3GIo9Japmwsp7P0d', 'quantidade': '1'}]}</msg>
<status status="PASS" starttime="20220714 08:35:06.543" endtime="20220714 08:35:06.554"/>
</kw>
<kw name="Set Global Variable" library="BuiltIn">
<arg>${json}</arg>
<doc>Makes a variable available globally in all tests and suites.</doc>
<msg timestamp="20220714 08:35:06.555" level="INFO">${json} = {'produtos': [{'idProduto': '3GIo9Japmwsp7P0d', 'quantidade': '1'}]}</msg>
<status status="PASS" starttime="20220714 08:35:06.554" endtime="20220714 08:35:06.555"/>
</kw>
<status status="PASS" starttime="20220714 08:35:06.542" endtime="20220714 08:35:06.555"/>
</kw>
<kw name="POST Endpoint /carrinhos" library="03_carrinho_keywords">
<kw name="Create Dictionary" library="BuiltIn">
<var>&amp;{header}</var>
<arg>Authorization=${token_auth}</arg>
<doc>Creates and returns a dictionary based on the given ``items``.</doc>
<msg timestamp="20220714 08:35:06.555" level="INFO">&amp;{header} = { Authorization=Bearer eyJhbGciOiJIUzI1NiIsInR5cCI6IkpXVCJ9.eyJlbWFpbCI6ImZ1bGFub0BxYS5jb20iLCJwYXNzd29yZCI6Im5iYTEyMyIsImlhdCI6MTY1Nzc5ODUwNiwiZXhwIjoxNjU3Nzk5MTA2fQ.CA_rZ0T-_R2WJB7h2OOztuZnADNPfNfp_...</msg>
<status status="PASS" starttime="20220714 08:35:06.555" endtime="20220714 08:35:06.555"/>
</kw>
<kw name="POST On Session" library="RequestsLibrary">
<var>${response}</var>
<arg>serverest</arg>
<arg>/carrinhos</arg>
<arg>json=&amp;{json}</arg>
<arg>headers=${header}</arg>
<arg>expected_status=any</arg>
<doc>Sends a POST request on a previously created HTTP Session.</doc>
<msg timestamp="20220714 08:35:06.559" level="INFO">POST Request : url=http://localhost:3000/carrinhos 
 path_url=/carrinhos 
 headers={'User-Agent': 'python-requests/2.25.1', 'Accept-Encoding': 'gzip, deflate', 'Accept': '*/*', 'Connection': 'keep-alive', 'Authorization': 'Bearer eyJhbGciOiJIUzI1NiIsInR5cCI6IkpXVCJ9.eyJlbWFpbCI6ImZ1bGFub0BxYS5jb20iLCJwYXNzd29yZCI6Im5iYTEyMyIsImlhdCI6MTY1Nzc5ODUwNiwiZXhwIjoxNjU3Nzk5MTA2fQ.CA_rZ0T-_R2WJB7h2OOztuZnADNPfNfp_eBZYRyhyLw', 'Content-Length': '68', 'Content-Type': 'application/json'} 
 body=b'{"produtos": [{"idProduto": "3GIo9Japmwsp7P0d", "quantidade": "1"}]}' 
 </msg>
<msg timestamp="20220714 08:35:06.559" level="INFO">POST Response : url=http://localhost:3000/carrinhos 
 status=201, reason=Created 
 headers={'Access-Control-Allow-Origin': '*', 'x-dns-prefetch-control': 'off', 'x-frame-options': 'SAMEORIGIN', 'strict-transport-security': 'max-age=15552000; includeSubDomains', 'x-download-options': 'noopen', 'x-content-type-options': 'nosniff', 'x-xss-protection': '1; mode=block', 'x-moesif-transaction-id': '9e4ffa43-a1d3-456f-93b0-c5ae6772e32d', 'Content-Type': 'application/json; charset=utf-8', 'Content-Length': '82', 'Date': 'Thu, 14 Jul 2022 11:35:06 GMT', 'Connection': 'keep-alive', 'Keep-Alive': 'timeout=5'} 
 body={
    "message": "Cadastro realizado com sucesso",
    "_id": "7JzsHGckCxODqmmT"
} 
 </msg>
<msg timestamp="20220714 08:35:06.559" level="INFO">${response} = &lt;Response [201]&gt;</msg>
<status status="PASS" starttime="20220714 08:35:06.555" endtime="20220714 08:35:06.559"/>
</kw>
<kw name="Log To Console" library="BuiltIn">
<arg>Response: ${response.content}</arg>
<doc>Logs the given message to the console.</doc>
<status status="PASS" starttime="20220714 08:35:06.559" endtime="20220714 08:35:06.560"/>
</kw>
<kw name="Set Global Variable" library="BuiltIn">
<arg>${response}</arg>
<doc>Makes a variable available globally in all tests and suites.</doc>
<msg timestamp="20220714 08:35:06.560" level="INFO">${response} = &lt;Response [201]&gt;</msg>
<status status="PASS" starttime="20220714 08:35:06.560" endtime="20220714 08:35:06.560"/>
</kw>
<status status="PASS" starttime="20220714 08:35:06.555" endtime="20220714 08:35:06.560"/>
</kw>
<kw name="Validar Status Code &quot;201&quot;" library="common" sourcename="Validar Status Code &quot;${statuscode}&quot;">
<kw name="Should Be True" library="BuiltIn">
<arg>${response.status_code} == ${statuscode}</arg>
<doc>Fails if the given condition is not true.</doc>
<status status="PASS" starttime="20220714 08:35:06.560" endtime="20220714 08:35:06.561"/>
</kw>
<status status="PASS" starttime="20220714 08:35:06.560" endtime="20220714 08:35:06.561"/>
</kw>
<kw name="Validar Ter Criado Carrinho" library="03_carrinho_keywords">
<kw name="Should Be Equal" library="BuiltIn">
<arg>${response.json()["message"]}</arg>
<arg>Cadastro realizado com sucesso</arg>
<doc>Fails if the given objects are unequal.</doc>
<status status="PASS" starttime="20220714 08:35:06.561" endtime="20220714 08:35:06.562"/>
</kw>
<kw name="Should Not Be Empty" library="BuiltIn">
<arg>${response.json()["_id"]}</arg>
<doc>Verifies that the given item is not empty.</doc>
<msg timestamp="20220714 08:35:06.562" level="INFO">Length is 16</msg>
<status status="PASS" starttime="20220714 08:35:06.562" endtime="20220714 08:35:06.562"/>
</kw>
<status status="PASS" starttime="20220714 08:35:06.561" endtime="20220714 08:35:06.562"/>
</kw>
<tag>POST_CARRINHO_ADM</tag>
<status status="PASS" starttime="20220714 08:35:06.527" endtime="20220714 08:35:06.562"/>
</test>
<test id="s1-t6" name="Cenario: POST Criar Carrinho Invalido 400" line="48">
<kw name="Fazer Login e Armazenar Token" library="00_login_keywords">
<kw name="POST Endpoint /login" library="00_login_keywords">
<kw name="Create Dictionary" library="BuiltIn">
<var>&amp;{payload}</var>
<arg>email=${email_para_login_adm}</arg>
<arg>password=${senha_para_login_adm}</arg>
<doc>Creates and returns a dictionary based on the given ``items``.</doc>
<msg timestamp="20220714 08:35:06.563" level="INFO">&amp;{payload} = { email=fulano@qa.com | password=nba123 }</msg>
<status status="PASS" starttime="20220714 08:35:06.563" endtime="20220714 08:35:06.564"/>
</kw>
<kw name="POST On Session" library="RequestsLibrary">
<var>${response}</var>
<arg>serverest</arg>
<arg>/login</arg>
<arg>data=&amp;{payload}</arg>
<doc>Sends a POST request on a previously created HTTP Session.</doc>
<msg timestamp="20220714 08:35:06.567" level="INFO">POST Request : url=http://localhost:3000/login 
 path_url=/login 
 headers={'User-Agent': 'python-requests/2.25.1', 'Accept-Encoding': 'gzip, deflate', 'Accept': '*/*', 'Connection': 'keep-alive', 'Content-Length': '37', 'Content-Type': 'application/x-www-form-urlencoded'} 
 body=email=fulano%40qa.com&amp;password=nba123 
 </msg>
<msg timestamp="20220714 08:35:06.567" level="INFO">POST Response : url=http://localhost:3000/login 
 status=200, reason=OK 
 headers={'Access-Control-Allow-Origin': '*', 'x-dns-prefetch-control': 'off', 'x-frame-options': 'SAMEORIGIN', 'strict-transport-security': 'max-age=15552000; includeSubDomains', 'x-download-options': 'noopen', 'x-content-type-options': 'nosniff', 'x-xss-protection': '1; mode=block', 'x-moesif-transaction-id': '0dba6cc3-b0c7-4ff3-b9da-ae550104b40b', 'Content-Type': 'application/json; charset=utf-8', 'Content-Length': '267', 'Date': 'Thu, 14 Jul 2022 11:35:06 GMT', 'Connection': 'keep-alive', 'Keep-Alive': 'timeout=5'} 
 body={
    "message": "Login realizado com sucesso",
    "authorization": "Bearer eyJhbGciOiJIUzI1NiIsInR5cCI6IkpXVCJ9.eyJlbWFpbCI6ImZ1bGFub0BxYS5jb20iLCJwYXNzd29yZCI6Im5iYTEyMyIsImlhdCI6MTY1Nzc5ODUwNiwiZXhwIjoxNjU3Nzk5MTA2fQ.CA_rZ0T-_R2WJB7h2OOztuZnADNPfNfp_eBZYRyhyLw"
} 
 </msg>
<msg timestamp="20220714 08:35:06.567" level="INFO">${response} = &lt;Response [200]&gt;</msg>
<status status="PASS" starttime="20220714 08:35:06.564" endtime="20220714 08:35:06.567"/>
</kw>
<kw name="Log To Console" library="BuiltIn">
<arg>Response: ${response.content}</arg>
<doc>Logs the given message to the console.</doc>
<status status="PASS" starttime="20220714 08:35:06.567" endtime="20220714 08:35:06.568"/>
</kw>
<kw name="Set Global Variable" library="BuiltIn">
<arg>${response}</arg>
<doc>Makes a variable available globally in all tests and suites.</doc>
<msg timestamp="20220714 08:35:06.568" level="INFO">${response} = &lt;Response [200]&gt;</msg>
<status status="PASS" starttime="20220714 08:35:06.568" endtime="20220714 08:35:06.568"/>
</kw>
<status status="PASS" starttime="20220714 08:35:06.563" endtime="20220714 08:35:06.568"/>
</kw>
<kw name="Validar Ter Logado" library="00_login_keywords">
<kw name="Should Be Equal" library="BuiltIn">
<arg>${response.json()["message"]}</arg>
<arg>Login realizado com sucesso</arg>
<doc>Fails if the given objects are unequal.</doc>
<status status="PASS" starttime="20220714 08:35:06.568" endtime="20220714 08:35:06.569"/>
</kw>
<kw name="Should Not Be Empty" library="BuiltIn">
<arg>${response.json()["authorization"]}</arg>
<doc>Verifies that the given item is not empty.</doc>
<msg timestamp="20220714 08:35:06.569" level="INFO">Length is 194</msg>
<status status="PASS" starttime="20220714 08:35:06.569" endtime="20220714 08:35:06.569"/>
</kw>
<status status="PASS" starttime="20220714 08:35:06.568" endtime="20220714 08:35:06.569"/>
</kw>
<kw name="Set Variable" library="BuiltIn">
<var>${token_auth}</var>
<arg>${response.json()["authorization"]}</arg>
<doc>Returns the given values which can then be assigned to a variables.</doc>
<msg timestamp="20220714 08:35:06.570" level="INFO">${token_auth} = Bearer eyJhbGciOiJIUzI1NiIsInR5cCI6IkpXVCJ9.eyJlbWFpbCI6ImZ1bGFub0BxYS5jb20iLCJwYXNzd29yZCI6Im5iYTEyMyIsImlhdCI6MTY1Nzc5ODUwNiwiZXhwIjoxNjU3Nzk5MTA2fQ.CA_rZ0T-_R2WJB7h2OOztuZnADNPfNfp_eBZYRyhyLw</msg>
<status status="PASS" starttime="20220714 08:35:06.569" endtime="20220714 08:35:06.570"/>
</kw>
<kw name="Log To Console" library="BuiltIn">
<arg>Token Salvo: ${token_auth}</arg>
<doc>Logs the given message to the console.</doc>
<status status="PASS" starttime="20220714 08:35:06.570" endtime="20220714 08:35:06.570"/>
</kw>
<kw name="Set Global Variable" library="BuiltIn">
<arg>${token_auth}</arg>
<doc>Makes a variable available globally in all tests and suites.</doc>
<msg timestamp="20220714 08:35:06.570" level="INFO">${token_auth} = Bearer eyJhbGciOiJIUzI1NiIsInR5cCI6IkpXVCJ9.eyJlbWFpbCI6ImZ1bGFub0BxYS5jb20iLCJwYXNzd29yZCI6Im5iYTEyMyIsImlhdCI6MTY1Nzc5ODUwNiwiZXhwIjoxNjU3Nzk5MTA2fQ.CA_rZ0T-_R2WJB7h2OOztuZnADNPfNfp_eBZYRyhyLw</msg>
<status status="PASS" starttime="20220714 08:35:06.570" endtime="20220714 08:35:06.570"/>
</kw>
<status status="PASS" starttime="20220714 08:35:06.563" endtime="20220714 08:35:06.570"/>
</kw>
<kw name="Encontrar ID de um Produto Cadastrado" library="02_produtos_keywords">
<kw name="GET Endpoint /produtos" library="02_produtos_keywords">
<kw name="GET On Session" library="RequestsLibrary">
<var>${response}</var>
<arg>serverest</arg>
<arg>/produtos</arg>
<doc>Sends a GET request on a previously created HTTP Session.</doc>
<msg timestamp="20220714 08:35:06.573" level="INFO">GET Request : url=http://localhost:3000/produtos 
 path_url=/produtos 
 headers={'User-Agent': 'python-requests/2.25.1', 'Accept-Encoding': 'gzip, deflate', 'Accept': '*/*', 'Connection': 'keep-alive'} 
 body=None 
 </msg>
<msg timestamp="20220714 08:35:06.573" level="INFO">GET Response : url=http://localhost:3000/produtos 
 status=200, reason=OK 
 headers={'Access-Control-Allow-Origin': '*', 'x-dns-prefetch-control': 'off', 'x-frame-options': 'SAMEORIGIN', 'strict-transport-security': 'max-age=15552000; includeSubDomains', 'x-download-options': 'noopen', 'x-content-type-options': 'nosniff', 'x-xss-protection': '1; mode=block', 'x-moesif-transaction-id': '3a24f2be-2cf8-4a42-8ac5-5fbcfc9fa5b8', 'Content-Type': 'application/json; charset=utf-8', 'Content-Length': '7624', 'Date': 'Thu, 14 Jul 2022 11:35:06 GMT', 'Connection': 'keep-alive', 'Keep-Alive': 'timeout=5'} 
 body={
    "quantidade": 37,
    "produtos": [
        {
            "nome": "Computador Philco 90060",
            "preco": 20,
            "descricao": "Eletroeletrônico",
            "quantidade": 47,
            "_id": "3GIo9Japmwsp7P0d"
        },
        {
            "nome": "Notebook Sony 46079",
            "preco": 294,
            "descricao": "Eletroeletrônico",
            "quantidade": "928889891",
            "_id": "9hvS26LitEhUFlI1"
        },
        {
            "nome": "Computador LG 7459",
            "preco": 357,
            "descricao": "Eletroeletrônico",
            "quantidade": 52,
            "_id": "BeeJh5lz3k6kSIzA"
        },
        {
            "nome": "Computador Sony 92032",
            "preco": 268,
            "descricao": "Eletroeletrônico",
            "quantidade": 692,
            "_id": "CBrdEBrY1gi8fKMe"
        },
        {
            "nome": "\"Logitech MX Vertical\"",
            "preco": 470,
            "descricao": "\"Mouse\"",
            "quantidade": 381,
            "_id": "EJx3JOee4DBt2VTr"
        },
        {
            "nome": "Mouse Philco 33641",
            "preco": 305,
            "descricao": "Eletroeletrônico",
            "quantidade": 603,
            "_id": "GY29o6aGthWHIcG5"
        },
        {
            "nome": "Mouse Samsung 45790",
            "preco": 839,
            "descricao": "Eletroeletrônico",
            "quantidade": 706,
            "_id": "HeYLZcgamf5BcihU"
        },
        {
            "nome": "Notebook Asus 68778",
            "preco": 661,
            "descricao": "Eletroeletrônico",
            "quantidade": 154,
            "_id": "Ip1EBPQWEOWUn7IW"
        },
        {
            "nome": "Notebook Philco 48437",
            "preco": 360,
            "descricao": "Eletroeletrônico",
            "quantidade": 732,
            "_id": "K2g9vX2vSTCHenM1"
        },
        {
            "nome": "Samsung 60 polegadas",
            "preco": 5240,
            "descricao": "TV",
            "quantidade": 49977,
            "_id": "K6leHdftCeOJj8BJ"
        },
        {
            "nome": "Mouse LG 72105",
            "preco": 504,
            "descricao": "Eletroeletrônico",
            "quantidade": 927,
            "_id": "KEcYmQ1as5VR9wKT"
        },
        {
            "nome": "Televisão Samsung 24258",
            "preco": 258,
            "descricao": "Eletroeletrônico",
            "quantidade": 928,
            "_id": "N9IxvdCBT0DhlH6y"
        },
        {
            "nome": "Teclado Samsung 69701",
            "preco": 489,
            "descricao": "quite",
            "quantidade": 5616,
            "_id": "P4HCMaM4diRJVofC"
        },
        {
            "nome": "Memória Dell 68872",
            "preco": 93,
            "descricao": "Eletroeletrônico",
            "quantidade": 20,
            "_id": "QGCKLKPnCJe4etx4"
        },
        {
            "nome": "Memória Philco 66865",
            "preco": 903,
            "descricao": "Eletroeletrônico",
            "quantidade": 208,
            "_id": "QsewlX4nwkJ2l6Nz"
        },
        {
            "nome": "Teclado LG 3200",
            "preco": 983,
            "descricao": "Eletroeletrônico",
            "quantidade": 172,
            "_id": "RANqSGUx2h6jMS29"
        },
        {
            "nome": "Teclado Asus 28988",
            "preco": 423,
            "descricao": "Eletroeletrônico",
            "quantidade": 759,
            "_id": "S3CgAdzzJjQI3Dia"
        },
        {
            "nome": "Televisão Acer 55138",
            "preco": 29,
            "descricao": "Eletroeletrônico",
            "quantidade": 906,
            "_id": "SQLnqDd2Vj1wNF2V"
        },
        {
            "nome": "Mouse Sony 72732",
            "preco": 803,
            "descricao": "Eletroeletrônico",
            "quantidade": 401,
            "_id": "TARpe8g492uqSA7r"
        },
        {
            "nome": "Computador Acer 55895",
            "preco": 765,
            "descricao": "Eletroeletrônico",
            "quantidade": 288,
            "_id": "U40ZQM2phsorMRU2"
        },
        {
            "nome": "Monitor Sony 22998",
            "preco": 484,
            "descricao": "Eletroeletrônico",
            "quantidade": 2777,
            "_id": "UKkM4M06BTuPwHAK"
        },
        {
            "nome": "Televisão Dell 34168",
            "preco": 216,
            "descricao": "Eletroeletrônico",
            "quantidade": 394,
            "_id": "VtZj3BezeV6o1K2S"
        },
        {
            "nome": "Computador Acer 81796",
            "preco": 966,
            "descricao": "Eletroeletrônico",
            "quantidade": 998,
            "_id": "YFMYr2f9K16uV8A4"
        },
        {
            "nome": "Mouse Samsung 36774",
            "preco": 83,
            "descricao": "Eletroeletrônico",
            "quantidade": 536,
            "_id": "aqckBLqNGCcuBanj"
        },
        {
            "nome": "Mouse Asus 54048",
            "preco": 938,
            "descricao": "Eletroeletrônico",
            "quantidade": 717,
            "_id": "csi79TDLS2RaXBKY"
        },
        {
            "nome": "Computador Acer 47384",
            "preco": 214,
            "descricao": "Eletroeletrônico",
            "quantidade": 957,
            "_id": "g5OEYDu3iRTJ5xcZ"
        },
        {
            "nome": "Televisão Samsung 35646",
            "preco": 154,
            "descricao": "Eletroeletrônico",
            "quantidade": 634,
            "_id": "hYYrrxChQgB6UdWD"
        },
        {
            "nome": "Monitor Philco 14519",
            "preco": 263,
            "descricao": "Eletroeletrônico",
            "quantidade": 275,
            "_id": "idcE0VDJLlHU7erI"
        },
        {
            "nome": "Televisão Sony 59054",
            "preco": 19,
            "descricao": "Eletroeletrônico",
            "quantidade": 559,
            "_id": "kRo4OljiwxqmbskS"
        },
        {
            "nome": "Memória Samsung 17334",
            "preco": 125,
            "descricao": "Eletroeletrônico",
            "quantidade": 83,
            "_id": "m1yxKPgN7FIxubSD"
        },
        {
            "nome": "Mouse Philco 22099",
            "preco": 103,
            "descricao": "Eletroeletrônico",
            "quantidade": 678,
            "_id": "m7B6EB9pqWOhKFzj"
        },
        {
            "nome": "Memória Philco 40117",
            "preco": 172,
            "descricao": "Eletroeletrônico",
            "quantidade": 983,
            "_id": "nKYuseapokLImFfa"
        },
        {
            "nome": "Notebook LG 37292",
            "preco": 203,
            "descricao": "Eletroeletrônico",
            "quantidade": 12,
            "_id": "q3RQSihgqKAEcsd7"
        },
        {
            "nome": "Notebook Asus 63533",
            "preco": 374,
            "descricao": "Eletroeletrônico",
            "quantidade": 27,
            "_id": "qLJjfpR1XFG7AC9I"
        },
        {
            "nome": "Gabinete Asus 50809",
            "preco": 729,
            "descricao": "Eletroeletrônico",
            "quantidade": 981,
            "_id": "qhIusGZfUJBpn4NE"
        },
        {
            "nome": "Computador HP 78487",
            "preco": 714,
            "descricao": "Eletroeletrônico",
            "quantidade": 75,
            "_id": "xQ8nQq3yw40IhDAB"
        },
        {
            "nome": "Teclado Philco 44684",
            "preco": 260,
            "descricao": "Eletroeletrônico",
            "quantidade": 975,
            "_id": "yOJQFRI74Um2WcLM"
        }
    ]
} 
 </msg>
<msg timestamp="20220714 08:35:06.573" level="INFO">${response} = &lt;Response [200]&gt;</msg>
<status status="PASS" starttime="20220714 08:35:06.570" endtime="20220714 08:35:06.573"/>
</kw>
<kw name="Log To Console" library="BuiltIn">
<arg>Response: ${response.content}</arg>
<doc>Logs the given message to the console.</doc>
<status status="PASS" starttime="20220714 08:35:06.573" endtime="20220714 08:35:06.574"/>
</kw>
<kw name="Set Global Variable" library="BuiltIn">
<arg>${response}</arg>
<doc>Makes a variable available globally in all tests and suites.</doc>
<msg timestamp="20220714 08:35:06.575" level="INFO">${response} = &lt;Response [200]&gt;</msg>
<status status="PASS" starttime="20220714 08:35:06.574" endtime="20220714 08:35:06.575"/>
</kw>
<status status="PASS" starttime="20220714 08:35:06.570" endtime="20220714 08:35:06.575"/>
</kw>
<kw name="Set Variable" library="BuiltIn">
<var>${id_produto}</var>
<arg>${response.json()["produtos"][0]["_id"]}</arg>
<doc>Returns the given values which can then be assigned to a variables.</doc>
<msg timestamp="20220714 08:35:06.575" level="INFO">${id_produto} = 3GIo9Japmwsp7P0d</msg>
<status status="PASS" starttime="20220714 08:35:06.575" endtime="20220714 08:35:06.575"/>
</kw>
[...]
</kw>
<tag>DELETE_CANCELAR</tag>
<status status="PASS" starttime="20220714 08:35:06.642" endtime="20220714 08:35:06.656"/>
</test>
<test id="s1-t10" name="Cenario: DELETE Excluir Carrinho Concluir Compra Com Carrinho Erro Token 401" line="80">
<kw name="Fazer Login e Armazenar Token Nao Administrador" library="00_login_keywords">
<kw name="POST Endpoint /login Nao Administrador" library="00_login_keywords">
<kw name="Create Dictionary" library="BuiltIn">
<var>&amp;{payload}</var>
<arg>email=${email_para_login}</arg>
<arg>password=${senha_para_login}</arg>
<doc>Creates and returns a dictionary based on the given ``items``.</doc>
<msg timestamp="20220714 08:35:06.657" level="INFO">&amp;{payload} = { email=anthony95@example.com | password=aCc1Wnkq78 }</msg>
<status status="PASS" starttime="20220714 08:35:06.657" endtime="20220714 08:35:06.657"/>
</kw>
<kw name="POST On Session" library="RequestsLibrary">
<var>${response}</var>
<arg>serverest</arg>
<arg>/login</arg>
<arg>data=&amp;{payload}</arg>
<doc>Sends a POST request on a previously created HTTP Session.</doc>
<msg timestamp="20220714 08:35:06.659" level="INFO">POST Request : url=http://localhost:3000/login 
 path_url=/login 
 headers={'User-Agent': 'python-requests/2.25.1', 'Accept-Encoding': 'gzip, deflate', 'Accept': '*/*', 'Connection': 'keep-alive', 'Content-Length': '49', 'Content-Type': 'application/x-www-form-urlencoded'} 
 body=email=anthony95%40example.com&amp;password=aCc1Wnkq78 
 </msg>
<msg timestamp="20220714 08:35:06.659" level="INFO">POST Response : url=http://localhost:3000/login 
 status=200, reason=OK 
 headers={'Access-Control-Allow-Origin': '*', 'x-dns-prefetch-control': 'off', 'x-frame-options': 'SAMEORIGIN', 'strict-transport-security': 'max-age=15552000; includeSubDomains', 'x-download-options': 'noopen', 'x-content-type-options': 'nosniff', 'x-xss-protection': '1; mode=block', 'x-moesif-transaction-id': '30d43526-092b-4b1c-9d2c-a196c776280c', 'Content-Type': 'application/json; charset=utf-8', 'Content-Length': '283', 'Date': 'Thu, 14 Jul 2022 11:35:06 GMT', 'Connection': 'keep-alive', 'Keep-Alive': 'timeout=5'} 
 body={
    "message": "Login realizado com sucesso",
    "authorization": "Bearer eyJhbGciOiJIUzI1NiIsInR5cCI6IkpXVCJ9.eyJlbWFpbCI6ImFudGhvbnk5NUBleGFtcGxlLmNvbSIsInBhc3N3b3JkIjoiYUNjMVdua3E3OCIsImlhdCI6MTY1Nzc5ODUwNiwiZXhwIjoxNjU3Nzk5MTA2fQ.3l3Py4VFbjR9tZuFwaa4GD0ALdPVGY42qf4EpAezpdQ"
} 
 </msg>
<msg timestamp="20220714 08:35:06.660" level="INFO">${response} = &lt;Response [200]&gt;</msg>
<status status="PASS" starttime="20220714 08:35:06.657" endtime="20220714 08:35:06.660"/>
</kw>
<kw name="Log To Console" library="BuiltIn">
<arg>Response: ${response.content}</arg>
<doc>Logs the given message to the console.</doc>
<status status="PASS" starttime="20220714 08:35:06.660" endtime="20220714 08:35:06.660"/>
</kw>
<kw name="Set Global Variable" library="BuiltIn">
<arg>${response}</arg>
<doc>Makes a variable available globally in all tests and suites.</doc>
<msg timestamp="20220714 08:35:06.660" level="INFO">${response} = &lt;Response [200]&gt;</msg>
<status status="PASS" starttime="20220714 08:35:06.660" endtime="20220714 08:35:06.660"/>
</kw>
<status status="PASS" starttime="20220714 08:35:06.656" endtime="20220714 08:35:06.660"/>
</kw>
<kw name="Validar Ter Logado" library="00_login_keywords">
<kw name="Should Be Equal" library="BuiltIn">
<arg>${response.json()["message"]}</arg>
<arg>Login realizado com sucesso</arg>
<doc>Fails if the given objects are unequal.</doc>
<status status="PASS" starttime="20220714 08:35:06.661" endtime="20220714 08:35:06.661"/>
</kw>
<kw name="Should Not Be Empty" library="BuiltIn">
<arg>${response.json()["authorization"]}</arg>
<doc>Verifies that the given item is not empty.</doc>
<msg timestamp="20220714 08:35:06.661" level="INFO">Length is 210</msg>
<status status="PASS" starttime="20220714 08:35:06.661" endtime="20220714 08:35:06.661"/>
</kw>
<status status="PASS" starttime="20220714 08:35:06.661" endtime="20220714 08:35:06.662"/>
</kw>
<kw name="Set Variable" library="BuiltIn">
<var>${token_auth}</var>
<arg>${response.json()["authorization"]}</arg>
<doc>Returns the given values which can then be assigned to a variables.</doc>
<msg timestamp="20220714 08:35:06.662" level="INFO">${token_auth} = Bearer eyJhbGciOiJIUzI1NiIsInR5cCI6IkpXVCJ9.eyJlbWFpbCI6ImFudGhvbnk5NUBleGFtcGxlLmNvbSIsInBhc3N3b3JkIjoiYUNjMVdua3E3OCIsImlhdCI6MTY1Nzc5ODUwNiwiZXhwIjoxNjU3Nzk5MTA2fQ.3l3Py4VFbjR9tZuFwaa4GD0ALdPVGY42q...</msg>
<status status="PASS" starttime="20220714 08:35:06.662" endtime="20220714 08:35:06.662"/>
</kw>
<kw name="Log To Console" library="BuiltIn">
<arg>Token Salvo: ${token_auth}</arg>
<doc>Logs the given message to the console.</doc>
<status status="PASS" starttime="20220714 08:35:06.662" endtime="20220714 08:35:06.662"/>
</kw>
<kw name="Set Global Variable" library="BuiltIn">
<arg>${token_auth}</arg>
<doc>Makes a variable available globally in all tests and suites.</doc>
<msg timestamp="20220714 08:35:06.662" level="INFO">${token_auth} = Bearer eyJhbGciOiJIUzI1NiIsInR5cCI6IkpXVCJ9.eyJlbWFpbCI6ImFudGhvbnk5NUBleGFtcGxlLmNvbSIsInBhc3N3b3JkIjoiYUNjMVdua3E3OCIsImlhdCI6MTY1Nzc5ODUwNiwiZXhwIjoxNjU3Nzk5MTA2fQ.3l3Py4VFbjR9tZuFwaa4GD0ALdPVGY42q...</msg>
<status status="PASS" starttime="20220714 08:35:06.662" endtime="20220714 08:35:06.662"/>
</kw>
<status status="PASS" starttime="20220714 08:35:06.656" endtime="20220714 08:35:06.662"/>
</kw>
<kw name="DELETE Endpoint /carrinhos Concluir Compra Erro Token" library="03_carrinho_keywords">
<kw name="Create Dictionary" library="BuiltIn">
<var>&amp;{header}</var>
<arg>Authorization=${token_auth}</arg>
<doc>Creates and returns a dictionary based on the given ``items``.</doc>
<msg timestamp="20220714 08:35:06.663" level="INFO">&amp;{header} = { Authorization=Bearer eyJhbGciOiJIUzI1NiIsInR5cCI6IkpXVCJ9.eyJlbWFpbCI6ImFudGhvbnk5NUBleGFtcGxlLmNvbSIsInBhc3N3b3JkIjoiYUNjMVdua3E3OCIsImlhdCI6MTY1Nzc5ODUwNiwiZXhwIjoxNjU3Nzk5MTA2fQ.3l3Py4VFbjR9tZuFw...</msg>
<status status="PASS" starttime="20220714 08:35:06.663" endtime="20220714 08:35:06.663"/>
</kw>
<kw name="DELETE On Session" library="RequestsLibrary">
<var>${response}</var>
<arg>serverest</arg>
<arg>/carrinhos/concluir-compra</arg>
<arg>expected_status=401</arg>
<doc>Sends a DELETE request on a previously created HTTP Session.</doc>
<msg timestamp="20220714 08:35:06.665" level="INFO">DELETE Request : url=http://localhost:3000/carrinhos/concluir-compra 
 path_url=/carrinhos/concluir-compra 
 headers={'User-Agent': 'python-requests/2.25.1', 'Accept-Encoding': 'gzip, deflate', 'Accept': '*/*', 'Connection': 'keep-alive', 'Content-Length': '0'} 
 body=None 
 </msg>
<msg timestamp="20220714 08:35:06.665" level="INFO">DELETE Response : url=http://localhost:3000/carrinhos/concluir-compra 
 status=401, reason=Unauthorized 
 headers={'Access-Control-Allow-Origin': '*', 'x-dns-prefetch-control': 'off', 'x-frame-options': 'SAMEORIGIN', 'strict-transport-security': 'max-age=15552000; includeSubDomains', 'x-download-options': 'noopen', 'x-content-type-options': 'nosniff', 'x-xss-protection': '1; mode=block', 'x-moesif-transaction-id': '02eabf99-9da0-4b56-8190-a9086d554b90', 'Content-Type': 'application/json; charset=utf-8', 'Content-Length': '103', 'Date': 'Thu, 14 Jul 2022 11:35:06 GMT', 'Connection': 'keep-alive', 'Keep-Alive': 'timeout=5'} 
 body={
    "message": "Token de acesso ausente, inválido, expirado ou usuário do token não existe mais"
} 
 </msg>
<msg timestamp="20220714 08:35:06.665" level="INFO">${response} = &lt;Response [401]&gt;</msg>
<status status="PASS" starttime="20220714 08:35:06.663" endtime="20220714 08:35:06.665"/>
</kw>
<kw name="Log To Console" library="BuiltIn">
<arg>Response: ${response.content}</arg>
<doc>Logs the given message to the console.</doc>
<status status="PASS" starttime="20220714 08:35:06.665" endtime="20220714 08:35:06.666"/>
</kw>
<kw name="Set Global Variable" library="BuiltIn">
<arg>${response}</arg>
<doc>Makes a variable available globally in all tests and suites.</doc>
<msg timestamp="20220714 08:35:06.666" level="INFO">${response} = &lt;Response [401]&gt;</msg>
<status status="PASS" starttime="20220714 08:35:06.666" endtime="20220714 08:35:06.666"/>
</kw>
<status status="PASS" starttime="20220714 08:35:06.663" endtime="20220714 08:35:06.666"/>
</kw>
<kw name="Validar Status Code &quot;401&quot;" library="common" sourcename="Validar Status Code &quot;${statuscode}&quot;">
<kw name="Should Be True" library="BuiltIn">
<arg>${response.status_code} == ${statuscode}</arg>
<doc>Fails if the given condition is not true.</doc>
<status status="PASS" starttime="20220714 08:35:06.667" endtime="20220714 08:35:06.667"/>
</kw>
<status status="PASS" starttime="20220714 08:35:06.666" endtime="20220714 08:35:06.667"/>
</kw>
<kw name="Validar a Mensagem &quot;Token de acesso ausente, inválido, expirado ou usuário do token não existe mais&quot;" library="common" sourcename="Validar a Mensagem &quot;${mensagem}&quot;">
<kw name="Should Be Equal" library="BuiltIn">
<arg>${response.json()["message"]}</arg>
<arg>${mensagem}</arg>
<doc>Fails if the given objects are unequal.</doc>
<status status="PASS" starttime="20220714 08:35:06.668" endtime="20220714 08:35:06.668"/>
</kw>
<status status="PASS" starttime="20220714 08:35:06.667" endtime="20220714 08:35:06.668"/>
</kw>
<tag>DELETE_CONCLUIR_TOKEN</tag>
<status status="PASS" starttime="20220714 08:35:06.656" endtime="20220714 08:35:06.668"/>
</test>
<test id="s1-t11" name="Cenario: DELETE Excluir Carrinho Cancelar Compra Com Carrinho Erro Token 401" line="87">
<kw name="Fazer Login e Armazenar Token" library="00_login_keywords">
<kw name="POST Endpoint /login" library="00_login_keywords">
<kw name="Create Dictionary" library="BuiltIn">
<var>&amp;{payload}</var>
<arg>email=${email_para_login_adm}</arg>
<arg>password=${senha_para_login_adm}</arg>
<doc>Creates and returns a dictionary based on the given ``items``.</doc>
<msg timestamp="20220714 08:35:06.669" level="INFO">&amp;{payload} = { email=fulano@qa.com | password=nba123 }</msg>
<status status="PASS" starttime="20220714 08:35:06.669" endtime="20220714 08:35:06.669"/>
</kw>
<kw name="POST On Session" library="RequestsLibrary">
<var>${response}</var>
<arg>serverest</arg>
<arg>/login</arg>
<arg>data=&amp;{payload}</arg>
<doc>Sends a POST request on a previously created HTTP Session.</doc>
<msg timestamp="20220714 08:35:06.672" level="INFO">POST Request : url=http://localhost:3000/login 
 path_url=/login 
 headers={'User-Agent': 'python-requests/2.25.1', 'Accept-Encoding': 'gzip, deflate', 'Accept': '*/*', 'Connection': 'keep-alive', 'Content-Length': '37', 'Content-Type': 'application/x-www-form-urlencoded'} 
 body=email=fulano%40qa.com&amp;password=nba123 
 </msg>
<msg timestamp="20220714 08:35:06.672" level="INFO">POST Response : url=http://localhost:3000/login 
 status=200, reason=OK 
 headers={'Access-Control-Allow-Origin': '*', 'x-dns-prefetch-control': 'off', 'x-frame-options': 'SAMEORIGIN', 'strict-transport-security': 'max-age=15552000; includeSubDomains', 'x-download-options': 'noopen', 'x-content-type-options': 'nosniff', 'x-xss-protection': '1; mode=block', 'x-moesif-transaction-id': '79605fe8-33ec-44e7-bc19-e5dedce3a4ff', 'Content-Type': 'application/json; charset=utf-8', 'Content-Length': '267', 'Date': 'Thu, 14 Jul 2022 11:35:06 GMT', 'Connection': 'keep-alive', 'Keep-Alive': 'timeout=5'} 
 body={
    "message": "Login realizado com sucesso",
    "authorization": "Bearer eyJhbGciOiJIUzI1NiIsInR5cCI6IkpXVCJ9.eyJlbWFpbCI6ImZ1bGFub0BxYS5jb20iLCJwYXNzd29yZCI6Im5iYTEyMyIsImlhdCI6MTY1Nzc5ODUwNiwiZXhwIjoxNjU3Nzk5MTA2fQ.CA_rZ0T-_R2WJB7h2OOztuZnADNPfNfp_eBZYRyhyLw"
} 
 </msg>
<msg timestamp="20220714 08:35:06.672" level="INFO">${response} = &lt;Response [200]&gt;</msg>
<status status="PASS" starttime="20220714 08:35:06.669" endtime="20220714 08:35:06.672"/>
</kw>
<kw name="Log To Console" library="BuiltIn">
<arg>Response: ${response.content}</arg>
<doc>Logs the given message to the console.</doc>
<status status="PASS" starttime="20220714 08:35:06.672" endtime="20220714 08:35:06.672"/>
</kw>
<kw name="Set Global Variable" library="BuiltIn">
<arg>${response}</arg>
<doc>Makes a variable available globally in all tests and suites.</doc>
<msg timestamp="20220714 08:35:06.673" level="INFO">${response} = &lt;Response [200]&gt;</msg>
<status status="PASS" starttime="20220714 08:35:06.673" endtime="20220714 08:35:06.673"/>
</kw>
<status status="PASS" starttime="20220714 08:35:06.669" endtime="20220714 08:35:06.673"/>
</kw>
<kw name="Validar Ter Logado" library="00_login_keywords">
<kw name="Should Be Equal" library="BuiltIn">
<arg>${response.json()["message"]}</arg>
<arg>Login realizado com sucesso</arg>
<doc>Fails if the given objects are unequal.</doc>
<status status="PASS" starttime="20220714 08:35:06.673" endtime="20220714 08:35:06.673"/>
</kw>
<kw name="Should Not Be Empty" library="BuiltIn">
<arg>${response.json()["authorization"]}</arg>
<doc>Verifies that the given item is not empty.</doc>
<msg timestamp="20220714 08:35:06.674" level="INFO">Length is 194</msg>
<status status="PASS" starttime="20220714 08:35:06.673" endtime="20220714 08:35:06.674"/>
</kw>
<status status="PASS" starttime="20220714 08:35:06.673" endtime="20220714 08:35:06.674"/>
</kw>
<kw name="Set Variable" library="BuiltIn">
<var>${token_auth}</var>
<arg>${response.json()["authorization"]}</arg>
<doc>Returns the given values which can then be assigned to a variables.</doc>
<msg timestamp="20220714 08:35:06.674" level="INFO">${token_auth} = Bearer eyJhbGciOiJIUzI1NiIsInR5cCI6IkpXVCJ9.eyJlbWFpbCI6ImZ1bGFub0BxYS5jb20iLCJwYXNzd29yZCI6Im5iYTEyMyIsImlhdCI6MTY1Nzc5ODUwNiwiZXhwIjoxNjU3Nzk5MTA2fQ.CA_rZ0T-_R2WJB7h2OOztuZnADNPfNfp_eBZYRyhyLw</msg>
<status status="PASS" starttime="20220714 08:35:06.674" endtime="20220714 08:35:06.674"/>
</kw>
<kw name="Log To Console" library="BuiltIn">
<arg>Token Salvo: ${token_auth}</arg>
<doc>Logs the given message to the console.</doc>
<status status="PASS" starttime="20220714 08:35:06.674" endtime="20220714 08:35:06.674"/>
</kw>
<kw name="Set Global Variable" library="BuiltIn">
<arg>${token_auth}</arg>
<doc>Makes a variable available globally in all tests and suites.</doc>
<msg timestamp="20220714 08:35:06.675" level="INFO">${token_auth} = Bearer eyJhbGciOiJIUzI1NiIsInR5cCI6IkpXVCJ9.eyJlbWFpbCI6ImZ1bGFub0BxYS5jb20iLCJwYXNzd29yZCI6Im5iYTEyMyIsImlhdCI6MTY1Nzc5ODUwNiwiZXhwIjoxNjU3Nzk5MTA2fQ.CA_rZ0T-_R2WJB7h2OOztuZnADNPfNfp_eBZYRyhyLw</msg>
<status status="PASS" starttime="20220714 08:35:06.675" endtime="20220714 08:35:06.675"/>
</kw>
<status status="PASS" starttime="20220714 08:35:06.669" endtime="20220714 08:35:06.675"/>
</kw>
<kw name="DELETE Endpoint /carrinhos Concluir Compra Erro Token" library="03_carrinho_keywords">
<kw name="Create Dictionary" library="BuiltIn">
<var>&amp;{header}</var>
<arg>Authorization=${token_auth}</arg>
<doc>Creates and returns a dictionary based on the given ``items``.</doc>
<msg timestamp="20220714 08:35:06.675" level="INFO">&amp;{header} = { Authorization=Bearer eyJhbGciOiJIUzI1NiIsInR5cCI6IkpXVCJ9.eyJlbWFpbCI6ImZ1bGFub0BxYS5jb20iLCJwYXNzd29yZCI6Im5iYTEyMyIsImlhdCI6MTY1Nzc5ODUwNiwiZXhwIjoxNjU3Nzk5MTA2fQ.CA_rZ0T-_R2WJB7h2OOztuZnADNPfNfp_...</msg>
<status status="PASS" starttime="20220714 08:35:06.675" endtime="20220714 08:35:06.675"/>
</kw>
<kw name="DELETE On Session" library="RequestsLibrary">
<var>${response}</var>
<arg>serverest</arg>
<arg>/carrinhos/concluir-compra</arg>
<arg>expected_status=401</arg>
<doc>Sends a DELETE request on a previously created HTTP Session.</doc>
<msg timestamp="20220714 08:35:06.677" level="INFO">DELETE Request : url=http://localhost:3000/carrinhos/concluir-compra 
 path_url=/carrinhos/concluir-compra 
 headers={'User-Agent': 'python-requests/2.25.1', 'Accept-Encoding': 'gzip, deflate', 'Accept': '*/*', 'Connection': 'keep-alive', 'Content-Length': '0'} 
 body=None 
 </msg>
<msg timestamp="20220714 08:35:06.678" level="INFO">DELETE Response : url=http://localhost:3000/carrinhos/concluir-compra 
 status=401, reason=Unauthorized 
 headers={'Access-Control-Allow-Origin': '*', 'x-dns-prefetch-control': 'off', 'x-frame-options': 'SAMEORIGIN', 'strict-transport-security': 'max-age=15552000; includeSubDomains', 'x-download-options': 'noopen', 'x-content-type-options': 'nosniff', 'x-xss-protection': '1; mode=block', 'x-moesif-transaction-id': '3ad2b627-af98-4bdd-acb1-a6119c11b894', 'Content-Type': 'application/json; charset=utf-8', 'Content-Length': '103', 'Date': 'Thu, 14 Jul 2022 11:35:06 GMT', 'Connection': 'keep-alive', 'Keep-Alive': 'timeout=5'} 
 body={
    "message": "Token de acesso ausente, inválido, expirado ou usuário do token não existe mais"
} 
 </msg>
<msg timestamp="20220714 08:35:06.678" level="INFO">${response} = &lt;Response [401]&gt;</msg>
<status status="PASS" starttime="20220714 08:35:06.675" endtime="20220714 08:35:06.678"/>
</kw>
<kw name="Log To Console" library="BuiltIn">
<arg>Response: ${response.content}</arg>
<doc>Logs the given message to the console.</doc>
<status status="PASS" starttime="20220714 08:35:06.678" endtime="20220714 08:35:06.678"/>
</kw>
<kw name="Set Global Variable" library="BuiltIn">
<arg>${response}</arg>
<doc>Makes a variable available globally in all tests and suites.</doc>
<msg timestamp="20220714 08:35:06.679" level="INFO">${response} = &lt;Response [401]&gt;</msg>
<status status="PASS" starttime="20220714 08:35:06.678" endtime="20220714 08:35:06.679"/>
</kw>
<status status="PASS" starttime="20220714 08:35:06.675" endtime="20220714 08:35:06.679"/>
</kw>
<kw name="Validar Status Code &quot;401&quot;" library="common" sourcename="Validar Status Code &quot;${statuscode}&quot;">
<kw name="Should Be True" library="BuiltIn">
<arg>${response.status_code} == ${statuscode}</arg>
<doc>Fails if the given condition is not true.</doc>
<status status="PASS" starttime="20220714 08:35:06.679" endtime="20220714 08:35:06.680"/>
</kw>
<status status="PASS" starttime="20220714 08:35:06.679" endtime="20220714 08:35:06.680"/>
</kw>
<kw name="Validar a Mensagem &quot;Token de acesso ausente, inválido, expirado ou usuário do token não existe mais&quot;" library="common" sourcename="Validar a Mensagem &quot;${mensagem}&quot;">
<kw name="Should Be Equal" library="BuiltIn">
<arg>${response.json()["message"]}</arg>
<arg>${mensagem}</arg>
<doc>Fails if the given objects are unequal.</doc>
<status status="PASS" starttime="20220714 08:35:06.680" endtime="20220714 08:35:06.680"/>
</kw>
<status status="PASS" starttime="20220714 08:35:06.680" endtime="20220714 08:35:06.680"/>
</kw>
<tag>DELETE_CANCELAR_TOKEN</tag>
<status status="PASS" starttime="20220714 08:35:06.668" endtime="20220714 08:35:06.681"/>
</test>
<doc>Arquivo de Testes para o Endpoint /carrinhos</doc>
<status status="PASS" starttime="20220714 08:35:06.260" endtime="20220714 08:35:06.681"/>
</suite>
<statistics>
<total>
<stat pass="11" fail="0" skip="0">All Tests</stat>
</total>
<tag>
<stat pass="1" fail="0" skip="0">DELETE_CANCELAR</stat>
<stat pass="1" fail="0" skip="0">DELETE_CANCELAR_TOKEN</stat>
<stat pass="1" fail="0" skip="0">DELETE_CONCLUIR</stat>
<stat pass="1" fail="0" skip="0">DELETE_CONCLUIR_TOKEN</stat>
<stat pass="1" fail="0" skip="0">GET_CARRINHO</stat>
<stat pass="1" fail="0" skip="0">GET_CARRINHO_ID</stat>
<stat pass="1" fail="0" skip="0">GET_CARRINHO_ID_INVALIDA</stat>
<stat pass="1" fail="0" skip="0">POST_CARRINHO</stat>
<stat pass="1" fail="0" skip="0">POST_CARRINHO_ADM</stat>
<stat pass="1" fail="0" skip="0">POST_CARRINHO_DUPLICADO</stat>
<stat pass="1" fail="0" skip="0">POST_CARRINHO_TOKEN</stat>
</tag>
<suite>
<stat pass="11" fail="0" skip="0" id="s1" name="03 Carrinhos Tests">03 Carrinhos Tests</stat>
</suite>
</statistics>
<errors>
<msg timestamp="20220714 08:35:06.527" level="WARN">Multiple tests with name 'Cenario: POST Criar Carrinho 201' executed in suite '03 Carrinhos Tests'.</msg>
</errors>
</robot>
