<?xml version="1.0" encoding="UTF-8"?>
<robot generator="Robot 5.0.1 (Python 3.10.4 on linux)" generated="20220627 04:40:43.515" rpa="false" schemaversion="3">
<suite id="s1" name="Base" source="/home/mota/Documentos/Compass/Sprint's/GitHub/RoboTron_Joao_Victor_Compass/Sprint 5: Tech/MasterClass/ServeRest Tester/base.robot">
<test id="s1-t1" name="Cenario: POST Criar Carrinho 200" line="79">
<kw name="Criar Sessao">
<kw name="Create Session" library="RequestsLibrary">
<arg>serverest</arg>
<arg>http://localhost:3000/</arg>
<doc>Create Session: create a HTTP session to a server</doc>
<msg timestamp="20220627 04:40:43.570" level="INFO">Creating Session using : alias=serverest, url=http://localhost:3000/, headers={},                     cookies={}, auth=None, timeout=None, proxies=None, verify=False,                     debug=0 </msg>
<status status="PASS" starttime="20220627 04:40:43.570" endtime="20220627 04:40:43.571"/>
</kw>
<status status="PASS" starttime="20220627 04:40:43.570" endtime="20220627 04:40:43.571"/>
</kw>
<kw name="Fazer Login e Armazenar Token" library="login_keywords">
<kw name="POST Endpoint /login" library="login_keywords">
<kw name="Create Dictionary" library="BuiltIn">
<var>&amp;{payload}</var>
<arg>email=${email_para_login}</arg>
<arg>password=${senha_para_login}</arg>
<doc>Creates and returns a dictionary based on the given ``items``.</doc>
<msg timestamp="20220627 04:40:43.572" level="INFO">&amp;{payload} = { email=fulano@qa.com | password=teste }</msg>
<status status="PASS" starttime="20220627 04:40:43.571" endtime="20220627 04:40:43.572"/>
</kw>
<kw name="POST On Session" library="RequestsLibrary">
<var>${response}</var>
<arg>serverest</arg>
<arg>/login</arg>
<arg>data=&amp;{payload}</arg>
<doc>Sends a POST request on a previously created HTTP Session.</doc>
<msg timestamp="20220627 04:40:43.576" level="INFO">POST Request : url=http://localhost:3000/login 
 path_url=/login 
 headers={'User-Agent': 'python-requests/2.25.1', 'Accept-Encoding': 'gzip, deflate', 'Accept': '*/*', 'Connection': 'keep-alive', 'Content-Length': '36', 'Content-Type': 'application/x-www-form-urlencoded'} 
 body=email=fulano%40qa.com&amp;password=teste 
 </msg>
<msg timestamp="20220627 04:40:43.576" level="INFO">POST Response : url=http://localhost:3000/login 
 status=200, reason=OK 
 headers={'Access-Control-Allow-Origin': '*', 'x-dns-prefetch-control': 'off', 'x-frame-options': 'SAMEORIGIN', 'strict-transport-security': 'max-age=15552000; includeSubDomains', 'x-download-options': 'noopen', 'x-content-type-options': 'nosniff', 'x-xss-protection': '1; mode=block', 'x-moesif-transaction-id': '1b8f05bb-22db-469c-ba0a-73dddedd7f16', 'Content-Type': 'application/json; charset=utf-8', 'Content-Length': '265', 'Date': 'Mon, 27 Jun 2022 07:40:43 GMT', 'Connection': 'keep-alive', 'Keep-Alive': 'timeout=5'} 
 body={
    "message": "Login realizado com sucesso",
    "authorization": "Bearer eyJhbGciOiJIUzI1NiIsInR5cCI6IkpXVCJ9.eyJlbWFpbCI6ImZ1bGFub0BxYS5jb20iLCJwYXNzd29yZCI6InRlc3RlIiwiaWF0IjoxNjU2MzE1NjQzLCJleHAiOjE2NTYzMTYyNDN9.G4LRcH5Iq4mogDzZ2IUpC5ZQGHJTJurWYXa6rrFtO6c"
} 
 </msg>
<msg timestamp="20220627 04:40:43.576" level="INFO">${response} = &lt;Response [200]&gt;</msg>
<status status="PASS" starttime="20220627 04:40:43.572" endtime="20220627 04:40:43.576"/>
</kw>
<kw name="Log To Console" library="BuiltIn">
<arg>Response: ${response.content}</arg>
<doc>Logs the given message to the console.</doc>
<status status="PASS" starttime="20220627 04:40:43.576" endtime="20220627 04:40:43.577"/>
</kw>
<kw name="Set Global Variable" library="BuiltIn">
<arg>${response}</arg>
<doc>Makes a variable available globally in all tests and suites.</doc>
<msg timestamp="20220627 04:40:43.577" level="INFO">${response} = &lt;Response [200]&gt;</msg>
<status status="PASS" starttime="20220627 04:40:43.577" endtime="20220627 04:40:43.577"/>
</kw>
<status status="PASS" starttime="20220627 04:40:43.571" endtime="20220627 04:40:43.577"/>
</kw>
<kw name="Validar Ter Logado" library="login_keywords">
<kw name="Should Be Equal" library="BuiltIn">
<arg>${response.json()["message"]}</arg>
<arg>Login realizado com sucesso</arg>
<doc>Fails if the given objects are unequal.</doc>
<status status="PASS" starttime="20220627 04:40:43.578" endtime="20220627 04:40:43.578"/>
</kw>
<kw name="Should Not Be Empty" library="BuiltIn">
<arg>${response.json()["authorization"]}</arg>
<doc>Verifies that the given item is not empty.</doc>
<msg timestamp="20220627 04:40:43.578" level="INFO">Length is 192</msg>
<status status="PASS" starttime="20220627 04:40:43.578" endtime="20220627 04:40:43.578"/>
</kw>
<status status="PASS" starttime="20220627 04:40:43.577" endtime="20220627 04:40:43.579"/>
</kw>
<kw name="Set Variable" library="BuiltIn">
<var>${token_auth}</var>
<arg>${response.json()["authorization"]}</arg>
<doc>Returns the given values which can then be assigned to a variables.</doc>
<msg timestamp="20220627 04:40:43.579" level="INFO">${token_auth} = Bearer eyJhbGciOiJIUzI1NiIsInR5cCI6IkpXVCJ9.eyJlbWFpbCI6ImZ1bGFub0BxYS5jb20iLCJwYXNzd29yZCI6InRlc3RlIiwiaWF0IjoxNjU2MzE1NjQzLCJleHAiOjE2NTYzMTYyNDN9.G4LRcH5Iq4mogDzZ2IUpC5ZQGHJTJurWYXa6rrFtO6c</msg>
<status status="PASS" starttime="20220627 04:40:43.579" endtime="20220627 04:40:43.579"/>
</kw>
<kw name="Log To Console" library="BuiltIn">
<arg>Token Salvo: ${token_auth}</arg>
<doc>Logs the given message to the console.</doc>
<status status="PASS" starttime="20220627 04:40:43.579" endtime="20220627 04:40:43.579"/>
</kw>
<kw name="Set Global Variable" library="BuiltIn">
<arg>${token_auth}</arg>
<doc>Makes a variable available globally in all tests and suites.</doc>
<msg timestamp="20220627 04:40:43.579" level="INFO">${token_auth} = Bearer eyJhbGciOiJIUzI1NiIsInR5cCI6IkpXVCJ9.eyJlbWFpbCI6ImZ1bGFub0BxYS5jb20iLCJwYXNzd29yZCI6InRlc3RlIiwiaWF0IjoxNjU2MzE1NjQzLCJleHAiOjE2NTYzMTYyNDN9.G4LRcH5Iq4mogDzZ2IUpC5ZQGHJTJurWYXa6rrFtO6c</msg>
<status status="PASS" starttime="20220627 04:40:43.579" endtime="20220627 04:40:43.579"/>
</kw>
<status status="PASS" starttime="20220627 04:40:43.571" endtime="20220627 04:40:43.579"/>
</kw>
<kw name="Adicionar um Produto ao Carrinho" library="carrinho_keywords">
<kw name="Encontrar ID de um Produto Cadastrado" library="produtos_keywords">
<kw name="GET Endpoint /produtos" library="produtos_keywords">
<kw name="GET On Session" library="RequestsLibrary">
<var>${response}</var>
<arg>serverest</arg>
<arg>/produtos</arg>
<doc>Sends a GET request on a previously created HTTP Session.</doc>
<msg timestamp="20220627 04:40:43.582" level="INFO">GET Request : url=http://localhost:3000/produtos 
 path_url=/produtos 
 headers={'User-Agent': 'python-requests/2.25.1', 'Accept-Encoding': 'gzip, deflate', 'Accept': '*/*', 'Connection': 'keep-alive'} 
 body=None 
 </msg>
<msg timestamp="20220627 04:40:43.582" level="INFO">GET Response : url=http://localhost:3000/produtos 
 status=200, reason=OK 
 headers={'Access-Control-Allow-Origin': '*', 'x-dns-prefetch-control': 'off', 'x-frame-options': 'SAMEORIGIN', 'strict-transport-security': 'max-age=15552000; includeSubDomains', 'x-download-options': 'noopen', 'x-content-type-options': 'nosniff', 'x-xss-protection': '1; mode=block', 'x-moesif-transaction-id': 'd6d72cba-6d09-4292-8cfc-f8dbc36d3449', 'Content-Type': 'application/json; charset=utf-8', 'Content-Length': '1610', 'Date': 'Mon, 27 Jun 2022 07:40:43 GMT', 'Connection': 'keep-alive', 'Keep-Alive': 'timeout=5'} 
 body={
    "quantidade": 8,
    "produtos": [
        {
            "nome": "Iphone 12",
            "preco": 4900,
            "descricao": "Smartphone",
            "quantidade": 200,
            "_id": "0clpchFlpFN8FALp"
        },
        {
            "nome": "Headset Redragon Zeus",
            "preco": 450,
            "descricao": "Headset Gamer",
            "quantidade": 200,
            "_id": "2a2pZIgl8yvXGQMo"
        },
        {
            "nome": "Carregador Baseus",
            "preco": 150,
            "descricao": "Carregador Iphone",
            "quantidade": 200,
            "_id": "Bat7RZ2hhY9Cfrwu"
        },
        {
            "nome": "Logitech MX Vertical",
            "preco": 470,
            "descricao": "Mouse",
            "quantidade": 382,
            "_id": "BeeJh5lz3k6kSIzA"
        },
        {
            "nome": "Samsung 60 polegadas",
            "preco": 5240,
            "descricao": "TV",
            "quantidade": 49977,
            "_id": "K6leHdftCeOJj8BJ"
        },
        {
            "nome": "Iphone 11",
            "preco": 3800,
            "descricao": "Smartphone",
            "quantidade": 200,
            "_id": "V4OUV8qjUy4OW7vT"
        },
        {
            "nome": "Mouse Logitech",
            "preco": 400,
            "descricao": "Mouse Gamer",
            "quantidade": 100,
            "_id": "aBbgMH7JSQSK3WO8"
        },
        {
            "nome": "Teclado T-Dagger",
            "preco": 350,
            "descricao": "Teclado Gamer",
            "quantidade": 50,
            "_id": "zfZgsEjqqy26JdFj"
        }
    ]
} 
 </msg>
<msg timestamp="20220627 04:40:43.583" level="INFO">${response} = &lt;Response [200]&gt;</msg>
<status status="PASS" starttime="20220627 04:40:43.580" endtime="20220627 04:40:43.583"/>
</kw>
<kw name="Log To Console" library="BuiltIn">
<arg>Response: ${response.content}</arg>
<doc>Logs the given message to the console.</doc>
<status status="PASS" starttime="20220627 04:40:43.583" endtime="20220627 04:40:43.583"/>
</kw>
<kw name="Set Global Variable" library="BuiltIn">
<arg>${response}</arg>
<doc>Makes a variable available globally in all tests and suites.</doc>
<msg timestamp="20220627 04:40:43.584" level="INFO">${response} = &lt;Response [200]&gt;</msg>
<status status="PASS" starttime="20220627 04:40:43.583" endtime="20220627 04:40:43.584"/>
</kw>
<status status="PASS" starttime="20220627 04:40:43.580" endtime="20220627 04:40:43.584"/>
</kw>
<kw name="Set Variable" library="BuiltIn">
<var>${id_produto}</var>
<arg>${response.json()["produtos"][0]["_id"]}</arg>
<doc>Returns the given values which can then be assigned to a variables.</doc>
<msg timestamp="20220627 04:40:43.584" level="INFO">${id_produto} = 0clpchFlpFN8FALp</msg>
<status status="PASS" starttime="20220627 04:40:43.584" endtime="20220627 04:40:43.584"/>
</kw>
<kw name="Set Global Variable" library="BuiltIn">
<arg>${id_produto}</arg>
<doc>Makes a variable available globally in all tests and suites.</doc>
<msg timestamp="20220627 04:40:43.584" level="INFO">${id_produto} = 0clpchFlpFN8FALp</msg>
<status status="PASS" starttime="20220627 04:40:43.584" endtime="20220627 04:40:43.584"/>
</kw>
<status status="PASS" starttime="20220627 04:40:43.580" endtime="20220627 04:40:43.584"/>
</kw>
<kw name="Convert String to JSON">
<var>${json}</var>
<arg>{"produtos": []}</arg>
<msg timestamp="20220627 04:40:43.586" level="FAIL">No keyword with name 'Convert String to JSON' found.</msg>
<status status="FAIL" starttime="20220627 04:40:43.586" endtime="20220627 04:40:43.586"/>
</kw>
<kw name="Create Dictionary" library="BuiltIn">
<var>${payload}</var>
<arg>IDProduto=${id_produto}</arg>
<arg>quantidade=${quantidade}</arg>
<doc>Creates and returns a dictionary based on the given ``items``.</doc>
<status status="NOT RUN" starttime="20220627 04:40:43.587" endtime="20220627 04:40:43.587"/>
</kw>
<kw name="Add Object To Json">
<var>${json}</var>
<arg>${json}</arg>
<arg>$..produtos</arg>
<arg>${payload}</arg>
<status status="NOT RUN" starttime="20220627 04:40:43.588" endtime="20220627 04:40:43.588"/>
</kw>
<kw name="Set Global Variable" library="BuiltIn">
<arg>${json}</arg>
<doc>Makes a variable available globally in all tests and suites.</doc>
<status status="NOT RUN" starttime="20220627 04:40:43.588" endtime="20220627 04:40:43.588"/>
</kw>
<status status="FAIL" starttime="20220627 04:40:43.580" endtime="20220627 04:40:43.589"/>
</kw>
<kw name="POST Endpoint /carrinhos" library="carrinho_keywords">
<arg>${token_auth}</arg>
<status status="NOT RUN" starttime="20220627 04:40:43.589" endtime="20220627 04:40:43.589"/>
</kw>
<kw name="Validar Status Code &quot;201&quot;" library="common" sourcename="Validar Status Code &quot;${statuscode}&quot;">
<status status="NOT RUN" starttime="20220627 04:40:43.589" endtime="20220627 04:40:43.589"/>
</kw>
<kw name="Validar a Mensagem &quot;Cadastro realizado com sucesso&quot;">
<status status="NOT RUN" starttime="20220627 04:40:43.590" endtime="20220627 04:40:43.590"/>
</kw>
<tag>POST_CARRINHO</tag>
<status status="FAIL" starttime="20220627 04:40:43.570" endtime="20220627 04:40:43.590">No keyword with name 'Convert String to JSON' found.</status>
</test>
<doc>Arquivo simples para requisição HTTP em APIs Resposta</doc>
<status status="FAIL" starttime="20220627 04:40:43.515" endtime="20220627 04:40:43.591"/>
</suite>
<statistics>
<total>
<stat pass="0" fail="1" skip="0">All Tests</stat>
</total>
<tag>
<stat pass="0" fail="1" skip="0">POST_CARRINHO</stat>
</tag>
<suite>
<stat pass="0" fail="1" skip="0" id="s1" name="Base">Base</stat>
</suite>
</statistics>
<errors>
<msg timestamp="20220627 04:40:43.557" level="ERROR">Error in file '/home/mota/Documentos/Compass/Sprint's/GitHub/RoboTron_Joao_Victor_Compass/Sprint 5: Tech/MasterClass/ServeRest Tester/base.robot' on line 5: Importing library 'JSONLibrary' failed: ModuleNotFoundError: No module named 'JSONLibrary'
Traceback (most recent call last):
  None
PYTHONPATH:
  /home/mota/.local/bin
  /usr/lib/python310.zip
  /usr/lib/python3.10
  /usr/lib/python3.10/lib-dynload
  /home/mota/.local/lib/python3.10/site-packages
  /usr/local/lib/python3.10/dist-packages
  /usr/lib/python3/dist-packages</msg>
<msg timestamp="20220627 04:40:43.569" level="ERROR">Error in file '/home/mota/Documentos/Compass/Sprint's/GitHub/RoboTron_Joao_Victor_Compass/Sprint 5: Tech/MasterClass/ServeRest Tester/carrinho_keywords.robot' on line 3: Importing library 'JSONLibrary' failed: ModuleNotFoundError: No module named 'JSONLibrary'
Traceback (most recent call last):
  None
PYTHONPATH:
  /home/mota/.local/bin
  /usr/lib/python310.zip
  /usr/lib/python3.10
  /usr/lib/python3.10/lib-dynload
  /home/mota/.local/lib/python3.10/site-packages
  /usr/local/lib/python3.10/dist-packages
  /usr/lib/python3/dist-packages</msg>
</errors>
</robot>
