<?xml version="1.0" encoding="UTF-8"?>
<robot generator="Robot 5.0.1 (Python 3.10.4 on linux)" generated="20220619 22:51:32.561" rpa="false" schemaversion="3">
<suite id="s1" name="MasterClass base" source="/home/mota/Documentos/Compass/Sprint's/GitHub/RoboTron_Joao_Victor_Compass/Sprint 5: Tech/MasterClass_base.robot">
<test id="s1-t1" name="Cenário: GET Todos os Usuarios 200" line="11">
<kw name="Criar Sessao">
<kw name="Create Session" library="RequestsLibrary">
<arg>serverest</arg>
<arg>https://serverest.dev</arg>
<doc>Create Session: create a HTTP session to a server</doc>
<msg timestamp="20220619 22:51:32.603" level="INFO">Creating Session using : alias=serverest, url=https://serverest.dev, headers={},                     cookies={}, auth=None, timeout=None, proxies=None, verify=False,                     debug=0 </msg>
<status status="PASS" starttime="20220619 22:51:32.603" endtime="20220619 22:51:32.603"/>
</kw>
<status status="PASS" starttime="20220619 22:51:32.603" endtime="20220619 22:51:32.603"/>
</kw>
<kw name="GET Endpoint /usuarios">
<kw name="GET On Session" library="RequestsLibrary">
<var>${response}</var>
<arg>serverest</arg>
<arg>/usuarios</arg>
<doc>Sends a GET request on a previously created HTTP Session.</doc>
<msg timestamp="20220619 22:51:33.236" level="INFO">GET Request : url=https://serverest.dev/usuarios 
 path_url=/usuarios 
 headers={'User-Agent': 'python-requests/2.25.1', 'Accept-Encoding': 'gzip, deflate', 'Accept': '*/*', 'Connection': 'keep-alive'} 
 body=None 
 </msg>
<msg timestamp="20220619 22:51:33.236" level="INFO">GET Response : url=https://serverest.dev/usuarios 
 status=200, reason=OK 
 headers={'access-control-allow-origin': '*', 'x-dns-prefetch-control': 'off', 'x-frame-options': 'SAMEORIGIN', 'strict-transport-security': 'max-age=15552000; includeSubDomains', 'x-download-options': 'noopen', 'x-content-type-options': 'nosniff', 'x-xss-protection': '1; mode=block', 'x-moesif-transaction-id': 'cc8b3350-48f7-4174-95b9-5fa5fc344e7e', 'content-type': 'application/json; charset=utf-8', 'X-Cloud-Trace-Context': '78796652c0e0ad4f993acc29316b8b30;o=1', 'Date': 'Mon, 20 Jun 2022 01:51:33 GMT', 'Server': 'Google Frontend', 'Content-Length': '6223'} 
 body={
    "quantidade": 28,
    "usuarios": [
        {
            "nome": "Dirce Batista",
            "email": "Toshio56@hotmail.com",
            "password": "HJEzaJ72iv2Bs50",
            "administrador": "true",
            "_id": "FITJw2eLt2vXnzpb"
        },
        {
            "nome": "Elvira Reis Jr.",
            "email": "Delson.Carvalho3@gmail.com",
            "password": "EZ4ZlLOmIAz1bdZ",
            "administrador": "true",
            "_id": "FJtKakKUo6IJhXGw"
        },
        {
            "nome": "Eric Carvalho",
            "email": "Felix19@bol.com.br",
            "password": "VMosPmgAzT7XEZG",
            "administrador": "false",
            "_id": "IOpFjG0oQI1xhUXn"
        },
        {
            "nome": "Srta. Lucicleide Moreira",
            "email": "Elita79@live.com",
            "password": "0NzWldig1q7cF6q",
            "administrador": "true",
            "_id": "Ksc9bXFdK418cMOs"
        },
        {
            "nome": "Zenilde39",
            "email": "Odineide88@hotmail.com",
            "password": "tEfkkulyqLxjnqh",
            "administrador": "false",
            "_id": "LymcpFvrtmDIOIBH"
        },
        {
            "nome": "Valmir Carvalho",
            "email": "Karen58@live.com",
            "password": "tl7dKyR_0nGZJlG",
            "administrador": "true",
            "_id": "MHVzwFRtqEQZLUoP"
        },
        {
            "nome": "Jovenil Moreira",
            "email": "Odirlei.Moraes24@bol.com.br",
            "password": "Ffg1s0FJeYEoajl",
            "administrador": "true",
            "_id": "MiyXAEfi0SujEGMG"
        },
        {
            "nome": "jarbaass priest",
            "email": "testeeiull@gmail.com",
            "password": "123",
            "administrador": "true",
            "_id": "MmwvgThPsDyIxzkb"
        },
        {
            "nome": "Basilio Martins",
            "email": "Sueli.Barros65@live.com",
            "password": "vEvdFvlQM6HEV75",
            "administrador": "true",
            "_id": "MrIQzV6zGdXEF9go"
        },
        {
            "nome": "jv",
            "email": "jv@compass.com",
            "password": "123",
            "administrador": "true",
            "_id": "O6T2bWC2N50l41hD"
        },
        {
            "nome": "André Batista",
            "email": "Nilsa15@gmail.com",
            "password": "1VQl8i40Ntts71l",
            "administrador": "true",
            "_id": "TPri2mOqG5XrnN6s"
        },
        {
            "nome": "jerso priest",
            "email": "testeeiuprewasl@gmail.com",
            "password": "123",
            "administrador": "true",
            "_id": "axXMnQdZyvYatX4v"
        },
        {
            "nome": "bpinto fake ADMusername",
            "email": "bpintoADM@email.com",
            "password": "123456",
            "administrador": "true",
            "_id": "bfLlfXr5xvwKfeL3"
        },
        {
            "nome": "jarbaass priest",
            "email": "testeeiulll@gmail.com",
            "password": "123",
            "administrador": "true",
            "_id": "c8P2uzjnCZyQ8FYT"
        },
        {
            "nome": "Janira Barros",
            "email": "Sulamita_Costa80@bol.com.br",
            "password": "u3ASQLFI5Sq6L2K",
            "administrador": "true",
            "_id": "fS1BK054QN1RMKu7"
        },
        {
            "nome": "Tânia Braga",
            "email": "Eliza.Xavier89@yahoo.com",
            "password": "Q7AWj3qy3ZBB_bA",
            "administrador": "true",
            "_id": "fv4Cq2ldtlxuJaQ7"
        },
        {
            "nome": "Ubiratan.Franco",
            "email": "Aletia52@yahoo.com",
            "password": "OuV1Suh2HjsKbYi",
            "administrador": "false",
            "_id": "g0DjlqnBTMFQNBaz"
        },
        {
            "nome": "Another fake ADMusername",
            "email": "newADM@email.com",
            "password": "123456",
            "administrador": "true",
            "_id": "gQEE2wOpzAAGRVeV"
        },
        {
            "nome": "Kenton",
            "email": "Joana4@gmail.com",
            "password": "g7VarG2FHsZeLBD",
            "administrador": "true",
            "_id": "jD3Ki67nhOzZhwcj"
        },
        {
            "nome": "User fake name",
            "email": "userExample@email.com",
            "password": "123456",
            "administrador": "false",
            "_id": "jn85YeCZDxEEypyH"
        },
        {
            "nome": "Franziska Nogueira Filho",
            "email": "Heronides.Souza39@bol.com.br",
            "password": "vUN7NAV9SO120qu",
            "administrador": "false",
            "_id": "kuR1zxXdB76wkIYK"
        },
        {
            "nome": "Luis Moreira",
            "email": "Cecilia_Barros@live.com",
            "password": "M68PPsNYDBDy25Y",
            "administrador": "true",
            "_id": "nSx5TBSlKJANJg7g"
        },
        {
            "nome": "Fulano da Silva",
            "email": "berano@q.com.br",
            "password": "teste",
            "administrador": "true",
            "_id": "toH2oW6maH3fKtFB"
        },
        {
            "nome": "Venina Carvalho",
            "email": "Geisa70@hotmail.com",
            "password": "zJLRSdQ0vGAr8Iu",
            "administrador": "false",
            "_id": "u0uDLjegihtfoMQG"
        },
        {
            "nome": "Auro.Costa43",
            "email": "Delmo27@hotmail.com",
            "password": "exRySDIM0LasMSw",
            "administrador": "false",
            "_id": "w18h7zmN0mIaPMWY"
        },
        {
            "nome": "Yolimar Moreira",
            "email": "Edimilson.Carvalho@hotmail.com",
            "password": "tKexR7N6kMDdDCP",
            "administrador": "true",
            "_id": "xDJburd5moybc0TI"
        },
        {
            "nome": "bpinto fake username",
            "email": "bpintoExample@email.com",
            "password": "123456",
            "administrador": "false",
            "_id": "xQPi8rGApPvi4LcT"
        },
        {
            "nome": "Jemima Macedo",
            "email": "Mauricio.Braga@yahoo.com",
            "password": "63Z1eNdN8wpegMo",
            "administrador": "true",
            "_id": "z1VOYTztKtklobit"
        }
    ]
} 
 </msg>
<msg timestamp="20220619 22:51:33.236" level="INFO">/usr/lib/python3/dist-packages/urllib3/connectionpool.py:1015: InsecureRequestWarning: Unverified HTTPS request is being made to host 'serverest.dev'. Adding certificate verification is strongly advised. See: https://urllib3.readthedocs.io/en/latest/advanced-usage.html#ssl-warnings
  warnings.warn(</msg>
<msg timestamp="20220619 22:51:33.237" level="INFO">${response} = &lt;Response [200]&gt;</msg>
<status status="PASS" starttime="20220619 22:51:32.604" endtime="20220619 22:51:33.237"/>
</kw>
<kw name="Set Global Variable" library="BuiltIn">
<arg>${response}</arg>
<doc>Makes a variable available globally in all tests and suites.</doc>
<msg timestamp="20220619 22:51:33.238" level="INFO">${response} = &lt;Response [200]&gt;</msg>
<status status="PASS" starttime="20220619 22:51:33.237" endtime="20220619 22:51:33.238"/>
</kw>
<status status="PASS" starttime="20220619 22:51:32.603" endtime="20220619 22:51:33.238"/>
</kw>
<kw name="Validar Status Code &quot;200&quot;" sourcename="Validar Status Code &quot;${statuscode}&quot;">
<kw name="Should Be True" library="BuiltIn">
<arg>${response.status_code} == ${statuscode}</arg>
<doc>Fails if the given condition is not true.</doc>
<status status="PASS" starttime="20220619 22:51:33.239" endtime="20220619 22:51:33.240"/>
</kw>
<status status="PASS" starttime="20220619 22:51:33.238" endtime="20220619 22:51:33.240"/>
</kw>
<status status="PASS" starttime="20220619 22:51:32.602" endtime="20220619 22:51:33.240"/>
</test>
<test id="s1-t2" name="Cenário: POST Cadastrar Usuario 201" line="16">
<kw name="Criar Sessao">
<kw name="Create Session" library="RequestsLibrary">
<arg>serverest</arg>
<arg>https://serverest.dev</arg>
<doc>Create Session: create a HTTP session to a server</doc>
<msg timestamp="20220619 22:51:33.241" level="INFO">Creating Session using : alias=serverest, url=https://serverest.dev, headers={},                     cookies={}, auth=None, timeout=None, proxies=None, verify=False,                     debug=0 </msg>
<status status="PASS" starttime="20220619 22:51:33.241" endtime="20220619 22:51:33.241"/>
</kw>
<status status="PASS" starttime="20220619 22:51:33.241" endtime="20220619 22:51:33.241"/>
</kw>
<kw name="POST Endpoint /usuarios">
<kw name="Create Dictionary" library="BuiltIn">
<var>&amp;{payload}</var>
<arg>nome=jv</arg>
<arg>email=jv@compass.com</arg>
<arg>password=123</arg>
<arg>administrador=true</arg>
<doc>Creates and returns a dictionary based on the given ``items``.</doc>
<msg timestamp="20220619 22:51:33.241" level="INFO">&amp;{payload} = { nome=jv | email=jv@compass.com | password=123 | administrador=true }</msg>
<status status="PASS" starttime="20220619 22:51:33.241" endtime="20220619 22:51:33.241"/>
</kw>
<kw name="POST On Session" library="RequestsLibrary">
<var>${response}</var>
<arg>serverest</arg>
<arg>/usuarios</arg>
<arg>data=&amp;{payload}</arg>
<doc>Sends a POST request on a previously created HTTP Session.</doc>
<msg timestamp="20220619 22:51:34.159" level="INFO">POST Request : url=https://serverest.dev/usuarios 
 path_url=/usuarios 
 headers={'User-Agent': 'python-requests/2.25.1', 'Accept-Encoding': 'gzip, deflate', 'Accept': '*/*', 'Connection': 'keep-alive', 'Content-Length': '62', 'Content-Type': 'application/x-www-form-urlencoded'} 
 body=nome=jv&amp;email=jv%40compass.com&amp;password=123&amp;administrador=true 
 </msg>
<msg timestamp="20220619 22:51:34.159" level="INFO">POST Response : url=https://serverest.dev/usuarios 
 status=400, reason=Bad Request 
 headers={'access-control-allow-origin': '*', 'x-dns-prefetch-control': 'off', 'x-frame-options': 'SAMEORIGIN', 'strict-transport-security': 'max-age=15552000; includeSubDomains', 'x-download-options': 'noopen', 'x-content-type-options': 'nosniff', 'x-xss-protection': '1; mode=block', 'x-moesif-transaction-id': 'db8f415c-6e77-4b72-8605-b5e4cc403467', 'content-type': 'application/json; charset=utf-8', 'X-Cloud-Trace-Context': 'fc863618fe083964380b935a8cc22a38', 'Date': 'Mon, 20 Jun 2022 01:51:33 GMT', 'Server': 'Google Frontend', 'Content-Length': '53'} 
 body={
    "message": "Este email já está sendo usado"
} 
 </msg>
<msg timestamp="20220619 22:51:34.160" level="INFO">/usr/lib/python3/dist-packages/urllib3/connectionpool.py:1015: InsecureRequestWarning: Unverified HTTPS request is being made to host 'serverest.dev'. Adding certificate verification is strongly advised. See: https://urllib3.readthedocs.io/en/latest/advanced-usage.html#ssl-warnings
  warnings.warn(</msg>
<msg timestamp="20220619 22:51:34.161" level="FAIL">HTTPError: 400 Client Error: Bad Request for url: https://serverest.dev/usuarios</msg>
<status status="FAIL" starttime="20220619 22:51:33.241" endtime="20220619 22:51:34.162"/>
</kw>
<kw name="Log To Console" library="BuiltIn">
<arg>Response: ${response.content}</arg>
<doc>Logs the given message to the console.</doc>
<status status="NOT RUN" starttime="20220619 22:51:34.162" endtime="20220619 22:51:34.163"/>
</kw>
<kw name="Set Global Variable" library="BuiltIn">
<arg>${response}</arg>
<doc>Makes a variable available globally in all tests and suites.</doc>
<status status="NOT RUN" starttime="20220619 22:51:34.163" endtime="20220619 22:51:34.163"/>
</kw>
<status status="FAIL" starttime="20220619 22:51:33.241" endtime="20220619 22:51:34.164"/>
</kw>
<kw name="Validar Status Code &quot;201&quot;" sourcename="Validar Status Code &quot;${statuscode}&quot;">
<status status="NOT RUN" starttime="20220619 22:51:34.164" endtime="20220619 22:51:34.164"/>
</kw>
<status status="FAIL" starttime="20220619 22:51:33.240" endtime="20220619 22:51:34.165">HTTPError: 400 Client Error: Bad Request for url: https://serverest.dev/usuarios</status>
</test>
<doc>Arquivo simples para requisição HTTP em APIs Resposta</doc>
<status status="FAIL" starttime="20220619 22:51:32.562" endtime="20220619 22:51:34.166"/>
</suite>
<statistics>
<total>
<stat pass="1" fail="1" skip="0">All Tests</stat>
</total>
<tag>
</tag>
<suite>
<stat pass="1" fail="1" skip="0" id="s1" name="MasterClass base">MasterClass base</stat>
</suite>
</statistics>
<errors>
</errors>
</robot>
