<?xml version="1.0" encoding="UTF-8"?>
<robot generator="Robot 5.0.1 (Python 3.10.4 on linux)" generated="20220714 09:21:02.169" rpa="false" schemaversion="3">
<suite id="s1" name="01 Usuarios Tests" source="/home/mota/Documentos/Compass/Sprint's/GitHub/RoboTron_Joao_Victor_Compass/Sprint 5: Tech/Challenge/ServeRest Tester/tests/01_usuarios_tests.robot">
<kw name="Criar Sessao" library="common" type="SETUP">
<kw name="Create Session" library="RequestsLibrary">
<arg>serverest</arg>
<arg>${BASE_URI}</arg>
<doc>Create Session: create a HTTP session to a server</doc>
<msg timestamp="20220714 09:21:02.418" level="INFO">Creating Session using : alias=serverest, url=http://localhost:3000/, headers={},                     cookies={}, auth=None, timeout=None, proxies=None, verify=False,                     debug=0 </msg>
<status status="PASS" starttime="20220714 09:21:02.418" endtime="20220714 09:21:02.418"/>
</kw>
<status status="PASS" starttime="20220714 09:21:02.418" endtime="20220714 09:21:02.418"/>
</kw>
<test id="s1-t1" name="Cenário: POST Cadastrar Usuario Email Utilizado 400" line="63">
<kw name="Pegar Dados user_invalido Estatico" library="01_usuarios_keywords" sourcename="Pegar Dados ${tipo_de_usuario} Estatico">
<kw name="Importar JSON Estatico" library="common">
<var>${json}</var>
<arg>json_usuario_ex.json</arg>
<kw name="Get File" library="OperatingSystem">
<var>${arquivo}</var>
<arg>${EXECDIR}/../support/fixtures/static/${nome_arquivo}</arg>
<doc>Returns the contents of a specified file.</doc>
<msg timestamp="20220714 09:21:02.420" level="INFO" html="true">Getting file '&lt;a href="file:///home/mota/Documentos/Compass/Sprint's/GitHub/RoboTron_Joao_Victor_Compass/Sprint 5: Tech/Challenge/ServeRest Tester/support/fixtures/static/json_usuario_ex.json"&gt;/home/mota/Documentos/Compass/Sprint's/GitHub/RoboTron_Joao_Victor_Compass/Sprint 5: Tech/Challenge/ServeRest Tester/support/fixtures/static/json_usuario_ex.json&lt;/a&gt;'.</msg>
<msg timestamp="20220714 09:21:02.420" level="INFO">${arquivo} = {
    "user_valido":{
        "nome": "Vitoria Dias",
        "email": "vitoriad@gmail.com",
        "password": "qa2022",
        "administrador": "false"
    },
    "user_valido_email":{
        "no...</msg>
<status status="PASS" starttime="20220714 09:21:02.419" endtime="20220714 09:21:02.420"/>
</kw>
<kw name="Evaluate" library="BuiltIn">
<var>${data}</var>
<arg>json.loads('''${arquivo}''')</arg>
<arg>json</arg>
<doc>Evaluates the given expression in Python and returns the result.</doc>
<msg timestamp="20220714 09:21:02.420" level="INFO">${data} = {'user_valido': {'nome': 'Vitoria Dias', 'email': 'vitoriad@gmail.com', 'password': 'qa2022', 'administrador': 'false'}, 'user_valido_email': {'nome': 'Marcos Vinicius', 'email': 'mv@gmail.com', 'pass...</msg>
<status status="PASS" starttime="20220714 09:21:02.420" endtime="20220714 09:21:02.420"/>
</kw>
<msg timestamp="20220714 09:21:02.420" level="INFO">${json} = {'user_valido': {'nome': 'Vitoria Dias', 'email': 'vitoriad@gmail.com', 'password': 'qa2022', 'administrador': 'false'}, 'user_valido_email': {'nome': 'Marcos Vinicius', 'email': 'mv@gmail.com', 'pass...</msg>
<status status="PASS" starttime="20220714 09:21:02.419" endtime="20220714 09:21:02.420"/>
</kw>
<kw name="Set Variable" library="BuiltIn">
<var>${payload}</var>
<arg>${json["${tipo_de_usuario}"]}</arg>
<doc>Returns the given values which can then be assigned to a variables.</doc>
<msg timestamp="20220714 09:21:02.421" level="INFO">${payload} = {'nome': 'Francisco Fulano', 'email': 'fulano@qa.com', 'password': 'nba123', 'administrador': 'true'}</msg>
<status status="PASS" starttime="20220714 09:21:02.420" endtime="20220714 09:21:02.421"/>
</kw>
<kw name="Set Global Variable" library="BuiltIn">
<arg>${payload}</arg>
<doc>Makes a variable available globally in all tests and suites.</doc>
<msg timestamp="20220714 09:21:02.421" level="INFO">${payload} = {'nome': 'Francisco Fulano', 'email': 'fulano@qa.com', 'password': 'nba123', 'administrador': 'true'}</msg>
<status status="PASS" starttime="20220714 09:21:02.421" endtime="20220714 09:21:02.421"/>
</kw>
<status status="PASS" starttime="20220714 09:21:02.419" endtime="20220714 09:21:02.421"/>
</kw>
<kw name="POST Endpoint /usuarios Invalido" library="01_usuarios_keywords">
<kw name="POST On Session" library="RequestsLibrary">
<var>${response}</var>
<arg>serverest</arg>
<arg>/usuarios</arg>
<arg>json=&amp;{payload}</arg>
<arg>expected_status=400</arg>
<doc>Sends a POST request on a previously created HTTP Session.</doc>
<msg timestamp="20220714 09:21:02.425" level="INFO">POST Request : url=http://localhost:3000/usuarios 
 path_url=/usuarios 
 headers={'User-Agent': 'python-requests/2.25.1', 'Accept-Encoding': 'gzip, deflate', 'Accept': '*/*', 'Connection': 'keep-alive', 'Content-Length': '101', 'Content-Type': 'application/json'} 
 body=b'{"nome": "Francisco Fulano", "email": "fulano@qa.com", "password": "nba123", "administrador": "true"}' 
 </msg>
<msg timestamp="20220714 09:21:02.425" level="INFO">POST Response : url=http://localhost:3000/usuarios 
 status=400, reason=Bad Request 
 headers={'Access-Control-Allow-Origin': '*', 'x-dns-prefetch-control': 'off', 'x-frame-options': 'SAMEORIGIN', 'strict-transport-security': 'max-age=15552000; includeSubDomains', 'x-download-options': 'noopen', 'x-content-type-options': 'nosniff', 'x-xss-protection': '1; mode=block', 'x-moesif-transaction-id': '0c8f52ab-41c1-4ee4-af84-9712277cf192', 'Content-Type': 'application/json; charset=utf-8', 'Content-Length': '53', 'Date': 'Thu, 14 Jul 2022 12:21:02 GMT', 'Connection': 'keep-alive', 'Keep-Alive': 'timeout=5'} 
 body={
    "message": "Este email já está sendo usado"
} 
 </msg>
<msg timestamp="20220714 09:21:02.425" level="INFO">${response} = &lt;Response [400]&gt;</msg>
<status status="PASS" starttime="20220714 09:21:02.421" endtime="20220714 09:21:02.425"/>
</kw>
<kw name="Log To Console" library="BuiltIn">
<arg>${response.json()['message']}</arg>
<doc>Logs the given message to the console.</doc>
<status status="PASS" starttime="20220714 09:21:02.425" endtime="20220714 09:21:02.426"/>
</kw>
<kw name="Set Global Variable" library="BuiltIn">
<arg>${response}</arg>
<doc>Makes a variable available globally in all tests and suites.</doc>
<msg timestamp="20220714 09:21:02.426" level="INFO">${response} = &lt;Response [400]&gt;</msg>
<status status="PASS" starttime="20220714 09:21:02.426" endtime="20220714 09:21:02.426"/>
</kw>
<status status="PASS" starttime="20220714 09:21:02.421" endtime="20220714 09:21:02.426"/>
</kw>
<kw name="Validar Status Code &quot;400&quot;" library="common" sourcename="Validar Status Code &quot;${statuscode}&quot;">
<kw name="Should Be True" library="BuiltIn">
<arg>${response.status_code} == ${statuscode}</arg>
<doc>Fails if the given condition is not true.</doc>
<status status="PASS" starttime="20220714 09:21:02.426" endtime="20220714 09:21:02.427"/>
</kw>
<status status="PASS" starttime="20220714 09:21:02.426" endtime="20220714 09:21:02.427"/>
</kw>
<kw name="Validar Se Mensagem Contem &quot;Este email já está sendo usado&quot;" library="common" sourcename="Validar Se Mensagem Contem &quot;${palavra}&quot;">
<kw name="Should Contain" library="BuiltIn">
<arg>${response.json()["message"]}</arg>
<arg>${palavra}</arg>
<doc>Fails if ``container`` does not contain ``item`` one or more times.</doc>
<status status="PASS" starttime="20220714 09:21:02.427" endtime="20220714 09:21:02.428"/>
</kw>
<status status="PASS" starttime="20220714 09:21:02.427" endtime="20220714 09:21:02.428"/>
</kw>
<tag>POST_USUARIO_EMAIL</tag>
<status status="PASS" starttime="20220714 09:21:02.419" endtime="20220714 09:21:02.428"/>
</test>
<doc>Arquivo de Testes para o Endpoint /usuarios</doc>
<status status="PASS" starttime="20220714 09:21:02.170" endtime="20220714 09:21:02.428"/>
</suite>
<statistics>
<total>
<stat pass="1" fail="0" skip="0">All Tests</stat>
</total>
<tag>
<stat pass="1" fail="0" skip="0">POST_USUARIO_EMAIL</stat>
</tag>
<suite>
<stat pass="1" fail="0" skip="0" id="s1" name="01 Usuarios Tests">01 Usuarios Tests</stat>
</suite>
</statistics>
<errors>
</errors>
</robot>
