<?xml version="1.0" encoding="UTF-8"?>
<robot generator="Robot 5.0.1 (Python 3.10.4 on linux)" generated="20220714 02:04:06.444" rpa="false" schemaversion="3">
<suite id="s1" name="Produtos Tests" source="/home/mota/Documentos/Compass/Sprint's/GitHub/RoboTron_Joao_Victor_Compass/Sprint 5: Tech/Challenge/ServeRest Tester/tests/produtos_tests.robot">
<kw name="Criar Sessao" library="common" type="SETUP">
<kw name="Create Session" library="RequestsLibrary">
<arg>serverest</arg>
<arg>${BASE_URI}</arg>
<doc>Create Session: create a HTTP session to a server</doc>
<msg timestamp="20220714 02:04:06.653" level="INFO">Creating Session using : alias=serverest, url=http://localhost:3000/, headers={},                     cookies={}, auth=None, timeout=None, proxies=None, verify=False,                     debug=0 </msg>
<status status="PASS" starttime="20220714 02:04:06.652" endtime="20220714 02:04:06.653"/>
</kw>
<status status="PASS" starttime="20220714 02:04:06.652" endtime="20220714 02:04:06.653"/>
</kw>
<test id="s1-t1" name="Cenário: GET Listar Todos os Produtos 200" line="12">
<kw name="GET Endpoint /produtos" library="02_produtos_keywords">
<kw name="GET On Session" library="RequestsLibrary">
<var>${response}</var>
<arg>serverest</arg>
<arg>/produtos</arg>
<doc>Sends a GET request on a previously created HTTP Session.</doc>
<msg timestamp="20220714 02:04:06.656" level="INFO">GET Request : url=http://localhost:3000/produtos 
 path_url=/produtos 
 headers={'User-Agent': 'python-requests/2.25.1', 'Accept-Encoding': 'gzip, deflate', 'Accept': '*/*', 'Connection': 'keep-alive'} 
 body=None 
 </msg>
<msg timestamp="20220714 02:04:06.657" level="INFO">GET Response : url=http://localhost:3000/produtos 
 status=200, reason=OK 
 headers={'Access-Control-Allow-Origin': '*', 'x-dns-prefetch-control': 'off', 'x-frame-options': 'SAMEORIGIN', 'strict-transport-security': 'max-age=15552000; includeSubDomains', 'x-download-options': 'noopen', 'x-content-type-options': 'nosniff', 'x-xss-protection': '1; mode=block', 'x-moesif-transaction-id': '36b80c85-1c6f-4d29-9e63-486e021aa756', 'Content-Type': 'application/json; charset=utf-8', 'Content-Length': '5758', 'Date': 'Thu, 14 Jul 2022 05:04:06 GMT', 'Connection': 'keep-alive', 'Keep-Alive': 'timeout=5'} 
 body={
    "quantidade": 28,
    "produtos": [
        {
            "nome": "Computador Dell 93631",
            "preco": 970,
            "descricao": "Eletroeletrônico",
            "quantidade": 563,
            "_id": "BeeJh5lz3k6kSIzA"
        },
        {
            "nome": "Computador Sony 92032",
            "preco": 268,
            "descricao": "Eletroeletrônico",
            "quantidade": 692,
            "_id": "CBrdEBrY1gi8fKMe"
        },
        {
            "nome": "\"Logitech MX Vertical\"",
            "preco": 470,
            "descricao": "\"Mouse\"",
            "quantidade": 381,
            "_id": "EJx3JOee4DBt2VTr"
        },
        {
            "nome": "Mouse Philco 33641",
            "preco": 305,
            "descricao": "Eletroeletrônico",
            "quantidade": 603,
            "_id": "GY29o6aGthWHIcG5"
        },
        {
            "nome": "Mouse Samsung 45790",
            "preco": 839,
            "descricao": "Eletroeletrônico",
            "quantidade": 706,
            "_id": "HeYLZcgamf5BcihU"
        },
        {
            "nome": "Notebook Philco 48437",
            "preco": 360,
            "descricao": "Eletroeletrônico",
            "quantidade": 732,
            "_id": "K2g9vX2vSTCHenM1"
        },
        {
            "nome": "Samsung 60 polegadas",
            "preco": 5240,
            "descricao": "TV",
            "quantidade": 49977,
            "_id": "K6leHdftCeOJj8BJ"
        },
        {
            "nome": "Mouse LG 72105",
            "preco": 504,
            "descricao": "Eletroeletrônico",
            "quantidade": 927,
            "_id": "KEcYmQ1as5VR9wKT"
        },
        {
            "nome": "Teclado Samsung 69701",
            "preco": 489,
            "descricao": "quite",
            "quantidade": 5616,
            "_id": "P4HCMaM4diRJVofC"
        },
        {
            "nome": "Memória Dell 68872",
            "preco": 93,
            "descricao": "Eletroeletrônico",
            "quantidade": 20,
            "_id": "QGCKLKPnCJe4etx4"
        },
        {
            "nome": "Memória Philco 66865",
            "preco": 903,
            "descricao": "Eletroeletrônico",
            "quantidade": 208,
            "_id": "QsewlX4nwkJ2l6Nz"
        },
        {
            "nome": "Teclado LG 3200",
            "preco": 983,
            "descricao": "Eletroeletrônico",
            "quantidade": 172,
            "_id": "RANqSGUx2h6jMS29"
        },
        {
            "nome": "Teclado Asus 28988",
            "preco": 423,
            "descricao": "Eletroeletrônico",
            "quantidade": 759,
            "_id": "S3CgAdzzJjQI3Dia"
        },
        {
            "nome": "Televisão Acer 55138",
            "preco": 29,
            "descricao": "Eletroeletrônico",
            "quantidade": 906,
            "_id": "SQLnqDd2Vj1wNF2V"
        },
        {
            "nome": "Mouse Sony 72732",
            "preco": 803,
            "descricao": "Eletroeletrônico",
            "quantidade": 401,
            "_id": "TARpe8g492uqSA7r"
        },
        {
            "nome": "Computador Acer 55895",
            "preco": 765,
            "descricao": "Eletroeletrônico",
            "quantidade": 288,
            "_id": "U40ZQM2phsorMRU2"
        },
        {
            "nome": "Monitor Sony 22998",
            "preco": 484,
            "descricao": "Eletroeletrônico",
            "quantidade": 2777,
            "_id": "UKkM4M06BTuPwHAK"
        },
        {
            "nome": "Computador Acer 81796",
            "preco": 966,
            "descricao": "Eletroeletrônico",
            "quantidade": 998,
            "_id": "YFMYr2f9K16uV8A4"
        },
        {
            "nome": "Mouse Samsung 36774",
            "preco": 83,
            "descricao": "Eletroeletrônico",
            "quantidade": 536,
            "_id": "aqckBLqNGCcuBanj"
        },
        {
            "nome": "Mouse Asus 54048",
            "preco": 938,
            "descricao": "Eletroeletrônico",
            "quantidade": 717,
            "_id": "csi79TDLS2RaXBKY"
        },
        {
            "nome": "Monitor Philco 14519",
            "preco": 263,
            "descricao": "Eletroeletrônico",
            "quantidade": 275,
            "_id": "idcE0VDJLlHU7erI"
        },
        {
            "nome": "Televisão Sony 59054",
            "preco": 19,
            "descricao": "Eletroeletrônico",
            "quantidade": 559,
            "_id": "kRo4OljiwxqmbskS"
        },
        {
            "nome": "Memória Samsung 17334",
            "preco": 125,
            "descricao": "Eletroeletrônico",
            "quantidade": 83,
            "_id": "m1yxKPgN7FIxubSD"
        },
        {
            "nome": "Mouse Philco 22099",
            "preco": 103,
            "descricao": "Eletroeletrônico",
            "quantidade": 678,
            "_id": "m7B6EB9pqWOhKFzj"
        },
        {
            "nome": "Notebook LG 37292",
            "preco": 203,
            "descricao": "Eletroeletrônico",
            "quantidade": 12,
            "_id": "q3RQSihgqKAEcsd7"
        },
        {
            "nome": "Notebook Asus 63533",
            "preco": 374,
            "descricao": "Eletroeletrônico",
            "quantidade": 27,
            "_id": "qLJjfpR1XFG7AC9I"
        },
        {
            "nome": "Gabinete Asus 50809",
            "preco": 729,
            "descricao": "Eletroeletrônico",
            "quantidade": 981,
            "_id": "qhIusGZfUJBpn4NE"
        },
        {
            "nome": "Teclado Philco 44684",
            "preco": 260,
            "descricao": "Eletroeletrônico",
            "quantidade": 975,
            "_id": "yOJQFRI74Um2WcLM"
        }
    ]
} 
 </msg>
<msg timestamp="20220714 02:04:06.657" level="INFO">${response} = &lt;Response [200]&gt;</msg>
<status status="PASS" starttime="20220714 02:04:06.653" endtime="20220714 02:04:06.657"/>
</kw>
<kw name="Log To Console" library="BuiltIn">
<arg>Response: ${response.content}</arg>
<doc>Logs the given message to the console.</doc>
<status status="PASS" starttime="20220714 02:04:06.657" endtime="20220714 02:04:06.658"/>
</kw>
<kw name="Set Global Variable" library="BuiltIn">
<arg>${response}</arg>
<doc>Makes a variable available globally in all tests and suites.</doc>
<msg timestamp="20220714 02:04:06.658" level="INFO">${response} = &lt;Response [200]&gt;</msg>
<status status="PASS" starttime="20220714 02:04:06.658" endtime="20220714 02:04:06.658"/>
</kw>
<status status="PASS" starttime="20220714 02:04:06.653" endtime="20220714 02:04:06.658"/>
</kw>
<kw name="Validar Status Code &quot;200&quot;" library="common" sourcename="Validar Status Code &quot;${statuscode}&quot;">
<kw name="Should Be True" library="BuiltIn">
<arg>${response.status_code} == ${statuscode}</arg>
<doc>Fails if the given condition is not true.</doc>
<status status="PASS" starttime="20220714 02:04:06.659" endtime="20220714 02:04:06.660"/>
</kw>
<status status="PASS" starttime="20220714 02:04:06.659" endtime="20220714 02:04:06.660"/>
</kw>
<tag>GET_PRODUTO</tag>
<status status="PASS" starttime="20220714 02:04:06.653" endtime="20220714 02:04:06.660"/>
</test>
<test id="s1-t2" name="Cenário: GET Listar Produto Especifico 200" line="17">
<kw name="GET Endpoint /produtos Especifico" library="02_produtos_keywords">
<kw name="GET On Session" library="RequestsLibrary">
<var>${response}</var>
<arg>serverest</arg>
<arg>/produtos/${ID_PRODUTO}</arg>
<arg>expected_status=any</arg>
<doc>Sends a GET request on a previously created HTTP Session.</doc>
<msg timestamp="20220714 02:04:06.662" level="INFO">GET Request : url=http://localhost:3000/produtos/BeeJh5lz3k6kSIzA 
 path_url=/produtos/BeeJh5lz3k6kSIzA 
 headers={'User-Agent': 'python-requests/2.25.1', 'Accept-Encoding': 'gzip, deflate', 'Accept': '*/*', 'Connection': 'keep-alive'} 
 body=None 
 </msg>
<msg timestamp="20220714 02:04:06.662" level="INFO">GET Response : url=http://localhost:3000/produtos/BeeJh5lz3k6kSIzA 
 status=200, reason=OK 
 headers={'Access-Control-Allow-Origin': '*', 'x-dns-prefetch-control': 'off', 'x-frame-options': 'SAMEORIGIN', 'strict-transport-security': 'max-age=15552000; includeSubDomains', 'x-download-options': 'noopen', 'x-content-type-options': 'nosniff', 'x-xss-protection': '1; mode=block', 'x-moesif-transaction-id': '914ea06d-df4e-4fd7-bd57-9a51491672b6', 'Content-Type': 'application/json; charset=utf-8', 'Content-Length': '149', 'Date': 'Thu, 14 Jul 2022 05:04:06 GMT', 'Connection': 'keep-alive', 'Keep-Alive': 'timeout=5'} 
 body={
    "nome": "Computador Dell 93631",
    "preco": 970,
    "descricao": "Eletroeletrônico",
    "quantidade": 563,
    "_id": "BeeJh5lz3k6kSIzA"
} 
 </msg>
<msg timestamp="20220714 02:04:06.663" level="INFO">${response} = &lt;Response [200]&gt;</msg>
<status status="PASS" starttime="20220714 02:04:06.660" endtime="20220714 02:04:06.663"/>
</kw>
<kw name="Log To Console" library="BuiltIn">
<arg>Response: ${response.content}</arg>
<doc>Logs the given message to the console.</doc>
<status status="PASS" starttime="20220714 02:04:06.663" endtime="20220714 02:04:06.663"/>
</kw>
<kw name="Set Global Variable" library="BuiltIn">
<arg>${response}</arg>
<doc>Makes a variable available globally in all tests and suites.</doc>
<msg timestamp="20220714 02:04:06.663" level="INFO">${response} = &lt;Response [200]&gt;</msg>
<status status="PASS" starttime="20220714 02:04:06.663" endtime="20220714 02:04:06.664"/>
</kw>
<status status="PASS" starttime="20220714 02:04:06.660" endtime="20220714 02:04:06.664"/>
</kw>
<kw name="Validar Status Code &quot;200&quot;" library="common" sourcename="Validar Status Code &quot;${statuscode}&quot;">
<kw name="Should Be True" library="BuiltIn">
<arg>${response.status_code} == ${statuscode}</arg>
<doc>Fails if the given condition is not true.</doc>
<status status="PASS" starttime="20220714 02:04:06.664" endtime="20220714 02:04:06.665"/>
</kw>
<status status="PASS" starttime="20220714 02:04:06.664" endtime="20220714 02:04:06.665"/>
</kw>
<tag>GET_PRODUTO_ID</tag>
<status status="PASS" starttime="20220714 02:04:06.660" endtime="20220714 02:04:06.665"/>
</test>
<test id="s1-t3" name="Cenário: GET Produto ID Invalido 400" line="22">
<kw name="GET Endpoint /produtos Invalido" library="02_produtos_keywords">
<kw name="GET On Session" library="RequestsLibrary">
<var>${response}</var>
<arg>serverest</arg>
<arg>/produtos/id_invalida</arg>
<arg>expected_status=400</arg>
<doc>Sends a GET request on a previously created HTTP Session.</doc>
<msg timestamp="20220714 02:04:06.668" level="INFO">GET Request : url=http://localhost:3000/produtos/id_invalida 
 path_url=/produtos/id_invalida 
 headers={'User-Agent': 'python-requests/2.25.1', 'Accept-Encoding': 'gzip, deflate', 'Accept': '*/*', 'Connection': 'keep-alive'} 
 body=None 
 </msg>
<msg timestamp="20220714 02:04:06.668" level="INFO">GET Response : url=http://localhost:3000/produtos/id_invalida 
 status=400, reason=Bad Request 
 headers={'Access-Control-Allow-Origin': '*', 'x-dns-prefetch-control': 'off', 'x-frame-options': 'SAMEORIGIN', 'strict-transport-security': 'max-age=15552000; includeSubDomains', 'x-download-options': 'noopen', 'x-content-type-options': 'nosniff', 'x-xss-protection': '1; mode=block', 'x-moesif-transaction-id': '145a562c-ef76-4c0f-bdfd-1fe6e97fd105', 'Content-Type': 'application/json; charset=utf-8', 'Content-Length': '44', 'Date': 'Thu, 14 Jul 2022 05:04:06 GMT', 'Connection': 'keep-alive', 'Keep-Alive': 'timeout=5'} 
 body={
    "message": "Produto não encontrado"
} 
 </msg>
<msg timestamp="20220714 02:04:06.668" level="INFO">${response} = &lt;Response [400]&gt;</msg>
<status status="PASS" starttime="20220714 02:04:06.665" endtime="20220714 02:04:06.668"/>
</kw>
<kw name="Log To Console" library="BuiltIn">
<arg>Response: ${response.content}</arg>
<doc>Logs the given message to the console.</doc>
<status status="PASS" starttime="20220714 02:04:06.668" endtime="20220714 02:04:06.669"/>
</kw>
<kw name="Set Global Variable" library="BuiltIn">
<arg>${response}</arg>
<doc>Makes a variable available globally in all tests and suites.</doc>
<msg timestamp="20220714 02:04:06.669" level="INFO">${response} = &lt;Response [400]&gt;</msg>
<status status="PASS" starttime="20220714 02:04:06.669" endtime="20220714 02:04:06.669"/>
</kw>
<status status="PASS" starttime="20220714 02:04:06.665" endtime="20220714 02:04:06.669"/>
</kw>
<kw name="Validar Status Code &quot;400&quot;" library="common" sourcename="Validar Status Code &quot;${statuscode}&quot;">
<kw name="Should Be True" library="BuiltIn">
<arg>${response.status_code} == ${statuscode}</arg>
<doc>Fails if the given condition is not true.</doc>
<status status="PASS" starttime="20220714 02:04:06.669" endtime="20220714 02:04:06.670"/>
</kw>
<status status="PASS" starttime="20220714 02:04:06.669" endtime="20220714 02:04:06.670"/>
</kw>
<tag>GET_PRODUTO_INVALIDO</tag>
<status status="PASS" starttime="20220714 02:04:06.665" endtime="20220714 02:04:06.670"/>
</test>
<test id="s1-t4" name="Cenário: POST Criar Produto 201" line="28">
<kw name="Fazer Login e Armazenar Token" library="00_login_keywords">
<kw name="POST Endpoint /login" library="00_login_keywords">
<kw name="Create Dictionary" library="BuiltIn">
<var>&amp;{payload}</var>
<arg>email=${email_para_login_adm}</arg>
<arg>password=${senha_para_login_adm}</arg>
<doc>Creates and returns a dictionary based on the given ``items``.</doc>
<msg timestamp="20220714 02:04:06.671" level="INFO">&amp;{payload} = { email=fulano@qa.com | password=nba123 }</msg>
<status status="PASS" starttime="20220714 02:04:06.671" endtime="20220714 02:04:06.671"/>
</kw>
<kw name="POST On Session" library="RequestsLibrary">
<var>${response}</var>
<arg>serverest</arg>
<arg>/login</arg>
<arg>data=&amp;{payload}</arg>
<doc>Sends a POST request on a previously created HTTP Session.</doc>
<msg timestamp="20220714 02:04:06.674" level="INFO">POST Request : url=http://localhost:3000/login 
 path_url=/login 
 headers={'User-Agent': 'python-requests/2.25.1', 'Accept-Encoding': 'gzip, deflate', 'Accept': '*/*', 'Connection': 'keep-alive', 'Content-Length': '37', 'Content-Type': 'application/x-www-form-urlencoded'} 
 body=email=fulano%40qa.com&amp;password=nba123 
 </msg>
<msg timestamp="20220714 02:04:06.674" level="INFO">POST Response : url=http://localhost:3000/login 
 status=200, reason=OK 
 headers={'Access-Control-Allow-Origin': '*', 'x-dns-prefetch-control': 'off', 'x-frame-options': 'SAMEORIGIN', 'strict-transport-security': 'max-age=15552000; includeSubDomains', 'x-download-options': 'noopen', 'x-content-type-options': 'nosniff', 'x-xss-protection': '1; mode=block', 'x-moesif-transaction-id': '4d1b1cc3-68b1-4240-9e61-bac62d15bac5', 'Content-Type': 'application/json; charset=utf-8', 'Content-Length': '267', 'Date': 'Thu, 14 Jul 2022 05:04:06 GMT', 'Connection': 'keep-alive', 'Keep-Alive': 'timeout=5'} 
 body={
    "message": "Login realizado com sucesso",
    "authorization": "Bearer eyJhbGciOiJIUzI1NiIsInR5cCI6IkpXVCJ9.eyJlbWFpbCI6ImZ1bGFub0BxYS5jb20iLCJwYXNzd29yZCI6Im5iYTEyMyIsImlhdCI6MTY1Nzc3NTA0NiwiZXhwIjoxNjU3Nzc1NjQ2fQ.Q99vzqmFm34HiTxvvKg1iTuO70xOQiVGrV3g4wutkRU"
} 
 </msg>
<msg timestamp="20220714 02:04:06.674" level="INFO">${response} = &lt;Response [200]&gt;</msg>
<status status="PASS" starttime="20220714 02:04:06.671" endtime="20220714 02:04:06.674"/>
</kw>
<kw name="Log To Console" library="BuiltIn">
<arg>Response: ${response.content}</arg>
<doc>Logs the given message to the console.</doc>
<status status="PASS" starttime="20220714 02:04:06.674" endtime="20220714 02:04:06.675"/>
</kw>
<kw name="Set Global Variable" library="BuiltIn">
<arg>${response}</arg>
<doc>Makes a variable available globally in all tests and suites.</doc>
<msg timestamp="20220714 02:04:06.675" level="INFO">${response} = &lt;Response [200]&gt;</msg>
<status status="PASS" starttime="20220714 02:04:06.675" endtime="20220714 02:04:06.675"/>
</kw>
<status status="PASS" starttime="20220714 02:04:06.671" endtime="20220714 02:04:06.675"/>
</kw>
<kw name="Validar Ter Logado" library="00_login_keywords">
<kw name="Should Be Equal" library="BuiltIn">
<arg>${response.json()["message"]}</arg>
<arg>Login realizado com sucesso</arg>
<doc>Fails if the given objects are unequal.</doc>
<status status="PASS" starttime="20220714 02:04:06.675" endtime="20220714 02:04:06.676"/>
</kw>
<kw name="Should Not Be Empty" library="BuiltIn">
<arg>${response.json()["authorization"]}</arg>
<doc>Verifies that the given item is not empty.</doc>
<msg timestamp="20220714 02:04:06.676" level="INFO">Length is 194</msg>
<status status="PASS" starttime="20220714 02:04:06.676" endtime="20220714 02:04:06.676"/>
</kw>
<status status="PASS" starttime="20220714 02:04:06.675" endtime="20220714 02:04:06.676"/>
</kw>
<kw name="Set Variable" library="BuiltIn">
<var>${token_auth}</var>
<arg>${response.json()["authorization"]}</arg>
<doc>Returns the given values which can then be assigned to a variables.</doc>
<msg timestamp="20220714 02:04:06.677" level="INFO">${token_auth} = Bearer eyJhbGciOiJIUzI1NiIsInR5cCI6IkpXVCJ9.eyJlbWFpbCI6ImZ1bGFub0BxYS5jb20iLCJwYXNzd29yZCI6Im5iYTEyMyIsImlhdCI6MTY1Nzc3NTA0NiwiZXhwIjoxNjU3Nzc1NjQ2fQ.Q99vzqmFm34HiTxvvKg1iTuO70xOQiVGrV3g4wutkRU</msg>
<status status="PASS" starttime="20220714 02:04:06.676" endtime="20220714 02:04:06.677"/>
</kw>
<kw name="Log To Console" library="BuiltIn">
<arg>Token Salvo: ${token_auth}</arg>
<doc>Logs the given message to the console.</doc>
<status status="PASS" starttime="20220714 02:04:06.677" endtime="20220714 02:04:06.677"/>
</kw>
<kw name="Set Global Variable" library="BuiltIn">
<arg>${token_auth}</arg>
<doc>Makes a variable available globally in all tests and suites.</doc>
<msg timestamp="20220714 02:04:06.677" level="INFO">${token_auth} = Bearer eyJhbGciOiJIUzI1NiIsInR5cCI6IkpXVCJ9.eyJlbWFpbCI6ImZ1bGFub0BxYS5jb20iLCJwYXNzd29yZCI6Im5iYTEyMyIsImlhdCI6MTY1Nzc3NTA0NiwiZXhwIjoxNjU3Nzc1NjQ2fQ.Q99vzqmFm34HiTxvvKg1iTuO70xOQiVGrV3g4wutkRU</msg>
<status status="PASS" starttime="20220714 02:04:06.677" endtime="20220714 02:04:06.677"/>
</kw>
<status status="PASS" starttime="20220714 02:04:06.671" endtime="20220714 02:04:06.677"/>
</kw>
<kw name="Criar Dados Produto Valido" library="01_produtos_dynamics">
<kw name="Evaluate" library="BuiltIn">
<var>${produto}</var>
<arg>random.choice(@{produto}) + " " + random.choice(@{marca})</arg>
<arg>random</arg>
<doc>Evaluates the given expression in Python and returns the result.</doc>
<msg timestamp="20220714 02:04:06.678" level="INFO">${produto} = Notebook Asus</msg>
<status status="PASS" starttime="20220714 02:04:06.677" endtime="20220714 02:04:06.678"/>
</kw>
<kw name="Random Number" library="FakerLibrary">
<var>${codigo}</var>
<arg>digits=5</arg>
<doc>Generate a random integer according to the following rules:</doc>
<msg timestamp="20220714 02:04:06.678" level="INFO">${codigo} = 68778</msg>
<status status="PASS" starttime="20220714 02:04:06.678" endtime="20220714 02:04:06.678"/>
</kw>
<kw name="Catenate" library="BuiltIn">
<var>${nome}</var>
<arg>${produto} ${codigo}</arg>
<doc>Catenates the given items together and returns the resulted string.</doc>
<msg timestamp="20220714 02:04:06.678" level="INFO">${nome} = Notebook Asus 68778</msg>
<status status="PASS" starttime="20220714 02:04:06.678" endtime="20220714 02:04:06.678"/>
</kw>
<kw name="Random Number" library="FakerLibrary">
<var>${preco}</var>
<arg>digits=3</arg>
<doc>Generate a random integer according to the following rules:</doc>
<msg timestamp="20220714 02:04:06.678" level="INFO">${preco} = 661</msg>
<status status="PASS" starttime="20220714 02:04:06.678" endtime="20220714 02:04:06.678"/>
</kw>
<kw name="Random Number" library="FakerLibrary">
<var>${quantidade}</var>
<arg>digits=3</arg>
<doc>Generate a random integer according to the following rules:</doc>
<msg timestamp="20220714 02:04:06.679" level="INFO">${quantidade} = 154</msg>
<status status="PASS" starttime="20220714 02:04:06.678" endtime="20220714 02:04:06.679"/>
</kw>
<kw name="Create Dictionary" library="BuiltIn">
<var>&amp;{payload}</var>
<arg>nome=${nome}</arg>
<arg>preco=${preco}</arg>
<arg>descricao=${descricao}</arg>
<arg>quantidade=${quantidade}</arg>
<doc>Creates and returns a dictionary based on the given ``items``.</doc>
<msg timestamp="20220714 02:04:06.679" level="INFO">&amp;{payload} = { nome=Notebook Asus 68778 | preco=661 | descricao=Eletroeletrônico | quantidade=154 }</msg>
<status status="PASS" starttime="20220714 02:04:06.679" endtime="20220714 02:04:06.679"/>
</kw>
<kw name="Log To Console" library="BuiltIn">
<arg>${payload}</arg>
<doc>Logs the given message to the console.</doc>
<status status="PASS" starttime="20220714 02:04:06.679" endtime="20220714 02:04:06.680"/>
</kw>
<kw name="Set Global Variable" library="BuiltIn">
<arg>${payload}</arg>
<doc>Makes a variable available globally in all tests and suites.</doc>
<msg timestamp="20220714 02:04:06.680" level="INFO">${payload} = {'nome': 'Notebook Asus 68778', 'preco': 661, 'descricao': 'Eletroeletrônico', 'quantidade': 154}</msg>
<status status="PASS" starttime="20220714 02:04:06.680" endtime="20220714 02:04:06.680"/>
</kw>
<status status="PASS" starttime="20220714 02:04:06.677" endtime="20220714 02:04:06.680"/>
</kw>
<kw name="POST Endpoint /produtos" library="02_produtos_keywords">
<kw name="Create Dictionary" library="BuiltIn">
<var>&amp;{header}</var>
<arg>Authorization=${token_auth}</arg>
<doc>Creates and returns a dictionary based on the given ``items``.</doc>
<msg timestamp="20220714 02:04:06.681" level="INFO">&amp;{header} = { Authorization=Bearer eyJhbGciOiJIUzI1NiIsInR5cCI6IkpXVCJ9.eyJlbWFpbCI6ImZ1bGFub0BxYS5jb20iLCJwYXNzd29yZCI6Im5iYTEyMyIsImlhdCI6MTY1Nzc3NTA0NiwiZXhwIjoxNjU3Nzc1NjQ2fQ.Q99vzqmFm34HiTxvvKg1iTuO70xOQiVGr...</msg>
<status status="PASS" starttime="20220714 02:04:06.680" endtime="20220714 02:04:06.681"/>
</kw>
<kw name="POST On Session" library="RequestsLibrary">
<var>${response}</var>
<arg>serverest</arg>
<arg>/produtos</arg>
<arg>data=&amp;{payload}</arg>
<arg>headers=${header}</arg>
<doc>Sends a POST request on a previously created HTTP Session.</doc>
<msg timestamp="20220714 02:04:06.685" level="INFO">POST Request : url=http://localhost:3000/produtos 
 path_url=/produtos 
 headers={'User-Agent': 'python-requests/2.25.1', 'Accept-Encoding': 'gzip, deflate', 'Accept': '*/*', 'Connection': 'keep-alive', 'Authorization': 'Bearer eyJhbGciOiJIUzI1NiIsInR5cCI6IkpXVCJ9.eyJlbWFpbCI6ImZ1bGFub0BxYS5jb20iLCJwYXNzd29yZCI6Im5iYTEyMyIsImlhdCI6MTY1Nzc3NTA0NiwiZXhwIjoxNjU3Nzc1NjQ2fQ.Q99vzqmFm34HiTxvvKg1iTuO70xOQiVGrV3g4wutkRU', 'Content-Length': '81', 'Content-Type': 'application/x-www-form-urlencoded'} 
 body=nome=Notebook+Asus+68778&amp;preco=661&amp;descricao=Eletroeletr%C3%B4nico&amp;quantidade=154 
 </msg>
<msg timestamp="20220714 02:04:06.685" level="INFO">POST Response : url=http://localhost:3000/produtos 
 status=201, reason=Created 
 headers={'Access-Control-Allow-Origin': '*', 'x-dns-prefetch-control': 'off', 'x-frame-options': 'SAMEORIGIN', 'strict-transport-security': 'max-age=15552000; includeSubDomains', 'x-download-options': 'noopen', 'x-content-type-options': 'nosniff', 'x-xss-protection': '1; mode=block', 'x-moesif-transaction-id': 'fc12afd9-86fa-465a-9154-450102f1dda9', 'Content-Type': 'application/json; charset=utf-8', 'Content-Length': '82', 'Date': 'Thu, 14 Jul 2022 05:04:06 GMT', 'Connection': 'keep-alive', 'Keep-Alive': 'timeout=5'} 
 body={
    "message": "Cadastro realizado com sucesso",
    "_id": "Ip1EBPQWEOWUn7IW"
} 
 </msg>
<msg timestamp="20220714 02:04:06.686" level="INFO">${response} = &lt;Response [201]&gt;</msg>
<status status="PASS" starttime="20220714 02:04:06.681" endtime="20220714 02:04:06.686"/>
</kw>
<kw name="Log To Console" library="BuiltIn">
<arg>Response: ${response.content}</arg>
<doc>Logs the given message to the console.</doc>
<status status="PASS" starttime="20220714 02:04:06.686" endtime="20220714 02:04:06.686"/>
</kw>
<kw name="Set Global Variable" library="BuiltIn">
<arg>${response}</arg>
<doc>Makes a variable available globally in all tests and suites.</doc>
<msg timestamp="20220714 02:04:06.687" level="INFO">${response} = &lt;Response [201]&gt;</msg>
<status status="PASS" starttime="20220714 02:04:06.686" endtime="20220714 02:04:06.687"/>
</kw>
<status status="PASS" starttime="20220714 02:04:06.680" endtime="20220714 02:04:06.687"/>
</kw>
<kw name="Validar Status Code &quot;201&quot;" library="common" sourcename="Validar Status Code &quot;${statuscode}&quot;">
<kw name="Should Be True" library="BuiltIn">
<arg>${response.status_code} == ${statuscode}</arg>
<doc>Fails if the given condition is not true.</doc>
<status status="PASS" starttime="20220714 02:04:06.687" endtime="20220714 02:04:06.688"/>
</kw>
<status status="PASS" starttime="20220714 02:04:06.687" endtime="20220714 02:04:06.688"/>
</kw>
<tag>POST_PRODUTO_ADM</tag>
<status status="PASS" starttime="20220714 02:04:06.671" endtime="20220714 02:04:06.688"/>
</test>
<test id="s1-t5" name="Cenário: POST Criar Produto Existente 400" line="35">
<kw name="Fazer Login e Armazenar Token" library="00_login_keywords">
<kw name="POST Endpoint /login" library="00_login_keywords">
<kw name="Create Dictionary" library="BuiltIn">
<var>&amp;{payload}</var>
<arg>email=${email_para_login_adm}</arg>
<arg>password=${senha_para_login_adm}</arg>
<doc>Creates and returns a dictionary based on the given ``items``.</doc>
<msg timestamp="20220714 02:04:06.690" level="INFO">&amp;{payload} = { email=fulano@qa.com | password=nba123 }</msg>
<status status="PASS" starttime="20220714 02:04:06.689" endtime="20220714 02:04:06.690"/>
</kw>
<kw name="POST On Session" library="RequestsLibrary">
<var>${response}</var>
<arg>serverest</arg>
<arg>/login</arg>
<arg>data=&amp;{payload}</arg>
<doc>Sends a POST request on a previously created HTTP Session.</doc>
<msg timestamp="20220714 02:04:06.692" level="INFO">POST Request : url=http://localhost:3000/login 
 path_url=/login 
 headers={'User-Agent': 'python-requests/2.25.1', 'Accept-Encoding': 'gzip, deflate', 'Accept': '*/*', 'Connection': 'keep-alive', 'Content-Length': '37', 'Content-Type': 'application/x-www-form-urlencoded'} 
 body=email=fulano%40qa.com&amp;password=nba123 
 </msg>
<msg timestamp="20220714 02:04:06.693" level="INFO">POST Response : url=http://localhost:3000/login 
 status=200, reason=OK 
 headers={'Access-Control-Allow-Origin': '*', 'x-dns-prefetch-control': 'off', 'x-frame-options': 'SAMEORIGIN', 'strict-transport-security': 'max-age=15552000; includeSubDomains', 'x-download-options': 'noopen', 'x-content-type-options': 'nosniff', 'x-xss-protection': '1; mode=block', 'x-moesif-transaction-id': 'd889c373-a5f8-42b2-85f1-f6841aadaa34', 'Content-Type': 'application/json; charset=utf-8', 'Content-Length': '267', 'Date': 'Thu, 14 Jul 2022 05:04:06 GMT', 'Connection': 'keep-alive', 'Keep-Alive': 'timeout=5'} 
 body={
    "message": "Login realizado com sucesso",
    "authorization": "Bearer eyJhbGciOiJIUzI1NiIsInR5cCI6IkpXVCJ9.eyJlbWFpbCI6ImZ1bGFub0BxYS5jb20iLCJwYXNzd29yZCI6Im5iYTEyMyIsImlhdCI6MTY1Nzc3NTA0NiwiZXhwIjoxNjU3Nzc1NjQ2fQ.Q99vzqmFm34HiTxvvKg1iTuO70xOQiVGrV3g4wutkRU"
} 
 </msg>
<msg timestamp="20220714 02:04:06.693" level="INFO">${response} = &lt;Response [200]&gt;</msg>
<status status="PASS" starttime="20220714 02:04:06.690" endtime="20220714 02:04:06.693"/>
</kw>
<kw name="Log To Console" library="BuiltIn">
<arg>Response: ${response.content}</arg>
<doc>Logs the given message to the console.</doc>
<status status="PASS" starttime="20220714 02:04:06.693" endtime="20220714 02:04:06.693"/>
</kw>
<kw name="Set Global Variable" library="BuiltIn">
<arg>${response}</arg>
<doc>Makes a variable available globally in all tests and suites.</doc>
<msg timestamp="20220714 02:04:06.693" level="INFO">${response} = &lt;Response [200]&gt;</msg>
<status status="PASS" starttime="20220714 02:04:06.693" endtime="20220714 02:04:06.693"/>
</kw>
<status status="PASS" starttime="20220714 02:04:06.689" endtime="20220714 02:04:06.694"/>
</kw>
<kw name="Validar Ter Logado" library="00_login_keywords">
<kw name="Should Be Equal" library="BuiltIn">
<arg>${response.json()["message"]}</arg>
<arg>Login realizado com sucesso</arg>
<doc>Fails if the given objects are unequal.</doc>
<status status="PASS" starttime="20220714 02:04:06.694" endtime="20220714 02:04:06.694"/>
</kw>
<kw name="Should Not Be Empty" library="BuiltIn">
<arg>${response.json()["authorization"]}</arg>
<doc>Verifies that the given item is not empty.</doc>
<msg timestamp="20220714 02:04:06.695" level="INFO">Length is 194</msg>
<status status="PASS" starttime="20220714 02:04:06.694" endtime="20220714 02:04:06.695"/>
</kw>
<status status="PASS" starttime="20220714 02:04:06.694" endtime="20220714 02:04:06.695"/>
</kw>
<kw name="Set Variable" library="BuiltIn">
<var>${token_auth}</var>
<arg>${response.json()["authorization"]}</arg>
<doc>Returns the given values which can then be assigned to a variables.</doc>
<msg timestamp="20220714 02:04:06.695" level="INFO">${token_auth} = Bearer eyJhbGciOiJIUzI1NiIsInR5cCI6IkpXVCJ9.eyJlbWFpbCI6ImZ1bGFub0BxYS5jb20iLCJwYXNzd29yZCI6Im5iYTEyMyIsImlhdCI6MTY1Nzc3NTA0NiwiZXhwIjoxNjU3Nzc1NjQ2fQ.Q99vzqmFm34HiTxvvKg1iTuO70xOQiVGrV3g4wutkRU</msg>
<status status="PASS" starttime="20220714 02:04:06.695" endtime="20220714 02:04:06.695"/>
</kw>
<kw name="Log To Console" library="BuiltIn">
<arg>Token Salvo: ${token_auth}</arg>
<doc>Logs the given message to the console.</doc>
<status status="PASS" starttime="20220714 02:04:06.695" endtime="20220714 02:04:06.695"/>
</kw>
<kw name="Set Global Variable" library="BuiltIn">
<arg>${token_auth}</arg>
<doc>Makes a variable available globally in all tests and suites.</doc>
<msg timestamp="20220714 02:04:06.695" level="INFO">${token_auth} = Bearer eyJhbGciOiJIUzI1NiIsInR5cCI6IkpXVCJ9.eyJlbWFpbCI6ImZ1bGFub0BxYS5jb20iLCJwYXNzd29yZCI6Im5iYTEyMyIsImlhdCI6MTY1Nzc3NTA0NiwiZXhwIjoxNjU3Nzc1NjQ2fQ.Q99vzqmFm34HiTxvvKg1iTuO70xOQiVGrV3g4wutkRU</msg>
<status status="PASS" starttime="20220714 02:04:06.695" endtime="20220714 02:04:06.695"/>
</kw>
<status status="PASS" starttime="20220714 02:04:06.689" endtime="20220714 02:04:06.696"/>
</kw>
<kw name="POST Endpoint /produtos Existente" library="02_produtos_keywords">
<kw name="Create Dictionary" library="BuiltIn">
<var>&amp;{header}</var>
<arg>Authorization=${token_auth}</arg>
<doc>Creates and returns a dictionary based on the given ``items``.</doc>
<msg timestamp="20220714 02:04:06.696" level="INFO">&amp;{header} = { Authorization=Bearer eyJhbGciOiJIUzI1NiIsInR5cCI6IkpXVCJ9.eyJlbWFpbCI6ImZ1bGFub0BxYS5jb20iLCJwYXNzd29yZCI6Im5iYTEyMyIsImlhdCI6MTY1Nzc3NTA0NiwiZXhwIjoxNjU3Nzc1NjQ2fQ.Q99vzqmFm34HiTxvvKg1iTuO70xOQiVGr...</msg>
<status status="PASS" starttime="20220714 02:04:06.696" endtime="20220714 02:04:06.696"/>
</kw>
<kw name="Create Dictionary" library="BuiltIn">
<var>&amp;{payload}</var>
<arg>nome="Logitech MX Vertical"</arg>
<arg>preco=470</arg>
<arg>descricao="Mouse"</arg>
<arg>quantidade=381</arg>
<doc>Creates and returns a dictionary based on the given ``items``.</doc>
<msg timestamp="20220714 02:04:06.696" level="INFO">&amp;{payload} = { nome="Logitech MX Vertical" | preco=470 | descricao="Mouse" | quantidade=381 }</msg>
<status status="PASS" starttime="20220714 02:04:06.696" endtime="20220714 02:04:06.696"/>
</kw>
<kw name="POST On Session" library="RequestsLibrary">
<var>${response}</var>
<arg>serverest</arg>
<arg>/produtos</arg>
<arg>data=&amp;{payload}</arg>
<arg>headers=${header}</arg>
<arg>expected_status=400</arg>
<doc>Sends a POST request on a previously created HTTP Session.</doc>
<msg timestamp="20220714 02:04:06.699" level="INFO">POST Request : url=http://localhost:3000/produtos 
 path_url=/produtos 
 headers={'User-Agent': 'python-requests/2.25.1', 'Accept-Encoding': 'gzip, deflate', 'Accept': '*/*', 'Connection': 'keep-alive', 'Authorization': 'Bearer eyJhbGciOiJIUzI1NiIsInR5cCI6IkpXVCJ9.eyJlbWFpbCI6ImZ1bGFub0BxYS5jb20iLCJwYXNzd29yZCI6Im5iYTEyMyIsImlhdCI6MTY1Nzc3NTA0NiwiZXhwIjoxNjU3Nzc1NjQ2fQ.Q99vzqmFm34HiTxvvKg1iTuO70xOQiVGrV3g4wutkRU', 'Content-Length': '78', 'Content-Type': 'application/x-www-form-urlencoded'} 
 body=nome=%22Logitech+MX+Vertical%22&amp;preco=470&amp;descricao=%22Mouse%22&amp;quantidade=381 
 </msg>
<msg timestamp="20220714 02:04:06.699" level="INFO">POST Response : url=http://localhost:3000/produtos 
 status=400, reason=Bad Request 
 headers={'Access-Control-Allow-Origin': '*', 'x-dns-prefetch-control': 'off', 'x-frame-options': 'SAMEORIGIN', 'strict-transport-security': 'max-age=15552000; includeSubDomains', 'x-download-options': 'noopen', 'x-content-type-options': 'nosniff', 'x-xss-protection': '1; mode=block', 'x-moesif-transaction-id': '0fab577b-d90d-429b-a8cb-d362a0985ac0', 'Content-Type': 'application/json; charset=utf-8', 'Content-Length': '53', 'Date': 'Thu, 14 Jul 2022 05:04:06 GMT', 'Connection': 'keep-alive', 'Keep-Alive': 'timeout=5'} 
 body={
    "message": "Já existe produto com esse nome"
} 
 </msg>
<msg timestamp="20220714 02:04:06.699" level="INFO">${response} = &lt;Response [400]&gt;</msg>
<status status="PASS" starttime="20220714 02:04:06.697" endtime="20220714 02:04:06.699"/>
</kw>
<kw name="Log To Console" library="BuiltIn">
<arg>Response: ${response.content}</arg>
<doc>Logs the given message to the console.</doc>
<status status="PASS" starttime="20220714 02:04:06.700" endtime="20220714 02:04:06.700"/>
</kw>
<kw name="Set Global Variable" library="BuiltIn">
<arg>${response}</arg>
<doc>Makes a variable available globally in all tests and suites.</doc>
<msg timestamp="20220714 02:04:06.700" level="INFO">${response} = &lt;Response [400]&gt;</msg>
<status status="PASS" starttime="20220714 02:04:06.700" endtime="20220714 02:04:06.700"/>
</kw>
<status status="PASS" starttime="20220714 02:04:06.696" endtime="20220714 02:04:06.700"/>
</kw>
<kw name="Validar Status Code &quot;400&quot;" library="common" sourcename="Validar Status Code &quot;${statuscode}&quot;">
<kw name="Should Be True" library="BuiltIn">
<arg>${response.status_code} == ${statuscode}</arg>
<doc>Fails if the given condition is not true.</doc>
<status status="PASS" starttime="20220714 02:04:06.701" endtime="20220714 02:04:06.701"/>
</kw>
<status status="PASS" starttime="20220714 02:04:06.700" endtime="20220714 02:04:06.701"/>
</kw>
<tag>POST_PRODUTO_EXISTENTE</tag>
<status status="PASS" starttime="20220714 02:04:06.689" endtime="20220714 02:04:06.701"/>
</test>
<test id="s1-t6" name="Cenário: POST Criar Produto Erro TOKEN 401" line="41">
<kw name="Fazer Login e Armazenar Token" library="00_login_keywords">
<kw name="POST Endpoint /login" library="00_login_keywords">
<kw name="Create Dictionary" library="BuiltIn">
<var>&amp;{payload}</var>
<arg>email=${email_para_login_adm}</arg>
<arg>password=${senha_para_login_adm}</arg>
<doc>Creates and returns a dictionary based on the given ``items``.</doc>
<msg timestamp="20220714 02:04:06.702" level="INFO">&amp;{payload} = { email=fulano@qa.com | password=nba123 }</msg>
<status status="PASS" starttime="20220714 02:04:06.702" endtime="20220714 02:04:06.703"/>
</kw>
<kw name="POST On Session" library="RequestsLibrary">
<var>${response}</var>
<arg>serverest</arg>
<arg>/login</arg>
<arg>data=&amp;{payload}</arg>
<doc>Sends a POST request on a previously created HTTP Session.</doc>
<msg timestamp="20220714 02:04:06.705" level="INFO">POST Request : url=http://localhost:3000/login 
 path_url=/login 
 headers={'User-Agent': 'python-requests/2.25.1', 'Accept-Encoding': 'gzip, deflate', 'Accept': '*/*', 'Connection': 'keep-alive', 'Content-Length': '37', 'Content-Type': 'application/x-www-form-urlencoded'} 
 body=email=fulano%40qa.com&amp;password=nba123 
 </msg>
<msg timestamp="20220714 02:04:06.705" level="INFO">POST Response : url=http://localhost:3000/login 
 status=200, reason=OK 
 headers={'Access-Control-Allow-Origin': '*', 'x-dns-prefetch-control': 'off', 'x-frame-options': 'SAMEORIGIN', 'strict-transport-security': 'max-age=15552000; includeSubDomains', 'x-download-options': 'noopen', 'x-content-type-options': 'nosniff', 'x-xss-protection': '1; mode=block', 'x-moesif-transaction-id': '92f040b4-caa1-4ee9-81cd-90ba380326cb', 'Content-Type': 'application/json; charset=utf-8', 'Content-Length': '267', 'Date': 'Thu, 14 Jul 2022 05:04:06 GMT', 'Connection': 'keep-alive', 'Keep-Alive': 'timeout=5'} 
 body={
    "message": "Login realizado com sucesso",
    "authorization": "Bearer eyJhbGciOiJIUzI1NiIsInR5cCI6IkpXVCJ9.eyJlbWFpbCI6ImZ1bGFub0BxYS5jb20iLCJwYXNzd29yZCI6Im5iYTEyMyIsImlhdCI6MTY1Nzc3NTA0NiwiZXhwIjoxNjU3Nzc1NjQ2fQ.Q99vzqmFm34HiTxvvKg1iTuO70xOQiVGrV3g4wutkRU"
} 
 </msg>
<msg timestamp="20220714 02:04:06.705" level="INFO">${response} = &lt;Response [200]&gt;</msg>
<status status="PASS" starttime="20220714 02:04:06.703" endtime="20220714 02:04:06.705"/>
</kw>
<kw name="Log To Console" library="BuiltIn">
<arg>Response: ${response.content}</arg>
<doc>Logs the given message to the console.</doc>
<status status="PASS" starttime="20220714 02:04:06.705" endtime="20220714 02:04:06.706"/>
</kw>
<kw name="Set Global Variable" library="BuiltIn">
<arg>${response}</arg>
<doc>Makes a variable available globally in all tests and suites.</doc>
<msg timestamp="20220714 02:04:06.706" level="INFO">${response} = &lt;Response [200]&gt;</msg>
<status status="PASS" starttime="20220714 02:04:06.706" endtime="20220714 02:04:06.706"/>
</kw>
<status status="PASS" starttime="20220714 02:04:06.702" endtime="20220714 02:04:06.706"/>
</kw>
<kw name="Validar Ter Logado" library="00_login_keywords">
<kw name="Should Be Equal" library="BuiltIn">
<arg>${response.json()["message"]}</arg>
<arg>Login realizado com sucesso</arg>
<doc>Fails if the given objects are unequal.</doc>
<status status="PASS" starttime="20220714 02:04:06.706" endtime="20220714 02:04:06.707"/>
</kw>
<kw name="Should Not Be Empty" library="BuiltIn">
<arg>${response.json()["authorization"]}</arg>
<doc>Verifies that the given item is not empty.</doc>
<msg timestamp="20220714 02:04:06.707" level="INFO">Length is 194</msg>
<status status="PASS" starttime="20220714 02:04:06.707" endtime="20220714 02:04:06.707"/>
</kw>
<status status="PASS" starttime="20220714 02:04:06.706" endtime="20220714 02:04:06.707"/>
</kw>
<kw name="Set Variable" library="BuiltIn">
<var>${token_auth}</var>
<arg>${response.json()["authorization"]}</arg>
<doc>Returns the given values which can then be assigned to a variables.</doc>
<msg timestamp="20220714 02:04:06.708" level="INFO">${token_auth} = Bearer eyJhbGciOiJIUzI1NiIsInR5cCI6IkpXVCJ9.eyJlbWFpbCI6ImZ1bGFub0BxYS5jb20iLCJwYXNzd29yZCI6Im5iYTEyMyIsImlhdCI6MTY1Nzc3NTA0NiwiZXhwIjoxNjU3Nzc1NjQ2fQ.Q99vzqmFm34HiTxvvKg1iTuO70xOQiVGrV3g4wutkRU</msg>
<status status="PASS" starttime="20220714 02:04:06.707" endtime="20220714 02:04:06.708"/>
</kw>
<kw name="Log To Console" library="BuiltIn">
<arg>Token Salvo: ${token_auth}</arg>
<doc>Logs the given message to the console.</doc>
<status status="PASS" starttime="20220714 02:04:06.708" endtime="20220714 02:04:06.708"/>
</kw>
<kw name="Set Global Variable" library="BuiltIn">
<arg>${token_auth}</arg>
<doc>Makes a variable available globally in all tests and suites.</doc>
<msg timestamp="20220714 02:04:06.708" level="INFO">${token_auth} = Bearer eyJhbGciOiJIUzI1NiIsInR5cCI6IkpXVCJ9.eyJlbWFpbCI6ImZ1bGFub0BxYS5jb20iLCJwYXNzd29yZCI6Im5iYTEyMyIsImlhdCI6MTY1Nzc3NTA0NiwiZXhwIjoxNjU3Nzc1NjQ2fQ.Q99vzqmFm34HiTxvvKg1iTuO70xOQiVGrV3g4wutkRU</msg>
<status status="PASS" starttime="20220714 02:04:06.708" endtime="20220714 02:04:06.708"/>
</kw>
<status status="PASS" starttime="20220714 02:04:06.702" endtime="20220714 02:04:06.708"/>
</kw>
<kw name="Criar Dados Produto Valido" library="01_produtos_dynamics">
<kw name="Evaluate" library="BuiltIn">
<var>${produto}</var>
<arg>random.choice(@{produto}) + " " + random.choice(@{marca})</arg>
<arg>random</arg>
<doc>Evaluates the given expression in Python and returns the result.</doc>
<msg timestamp="20220714 02:04:06.709" level="INFO">${produto} = Memória Asus</msg>
<status status="PASS" starttime="20220714 02:04:06.708" endtime="20220714 02:04:06.709"/>
</kw>
<kw name="Random Number" library="FakerLibrary">
<var>${codigo}</var>
<arg>digits=5</arg>
<doc>Generate a random integer according to the following rules:</doc>
<msg timestamp="20220714 02:04:06.709" level="INFO">${codigo} = 2493</msg>
<status status="PASS" starttime="20220714 02:04:06.709" endtime="20220714 02:04:06.709"/>
</kw>
<kw name="Catenate" library="BuiltIn">
<var>${nome}</var>
<arg>${produto} ${codigo}</arg>
<doc>Catenates the given items together and returns the resulted string.</doc>
<msg timestamp="20220714 02:04:06.709" level="INFO">${nome} = Memória Asus 2493</msg>
<status status="PASS" starttime="20220714 02:04:06.709" endtime="20220714 02:04:06.709"/>
</kw>
<kw name="Random Number" library="FakerLibrary">
<var>${preco}</var>
<arg>digits=3</arg>
<doc>Generate a random integer according to the following rules:</doc>
<msg timestamp="20220714 02:04:06.709" level="INFO">${preco} = 66</msg>
<status status="PASS" starttime="20220714 02:04:06.709" endtime="20220714 02:04:06.709"/>
</kw>
<kw name="Random Number" library="FakerLibrary">
<var>${quantidade}</var>
<arg>digits=3</arg>
<doc>Generate a random integer according to the following rules:</doc>
<msg timestamp="20220714 02:04:06.710" level="INFO">${quantidade} = 157</msg>
<status status="PASS" starttime="20220714 02:04:06.710" endtime="20220714 02:04:06.710"/>
</kw>
<kw name="Create Dictionary" library="BuiltIn">
<var>&amp;{payload}</var>
<arg>nome=${nome}</arg>
<arg>preco=${preco}</arg>
<arg>descricao=${descricao}</arg>
<arg>quantidade=${quantidade}</arg>
<doc>Creates and returns a dictionary based on the given ``items``.</doc>
<msg timestamp="20220714 02:04:06.710" level="INFO">&amp;{payload} = { nome=Memória Asus 2493 | preco=66 | descricao=Eletroeletrônico | quantidade=157 }</msg>
<status status="PASS" starttime="20220714 02:04:06.710" endtime="20220714 02:04:06.710"/>
</kw>
<kw name="Log To Console" library="BuiltIn">
<arg>${payload}</arg>
<doc>Logs the given message to the console.</doc>
<status status="PASS" starttime="20220714 02:04:06.710" endtime="20220714 02:04:06.710"/>
</kw>
<kw name="Set Global Variable" library="BuiltIn">
<arg>${payload}</arg>
<doc>Makes a variable available globally in all tests and suites.</doc>
<msg timestamp="20220714 02:04:06.711" level="INFO">${payload} = {'nome': 'Memória Asus 2493', 'preco': 66, 'descricao': 'Eletroeletrônico', 'quantidade': 157}</msg>
<status status="PASS" starttime="20220714 02:04:06.711" endtime="20220714 02:04:06.711"/>
</kw>
<status status="PASS" starttime="20220714 02:04:06.708" endtime="20220714 02:04:06.711"/>
</kw>
<kw name="POST Endpoint /produtos TOKEN" library="02_produtos_keywords">
<kw name="Create Dictionary" library="BuiltIn">
<var>&amp;{header}</var>
<arg>Authorization=${token_auth}</arg>
<doc>Creates and returns a dictionary based on the given ``items``.</doc>
<msg timestamp="20220714 02:04:06.711" level="INFO">&amp;{header} = { Authorization=Bearer eyJhbGciOiJIUzI1NiIsInR5cCI6IkpXVCJ9.eyJlbWFpbCI6ImZ1bGFub0BxYS5jb20iLCJwYXNzd29yZCI6Im5iYTEyMyIsImlhdCI6MTY1Nzc3NTA0NiwiZXhwIjoxNjU3Nzc1NjQ2fQ.Q99vzqmFm34HiTxvvKg1iTuO70xOQiVGr...</msg>
<status status="PASS" starttime="20220714 02:04:06.711" endtime="20220714 02:04:06.711"/>
</kw>
<kw name="POST On Session" library="RequestsLibrary">
<var>${response}</var>
<arg>serverest</arg>
<arg>/produtos</arg>
<arg>data=&amp;{payload}</arg>
<arg>expected_status=401</arg>
<doc>Sends a POST request on a previously created HTTP Session.</doc>
<msg timestamp="20220714 02:04:06.714" level="INFO">POST Request : url=http://localhost:3000/produtos 
 path_url=/produtos 
 headers={'User-Agent': 'python-requests/2.25.1', 'Accept-Encoding': 'gzip, deflate', 'Accept': '*/*', 'Connection': 'keep-alive', 'Content-Length': '83', 'Content-Type': 'application/x-www-form-urlencoded'} 
 body=nome=Mem%C3%B3ria+Asus+2493&amp;preco=66&amp;descricao=Eletroeletr%C3%B4nico&amp;quantidade=157 
 </msg>
<msg timestamp="20220714 02:04:06.714" level="INFO">POST Response : url=http://localhost:3000/produtos 
 status=401, reason=Unauthorized 
 headers={'Access-Control-Allow-Origin': '*', 'x-dns-prefetch-control': 'off', 'x-frame-options': 'SAMEORIGIN', 'strict-transport-security': 'max-age=15552000; includeSubDomains', 'x-download-options': 'noopen', 'x-content-type-options': 'nosniff', 'x-xss-protection': '1; mode=block', 'x-moesif-transaction-id': '92a1c27e-0312-493c-a59a-f717bf6a2a59', 'Content-Type': 'application/json; charset=utf-8', 'Content-Length': '103', 'Date': 'Thu, 14 Jul 2022 05:04:06 GMT', 'Connection': 'keep-alive', 'Keep-Alive': 'timeout=5'} 
 body={
    "message": "Token de acesso ausente, inválido, expirado ou usuário do token não existe mais"
} 
 </msg>
<msg timestamp="20220714 02:04:06.714" level="INFO">${response} = &lt;Response [401]&gt;</msg>
<status status="PASS" starttime="20220714 02:04:06.711" endtime="20220714 02:04:06.714"/>
</kw>
<kw name="Log To Console" library="BuiltIn">
<arg>Response: ${response.content}</arg>
<doc>Logs the given message to the console.</doc>
<status status="PASS" starttime="20220714 02:04:06.714" endtime="20220714 02:04:06.715"/>
</kw>
<kw name="Set Global Variable" library="BuiltIn">
<arg>${response}</arg>
<doc>Makes a variable available globally in all tests and suites.</doc>
<msg timestamp="20220714 02:04:06.715" level="INFO">${response} = &lt;Response [401]&gt;</msg>
<status status="PASS" starttime="20220714 02:04:06.715" endtime="20220714 02:04:06.715"/>
</kw>
<status status="PASS" starttime="20220714 02:04:06.711" endtime="20220714 02:04:06.715"/>
</kw>
<kw name="Validar Status Code &quot;401&quot;" library="common" sourcename="Validar Status Code &quot;${statuscode}&quot;">
<kw name="Should Be True" library="BuiltIn">
<arg>${response.status_code} == ${statuscode}</arg>
<doc>Fails if the given condition is not true.</doc>
<status status="PASS" starttime="20220714 02:04:06.715" endtime="20220714 02:04:06.716"/>
</kw>
<status status="PASS" starttime="20220714 02:04:06.715" endtime="20220714 02:04:06.716"/>
</kw>
<tag>POST_PRODUTO_TOKEN</tag>
<status status="PASS" starttime="20220714 02:04:06.702" endtime="20220714 02:04:06.716"/>
</test>
<test id="s1-t7" name="Cenário: POST Criar Produto Rota Exclusiva 403" line="48">
<kw name="Fazer Login e Armazenar Token Nao Administrador" library="00_login_keywords">
<kw name="POST Endpoint /login Nao Administrador" library="00_login_keywords">
<kw name="Create Dictionary" library="BuiltIn">
<var>&amp;{payload}</var>
<arg>email=${email_para_login}</arg>
<arg>password=${senha_para_login}</arg>
<doc>Creates and returns a dictionary based on the given ``items``.</doc>
<msg timestamp="20220714 02:04:06.717" level="INFO">&amp;{payload} = { email=anthony95@example.com | password=aCc1Wnkq78 }</msg>
<status status="PASS" starttime="20220714 02:04:06.717" endtime="20220714 02:04:06.717"/>
</kw>
<kw name="POST On Session" library="RequestsLibrary">
<var>${response}</var>
<arg>serverest</arg>
<arg>/login</arg>
<arg>data=&amp;{payload}</arg>
<doc>Sends a POST request on a previously created HTTP Session.</doc>
<msg timestamp="20220714 02:04:06.721" level="INFO">POST Request : url=http://localhost:3000/login 
 path_url=/login 
 headers={'User-Agent': 'python-requests/2.25.1', 'Accept-Encoding': 'gzip, deflate', 'Accept': '*/*', 'Connection': 'keep-alive', 'Content-Length': '49', 'Content-Type': 'application/x-www-form-urlencoded'} 
 body=email=anthony95%40example.com&amp;password=aCc1Wnkq78 
 </msg>
<msg timestamp="20220714 02:04:06.721" level="INFO">POST Response : url=http://localhost:3000/login 
 status=200, reason=OK 
 headers={'Access-Control-Allow-Origin': '*', 'x-dns-prefetch-control': 'off', 'x-frame-options': 'SAMEORIGIN', 'strict-transport-security': 'max-age=15552000; includeSubDomains', 'x-download-options': 'noopen', 'x-content-type-options': 'nosniff', 'x-xss-protection': '1; mode=block', 'x-moesif-transaction-id': 'b470d18a-ee4a-449c-9800-18a1b4abee09', 'Content-Type': 'application/json; charset=utf-8', 'Content-Length': '283', 'Date': 'Thu, 14 Jul 2022 05:04:06 GMT', 'Connection': 'keep-alive', 'Keep-Alive': 'timeout=5'} 
 body={
    "message": "Login realizado com sucesso",
    "authorization": "Bearer eyJhbGciOiJIUzI1NiIsInR5cCI6IkpXVCJ9.eyJlbWFpbCI6ImFudGhvbnk5NUBleGFtcGxlLmNvbSIsInBhc3N3b3JkIjoiYUNjMVdua3E3OCIsImlhdCI6MTY1Nzc3NTA0NiwiZXhwIjoxNjU3Nzc1NjQ2fQ.OG9cc838H1OKMDAbhWrcBkqCggstwhdHu6nvj8RuKn0"
} 
 </msg>
<msg timestamp="20220714 02:04:06.721" level="INFO">${response} = &lt;Response [200]&gt;</msg>
<status status="PASS" starttime="20220714 02:04:06.718" endtime="20220714 02:04:06.721"/>
</kw>
<kw name="Log To Console" library="BuiltIn">
<arg>Response: ${response.content}</arg>
<doc>Logs the given message to the console.</doc>
<status status="PASS" starttime="20220714 02:04:06.721" endtime="20220714 02:04:06.722"/>
</kw>
<kw name="Set Global Variable" library="BuiltIn">
<arg>${response}</arg>
<doc>Makes a variable available globally in all tests and suites.</doc>
<msg timestamp="20220714 02:04:06.722" level="INFO">${response} = &lt;Response [200]&gt;</msg>
<status status="PASS" starttime="20220714 02:04:06.722" endtime="20220714 02:04:06.722"/>
</kw>
<status status="PASS" starttime="20220714 02:04:06.717" endtime="20220714 02:04:06.722"/>
</kw>
<kw name="Validar Ter Logado" library="00_login_keywords">
<kw name="Should Be Equal" library="BuiltIn">
<arg>${response.json()["message"]}</arg>
<arg>Login realizado com sucesso</arg>
<doc>Fails if the given objects are unequal.</doc>
<status status="PASS" starttime="20220714 02:04:06.722" endtime="20220714 02:04:06.723"/>
</kw>
<kw name="Should Not Be Empty" library="BuiltIn">
<arg>${response.json()["authorization"]}</arg>
<doc>Verifies that the given item is not empty.</doc>
<msg timestamp="20220714 02:04:06.723" level="INFO">Length is 210</msg>
<status status="PASS" starttime="20220714 02:04:06.723" endtime="20220714 02:04:06.723"/>
</kw>
<status status="PASS" starttime="20220714 02:04:06.722" endtime="20220714 02:04:06.723"/>
</kw>
<kw name="Set Variable" library="BuiltIn">
<var>${token_auth}</var>
<arg>${response.json()["authorization"]}</arg>
<doc>Returns the given values which can then be assigned to a variables.</doc>
<msg timestamp="20220714 02:04:06.724" level="INFO">${token_auth} = Bearer eyJhbGciOiJIUzI1NiIsInR5cCI6IkpXVCJ9.eyJlbWFpbCI6ImFudGhvbnk5NUBleGFtcGxlLmNvbSIsInBhc3N3b3JkIjoiYUNjMVdua3E3OCIsImlhdCI6MTY1Nzc3NTA0NiwiZXhwIjoxNjU3Nzc1NjQ2fQ.OG9cc838H1OKMDAbhWrcBkqCggstwhdHu...</msg>
<status status="PASS" starttime="20220714 02:04:06.723" endtime="20220714 02:04:06.724"/>
</kw>
<kw name="Log To Console" library="BuiltIn">
<arg>Token Salvo: ${token_auth}</arg>
<doc>Logs the given message to the console.</doc>
<status status="PASS" starttime="20220714 02:04:06.724" endtime="20220714 02:04:06.724"/>
</kw>
<kw name="Set Global Variable" library="BuiltIn">
<arg>${token_auth}</arg>
<doc>Makes a variable available globally in all tests and suites.</doc>
<msg timestamp="20220714 02:04:06.724" level="INFO">${token_auth} = Bearer eyJhbGciOiJIUzI1NiIsInR5cCI6IkpXVCJ9.eyJlbWFpbCI6ImFudGhvbnk5NUBleGFtcGxlLmNvbSIsInBhc3N3b3JkIjoiYUNjMVdua3E3OCIsImlhdCI6MTY1Nzc3NTA0NiwiZXhwIjoxNjU3Nzc1NjQ2fQ.OG9cc838H1OKMDAbhWrcBkqCggstwhdHu...</msg>
<status status="PASS" starttime="20220714 02:04:06.724" endtime="20220714 02:04:06.724"/>
</kw>
<status status="PASS" starttime="20220714 02:04:06.717" endtime="20220714 02:04:06.724"/>
</kw>
<kw name="Criar Dados Produto Valido" library="01_produtos_dynamics">
<kw name="Evaluate" library="BuiltIn">
<var>${produto}</var>
<arg>random.choice(@{produto}) + " " + random.choice(@{marca})</arg>
<arg>random</arg>
<doc>Evaluates the given expression in Python and returns the result.</doc>
<msg timestamp="20220714 02:04:06.725" level="INFO">${produto} = Memória Samsung</msg>
<status status="PASS" starttime="20220714 02:04:06.724" endtime="20220714 02:04:06.725"/>
</kw>
<kw name="Random Number" library="FakerLibrary">
<var>${codigo}</var>
<arg>digits=5</arg>
<doc>Generate a random integer according to the following rules:</doc>
<msg timestamp="20220714 02:04:06.725" level="INFO">${codigo} = 78798</msg>
<status status="PASS" starttime="20220714 02:04:06.725" endtime="20220714 02:04:06.725"/>
</kw>
<kw name="Catenate" library="BuiltIn">
<var>${nome}</var>
<arg>${produto} ${codigo}</arg>
<doc>Catenates the given items together and returns the resulted string.</doc>
<msg timestamp="20220714 02:04:06.725" level="INFO">${nome} = Memória Samsung 78798</msg>
<status status="PASS" starttime="20220714 02:04:06.725" endtime="20220714 02:04:06.725"/>
</kw>
<kw name="Random Number" library="FakerLibrary">
<var>${preco}</var>
<arg>digits=3</arg>
<doc>Generate a random integer according to the following rules:</doc>
<msg timestamp="20220714 02:04:06.725" level="INFO">${preco} = 764</msg>
<status status="PASS" starttime="20220714 02:04:06.725" endtime="20220714 02:04:06.725"/>
</kw>
<kw name="Random Number" library="FakerLibrary">
<var>${quantidade}</var>
<arg>digits=3</arg>
<doc>Generate a random integer according to the following rules:</doc>
<msg timestamp="20220714 02:04:06.725" level="INFO">${quantidade} = 464</msg>
<status status="PASS" starttime="20220714 02:04:06.725" endtime="20220714 02:04:06.725"/>
</kw>
<kw name="Create Dictionary" library="BuiltIn">
<var>&amp;{payload}</var>
<arg>nome=${nome}</arg>
<arg>preco=${preco}</arg>
<arg>descricao=${descricao}</arg>
<arg>quantidade=${quantidade}</arg>
<doc>Creates and returns a dictionary based on the given ``items``.</doc>
<msg timestamp="20220714 02:04:06.726" level="INFO">&amp;{payload} = { nome=Memória Samsung 78798 | preco=764 | descricao=Eletroeletrônico | quantidade=464 }</msg>
<status status="PASS" starttime="20220714 02:04:06.725" endtime="20220714 02:04:06.726"/>
</kw>
<kw name="Log To Console" library="BuiltIn">
<arg>${payload}</arg>
<doc>Logs the given message to the console.</doc>
<status status="PASS" starttime="20220714 02:04:06.726" endtime="20220714 02:04:06.726"/>
</kw>
<kw name="Set Global Variable" library="BuiltIn">
<arg>${payload}</arg>
<doc>Makes a variable available globally in all tests and suites.</doc>
<msg timestamp="20220714 02:04:06.726" level="INFO">${payload} = {'nome': 'Memória Samsung 78798', 'preco': 764, 'descricao': 'Eletroeletrônico', 'quantidade': 464}</msg>
<status status="PASS" starttime="20220714 02:04:06.726" endtime="20220714 02:04:06.726"/>
</kw>
<status status="PASS" starttime="20220714 02:04:06.724" endtime="20220714 02:04:06.726"/>
</kw>
<kw name="POST Endpoint /produtos Rota Exclusiva para Administradores" library="02_produtos_keywords">
<kw name="Create Dictionary" library="BuiltIn">
<var>&amp;{header}</var>
<arg>Authorization=${token_auth}</arg>
<doc>Creates and returns a dictionary based on the given ``items``.</doc>
<msg timestamp="20220714 02:04:06.727" level="INFO">&amp;{header} = { Authorization=Bearer eyJhbGciOiJIUzI1NiIsInR5cCI6IkpXVCJ9.eyJlbWFpbCI6ImFudGhvbnk5NUBleGFtcGxlLmNvbSIsInBhc3N3b3JkIjoiYUNjMVdua3E3OCIsImlhdCI6MTY1Nzc3NTA0NiwiZXhwIjoxNjU3Nzc1NjQ2fQ.OG9cc838H1OKMDAbh...</msg>
<status status="PASS" starttime="20220714 02:04:06.727" endtime="20220714 02:04:06.727"/>
</kw>
<kw name="POST On Session" library="RequestsLibrary">
<var>${response}</var>
<arg>serverest</arg>
<arg>/produtos</arg>
<arg>data=&amp;{payload}</arg>
<arg>headers=${header}</arg>
<arg>expected_status=403</arg>
<doc>Sends a POST request on a previously created HTTP Session.</doc>
<msg timestamp="20220714 02:04:06.730" level="INFO">POST Request : url=http://localhost:3000/produtos 
 path_url=/produtos 
 headers={'User-Agent': 'python-requests/2.25.1', 'Accept-Encoding': 'gzip, deflate', 'Accept': '*/*', 'Connection': 'keep-alive', 'Authorization': 'Bearer eyJhbGciOiJIUzI1NiIsInR5cCI6IkpXVCJ9.eyJlbWFpbCI6ImFudGhvbnk5NUBleGFtcGxlLmNvbSIsInBhc3N3b3JkIjoiYUNjMVdua3E3OCIsImlhdCI6MTY1Nzc3NTA0NiwiZXhwIjoxNjU3Nzc1NjQ2fQ.OG9cc838H1OKMDAbhWrcBkqCggstwhdHu6nvj8RuKn0', 'Content-Length': '88', 'Content-Type': 'application/x-www-form-urlencoded'} 
 body=nome=Mem%C3%B3ria+Samsung+78798&amp;preco=764&amp;descricao=Eletroeletr%C3%B4nico&amp;quantidade=464 
 </msg>
<msg timestamp="20220714 02:04:06.730" level="INFO">POST Response : url=http://localhost:3000/produtos 
 status=403, reason=Forbidden 
 headers={'Access-Control-Allow-Origin': '*', 'x-dns-prefetch-control': 'off', 'x-frame-options': 'SAMEORIGIN', 'strict-transport-security': 'max-age=15552000; includeSubDomains', 'x-download-options': 'noopen', 'x-content-type-options': 'nosniff', 'x-xss-protection': '1; mode=block', 'x-moesif-transaction-id': 'b37c00f3-efe0-4a1c-8fda-d2d83e8ad4bd', 'Content-Type': 'application/json; charset=utf-8', 'Content-Length': '56', 'Date': 'Thu, 14 Jul 2022 05:04:06 GMT', 'Connection': 'keep-alive', 'Keep-Alive': 'timeout=5'} 
 body={
    "message": "Rota exclusiva para administradores"
} 
 </msg>
<msg timestamp="20220714 02:04:06.730" level="INFO">${response} = &lt;Response [403]&gt;</msg>
<status status="PASS" starttime="20220714 02:04:06.727" endtime="20220714 02:04:06.730"/>
</kw>
<kw name="Log To Console" library="BuiltIn">
<arg>Response: ${response.content}</arg>
<doc>Logs the given message to the console.</doc>
<status status="PASS" starttime="20220714 02:04:06.730" endtime="20220714 02:04:06.731"/>
</kw>
<kw name="Set Global Variable" library="BuiltIn">
<arg>${response}</arg>
<doc>Makes a variable available globally in all tests and suites.</doc>
<msg timestamp="20220714 02:04:06.731" level="INFO">${response} = &lt;Response [403]&gt;</msg>
<status status="PASS" starttime="20220714 02:04:06.731" endtime="20220714 02:04:06.731"/>
</kw>
<status status="PASS" starttime="20220714 02:04:06.726" endtime="20220714 02:04:06.731"/>
</kw>
<kw name="Validar Status Code &quot;403&quot;" library="common" sourcename="Validar Status Code &quot;${statuscode}&quot;">
<kw name="Should Be True" library="BuiltIn">
<arg>${response.status_code} == ${statuscode}</arg>
<doc>Fails if the given condition is not true.</doc>
<status status="PASS" starttime="20220714 02:04:06.731" endtime="20220714 02:04:06.732"/>
</kw>
<status status="PASS" starttime="20220714 02:04:06.731" endtime="20220714 02:04:06.732"/>
</kw>
<tag>POST_PRODUTO</tag>
<status status="PASS" starttime="20220714 02:04:06.716" endtime="20220714 02:04:06.732"/>
</test>
<test id="s1-t8" name="Cenário: PUT Editar Produto 200" line="56">
<kw name="Fazer Login e Armazenar Token" library="00_login_keywords">
<kw name="POST Endpoint /login" library="00_login_keywords">
<kw name="Create Dictionary" library="BuiltIn">
<var>&amp;{payload}</var>
<arg>email=${email_para_login_adm}</arg>
<arg>password=${senha_para_login_adm}</arg>
<doc>Creates and returns a dictionary based on the given ``items``.</doc>
<msg timestamp="20220714 02:04:06.733" level="INFO">&amp;{payload} = { email=fulano@qa.com | password=nba123 }</msg>
<status status="PASS" starttime="20220714 02:04:06.733" endtime="20220714 02:04:06.733"/>
</kw>
<kw name="POST On Session" library="RequestsLibrary">
<var>${response}</var>
<arg>serverest</arg>
<arg>/login</arg>
<arg>data=&amp;{payload}</arg>
<doc>Sends a POST request on a previously created HTTP Session.</doc>
<msg timestamp="20220714 02:04:06.735" level="INFO">POST Request : url=http://localhost:3000/login 
 path_url=/login 
 headers={'User-Agent': 'python-requests/2.25.1', 'Accept-Encoding': 'gzip, deflate', 'Accept': '*/*', 'Connection': 'keep-alive', 'Content-Length': '37', 'Content-Type': 'application/x-www-form-urlencoded'} 
 body=email=fulano%40qa.com&amp;password=nba123 
 </msg>
<msg timestamp="20220714 02:04:06.735" level="INFO">POST Response : url=http://localhost:3000/login 
 status=200, reason=OK 
 headers={'Access-Control-Allow-Origin': '*', 'x-dns-prefetch-control': 'off', 'x-frame-options': 'SAMEORIGIN', 'strict-transport-security': 'max-age=15552000; includeSubDomains', 'x-download-options': 'noopen', 'x-content-type-options': 'nosniff', 'x-xss-protection': '1; mode=block', 'x-moesif-transaction-id': 'd99c76c8-1980-4c04-b5d2-ebbfc678692e', 'Content-Type': 'application/json; charset=utf-8', 'Content-Length': '267', 'Date': 'Thu, 14 Jul 2022 05:04:06 GMT', 'Connection': 'keep-alive', 'Keep-Alive': 'timeout=5'} 
 body={
    "message": "Login realizado com sucesso",
    "authorization": "Bearer eyJhbGciOiJIUzI1NiIsInR5cCI6IkpXVCJ9.eyJlbWFpbCI6ImZ1bGFub0BxYS5jb20iLCJwYXNzd29yZCI6Im5iYTEyMyIsImlhdCI6MTY1Nzc3NTA0NiwiZXhwIjoxNjU3Nzc1NjQ2fQ.Q99vzqmFm34HiTxvvKg1iTuO70xOQiVGrV3g4wutkRU"
} 
 </msg>
<msg timestamp="20220714 02:04:06.735" level="INFO">${response} = &lt;Response [200]&gt;</msg>
<status status="PASS" starttime="20220714 02:04:06.733" endtime="20220714 02:04:06.735"/>
</kw>
<kw name="Log To Console" library="BuiltIn">
<arg>Response: ${response.content}</arg>
<doc>Logs the given message to the console.</doc>
<status status="PASS" starttime="20220714 02:04:06.736" endtime="20220714 02:04:06.736"/>
</kw>
<kw name="Set Global Variable" library="BuiltIn">
<arg>${response}</arg>
<doc>Makes a variable available globally in all tests and suites.</doc>
<msg timestamp="20220714 02:04:06.736" level="INFO">${response} = &lt;Response [200]&gt;</msg>
<status status="PASS" starttime="20220714 02:04:06.736" endtime="20220714 02:04:06.736"/>
</kw>
<status status="PASS" starttime="20220714 02:04:06.733" endtime="20220714 02:04:06.736"/>
</kw>
<kw name="Validar Ter Logado" library="00_login_keywords">
<kw name="Should Be Equal" library="BuiltIn">
<arg>${response.json()["message"]}</arg>
<arg>Login realizado com sucesso</arg>
<doc>Fails if the given objects are unequal.</doc>
<status status="PASS" starttime="20220714 02:04:06.737" endtime="20220714 02:04:06.737"/>
</kw>
<kw name="Should Not Be Empty" library="BuiltIn">
<arg>${response.json()["authorization"]}</arg>
<doc>Verifies that the given item is not empty.</doc>
<msg timestamp="20220714 02:04:06.737" level="INFO">Length is 194</msg>
<status status="PASS" starttime="20220714 02:04:06.737" endtime="20220714 02:04:06.737"/>
</kw>
<status status="PASS" starttime="20220714 02:04:06.736" endtime="20220714 02:04:06.737"/>
</kw>
<kw name="Set Variable" library="BuiltIn">
<var>${token_auth}</var>
<arg>${response.json()["authorization"]}</arg>
<doc>Returns the given values which can then be assigned to a variables.</doc>
<msg timestamp="20220714 02:04:06.738" level="INFO">${token_auth} = Bearer eyJhbGciOiJIUzI1NiIsInR5cCI6IkpXVCJ9.eyJlbWFpbCI6ImZ1bGFub0BxYS5jb20iLCJwYXNzd29yZCI6Im5iYTEyMyIsImlhdCI6MTY1Nzc3NTA0NiwiZXhwIjoxNjU3Nzc1NjQ2fQ.Q99vzqmFm34HiTxvvKg1iTuO70xOQiVGrV3g4wutkRU</msg>
<status status="PASS" starttime="20220714 02:04:06.737" endtime="20220714 02:04:06.738"/>
</kw>
<kw name="Log To Console" library="BuiltIn">
<arg>Token Salvo: ${token_auth}</arg>
<doc>Logs the given message to the console.</doc>
<status status="PASS" starttime="20220714 02:04:06.738" endtime="20220714 02:04:06.738"/>
</kw>
<kw name="Set Global Variable" library="BuiltIn">
<arg>${token_auth}</arg>
<doc>Makes a variable available globally in all tests and suites.</doc>
<msg timestamp="20220714 02:04:06.738" level="INFO">${token_auth} = Bearer eyJhbGciOiJIUzI1NiIsInR5cCI6IkpXVCJ9.eyJlbWFpbCI6ImZ1bGFub0BxYS5jb20iLCJwYXNzd29yZCI6Im5iYTEyMyIsImlhdCI6MTY1Nzc3NTA0NiwiZXhwIjoxNjU3Nzc1NjQ2fQ.Q99vzqmFm34HiTxvvKg1iTuO70xOQiVGrV3g4wutkRU</msg>
<status status="PASS" starttime="20220714 02:04:06.738" endtime="20220714 02:04:06.738"/>
</kw>
<status status="PASS" starttime="20220714 02:04:06.732" endtime="20220714 02:04:06.738"/>
</kw>
<kw name="Encontrar ID de um Produto Cadastrado" library="02_produtos_keywords">
<kw name="GET Endpoint /produtos" library="02_produtos_keywords">
<kw name="GET On Session" library="RequestsLibrary">
<var>${response}</var>
<arg>serverest</arg>
<arg>/produtos</arg>
<doc>Sends a GET request on a previously created HTTP Session.</doc>
<msg timestamp="20220714 02:04:06.741" level="INFO">GET Request : url=http://localhost:3000/produtos 
 path_url=/produtos 
 headers={'User-Agent': 'python-requests/2.25.1', 'Accept-Encoding': 'gzip, deflate', 'Accept': '*/*', 'Connection': 'keep-alive'} 
 body=None 
 </msg>
<msg timestamp="20220714 02:04:06.741" level="INFO">GET Response : url=http://localhost:3000/produtos 
 status=200, reason=OK 
 headers={'Access-Control-Allow-Origin': '*', 'x-dns-prefetch-control': 'off', 'x-frame-options': 'SAMEORIGIN', 'strict-transport-security': 'max-age=15552000; includeSubDomains', 'x-download-options': 'noopen', 'x-content-type-options': 'nosniff', 'x-xss-protection': '1; mode=block', 'x-moesif-transaction-id': 'db427ab0-77b5-40ea-81e8-e60705c99f90', 'Content-Type': 'application/json; charset=utf-8', 'Content-Length': '5963', 'Date': 'Thu, 14 Jul 2022 05:04:06 GMT', 'Connection': 'keep-alive', 'Keep-Alive': 'timeout=5'} 
 body={
    "quantidade": 29,
    "produtos": [
        {
            "nome": "Computador Dell 93631",
            "preco": 970,
            "descricao": "Eletroeletrônico",
            "quantidade": 563,
            "_id": "BeeJh5lz3k6kSIzA"
        },
        {
            "nome": "Computador Sony 92032",
            "preco": 268,
            "descricao": "Eletroeletrônico",
            "quantidade": 692,
            "_id": "CBrdEBrY1gi8fKMe"
        },
        {
            "nome": "\"Logitech MX Vertical\"",
            "preco": 470,
            "descricao": "\"Mouse\"",
            "quantidade": 381,
            "_id": "EJx3JOee4DBt2VTr"
        },
        {
            "nome": "Mouse Philco 33641",
            "preco": 305,
            "descricao": "Eletroeletrônico",
            "quantidade": 603,
            "_id": "GY29o6aGthWHIcG5"
        },
        {
            "nome": "Mouse Samsung 45790",
            "preco": 839,
            "descricao": "Eletroeletrônico",
            "quantidade": 706,
            "_id": "HeYLZcgamf5BcihU"
        },
        {
            "nome": "Notebook Asus 68778",
            "preco": 661,
            "descricao": "Eletroeletrônico",
            "quantidade": 154,
            "_id": "Ip1EBPQWEOWUn7IW"
        },
        {
            "nome": "Notebook Philco 48437",
            "preco": 360,
            "descricao": "Eletroeletrônico",
            "quantidade": 732,
            "_id": "K2g9vX2vSTCHenM1"
        },
        {
            "nome": "Samsung 60 polegadas",
            "preco": 5240,
            "descricao": "TV",
            "quantidade": 49977,
            "_id": "K6leHdftCeOJj8BJ"
        },
        {
            "nome": "Mouse LG 72105",
            "preco": 504,
            "descricao": "Eletroeletrônico",
            "quantidade": 927,
            "_id": "KEcYmQ1as5VR9wKT"
        },
        {
            "nome": "Teclado Samsung 69701",
            "preco": 489,
            "descricao": "quite",
            "quantidade": 5616,
            "_id": "P4HCMaM4diRJVofC"
        },
        {
            "nome": "Memória Dell 68872",
            "preco": 93,
            "descricao": "Eletroeletrônico",
            "quantidade": 20,
            "_id": "QGCKLKPnCJe4etx4"
        },
        {
            "nome": "Memória Philco 66865",
            "preco": 903,
            "descricao": "Eletroeletrônico",
            "quantidade": 208,
            "_id": "QsewlX4nwkJ2l6Nz"
        },
        {
            "nome": "Teclado LG 3200",
            "preco": 983,
            "descricao": "Eletroeletrônico",
            "quantidade": 172,
            "_id": "RANqSGUx2h6jMS29"
        },
        {
            "nome": "Teclado Asus 28988",
            "preco": 423,
            "descricao": "Eletroeletrônico",
            "quantidade": 759,
            "_id": "S3CgAdzzJjQI3Dia"
        },
        {
            "nome": "Televisão Acer 55138",
            "preco": 29,
            "descricao": "Eletroeletrônico",
            "quantidade": 906,
            "_id": "SQLnqDd2Vj1wNF2V"
        },
        {
            "nome": "Mouse Sony 72732",
            "preco": 803,
            "descricao": "Eletroeletrônico",
            "quantidade": 401,
            "_id": "TARpe8g492uqSA7r"
        },
        {
            "nome": "Computador Acer 55895",
            "preco": 765,
            "descricao": "Eletroeletrônico",
            "quantidade": 288,
            "_id": "U40ZQM2phsorMRU2"
        },
        {
            "nome": "Monitor Sony 22998",
            "preco": 484,
            "descricao": "Eletroeletrônico",
            "quantidade": 2777,
            "_id": "UKkM4M06BTuPwHAK"
        },
        {
            "nome": "Computador Acer 81796",
            "preco": 966,
            "descricao": "Eletroeletrônico",
            "quantidade": 998,
            "_id": "YFMYr2f9K16uV8A4"
        },
        {
            "nome": "Mouse Samsung 36774",
            "preco": 83,
            "descricao": "Eletroeletrônico",
            "quantidade": 536,
            "_id": "aqckBLqNGCcuBanj"
        },
        {
            "nome": "Mouse Asus 54048",
            "preco": 938,
            "descricao": "Eletroeletrônico",
            "quantidade": 717,
            "_id": "csi79TDLS2RaXBKY"
        },
        {
            "nome": "Monitor Philco 14519",
            "preco": 263,
            "descricao": "Eletroeletrônico",
            "quantidade": 275,
            "_id": "idcE0VDJLlHU7erI"
        },
        {
            "nome": "Televisão Sony 59054",
            "preco": 19,
            "descricao": "Eletroeletrônico",
            "quantidade": 559,
            "_id": "kRo4OljiwxqmbskS"
        },
        {
            "nome": "Memória Samsung 17334",
            "preco": 125,
            "descricao": "Eletroeletrônico",
            "quantidade": 83,
            "_id": "m1yxKPgN7FIxubSD"
        },
        {
            "nome": "Mouse Philco 22099",
            "preco": 103,
            "descricao": "Eletroeletrônico",
            "quantidade": 678,
            "_id": "m7B6EB9pqWOhKFzj"
        },
        {
            "nome": "Notebook LG 37292",
            "preco": 203,
            "descricao": "Eletroeletrônico",
            "quantidade": 12,
            "_id": "q3RQSihgqKAEcsd7"
        },
        {
            "nome": "Notebook Asus 63533",
            "preco": 374,
            "descricao": "Eletroeletrônico",
            "quantidade": 27,
            "_id": "qLJjfpR1XFG7AC9I"
        },
        {
            "nome": "Gabinete Asus 50809",
            "preco": 729,
            "descricao": "Eletroeletrônico",
            "quantidade": 981,
            "_id": "qhIusGZfUJBpn4NE"
        },
        {
            "nome": "Teclado Philco 44684",
            "preco": 260,
            "descricao": "Eletroeletrônico",
            "quantidade": 975,
            "_id": "yOJQFRI74Um2WcLM"
        }
    ]
} 
 </msg>
<msg timestamp="20220714 02:04:06.741" level="INFO">${response} = &lt;Response [200]&gt;</msg>
<status status="PASS" starttime="20220714 02:04:06.739" endtime="20220714 02:04:06.741"/>
</kw>
<kw name="Log To Console" library="BuiltIn">
<arg>Response: ${response.content}</arg>
<doc>Logs the given message to the console.</doc>
<status status="PASS" starttime="20220714 02:04:06.741" endtime="20220714 02:04:06.742"/>
</kw>
<kw name="Set Global Variable" library="BuiltIn">
<arg>${response}</arg>
<doc>Makes a variable available globally in all tests and suites.</doc>
<msg timestamp="20220714 02:04:06.742" level="INFO">${response} = &lt;Response [200]&gt;</msg>
<status status="PASS" starttime="20220714 02:04:06.742" endtime="20220714 02:04:06.743"/>
</kw>
<status status="PASS" starttime="20220714 02:04:06.739" endtime="20220714 02:04:06.743"/>
</kw>
<kw name="Set Variable" library="BuiltIn">
<var>${id_produto}</var>
<arg>${response.json()["produtos"][0]["_id"]}</arg>
<doc>Returns the given values which can then be assigned to a variables.</doc>
<msg timestamp="20220714 02:04:06.743" level="INFO">${id_produto} = BeeJh5lz3k6kSIzA</msg>
<status status="PASS" starttime="20220714 02:04:06.743" endtime="20220714 02:04:06.743"/>
</kw>
<kw name="Set Global Variable" library="BuiltIn">
<arg>${id_produto}</arg>
<doc>Makes a variable available globally in all tests and suites.</doc>
<msg timestamp="20220714 02:04:06.744" level="INFO">${id_produto} = BeeJh5lz3k6kSIzA</msg>
<status status="PASS" starttime="20220714 02:04:06.743" endtime="20220714 02:04:06.744"/>
</kw>
<status status="PASS" starttime="20220714 02:04:06.739" endtime="20220714 02:04:06.744"/>
</kw>
<kw name="Criar Dados Produto Valido" library="01_produtos_dynamics">
<kw name="Evaluate" library="BuiltIn">
<var>${produto}</var>
<arg>random.choice(@{produto}) + " " + random.choice(@{marca})</arg>
<arg>random</arg>
<doc>Evaluates the given expression in Python and returns the result.</doc>
<msg timestamp="20220714 02:04:06.745" level="INFO">${produto} = Monitor Philco</msg>
<status status="PASS" starttime="20220714 02:04:06.744" endtime="20220714 02:04:06.745"/>
</kw>
<kw name="Random Number" library="FakerLibrary">
<var>${codigo}</var>
<arg>digits=5</arg>
<doc>Generate a random integer according to the following rules:</doc>
<msg timestamp="20220714 02:04:06.745" level="INFO">${codigo} = 16621</msg>
<status status="PASS" starttime="20220714 02:04:06.745" endtime="20220714 02:04:06.745"/>
</kw>
<kw name="Catenate" library="BuiltIn">
<var>${nome}</var>
<arg>${produto} ${codigo}</arg>
<doc>Catenates the given items together and returns the resulted string.</doc>
<msg timestamp="20220714 02:04:06.745" level="INFO">${nome} = Monitor Philco 16621</msg>
<status status="PASS" starttime="20220714 02:04:06.745" endtime="20220714 02:04:06.745"/>
</kw>
<kw name="Random Number" library="FakerLibrary">
<var>${preco}</var>
<arg>digits=3</arg>
<doc>Generate a random integer according to the following rules:</doc>
<msg timestamp="20220714 02:04:06.745" level="INFO">${preco} = 188</msg>
<status status="PASS" starttime="20220714 02:04:06.745" endtime="20220714 02:04:06.745"/>
</kw>
<kw name="Random Number" library="FakerLibrary">
<var>${quantidade}</var>
<arg>digits=3</arg>
<doc>Generate a random integer according to the following rules:</doc>
<msg timestamp="20220714 02:04:06.745" level="INFO">${quantidade} = 861</msg>
<status status="PASS" starttime="20220714 02:04:06.745" endtime="20220714 02:04:06.745"/>
</kw>
<kw name="Create Dictionary" library="BuiltIn">
<var>&amp;{payload}</var>
<arg>nome=${nome}</arg>
<arg>preco=${preco}</arg>
<arg>descricao=${descricao}</arg>
<arg>quantidade=${quantidade}</arg>
<doc>Creates and returns a dictionary based on the given ``items``.</doc>
<msg timestamp="20220714 02:04:06.746" level="INFO">&amp;{payload} = { nome=Monitor Philco 16621 | preco=188 | descricao=Eletroeletrônico | quantidade=861 }</msg>
<status status="PASS" starttime="20220714 02:04:06.746" endtime="20220714 02:04:06.746"/>
</kw>
<kw name="Log To Console" library="BuiltIn">
<arg>${payload}</arg>
<doc>Logs the given message to the console.</doc>
<status status="PASS" starttime="20220714 02:04:06.746" endtime="20220714 02:04:06.746"/>
</kw>
<kw name="Set Global Variable" library="BuiltIn">
<arg>${payload}</arg>
<doc>Makes a variable available globally in all tests and suites.</doc>
<msg timestamp="20220714 02:04:06.746" level="INFO">${payload} = {'nome': 'Monitor Philco 16621', 'preco': 188, 'descricao': 'Eletroeletrônico', 'quantidade': 861}</msg>
<status status="PASS" starttime="20220714 02:04:06.746" endtime="20220714 02:04:06.746"/>
</kw>
<status status="PASS" starttime="20220714 02:04:06.744" endtime="20220714 02:04:06.746"/>
</kw>
<kw name="PUT Endpoint /produtos" library="02_produtos_keywords">
<kw name="Create Dictionary" library="BuiltIn">
<var>&amp;{header}</var>
<arg>Authorization=${token_auth}</arg>
<doc>Creates and returns a dictionary based on the given ``items``.</doc>
<msg timestamp="20220714 02:04:06.747" level="INFO">&amp;{header} = { Authorization=Bearer eyJhbGciOiJIUzI1NiIsInR5cCI6IkpXVCJ9.eyJlbWFpbCI6ImZ1bGFub0BxYS5jb20iLCJwYXNzd29yZCI6Im5iYTEyMyIsImlhdCI6MTY1Nzc3NTA0NiwiZXhwIjoxNjU3Nzc1NjQ2fQ.Q99vzqmFm34HiTxvvKg1iTuO70xOQiVGr...</msg>
<status status="PASS" starttime="20220714 02:04:06.747" endtime="20220714 02:04:06.747"/>
</kw>
<kw name="PUT On Session" library="RequestsLibrary">
<var>${response}</var>
<arg>serverest</arg>
<arg>/produtos/${id_produto}</arg>
<arg>data=&amp;{payload}</arg>
<arg>headers=${header}</arg>
<doc>Sends a PUT request on a previously created HTTP Session.</doc>
<msg timestamp="20220714 02:04:06.751" level="INFO">PUT Request : url=http://localhost:3000/produtos/BeeJh5lz3k6kSIzA 
 path_url=/produtos/BeeJh5lz3k6kSIzA 
 headers={'User-Agent': 'python-requests/2.25.1', 'Accept-Encoding': 'gzip, deflate', 'Accept': '*/*', 'Connection': 'keep-alive', 'Authorization': 'Bearer eyJhbGciOiJIUzI1NiIsInR5cCI6IkpXVCJ9.eyJlbWFpbCI6ImZ1bGFub0BxYS5jb20iLCJwYXNzd29yZCI6Im5iYTEyMyIsImlhdCI6MTY1Nzc3NTA0NiwiZXhwIjoxNjU3Nzc1NjQ2fQ.Q99vzqmFm34HiTxvvKg1iTuO70xOQiVGrV3g4wutkRU', 'Content-Length': '82', 'Content-Type': 'application/x-www-form-urlencoded'} 
 body=nome=Monitor+Philco+16621&amp;preco=188&amp;descricao=Eletroeletr%C3%B4nico&amp;quantidade=861 
 </msg>
<msg timestamp="20220714 02:04:06.751" level="INFO">PUT Response : url=http://localhost:3000/produtos/BeeJh5lz3k6kSIzA 
 status=200, reason=OK 
[...]
            "preco": 729,
            "descricao": "Eletroeletrônico",
            "quantidade": 981,
            "_id": "qhIusGZfUJBpn4NE"
        },
        {
            "nome": "Teclado Philco 44684",
            "preco": 260,
            "descricao": "Eletroeletrônico",
            "quantidade": 975,
            "_id": "yOJQFRI74Um2WcLM"
        }
    ]
} 
 </msg>
<msg timestamp="20220714 02:04:06.866" level="INFO">${response} = &lt;Response [200]&gt;</msg>
<status status="PASS" starttime="20220714 02:04:06.864" endtime="20220714 02:04:06.866"/>
</kw>
<kw name="Log To Console" library="BuiltIn">
<arg>Response: ${response.content}</arg>
<doc>Logs the given message to the console.</doc>
<status status="PASS" starttime="20220714 02:04:06.866" endtime="20220714 02:04:06.868"/>
</kw>
<kw name="Set Global Variable" library="BuiltIn">
<arg>${response}</arg>
<doc>Makes a variable available globally in all tests and suites.</doc>
<msg timestamp="20220714 02:04:06.868" level="INFO">${response} = &lt;Response [200]&gt;</msg>
<status status="PASS" starttime="20220714 02:04:06.868" endtime="20220714 02:04:06.868"/>
</kw>
<status status="PASS" starttime="20220714 02:04:06.864" endtime="20220714 02:04:06.868"/>
</kw>
<kw name="Set Variable" library="BuiltIn">
<var>${id_produto}</var>
<arg>${response.json()["produtos"][0]["_id"]}</arg>
<doc>Returns the given values which can then be assigned to a variables.</doc>
<msg timestamp="20220714 02:04:06.869" level="INFO">${id_produto} = BeeJh5lz3k6kSIzA</msg>
<status status="PASS" starttime="20220714 02:04:06.868" endtime="20220714 02:04:06.869"/>
</kw>
<kw name="Set Global Variable" library="BuiltIn">
<arg>${id_produto}</arg>
<doc>Makes a variable available globally in all tests and suites.</doc>
<msg timestamp="20220714 02:04:06.869" level="INFO">${id_produto} = BeeJh5lz3k6kSIzA</msg>
<status status="PASS" starttime="20220714 02:04:06.869" endtime="20220714 02:04:06.869"/>
</kw>
<status status="PASS" starttime="20220714 02:04:06.864" endtime="20220714 02:04:06.869"/>
</kw>
<kw name="DELETE Endpoint /produtos Token Invalido" library="02_produtos_keywords">
<kw name="Create Dictionary" library="BuiltIn">
<var>&amp;{header}</var>
<arg>Authorization=${token_auth}</arg>
<doc>Creates and returns a dictionary based on the given ``items``.</doc>
<msg timestamp="20220714 02:04:06.870" level="INFO">&amp;{header} = { Authorization=Bearer eyJhbGciOiJIUzI1NiIsInR5cCI6IkpXVCJ9.eyJlbWFpbCI6ImZ1bGFub0BxYS5jb20iLCJwYXNzd29yZCI6Im5iYTEyMyIsImlhdCI6MTY1Nzc3NTA0NiwiZXhwIjoxNjU3Nzc1NjQ2fQ.Q99vzqmFm34HiTxvvKg1iTuO70xOQiVGr...</msg>
<status status="PASS" starttime="20220714 02:04:06.870" endtime="20220714 02:04:06.870"/>
</kw>
<kw name="DELETE On Session" library="RequestsLibrary">
<var>${response}</var>
<arg>serverest</arg>
<arg>/produtos/${id_produto}</arg>
<arg>expected_status=401</arg>
<doc>Sends a DELETE request on a previously created HTTP Session.</doc>
<msg timestamp="20220714 02:04:06.872" level="INFO">DELETE Request : url=http://localhost:3000/produtos/BeeJh5lz3k6kSIzA 
 path_url=/produtos/BeeJh5lz3k6kSIzA 
 headers={'User-Agent': 'python-requests/2.25.1', 'Accept-Encoding': 'gzip, deflate', 'Accept': '*/*', 'Connection': 'keep-alive', 'Content-Length': '0'} 
 body=None 
 </msg>
<msg timestamp="20220714 02:04:06.872" level="INFO">DELETE Response : url=http://localhost:3000/produtos/BeeJh5lz3k6kSIzA 
 status=401, reason=Unauthorized 
 headers={'Access-Control-Allow-Origin': '*', 'x-dns-prefetch-control': 'off', 'x-frame-options': 'SAMEORIGIN', 'strict-transport-security': 'max-age=15552000; includeSubDomains', 'x-download-options': 'noopen', 'x-content-type-options': 'nosniff', 'x-xss-protection': '1; mode=block', 'x-moesif-transaction-id': 'ab9b3cb6-bd8a-4db9-a382-250c8a170032', 'Content-Type': 'application/json; charset=utf-8', 'Content-Length': '103', 'Date': 'Thu, 14 Jul 2022 05:04:06 GMT', 'Connection': 'keep-alive', 'Keep-Alive': 'timeout=5'} 
 body={
    "message": "Token de acesso ausente, inválido, expirado ou usuário do token não existe mais"
} 
 </msg>
<msg timestamp="20220714 02:04:06.872" level="INFO">${response} = &lt;Response [401]&gt;</msg>
<status status="PASS" starttime="20220714 02:04:06.870" endtime="20220714 02:04:06.872"/>
</kw>
<kw name="Log To Console" library="BuiltIn">
<arg>Response: ${response.content}</arg>
<doc>Logs the given message to the console.</doc>
<status status="PASS" starttime="20220714 02:04:06.873" endtime="20220714 02:04:06.873"/>
</kw>
<kw name="Set Global Variable" library="BuiltIn">
<arg>${response}</arg>
<doc>Makes a variable available globally in all tests and suites.</doc>
<msg timestamp="20220714 02:04:06.873" level="INFO">${response} = &lt;Response [401]&gt;</msg>
<status status="PASS" starttime="20220714 02:04:06.873" endtime="20220714 02:04:06.873"/>
</kw>
<status status="PASS" starttime="20220714 02:04:06.870" endtime="20220714 02:04:06.873"/>
</kw>
<kw name="Validar Status Code &quot;401&quot;" library="common" sourcename="Validar Status Code &quot;${statuscode}&quot;">
<kw name="Should Be True" library="BuiltIn">
<arg>${response.status_code} == ${statuscode}</arg>
<doc>Fails if the given condition is not true.</doc>
<status status="PASS" starttime="20220714 02:04:06.874" endtime="20220714 02:04:06.874"/>
</kw>
<status status="PASS" starttime="20220714 02:04:06.873" endtime="20220714 02:04:06.874"/>
</kw>
<tag>DELETE_PRODUTO_TOKEN</tag>
<status status="PASS" starttime="20220714 02:04:06.857" endtime="20220714 02:04:06.875"/>
</test>
<test id="s1-t16" name="Cenário: DELETE Excluir Produto Rota Exclusiva 403" line="111">
<kw name="Fazer Login e Armazenar Token Nao Administrador" library="00_login_keywords">
<kw name="POST Endpoint /login Nao Administrador" library="00_login_keywords">
<kw name="Create Dictionary" library="BuiltIn">
<var>&amp;{payload}</var>
<arg>email=${email_para_login}</arg>
<arg>password=${senha_para_login}</arg>
<doc>Creates and returns a dictionary based on the given ``items``.</doc>
<msg timestamp="20220714 02:04:06.876" level="INFO">&amp;{payload} = { email=anthony95@example.com | password=aCc1Wnkq78 }</msg>
<status status="PASS" starttime="20220714 02:04:06.875" endtime="20220714 02:04:06.876"/>
</kw>
<kw name="POST On Session" library="RequestsLibrary">
<var>${response}</var>
<arg>serverest</arg>
<arg>/login</arg>
<arg>data=&amp;{payload}</arg>
<doc>Sends a POST request on a previously created HTTP Session.</doc>
<msg timestamp="20220714 02:04:06.878" level="INFO">POST Request : url=http://localhost:3000/login 
 path_url=/login 
 headers={'User-Agent': 'python-requests/2.25.1', 'Accept-Encoding': 'gzip, deflate', 'Accept': '*/*', 'Connection': 'keep-alive', 'Content-Length': '49', 'Content-Type': 'application/x-www-form-urlencoded'} 
 body=email=anthony95%40example.com&amp;password=aCc1Wnkq78 
 </msg>
<msg timestamp="20220714 02:04:06.878" level="INFO">POST Response : url=http://localhost:3000/login 
 status=200, reason=OK 
 headers={'Access-Control-Allow-Origin': '*', 'x-dns-prefetch-control': 'off', 'x-frame-options': 'SAMEORIGIN', 'strict-transport-security': 'max-age=15552000; includeSubDomains', 'x-download-options': 'noopen', 'x-content-type-options': 'nosniff', 'x-xss-protection': '1; mode=block', 'x-moesif-transaction-id': '321891c1-6433-4f43-863d-b0be3bec517e', 'Content-Type': 'application/json; charset=utf-8', 'Content-Length': '283', 'Date': 'Thu, 14 Jul 2022 05:04:06 GMT', 'Connection': 'keep-alive', 'Keep-Alive': 'timeout=5'} 
 body={
    "message": "Login realizado com sucesso",
    "authorization": "Bearer eyJhbGciOiJIUzI1NiIsInR5cCI6IkpXVCJ9.eyJlbWFpbCI6ImFudGhvbnk5NUBleGFtcGxlLmNvbSIsInBhc3N3b3JkIjoiYUNjMVdua3E3OCIsImlhdCI6MTY1Nzc3NTA0NiwiZXhwIjoxNjU3Nzc1NjQ2fQ.OG9cc838H1OKMDAbhWrcBkqCggstwhdHu6nvj8RuKn0"
} 
 </msg>
<msg timestamp="20220714 02:04:06.878" level="INFO">${response} = &lt;Response [200]&gt;</msg>
<status status="PASS" starttime="20220714 02:04:06.876" endtime="20220714 02:04:06.878"/>
</kw>
<kw name="Log To Console" library="BuiltIn">
<arg>Response: ${response.content}</arg>
<doc>Logs the given message to the console.</doc>
<status status="PASS" starttime="20220714 02:04:06.878" endtime="20220714 02:04:06.879"/>
</kw>
<kw name="Set Global Variable" library="BuiltIn">
<arg>${response}</arg>
<doc>Makes a variable available globally in all tests and suites.</doc>
<msg timestamp="20220714 02:04:06.879" level="INFO">${response} = &lt;Response [200]&gt;</msg>
<status status="PASS" starttime="20220714 02:04:06.879" endtime="20220714 02:04:06.879"/>
</kw>
<status status="PASS" starttime="20220714 02:04:06.875" endtime="20220714 02:04:06.879"/>
</kw>
<kw name="Validar Ter Logado" library="00_login_keywords">
<kw name="Should Be Equal" library="BuiltIn">
<arg>${response.json()["message"]}</arg>
<arg>Login realizado com sucesso</arg>
<doc>Fails if the given objects are unequal.</doc>
<status status="PASS" starttime="20220714 02:04:06.879" endtime="20220714 02:04:06.880"/>
</kw>
<kw name="Should Not Be Empty" library="BuiltIn">
<arg>${response.json()["authorization"]}</arg>
<doc>Verifies that the given item is not empty.</doc>
<msg timestamp="20220714 02:04:06.880" level="INFO">Length is 210</msg>
<status status="PASS" starttime="20220714 02:04:06.880" endtime="20220714 02:04:06.880"/>
</kw>
<status status="PASS" starttime="20220714 02:04:06.879" endtime="20220714 02:04:06.880"/>
</kw>
<kw name="Set Variable" library="BuiltIn">
<var>${token_auth}</var>
<arg>${response.json()["authorization"]}</arg>
<doc>Returns the given values which can then be assigned to a variables.</doc>
<msg timestamp="20220714 02:04:06.881" level="INFO">${token_auth} = Bearer eyJhbGciOiJIUzI1NiIsInR5cCI6IkpXVCJ9.eyJlbWFpbCI6ImFudGhvbnk5NUBleGFtcGxlLmNvbSIsInBhc3N3b3JkIjoiYUNjMVdua3E3OCIsImlhdCI6MTY1Nzc3NTA0NiwiZXhwIjoxNjU3Nzc1NjQ2fQ.OG9cc838H1OKMDAbhWrcBkqCggstwhdHu...</msg>
<status status="PASS" starttime="20220714 02:04:06.881" endtime="20220714 02:04:06.881"/>
</kw>
<kw name="Log To Console" library="BuiltIn">
<arg>Token Salvo: ${token_auth}</arg>
<doc>Logs the given message to the console.</doc>
<status status="PASS" starttime="20220714 02:04:06.881" endtime="20220714 02:04:06.881"/>
</kw>
<kw name="Set Global Variable" library="BuiltIn">
<arg>${token_auth}</arg>
<doc>Makes a variable available globally in all tests and suites.</doc>
<msg timestamp="20220714 02:04:06.881" level="INFO">${token_auth} = Bearer eyJhbGciOiJIUzI1NiIsInR5cCI6IkpXVCJ9.eyJlbWFpbCI6ImFudGhvbnk5NUBleGFtcGxlLmNvbSIsInBhc3N3b3JkIjoiYUNjMVdua3E3OCIsImlhdCI6MTY1Nzc3NTA0NiwiZXhwIjoxNjU3Nzc1NjQ2fQ.OG9cc838H1OKMDAbhWrcBkqCggstwhdHu...</msg>
<status status="PASS" starttime="20220714 02:04:06.881" endtime="20220714 02:04:06.881"/>
</kw>
<status status="PASS" starttime="20220714 02:04:06.875" endtime="20220714 02:04:06.881"/>
</kw>
<kw name="Criar Um Produto e Armazenar ID" library="02_produtos_keywords">
<kw name="Criar Dados Produto Valido" library="01_produtos_dynamics">
<kw name="Evaluate" library="BuiltIn">
<var>${produto}</var>
<arg>random.choice(@{produto}) + " " + random.choice(@{marca})</arg>
<arg>random</arg>
<doc>Evaluates the given expression in Python and returns the result.</doc>
<msg timestamp="20220714 02:04:06.882" level="INFO">${produto} = Computador Sony</msg>
<status status="PASS" starttime="20220714 02:04:06.882" endtime="20220714 02:04:06.882"/>
</kw>
<kw name="Random Number" library="FakerLibrary">
<var>${codigo}</var>
<arg>digits=5</arg>
<doc>Generate a random integer according to the following rules:</doc>
<msg timestamp="20220714 02:04:06.882" level="INFO">${codigo} = 8218</msg>
<status status="PASS" starttime="20220714 02:04:06.882" endtime="20220714 02:04:06.882"/>
</kw>
<kw name="Catenate" library="BuiltIn">
<var>${nome}</var>
<arg>${produto} ${codigo}</arg>
<doc>Catenates the given items together and returns the resulted string.</doc>
<msg timestamp="20220714 02:04:06.883" level="INFO">${nome} = Computador Sony 8218</msg>
<status status="PASS" starttime="20220714 02:04:06.882" endtime="20220714 02:04:06.883"/>
</kw>
<kw name="Random Number" library="FakerLibrary">
<var>${preco}</var>
<arg>digits=3</arg>
<doc>Generate a random integer according to the following rules:</doc>
<msg timestamp="20220714 02:04:06.883" level="INFO">${preco} = 480</msg>
<status status="PASS" starttime="20220714 02:04:06.883" endtime="20220714 02:04:06.883"/>
</kw>
<kw name="Random Number" library="FakerLibrary">
<var>${quantidade}</var>
<arg>digits=3</arg>
<doc>Generate a random integer according to the following rules:</doc>
<msg timestamp="20220714 02:04:06.883" level="INFO">${quantidade} = 240</msg>
<status status="PASS" starttime="20220714 02:04:06.883" endtime="20220714 02:04:06.883"/>
</kw>
<kw name="Create Dictionary" library="BuiltIn">
<var>&amp;{payload}</var>
<arg>nome=${nome}</arg>
<arg>preco=${preco}</arg>
<arg>descricao=${descricao}</arg>
<arg>quantidade=${quantidade}</arg>
<doc>Creates and returns a dictionary based on the given ``items``.</doc>
<msg timestamp="20220714 02:04:06.883" level="INFO">&amp;{payload} = { nome=Computador Sony 8218 | preco=480 | descricao=Eletroeletrônico | quantidade=240 }</msg>
<status status="PASS" starttime="20220714 02:04:06.883" endtime="20220714 02:04:06.883"/>
</kw>
<kw name="Log To Console" library="BuiltIn">
<arg>${payload}</arg>
<doc>Logs the given message to the console.</doc>
<status status="PASS" starttime="20220714 02:04:06.884" endtime="20220714 02:04:06.884"/>
</kw>
<kw name="Set Global Variable" library="BuiltIn">
<arg>${payload}</arg>
<doc>Makes a variable available globally in all tests and suites.</doc>
<msg timestamp="20220714 02:04:06.884" level="INFO">${payload} = {'nome': 'Computador Sony 8218', 'preco': 480, 'descricao': 'Eletroeletrônico', 'quantidade': 240}</msg>
<status status="PASS" starttime="20220714 02:04:06.884" endtime="20220714 02:04:06.884"/>
</kw>
<status status="PASS" starttime="20220714 02:04:06.882" endtime="20220714 02:04:06.884"/>
</kw>
<kw name="POST Endpoint /produtos" library="02_produtos_keywords">
<kw name="Create Dictionary" library="BuiltIn">
<var>&amp;{header}</var>
<arg>Authorization=${token_auth}</arg>
<doc>Creates and returns a dictionary based on the given ``items``.</doc>
<msg timestamp="20220714 02:04:06.884" level="INFO">&amp;{header} = { Authorization=Bearer eyJhbGciOiJIUzI1NiIsInR5cCI6IkpXVCJ9.eyJlbWFpbCI6ImFudGhvbnk5NUBleGFtcGxlLmNvbSIsInBhc3N3b3JkIjoiYUNjMVdua3E3OCIsImlhdCI6MTY1Nzc3NTA0NiwiZXhwIjoxNjU3Nzc1NjQ2fQ.OG9cc838H1OKMDAbh...</msg>
<status status="PASS" starttime="20220714 02:04:06.884" endtime="20220714 02:04:06.884"/>
</kw>
<kw name="POST On Session" library="RequestsLibrary">
<var>${response}</var>
<arg>serverest</arg>
<arg>/produtos</arg>
<arg>data=&amp;{payload}</arg>
<arg>headers=${header}</arg>
<doc>Sends a POST request on a previously created HTTP Session.</doc>
<msg timestamp="20220714 02:04:06.887" level="INFO">POST Request : url=http://localhost:3000/produtos 
 path_url=/produtos 
 headers={'User-Agent': 'python-requests/2.25.1', 'Accept-Encoding': 'gzip, deflate', 'Accept': '*/*', 'Connection': 'keep-alive', 'Authorization': 'Bearer eyJhbGciOiJIUzI1NiIsInR5cCI6IkpXVCJ9.eyJlbWFpbCI6ImFudGhvbnk5NUBleGFtcGxlLmNvbSIsInBhc3N3b3JkIjoiYUNjMVdua3E3OCIsImlhdCI6MTY1Nzc3NTA0NiwiZXhwIjoxNjU3Nzc1NjQ2fQ.OG9cc838H1OKMDAbhWrcBkqCggstwhdHu6nvj8RuKn0', 'Content-Length': '82', 'Content-Type': 'application/x-www-form-urlencoded'} 
 body=nome=Computador+Sony+8218&amp;preco=480&amp;descricao=Eletroeletr%C3%B4nico&amp;quantidade=240 
 </msg>
<msg timestamp="20220714 02:04:06.887" level="INFO">POST Response : url=http://localhost:3000/produtos 
 status=403, reason=Forbidden 
 headers={'Access-Control-Allow-Origin': '*', 'x-dns-prefetch-control': 'off', 'x-frame-options': 'SAMEORIGIN', 'strict-transport-security': 'max-age=15552000; includeSubDomains', 'x-download-options': 'noopen', 'x-content-type-options': 'nosniff', 'x-xss-protection': '1; mode=block', 'x-moesif-transaction-id': 'c990ee94-d986-4841-b287-7f5f15f2912e', 'Content-Type': 'application/json; charset=utf-8', 'Content-Length': '56', 'Date': 'Thu, 14 Jul 2022 05:04:06 GMT', 'Connection': 'keep-alive', 'Keep-Alive': 'timeout=5'} 
 body={
    "message": "Rota exclusiva para administradores"
} 
 </msg>
<msg timestamp="20220714 02:04:06.888" level="FAIL">HTTPError: 403 Client Error: Forbidden for url: http://localhost:3000/produtos</msg>
<status status="FAIL" starttime="20220714 02:04:06.884" endtime="20220714 02:04:06.888"/>
</kw>
<kw name="Log To Console" library="BuiltIn">
<arg>Response: ${response.content}</arg>
<doc>Logs the given message to the console.</doc>
<status status="NOT RUN" starttime="20220714 02:04:06.888" endtime="20220714 02:04:06.888"/>
</kw>
<kw name="Set Global Variable" library="BuiltIn">
<arg>${response}</arg>
<doc>Makes a variable available globally in all tests and suites.</doc>
<status status="NOT RUN" starttime="20220714 02:04:06.888" endtime="20220714 02:04:06.888"/>
</kw>
<status status="FAIL" starttime="20220714 02:04:06.884" endtime="20220714 02:04:06.889"/>
</kw>
<kw name="Validar Ter Criado Produto" library="02_produtos_keywords">
<status status="NOT RUN" starttime="20220714 02:04:06.889" endtime="20220714 02:04:06.889"/>
</kw>
<kw name="Set Variable" library="BuiltIn">
<var>${id_produto}</var>
<arg>${response.json()["_id"]}</arg>
<doc>Returns the given values which can then be assigned to a variables.</doc>
<status status="NOT RUN" starttime="20220714 02:04:06.889" endtime="20220714 02:04:06.889"/>
</kw>
<kw name="Log To Console" library="BuiltIn">
<arg>ID Produto: ${id_produto}</arg>
<doc>Logs the given message to the console.</doc>
<status status="NOT RUN" starttime="20220714 02:04:06.889" endtime="20220714 02:04:06.889"/>
</kw>
<kw name="Set Global Variable" library="BuiltIn">
<arg>${id_produto}</arg>
<doc>Makes a variable available globally in all tests and suites.</doc>
<status status="NOT RUN" starttime="20220714 02:04:06.889" endtime="20220714 02:04:06.889"/>
</kw>
<status status="FAIL" starttime="20220714 02:04:06.882" endtime="20220714 02:04:06.890"/>
</kw>
<kw name="DELETE Endpoint /produtos Rota Exclusiva para Administradores" library="02_produtos_keywords">
<status status="NOT RUN" starttime="20220714 02:04:06.890" endtime="20220714 02:04:06.890"/>
</kw>
<kw name="Validar Status Code &quot;403&quot;" library="common" sourcename="Validar Status Code &quot;${statuscode}&quot;">
<status status="NOT RUN" starttime="20220714 02:04:06.890" endtime="20220714 02:04:06.890"/>
</kw>
<tag>DELETE_PRODUTO</tag>
<status status="FAIL" starttime="20220714 02:04:06.875" endtime="20220714 02:04:06.890">HTTPError: 403 Client Error: Forbidden for url: http://localhost:3000/produtos</status>
</test>
<doc>Arquivo de Testes para o Endpoint /produtos</doc>
<status status="FAIL" starttime="20220714 02:04:06.445" endtime="20220714 02:04:06.890"/>
</suite>
<statistics>
<total>
<stat pass="14" fail="2" skip="0">All Tests</stat>
</total>
<tag>
<stat pass="0" fail="1" skip="0">DELETE_PRODUTO</stat>
<stat pass="1" fail="0" skip="0">DELETE_PRODUTO_ADM</stat>
<stat pass="1" fail="0" skip="0">DELETE_PRODUTO_CARRINHO</stat>
<stat pass="1" fail="0" skip="0">DELETE_PRODUTO_TOKEN</stat>
<stat pass="1" fail="0" skip="0">GET_PRODUTO</stat>
<stat pass="1" fail="0" skip="0">GET_PRODUTO_ID</stat>
<stat pass="1" fail="0" skip="0">GET_PRODUTO_INVALIDO</stat>
<stat pass="1" fail="0" skip="0">POST_PRODUTO</stat>
<stat pass="1" fail="0" skip="0">POST_PRODUTO_ADM</stat>
<stat pass="1" fail="0" skip="0">POST_PRODUTO_EXISTENTE</stat>
<stat pass="1" fail="0" skip="0">POST_PRODUTO_TOKEN</stat>
<stat pass="1" fail="0" skip="0">PUT_PRODUTO</stat>
<stat pass="1" fail="0" skip="0">PUT_PRODUTO_ADM</stat>
<stat pass="1" fail="0" skip="0">PUT_PRODUTO_EXISTENTE</stat>
<stat pass="1" fail="0" skip="0">PUT_PRODUTO_TOKEN</stat>
</tag>
<suite>
<stat pass="14" fail="2" skip="0" id="s1" name="Produtos Tests">Produtos Tests</stat>
</suite>
</statistics>
<errors>
</errors>
</robot>
