<?xml version="1.0" encoding="UTF-8"?>
<robot generator="Robot 5.0.1 (Python 3.10.4 on linux)" generated="20220714 01:53:25.458" rpa="false" schemaversion="3">
<suite id="s1" name="Login Tests" source="/home/mota/Documentos/Compass/Sprint's/GitHub/RoboTron_Joao_Victor_Compass/Sprint 5: Tech/Challenge/ServeRest Tester/tests/login_tests.robot">
<kw name="Criar Sessao" library="common" type="SETUP">
<kw name="Create Session" library="RequestsLibrary">
<arg>serverest</arg>
<arg>${BASE_URI}</arg>
<doc>Create Session: create a HTTP session to a server</doc>
<msg timestamp="20220714 01:53:25.667" level="INFO">Creating Session using : alias=serverest, url=http://localhost:3000/, headers={},                     cookies={}, auth=None, timeout=None, proxies=None, verify=False,                     debug=0 </msg>
<status status="PASS" starttime="20220714 01:53:25.667" endtime="20220714 01:53:25.668"/>
</kw>
<status status="PASS" starttime="20220714 01:53:25.667" endtime="20220714 01:53:25.668"/>
</kw>
<test id="s1-t1" name="Cenário: POST Realizar login 200" line="11">
<kw name="POST Endpoint /login" library="00_login_keywords">
<kw name="Create Dictionary" library="BuiltIn">
<var>&amp;{payload}</var>
<arg>email=${email_para_login_adm}</arg>
<arg>password=${senha_para_login_adm}</arg>
<doc>Creates and returns a dictionary based on the given ``items``.</doc>
<msg timestamp="20220714 01:53:25.669" level="INFO">&amp;{payload} = { email=fulano@qa.com | password=teste }</msg>
<status status="PASS" starttime="20220714 01:53:25.668" endtime="20220714 01:53:25.669"/>
</kw>
<kw name="POST On Session" library="RequestsLibrary">
<var>${response}</var>
<arg>serverest</arg>
<arg>/login</arg>
<arg>data=&amp;{payload}</arg>
<doc>Sends a POST request on a previously created HTTP Session.</doc>
<msg timestamp="20220714 01:53:25.673" level="INFO">POST Request : url=http://localhost:3000/login 
 path_url=/login 
 headers={'User-Agent': 'python-requests/2.25.1', 'Accept-Encoding': 'gzip, deflate', 'Accept': '*/*', 'Connection': 'keep-alive', 'Content-Length': '36', 'Content-Type': 'application/x-www-form-urlencoded'} 
 body=email=fulano%40qa.com&amp;password=teste 
 </msg>
<msg timestamp="20220714 01:53:25.673" level="INFO">POST Response : url=http://localhost:3000/login 
 status=200, reason=OK 
 headers={'Access-Control-Allow-Origin': '*', 'x-dns-prefetch-control': 'off', 'x-frame-options': 'SAMEORIGIN', 'strict-transport-security': 'max-age=15552000; includeSubDomains', 'x-download-options': 'noopen', 'x-content-type-options': 'nosniff', 'x-xss-protection': '1; mode=block', 'x-moesif-transaction-id': 'e38cd290-9424-4833-abcd-67680c07f569', 'Content-Type': 'application/json; charset=utf-8', 'Content-Length': '265', 'Date': 'Thu, 14 Jul 2022 04:53:25 GMT', 'Connection': 'keep-alive', 'Keep-Alive': 'timeout=5'} 
 body={
    "message": "Login realizado com sucesso",
    "authorization": "Bearer eyJhbGciOiJIUzI1NiIsInR5cCI6IkpXVCJ9.eyJlbWFpbCI6ImZ1bGFub0BxYS5jb20iLCJwYXNzd29yZCI6InRlc3RlIiwiaWF0IjoxNjU3Nzc0NDA1LCJleHAiOjE2NTc3NzUwMDV9.vBdIeeULGk5SMbUv-iRXcNvw6qmcKvMcfKq-qbs65g8"
} 
 </msg>
<msg timestamp="20220714 01:53:25.673" level="INFO">${response} = &lt;Response [200]&gt;</msg>
<status status="PASS" starttime="20220714 01:53:25.669" endtime="20220714 01:53:25.673"/>
</kw>
<kw name="Log To Console" library="BuiltIn">
<arg>Response: ${response.content}</arg>
<doc>Logs the given message to the console.</doc>
<status status="PASS" starttime="20220714 01:53:25.673" endtime="20220714 01:53:25.674"/>
</kw>
<kw name="Set Global Variable" library="BuiltIn">
<arg>${response}</arg>
<doc>Makes a variable available globally in all tests and suites.</doc>
<msg timestamp="20220714 01:53:25.674" level="INFO">${response} = &lt;Response [200]&gt;</msg>
<status status="PASS" starttime="20220714 01:53:25.674" endtime="20220714 01:53:25.674"/>
</kw>
<status status="PASS" starttime="20220714 01:53:25.668" endtime="20220714 01:53:25.674"/>
</kw>
<kw name="Validar Status Code &quot;200&quot;" library="common" sourcename="Validar Status Code &quot;${statuscode}&quot;">
<kw name="Should Be True" library="BuiltIn">
<arg>${response.status_code} == ${statuscode}</arg>
<doc>Fails if the given condition is not true.</doc>
<status status="PASS" starttime="20220714 01:53:25.674" endtime="20220714 01:53:25.675"/>
</kw>
<status status="PASS" starttime="20220714 01:53:25.674" endtime="20220714 01:53:25.675"/>
</kw>
<tag>POST_LOGIN_ADM</tag>
<status status="PASS" starttime="20220714 01:53:25.668" endtime="20220714 01:53:25.675"/>
</test>
<test id="s1-t2" name="Cenário: POST Realizar login Nao Administrador 200" line="16">
<kw name="POST Endpoint /login Nao Administrador" library="00_login_keywords">
<kw name="Create Dictionary" library="BuiltIn">
<var>&amp;{payload}</var>
<arg>email=${email_para_login}</arg>
<arg>password=${senha_para_login}</arg>
<doc>Creates and returns a dictionary based on the given ``items``.</doc>
<msg timestamp="20220714 01:53:25.676" level="INFO">&amp;{payload} = { email=johnsonsue@example.org | password=v14W5PDa01 }</msg>
<status status="PASS" starttime="20220714 01:53:25.676" endtime="20220714 01:53:25.676"/>
</kw>
<kw name="POST On Session" library="RequestsLibrary">
<var>${response}</var>
<arg>serverest</arg>
<arg>/login</arg>
<arg>data=&amp;{payload}</arg>
<doc>Sends a POST request on a previously created HTTP Session.</doc>
<msg timestamp="20220714 01:53:25.678" level="INFO">POST Request : url=http://localhost:3000/login 
 path_url=/login 
 headers={'User-Agent': 'python-requests/2.25.1', 'Accept-Encoding': 'gzip, deflate', 'Accept': '*/*', 'Connection': 'keep-alive', 'Content-Length': '50', 'Content-Type': 'application/x-www-form-urlencoded'} 
 body=email=johnsonsue%40example.org&amp;password=v14W5PDa01 
 </msg>
<msg timestamp="20220714 01:53:25.679" level="INFO">POST Response : url=http://localhost:3000/login 
 status=200, reason=OK 
 headers={'Access-Control-Allow-Origin': '*', 'x-dns-prefetch-control': 'off', 'x-frame-options': 'SAMEORIGIN', 'strict-transport-security': 'max-age=15552000; includeSubDomains', 'x-download-options': 'noopen', 'x-content-type-options': 'nosniff', 'x-xss-protection': '1; mode=block', 'x-moesif-transaction-id': '24484562-8b26-40c9-9fe0-13f2be65b56a', 'Content-Type': 'application/json; charset=utf-8', 'Content-Length': '284', 'Date': 'Thu, 14 Jul 2022 04:53:25 GMT', 'Connection': 'keep-alive', 'Keep-Alive': 'timeout=5'} 
 body={
    "message": "Login realizado com sucesso",
    "authorization": "Bearer eyJhbGciOiJIUzI1NiIsInR5cCI6IkpXVCJ9.eyJlbWFpbCI6ImpvaG5zb25zdWVAZXhhbXBsZS5vcmciLCJwYXNzd29yZCI6InYxNFc1UERhMDEiLCJpYXQiOjE2NTc3NzQ0MDUsImV4cCI6MTY1Nzc3NTAwNX0.dJTVHE6rJO1w1W7cLJPeT0Ufs1Miq0Ff2TYHc5syeCY"
} 
 </msg>
<msg timestamp="20220714 01:53:25.679" level="INFO">${response} = &lt;Response [200]&gt;</msg>
<status status="PASS" starttime="20220714 01:53:25.676" endtime="20220714 01:53:25.679"/>
</kw>
<kw name="Log To Console" library="BuiltIn">
<arg>Response: ${response.content}</arg>
<doc>Logs the given message to the console.</doc>
<status status="PASS" starttime="20220714 01:53:25.679" endtime="20220714 01:53:25.679"/>
</kw>
<kw name="Set Global Variable" library="BuiltIn">
<arg>${response}</arg>
<doc>Makes a variable available globally in all tests and suites.</doc>
<msg timestamp="20220714 01:53:25.680" level="INFO">${response} = &lt;Response [200]&gt;</msg>
<status status="PASS" starttime="20220714 01:53:25.679" endtime="20220714 01:53:25.680"/>
</kw>
<status status="PASS" starttime="20220714 01:53:25.676" endtime="20220714 01:53:25.680"/>
</kw>
<kw name="Validar Status Code &quot;200&quot;" library="common" sourcename="Validar Status Code &quot;${statuscode}&quot;">
<kw name="Should Be True" library="BuiltIn">
<arg>${response.status_code} == ${statuscode}</arg>
<doc>Fails if the given condition is not true.</doc>
<status status="PASS" starttime="20220714 01:53:25.680" endtime="20220714 01:53:25.681"/>
</kw>
<status status="PASS" starttime="20220714 01:53:25.680" endtime="20220714 01:53:25.681"/>
</kw>
<tag>POST_LOGIN</tag>
<status status="PASS" starttime="20220714 01:53:25.675" endtime="20220714 01:53:25.681"/>
</test>
<test id="s1-t3" name="Cenário: POST Endpoint /login E-mail/Senha Invalido 400" line="21">
<kw name="POST Endpoint /login E-mail/Senha Invalido" library="00_login_keywords">
<kw name="Create Dictionary" library="BuiltIn">
<var>&amp;{payload}</var>
<arg>email=${email_para_login}</arg>
<arg>password=123teste</arg>
<doc>Creates and returns a dictionary based on the given ``items``.</doc>
<msg timestamp="20220714 01:53:25.682" level="INFO">&amp;{payload} = { email=johnsonsue@example.org | password=123teste }</msg>
<status status="PASS" starttime="20220714 01:53:25.682" endtime="20220714 01:53:25.682"/>
</kw>
<kw name="POST On Session" library="RequestsLibrary">
<var>${response}</var>
<arg>serverest</arg>
<arg>/login</arg>
<arg>data=&amp;{payload}</arg>
<arg>expected_status=401</arg>
<doc>Sends a POST request on a previously created HTTP Session.</doc>
<msg timestamp="20220714 01:53:25.684" level="INFO">POST Request : url=http://localhost:3000/login 
 path_url=/login 
 headers={'User-Agent': 'python-requests/2.25.1', 'Accept-Encoding': 'gzip, deflate', 'Accept': '*/*', 'Connection': 'keep-alive', 'Content-Length': '48', 'Content-Type': 'application/x-www-form-urlencoded'} 
 body=email=johnsonsue%40example.org&amp;password=123teste 
 </msg>
<msg timestamp="20220714 01:53:25.684" level="INFO">POST Response : url=http://localhost:3000/login 
 status=401, reason=Unauthorized 
 headers={'Access-Control-Allow-Origin': '*', 'x-dns-prefetch-control': 'off', 'x-frame-options': 'SAMEORIGIN', 'strict-transport-security': 'max-age=15552000; includeSubDomains', 'x-download-options': 'noopen', 'x-content-type-options': 'nosniff', 'x-xss-protection': '1; mode=block', 'x-moesif-transaction-id': 'f1e08e99-51b2-4ba9-a01f-f0e93a9a5211', 'Content-Type': 'application/json; charset=utf-8', 'Content-Length': '48', 'Date': 'Thu, 14 Jul 2022 04:53:25 GMT', 'Connection': 'keep-alive', 'Keep-Alive': 'timeout=5'} 
 body={
    "message": "Email e/ou senha inválidos"
} 
 </msg>
<msg timestamp="20220714 01:53:25.684" level="INFO">${response} = &lt;Response [401]&gt;</msg>
<status status="PASS" starttime="20220714 01:53:25.682" endtime="20220714 01:53:25.684"/>
</kw>
<kw name="Log To Console" library="BuiltIn">
<arg>Response: ${response.content}</arg>
<doc>Logs the given message to the console.</doc>
<status status="PASS" starttime="20220714 01:53:25.685" endtime="20220714 01:53:25.685"/>
</kw>
<kw name="Set Global Variable" library="BuiltIn">
<arg>${response}</arg>
<doc>Makes a variable available globally in all tests and suites.</doc>
<msg timestamp="20220714 01:53:25.685" level="INFO">${response} = &lt;Response [401]&gt;</msg>
<status status="PASS" starttime="20220714 01:53:25.685" endtime="20220714 01:53:25.685"/>
</kw>
<status status="PASS" starttime="20220714 01:53:25.681" endtime="20220714 01:53:25.685"/>
</kw>
<kw name="Validar Status Code &quot;401&quot;" library="common" sourcename="Validar Status Code &quot;${statuscode}&quot;">
<kw name="Should Be True" library="BuiltIn">
<arg>${response.status_code} == ${statuscode}</arg>
<doc>Fails if the given condition is not true.</doc>
<status status="PASS" starttime="20220714 01:53:25.686" endtime="20220714 01:53:25.686"/>
</kw>
<status status="PASS" starttime="20220714 01:53:25.685" endtime="20220714 01:53:25.686"/>
</kw>
<tag>POST_LOGIN_INVALIDO</tag>
<status status="PASS" starttime="20220714 01:53:25.681" endtime="20220714 01:53:25.686"/>
</test>
<test id="s1-t4" name="Cenário: POST Endpoint /login E-mail/Senha Campos em Branco 400" line="26">
<kw name="POST POST Endpoint /login E-mail/Senha Campo em Branco" library="00_login_keywords">
<kw name="Create Dictionary" library="BuiltIn">
<var>&amp;{payload}</var>
<arg>email=${email_para_login}</arg>
<arg>password=</arg>
<doc>Creates and returns a dictionary based on the given ``items``.</doc>
<msg timestamp="20220714 01:53:25.687" level="INFO">&amp;{payload} = { email=johnsonsue@example.org | password= }</msg>
<status status="PASS" starttime="20220714 01:53:25.687" endtime="20220714 01:53:25.687"/>
</kw>
<kw name="POST On Session" library="RequestsLibrary">
<var>${response}</var>
<arg>serverest</arg>
<arg>/login</arg>
<arg>data=&amp;{payload}</arg>
<arg>expected_status=400</arg>
<doc>Sends a POST request on a previously created HTTP Session.</doc>
<msg timestamp="20220714 01:53:25.690" level="INFO">POST Request : url=http://localhost:3000/login 
 path_url=/login 
 headers={'User-Agent': 'python-requests/2.25.1', 'Accept-Encoding': 'gzip, deflate', 'Accept': '*/*', 'Connection': 'keep-alive', 'Content-Length': '40', 'Content-Type': 'application/x-www-form-urlencoded'} 
 body=email=johnsonsue%40example.org&amp;password= 
 </msg>
<msg timestamp="20220714 01:53:25.691" level="INFO">POST Response : url=http://localhost:3000/login 
 status=400, reason=Bad Request 
 headers={'Access-Control-Allow-Origin': '*', 'x-dns-prefetch-control': 'off', 'x-frame-options': 'SAMEORIGIN', 'strict-transport-security': 'max-age=15552000; includeSubDomains', 'x-download-options': 'noopen', 'x-content-type-options': 'nosniff', 'x-xss-protection': '1; mode=block', 'x-moesif-transaction-id': '8492c4f2-2a6b-4fa9-8ad6-a7d0eb3f5f59', 'Content-Type': 'application/json; charset=utf-8', 'Content-Length': '56', 'Date': 'Thu, 14 Jul 2022 04:53:25 GMT', 'Connection': 'keep-alive', 'Keep-Alive': 'timeout=5'} 
 body={
    "password": "password não pode ficar em branco"
} 
 </msg>
<msg timestamp="20220714 01:53:25.691" level="INFO">${response} = &lt;Response [400]&gt;</msg>
<status status="PASS" starttime="20220714 01:53:25.687" endtime="20220714 01:53:25.691"/>
</kw>
<kw name="Log To Console" library="BuiltIn">
<arg>Response: ${response.content}</arg>
<doc>Logs the given message to the console.</doc>
<status status="PASS" starttime="20220714 01:53:25.691" endtime="20220714 01:53:25.691"/>
</kw>
<kw name="Set Global Variable" library="BuiltIn">
<arg>${response}</arg>
<doc>Makes a variable available globally in all tests and suites.</doc>
<msg timestamp="20220714 01:53:25.691" level="INFO">${response} = &lt;Response [400]&gt;</msg>
<status status="PASS" starttime="20220714 01:53:25.691" endtime="20220714 01:53:25.691"/>
</kw>
<status status="PASS" starttime="20220714 01:53:25.687" endtime="20220714 01:53:25.692"/>
</kw>
<kw name="Validar Status Code &quot;400&quot;" library="common" sourcename="Validar Status Code &quot;${statuscode}&quot;">
<kw name="Should Be True" library="BuiltIn">
<arg>${response.status_code} == ${statuscode}</arg>
<doc>Fails if the given condition is not true.</doc>
<status status="PASS" starttime="20220714 01:53:25.692" endtime="20220714 01:53:25.692"/>
</kw>
<status status="PASS" starttime="20220714 01:53:25.692" endtime="20220714 01:53:25.692"/>
</kw>
<tag>POST_LOGIN_BRANCO</tag>
<status status="PASS" starttime="20220714 01:53:25.687" endtime="20220714 01:53:25.693"/>
</test>
<doc>Arquivo de Testes para o Endpoint /login</doc>
<status status="PASS" starttime="20220714 01:53:25.459" endtime="20220714 01:53:25.693"/>
</suite>
<statistics>
<total>
<stat pass="4" fail="0" skip="0">All Tests</stat>
</total>
<tag>
<stat pass="1" fail="0" skip="0">POST_LOGIN</stat>
<stat pass="1" fail="0" skip="0">POST_LOGIN_ADM</stat>
<stat pass="1" fail="0" skip="0">POST_LOGIN_BRANCO</stat>
<stat pass="1" fail="0" skip="0">POST_LOGIN_INVALIDO</stat>
</tag>
<suite>
<stat pass="4" fail="0" skip="0" id="s1" name="Login Tests">Login Tests</stat>
</suite>
</statistics>
<errors>
</errors>
</robot>
