<?xml version="1.0" encoding="UTF-8"?>
<robot generator="Robot 5.0.1 (Python 3.10.4 on linux)" generated="20220710 15:44:29.960" rpa="false" schemaversion="3">
<suite id="s1" name="Produtos Tests" source="/home/mota/Documentos/Compass/Sprint's/GitHub/RoboTron_Joao_Victor_Compass/Sprint 5: Tech/Challenge/ServeRest Tester/tests/produtos_tests.robot">
<kw name="Criar Sessao" library="common" type="SETUP">
<kw name="Create Session" library="RequestsLibrary">
<arg>serverest</arg>
<arg>${BASE_URI}</arg>
<doc>Create Session: create a HTTP session to a server</doc>
<msg timestamp="20220710 15:44:30.163" level="INFO">Creating Session using : alias=serverest, url=http://localhost:3000/, headers={},                     cookies={}, auth=None, timeout=None, proxies=None, verify=False,                     debug=0 </msg>
<status status="PASS" starttime="20220710 15:44:30.163" endtime="20220710 15:44:30.163"/>
</kw>
<status status="PASS" starttime="20220710 15:44:30.163" endtime="20220710 15:44:30.163"/>
</kw>
<test id="s1-t1" name="Cenário: GET Listar Todos os Produtos 200" line="12">
<kw name="GET Endpoint /produtos" library="02_produtos_keywords">
<kw name="GET On Session" library="RequestsLibrary">
<var>${response}</var>
<arg>serverest</arg>
<arg>/produtos</arg>
<doc>Sends a GET request on a previously created HTTP Session.</doc>
<msg timestamp="20220710 15:44:30.167" level="INFO">GET Request : url=http://localhost:3000/produtos 
 path_url=/produtos 
 headers={'User-Agent': 'python-requests/2.25.1', 'Accept-Encoding': 'gzip, deflate', 'Accept': '*/*', 'Connection': 'keep-alive'} 
 body=None 
 </msg>
<msg timestamp="20220710 15:44:30.167" level="INFO">GET Response : url=http://localhost:3000/produtos 
 status=200, reason=OK 
 headers={'Access-Control-Allow-Origin': '*', 'x-dns-prefetch-control': 'off', 'x-frame-options': 'SAMEORIGIN', 'strict-transport-security': 'max-age=15552000; includeSubDomains', 'x-download-options': 'noopen', 'x-content-type-options': 'nosniff', 'x-xss-protection': '1; mode=block', 'x-moesif-transaction-id': '81f0eab2-3070-4a29-944d-a0fdc5907814', 'Content-Type': 'application/json; charset=utf-8', 'Content-Length': '3089', 'Date': 'Sun, 10 Jul 2022 18:44:30 GMT', 'Connection': 'keep-alive', 'Keep-Alive': 'timeout=5'} 
 body={
    "quantidade": 15,
    "produtos": [
        {
            "nome": "Gabinete Asus 78880",
            "preco": 410,
            "descricao": "Eletroeletrônico",
            "quantidade": 570,
            "_id": "BeeJh5lz3k6kSIzA"
        },
        {
            "nome": "\"Logitech MX Vertical\"",
            "preco": 470,
            "descricao": "\"Mouse\"",
            "quantidade": 381,
            "_id": "EJx3JOee4DBt2VTr"
        },
        {
            "nome": "Mouse Samsung 45790",
            "preco": 839,
            "descricao": "Eletroeletrônico",
            "quantidade": 706,
            "_id": "HeYLZcgamf5BcihU"
        },
        {
            "nome": "Samsung 60 polegadas",
            "preco": 5240,
            "descricao": "TV",
            "quantidade": 49977,
            "_id": "K6leHdftCeOJj8BJ"
        },
        {
            "nome": "Mouse LG 72105",
            "preco": 504,
            "descricao": "Eletroeletrônico",
            "quantidade": 927,
            "_id": "KEcYmQ1as5VR9wKT"
        },
        {
            "nome": "Teclado Samsung 69701",
            "preco": 489,
            "descricao": "quite",
            "quantidade": 5616,
            "_id": "P4HCMaM4diRJVofC"
        },
        {
            "nome": "Memória Philco 66865",
            "preco": 903,
            "descricao": "Eletroeletrônico",
            "quantidade": 208,
            "_id": "QsewlX4nwkJ2l6Nz"
        },
        {
            "nome": "Teclado LG 3200",
            "preco": 983,
            "descricao": "Eletroeletrônico",
            "quantidade": 172,
            "_id": "RANqSGUx2h6jMS29"
        },
        {
            "nome": "Mouse Sony 72732",
            "preco": 803,
            "descricao": "Eletroeletrônico",
            "quantidade": 401,
            "_id": "TARpe8g492uqSA7r"
        },
        {
            "nome": "Monitor Sony 22998",
            "preco": 484,
            "descricao": "Eletroeletrônico",
            "quantidade": 2777,
            "_id": "UKkM4M06BTuPwHAK"
        },
        {
            "nome": "Mouse Samsung 36774",
            "preco": 83,
            "descricao": "Eletroeletrônico",
            "quantidade": 536,
            "_id": "aqckBLqNGCcuBanj"
        },
        {
            "nome": "Mouse Asus 54048",
            "preco": 938,
            "descricao": "Eletroeletrônico",
            "quantidade": 717,
            "_id": "csi79TDLS2RaXBKY"
        },
        {
            "nome": "Monitor Philco 14519",
            "preco": 263,
            "descricao": "Eletroeletrônico",
            "quantidade": 275,
            "_id": "idcE0VDJLlHU7erI"
        },
        {
            "nome": "Memória Samsung 17334",
            "preco": 125,
            "descricao": "Eletroeletrônico",
            "quantidade": 83,
            "_id": "m1yxKPgN7FIxubSD"
        },
        {
            "nome": "Gabinete Asus 50809",
            "preco": 729,
            "descricao": "Eletroeletrônico",
            "quantidade": 981,
            "_id": "qhIusGZfUJBpn4NE"
        }
    ]
} 
 </msg>
<msg timestamp="20220710 15:44:30.167" level="INFO">${response} = &lt;Response [200]&gt;</msg>
<status status="PASS" starttime="20220710 15:44:30.164" endtime="20220710 15:44:30.167"/>
</kw>
<kw name="Log To Console" library="BuiltIn">
<arg>Response: ${response.content}</arg>
<doc>Logs the given message to the console.</doc>
<status status="PASS" starttime="20220710 15:44:30.167" endtime="20220710 15:44:30.168"/>
</kw>
<kw name="Set Global Variable" library="BuiltIn">
<arg>${response}</arg>
<doc>Makes a variable available globally in all tests and suites.</doc>
<msg timestamp="20220710 15:44:30.168" level="INFO">${response} = &lt;Response [200]&gt;</msg>
<status status="PASS" starttime="20220710 15:44:30.168" endtime="20220710 15:44:30.168"/>
</kw>
<status status="PASS" starttime="20220710 15:44:30.164" endtime="20220710 15:44:30.168"/>
</kw>
<kw name="Validar Status Code &quot;200&quot;" library="common" sourcename="Validar Status Code &quot;${statuscode}&quot;">
<kw name="Should Be True" library="BuiltIn">
<arg>${response.status_code} == ${statuscode}</arg>
<doc>Fails if the given condition is not true.</doc>
<status status="PASS" starttime="20220710 15:44:30.168" endtime="20220710 15:44:30.169"/>
</kw>
<status status="PASS" starttime="20220710 15:44:30.168" endtime="20220710 15:44:30.169"/>
</kw>
<tag>GET_PRODUTO</tag>
<status status="PASS" starttime="20220710 15:44:30.163" endtime="20220710 15:44:30.169"/>
</test>
<test id="s1-t2" name="Cenário: GET Listar Produto Especifico 200" line="17">
<kw name="GET Endpoint /produtos Especifico" library="02_produtos_keywords">
<kw name="GET On Session" library="RequestsLibrary">
<var>${response}</var>
<arg>serverest</arg>
<arg>/produtos/${ID_PRODUTO}</arg>
<arg>expected_status=any</arg>
<doc>Sends a GET request on a previously created HTTP Session.</doc>
<msg timestamp="20220710 15:44:30.172" level="INFO">GET Request : url=http://localhost:3000/produtos/BeeJh5lz3k6kSIzA 
 path_url=/produtos/BeeJh5lz3k6kSIzA 
 headers={'User-Agent': 'python-requests/2.25.1', 'Accept-Encoding': 'gzip, deflate', 'Accept': '*/*', 'Connection': 'keep-alive'} 
 body=None 
 </msg>
<msg timestamp="20220710 15:44:30.172" level="INFO">GET Response : url=http://localhost:3000/produtos/BeeJh5lz3k6kSIzA 
 status=200, reason=OK 
 headers={'Access-Control-Allow-Origin': '*', 'x-dns-prefetch-control': 'off', 'x-frame-options': 'SAMEORIGIN', 'strict-transport-security': 'max-age=15552000; includeSubDomains', 'x-download-options': 'noopen', 'x-content-type-options': 'nosniff', 'x-xss-protection': '1; mode=block', 'x-moesif-transaction-id': '9b981144-f6ac-4eea-b0f4-b7fecd91002b', 'Content-Type': 'application/json; charset=utf-8', 'Content-Length': '147', 'Date': 'Sun, 10 Jul 2022 18:44:30 GMT', 'Connection': 'keep-alive', 'Keep-Alive': 'timeout=5'} 
 body={
    "nome": "Gabinete Asus 78880",
    "preco": 410,
    "descricao": "Eletroeletrônico",
    "quantidade": 570,
    "_id": "BeeJh5lz3k6kSIzA"
} 
 </msg>
<msg timestamp="20220710 15:44:30.172" level="INFO">${response} = &lt;Response [200]&gt;</msg>
<status status="PASS" starttime="20220710 15:44:30.170" endtime="20220710 15:44:30.172"/>
</kw>
<kw name="Log To Console" library="BuiltIn">
<arg>Response: ${response.content}</arg>
<doc>Logs the given message to the console.</doc>
<status status="PASS" starttime="20220710 15:44:30.172" endtime="20220710 15:44:30.173"/>
</kw>
<kw name="Set Global Variable" library="BuiltIn">
<arg>${response}</arg>
<doc>Makes a variable available globally in all tests and suites.</doc>
<msg timestamp="20220710 15:44:30.173" level="INFO">${response} = &lt;Response [200]&gt;</msg>
<status status="PASS" starttime="20220710 15:44:30.173" endtime="20220710 15:44:30.173"/>
</kw>
<status status="PASS" starttime="20220710 15:44:30.170" endtime="20220710 15:44:30.173"/>
</kw>
<kw name="Validar Status Code &quot;200&quot;" library="common" sourcename="Validar Status Code &quot;${statuscode}&quot;">
<kw name="Should Be True" library="BuiltIn">
<arg>${response.status_code} == ${statuscode}</arg>
<doc>Fails if the given condition is not true.</doc>
<status status="PASS" starttime="20220710 15:44:30.174" endtime="20220710 15:44:30.175"/>
</kw>
<status status="PASS" starttime="20220710 15:44:30.173" endtime="20220710 15:44:30.175"/>
</kw>
<tag>GET_PRODUTO_ID</tag>
<status status="PASS" starttime="20220710 15:44:30.169" endtime="20220710 15:44:30.175"/>
</test>
<test id="s1-t3" name="Cenário: GET Produto Invalido 400" line="22">
<kw name="GET Endpoint /produtos Invalido" library="02_produtos_keywords">
<kw name="GET On Session" library="RequestsLibrary">
<var>${response}</var>
<arg>serverest</arg>
<arg>/produtos/id_invalida</arg>
<arg>expected_status=400</arg>
<doc>Sends a GET request on a previously created HTTP Session.</doc>
<msg timestamp="20220710 15:44:30.178" level="INFO">GET Request : url=http://localhost:3000/produtos/id_invalida 
 path_url=/produtos/id_invalida 
 headers={'User-Agent': 'python-requests/2.25.1', 'Accept-Encoding': 'gzip, deflate', 'Accept': '*/*', 'Connection': 'keep-alive'} 
 body=None 
 </msg>
<msg timestamp="20220710 15:44:30.178" level="INFO">GET Response : url=http://localhost:3000/produtos/id_invalida 
 status=400, reason=Bad Request 
 headers={'Access-Control-Allow-Origin': '*', 'x-dns-prefetch-control': 'off', 'x-frame-options': 'SAMEORIGIN', 'strict-transport-security': 'max-age=15552000; includeSubDomains', 'x-download-options': 'noopen', 'x-content-type-options': 'nosniff', 'x-xss-protection': '1; mode=block', 'x-moesif-transaction-id': '2b0b1d0d-e571-4552-9f05-cffe567e3b6b', 'Content-Type': 'application/json; charset=utf-8', 'Content-Length': '44', 'Date': 'Sun, 10 Jul 2022 18:44:30 GMT', 'Connection': 'keep-alive', 'Keep-Alive': 'timeout=5'} 
 body={
    "message": "Produto não encontrado"
} 
 </msg>
<msg timestamp="20220710 15:44:30.178" level="INFO">${response} = &lt;Response [400]&gt;</msg>
<status status="PASS" starttime="20220710 15:44:30.176" endtime="20220710 15:44:30.178"/>
</kw>
<kw name="Log To Console" library="BuiltIn">
<arg>Response: ${response.content}</arg>
<doc>Logs the given message to the console.</doc>
<status status="PASS" starttime="20220710 15:44:30.178" endtime="20220710 15:44:30.179"/>
</kw>
<kw name="Set Global Variable" library="BuiltIn">
<arg>${response}</arg>
<doc>Makes a variable available globally in all tests and suites.</doc>
<msg timestamp="20220710 15:44:30.179" level="INFO">${response} = &lt;Response [400]&gt;</msg>
<status status="PASS" starttime="20220710 15:44:30.179" endtime="20220710 15:44:30.179"/>
</kw>
<status status="PASS" starttime="20220710 15:44:30.175" endtime="20220710 15:44:30.179"/>
</kw>
<kw name="Validar Status Code &quot;400&quot;" library="common" sourcename="Validar Status Code &quot;${statuscode}&quot;">
<kw name="Should Be True" library="BuiltIn">
<arg>${response.status_code} == ${statuscode}</arg>
<doc>Fails if the given condition is not true.</doc>
<status status="PASS" starttime="20220710 15:44:30.179" endtime="20220710 15:44:30.180"/>
</kw>
<status status="PASS" starttime="20220710 15:44:30.179" endtime="20220710 15:44:30.180"/>
</kw>
<tag>GET_PRODUTO_INVALIDO</tag>
<status status="PASS" starttime="20220710 15:44:30.175" endtime="20220710 15:44:30.180"/>
</test>
<test id="s1-t4" name="Cenário: POST Criar Produto 201" line="28">
<kw name="Fazer Login e Armazenar Token" library="00_login_keywords">
<kw name="POST Endpoint /login" library="00_login_keywords">
<kw name="Create Dictionary" library="BuiltIn">
<var>&amp;{payload}</var>
<arg>email=${email_para_login_adm}</arg>
<arg>password=${senha_para_login_adm}</arg>
<doc>Creates and returns a dictionary based on the given ``items``.</doc>
<msg timestamp="20220710 15:44:30.181" level="INFO">&amp;{payload} = { email=fulano@qa.com | password=teste }</msg>
<status status="PASS" starttime="20220710 15:44:30.181" endtime="20220710 15:44:30.181"/>
</kw>
<kw name="POST On Session" library="RequestsLibrary">
<var>${response}</var>
<arg>serverest</arg>
<arg>/login</arg>
<arg>data=&amp;{payload}</arg>
<doc>Sends a POST request on a previously created HTTP Session.</doc>
<msg timestamp="20220710 15:44:30.184" level="INFO">POST Request : url=http://localhost:3000/login 
 path_url=/login 
 headers={'User-Agent': 'python-requests/2.25.1', 'Accept-Encoding': 'gzip, deflate', 'Accept': '*/*', 'Connection': 'keep-alive', 'Content-Length': '36', 'Content-Type': 'application/x-www-form-urlencoded'} 
 body=email=fulano%40qa.com&amp;password=teste 
 </msg>
<msg timestamp="20220710 15:44:30.184" level="INFO">POST Response : url=http://localhost:3000/login 
 status=200, reason=OK 
 headers={'Access-Control-Allow-Origin': '*', 'x-dns-prefetch-control': 'off', 'x-frame-options': 'SAMEORIGIN', 'strict-transport-security': 'max-age=15552000; includeSubDomains', 'x-download-options': 'noopen', 'x-content-type-options': 'nosniff', 'x-xss-protection': '1; mode=block', 'x-moesif-transaction-id': '42d8ab34-4360-4713-8e81-e5e9111debb6', 'Content-Type': 'application/json; charset=utf-8', 'Content-Length': '265', 'Date': 'Sun, 10 Jul 2022 18:44:30 GMT', 'Connection': 'keep-alive', 'Keep-Alive': 'timeout=5'} 
 body={
    "message": "Login realizado com sucesso",
    "authorization": "Bearer eyJhbGciOiJIUzI1NiIsInR5cCI6IkpXVCJ9.eyJlbWFpbCI6ImZ1bGFub0BxYS5jb20iLCJwYXNzd29yZCI6InRlc3RlIiwiaWF0IjoxNjU3NDc4NjcwLCJleHAiOjE2NTc0NzkyNzB9.3hXDy25_S_7TR4EqSOBu6SRAFh-MD-Qjr3CmJ2VWfK8"
} 
 </msg>
<msg timestamp="20220710 15:44:30.184" level="INFO">${response} = &lt;Response [200]&gt;</msg>
<status status="PASS" starttime="20220710 15:44:30.181" endtime="20220710 15:44:30.184"/>
</kw>
<kw name="Log To Console" library="BuiltIn">
<arg>Response: ${response.content}</arg>
<doc>Logs the given message to the console.</doc>
<status status="PASS" starttime="20220710 15:44:30.184" endtime="20220710 15:44:30.184"/>
</kw>
<kw name="Set Global Variable" library="BuiltIn">
<arg>${response}</arg>
<doc>Makes a variable available globally in all tests and suites.</doc>
<msg timestamp="20220710 15:44:30.185" level="INFO">${response} = &lt;Response [200]&gt;</msg>
<status status="PASS" starttime="20220710 15:44:30.184" endtime="20220710 15:44:30.185"/>
</kw>
<status status="PASS" starttime="20220710 15:44:30.181" endtime="20220710 15:44:30.185"/>
</kw>
<kw name="Validar Ter Logado" library="00_login_keywords">
<kw name="Should Be Equal" library="BuiltIn">
<arg>${response.json()["message"]}</arg>
<arg>Login realizado com sucesso</arg>
<doc>Fails if the given objects are unequal.</doc>
<status status="PASS" starttime="20220710 15:44:30.185" endtime="20220710 15:44:30.186"/>
</kw>
<kw name="Should Not Be Empty" library="BuiltIn">
<arg>${response.json()["authorization"]}</arg>
<doc>Verifies that the given item is not empty.</doc>
<msg timestamp="20220710 15:44:30.186" level="INFO">Length is 192</msg>
<status status="PASS" starttime="20220710 15:44:30.186" endtime="20220710 15:44:30.186"/>
</kw>
<status status="PASS" starttime="20220710 15:44:30.185" endtime="20220710 15:44:30.186"/>
</kw>
<kw name="Set Variable" library="BuiltIn">
<var>${token_auth}</var>
<arg>${response.json()["authorization"]}</arg>
<doc>Returns the given values which can then be assigned to a variables.</doc>
<msg timestamp="20220710 15:44:30.187" level="INFO">${token_auth} = Bearer eyJhbGciOiJIUzI1NiIsInR5cCI6IkpXVCJ9.eyJlbWFpbCI6ImZ1bGFub0BxYS5jb20iLCJwYXNzd29yZCI6InRlc3RlIiwiaWF0IjoxNjU3NDc4NjcwLCJleHAiOjE2NTc0NzkyNzB9.3hXDy25_S_7TR4EqSOBu6SRAFh-MD-Qjr3CmJ2VWfK8</msg>
<status status="PASS" starttime="20220710 15:44:30.186" endtime="20220710 15:44:30.187"/>
</kw>
<kw name="Log To Console" library="BuiltIn">
<arg>Token Salvo: ${token_auth}</arg>
<doc>Logs the given message to the console.</doc>
<status status="PASS" starttime="20220710 15:44:30.187" endtime="20220710 15:44:30.187"/>
</kw>
<kw name="Set Global Variable" library="BuiltIn">
<arg>${token_auth}</arg>
<doc>Makes a variable available globally in all tests and suites.</doc>
<msg timestamp="20220710 15:44:30.187" level="INFO">${token_auth} = Bearer eyJhbGciOiJIUzI1NiIsInR5cCI6IkpXVCJ9.eyJlbWFpbCI6ImZ1bGFub0BxYS5jb20iLCJwYXNzd29yZCI6InRlc3RlIiwiaWF0IjoxNjU3NDc4NjcwLCJleHAiOjE2NTc0NzkyNzB9.3hXDy25_S_7TR4EqSOBu6SRAFh-MD-Qjr3CmJ2VWfK8</msg>
<status status="PASS" starttime="20220710 15:44:30.187" endtime="20220710 15:44:30.187"/>
</kw>
<status status="PASS" starttime="20220710 15:44:30.180" endtime="20220710 15:44:30.187"/>
</kw>
<kw name="Criar Dados Produto Valido" library="01_produtos_dynamics">
<kw name="Evaluate" library="BuiltIn">
<var>${produto}</var>
<arg>random.choice(@{produto}) + " " + random.choice(@{marca})</arg>
<arg>random</arg>
<doc>Evaluates the given expression in Python and returns the result.</doc>
<msg timestamp="20220710 15:44:30.188" level="INFO">${produto} = Teclado Asus</msg>
<status status="PASS" starttime="20220710 15:44:30.187" endtime="20220710 15:44:30.188"/>
</kw>
<kw name="Random Number" library="FakerLibrary">
<var>${codigo}</var>
<arg>digits=5</arg>
<doc>Generate a random integer according to the following rules:</doc>
<msg timestamp="20220710 15:44:30.188" level="INFO">${codigo} = 28988</msg>
<status status="PASS" starttime="20220710 15:44:30.188" endtime="20220710 15:44:30.188"/>
</kw>
<kw name="Catenate" library="BuiltIn">
<var>${nome}</var>
<arg>${produto} ${codigo}</arg>
<doc>Catenates the given items together and returns the resulted string.</doc>
<msg timestamp="20220710 15:44:30.188" level="INFO">${nome} = Teclado Asus 28988</msg>
<status status="PASS" starttime="20220710 15:44:30.188" endtime="20220710 15:44:30.188"/>
</kw>
<kw name="Random Number" library="FakerLibrary">
<var>${preco}</var>
<arg>digits=3</arg>
<doc>Generate a random integer according to the following rules:</doc>
<msg timestamp="20220710 15:44:30.188" level="INFO">${preco} = 423</msg>
<status status="PASS" starttime="20220710 15:44:30.188" endtime="20220710 15:44:30.188"/>
</kw>
<kw name="Random Number" library="FakerLibrary">
<var>${quantidade}</var>
<arg>digits=3</arg>
<doc>Generate a random integer according to the following rules:</doc>
<msg timestamp="20220710 15:44:30.189" level="INFO">${quantidade} = 759</msg>
<status status="PASS" starttime="20220710 15:44:30.188" endtime="20220710 15:44:30.189"/>
</kw>
<kw name="Create Dictionary" library="BuiltIn">
<var>&amp;{payload}</var>
<arg>nome=${nome}</arg>
<arg>preco=${preco}</arg>
<arg>descricao=${descricao}</arg>
<arg>quantidade=${quantidade}</arg>
<doc>Creates and returns a dictionary based on the given ``items``.</doc>
<msg timestamp="20220710 15:44:30.189" level="INFO">&amp;{payload} = { nome=Teclado Asus 28988 | preco=423 | descricao=Eletroeletrônico | quantidade=759 }</msg>
<status status="PASS" starttime="20220710 15:44:30.189" endtime="20220710 15:44:30.189"/>
</kw>
<kw name="Log To Console" library="BuiltIn">
<arg>${payload}</arg>
<doc>Logs the given message to the console.</doc>
<status status="PASS" starttime="20220710 15:44:30.189" endtime="20220710 15:44:30.189"/>
</kw>
<kw name="Set Global Variable" library="BuiltIn">
<arg>${payload}</arg>
<doc>Makes a variable available globally in all tests and suites.</doc>
<msg timestamp="20220710 15:44:30.190" level="INFO">${payload} = {'nome': 'Teclado Asus 28988', 'preco': 423, 'descricao': 'Eletroeletrônico', 'quantidade': 759}</msg>
<status status="PASS" starttime="20220710 15:44:30.189" endtime="20220710 15:44:30.190"/>
</kw>
<status status="PASS" starttime="20220710 15:44:30.187" endtime="20220710 15:44:30.190"/>
</kw>
<kw name="POST Endpoint /produtos" library="02_produtos_keywords">
<kw name="Create Dictionary" library="BuiltIn">
<var>&amp;{header}</var>
<arg>Authorization=${token_auth}</arg>
<doc>Creates and returns a dictionary based on the given ``items``.</doc>
<msg timestamp="20220710 15:44:30.190" level="INFO">&amp;{header} = { Authorization=Bearer eyJhbGciOiJIUzI1NiIsInR5cCI6IkpXVCJ9.eyJlbWFpbCI6ImZ1bGFub0BxYS5jb20iLCJwYXNzd29yZCI6InRlc3RlIiwiaWF0IjoxNjU3NDc4NjcwLCJleHAiOjE2NTc0NzkyNzB9.3hXDy25_S_7TR4EqSOBu6SRAFh-MD-Qjr3C...</msg>
<status status="PASS" starttime="20220710 15:44:30.190" endtime="20220710 15:44:30.190"/>
</kw>
<kw name="POST On Session" library="RequestsLibrary">
<var>${response}</var>
<arg>serverest</arg>
<arg>/produtos</arg>
<arg>data=&amp;{payload}</arg>
<arg>headers=${header}</arg>
<doc>Sends a POST request on a previously created HTTP Session.</doc>
<msg timestamp="20220710 15:44:30.195" level="INFO">POST Request : url=http://localhost:3000/produtos 
 path_url=/produtos 
 headers={'User-Agent': 'python-requests/2.25.1', 'Accept-Encoding': 'gzip, deflate', 'Accept': '*/*', 'Connection': 'keep-alive', 'Authorization': 'Bearer eyJhbGciOiJIUzI1NiIsInR5cCI6IkpXVCJ9.eyJlbWFpbCI6ImZ1bGFub0BxYS5jb20iLCJwYXNzd29yZCI6InRlc3RlIiwiaWF0IjoxNjU3NDc4NjcwLCJleHAiOjE2NTc0NzkyNzB9.3hXDy25_S_7TR4EqSOBu6SRAFh-MD-Qjr3CmJ2VWfK8', 'Content-Length': '80', 'Content-Type': 'application/x-www-form-urlencoded'} 
 body=nome=Teclado+Asus+28988&amp;preco=423&amp;descricao=Eletroeletr%C3%B4nico&amp;quantidade=759 
 </msg>
<msg timestamp="20220710 15:44:30.195" level="INFO">POST Response : url=http://localhost:3000/produtos 
 status=201, reason=Created 
 headers={'Access-Control-Allow-Origin': '*', 'x-dns-prefetch-control': 'off', 'x-frame-options': 'SAMEORIGIN', 'strict-transport-security': 'max-age=15552000; includeSubDomains', 'x-download-options': 'noopen', 'x-content-type-options': 'nosniff', 'x-xss-protection': '1; mode=block', 'x-moesif-transaction-id': 'c99784ad-1639-429d-b014-6aa5cde1cbe8', 'Content-Type': 'application/json; charset=utf-8', 'Content-Length': '82', 'Date': 'Sun, 10 Jul 2022 18:44:30 GMT', 'Connection': 'keep-alive', 'Keep-Alive': 'timeout=5'} 
 body={
    "message": "Cadastro realizado com sucesso",
    "_id": "S3CgAdzzJjQI3Dia"
} 
 </msg>
<msg timestamp="20220710 15:44:30.195" level="INFO">${response} = &lt;Response [201]&gt;</msg>
<status status="PASS" starttime="20220710 15:44:30.190" endtime="20220710 15:44:30.195"/>
</kw>
<kw name="Log To Console" library="BuiltIn">
<arg>Response: ${response.content}</arg>
<doc>Logs the given message to the console.</doc>
<status status="PASS" starttime="20220710 15:44:30.195" endtime="20220710 15:44:30.196"/>
</kw>
<kw name="Set Global Variable" library="BuiltIn">
<arg>${response}</arg>
<doc>Makes a variable available globally in all tests and suites.</doc>
<msg timestamp="20220710 15:44:30.196" level="INFO">${response} = &lt;Response [201]&gt;</msg>
<status status="PASS" starttime="20220710 15:44:30.196" endtime="20220710 15:44:30.196"/>
</kw>
<status status="PASS" starttime="20220710 15:44:30.190" endtime="20220710 15:44:30.196"/>
</kw>
<kw name="Validar Status Code &quot;201&quot;" library="common" sourcename="Validar Status Code &quot;${statuscode}&quot;">
<kw name="Should Be True" library="BuiltIn">
<arg>${response.status_code} == ${statuscode}</arg>
<doc>Fails if the given condition is not true.</doc>
<status status="PASS" starttime="20220710 15:44:30.197" endtime="20220710 15:44:30.198"/>
</kw>
<status status="PASS" starttime="20220710 15:44:30.196" endtime="20220710 15:44:30.198"/>
</kw>
<tag>POST_PRODUTO_ADM</tag>
<status status="PASS" starttime="20220710 15:44:30.180" endtime="20220710 15:44:30.198"/>
</test>
<test id="s1-t5" name="Cenário: POST Criar Produto Existente 400" line="35">
<kw name="Fazer Login e Armazenar Token" library="00_login_keywords">
<kw name="POST Endpoint /login" library="00_login_keywords">
<kw name="Create Dictionary" library="BuiltIn">
<var>&amp;{payload}</var>
<arg>email=${email_para_login_adm}</arg>
<arg>password=${senha_para_login_adm}</arg>
<doc>Creates and returns a dictionary based on the given ``items``.</doc>
<msg timestamp="20220710 15:44:30.199" level="INFO">&amp;{payload} = { email=fulano@qa.com | password=teste }</msg>
<status status="PASS" starttime="20220710 15:44:30.199" endtime="20220710 15:44:30.199"/>
</kw>
<kw name="POST On Session" library="RequestsLibrary">
<var>${response}</var>
<arg>serverest</arg>
<arg>/login</arg>
<arg>data=&amp;{payload}</arg>
<doc>Sends a POST request on a previously created HTTP Session.</doc>
<msg timestamp="20220710 15:44:30.202" level="INFO">POST Request : url=http://localhost:3000/login 
 path_url=/login 
 headers={'User-Agent': 'python-requests/2.25.1', 'Accept-Encoding': 'gzip, deflate', 'Accept': '*/*', 'Connection': 'keep-alive', 'Content-Length': '36', 'Content-Type': 'application/x-www-form-urlencoded'} 
 body=email=fulano%40qa.com&amp;password=teste 
 </msg>
<msg timestamp="20220710 15:44:30.202" level="INFO">POST Response : url=http://localhost:3000/login 
 status=200, reason=OK 
 headers={'Access-Control-Allow-Origin': '*', 'x-dns-prefetch-control': 'off', 'x-frame-options': 'SAMEORIGIN', 'strict-transport-security': 'max-age=15552000; includeSubDomains', 'x-download-options': 'noopen', 'x-content-type-options': 'nosniff', 'x-xss-protection': '1; mode=block', 'x-moesif-transaction-id': '150812dd-d9f8-4935-8ce0-9fb02fef27bd', 'Content-Type': 'application/json; charset=utf-8', 'Content-Length': '265', 'Date': 'Sun, 10 Jul 2022 18:44:30 GMT', 'Connection': 'keep-alive', 'Keep-Alive': 'timeout=5'} 
 body={
    "message": "Login realizado com sucesso",
    "authorization": "Bearer eyJhbGciOiJIUzI1NiIsInR5cCI6IkpXVCJ9.eyJlbWFpbCI6ImZ1bGFub0BxYS5jb20iLCJwYXNzd29yZCI6InRlc3RlIiwiaWF0IjoxNjU3NDc4NjcwLCJleHAiOjE2NTc0NzkyNzB9.3hXDy25_S_7TR4EqSOBu6SRAFh-MD-Qjr3CmJ2VWfK8"
} 
 </msg>
<msg timestamp="20220710 15:44:30.202" level="INFO">${response} = &lt;Response [200]&gt;</msg>
<status status="PASS" starttime="20220710 15:44:30.199" endtime="20220710 15:44:30.202"/>
</kw>
<kw name="Log To Console" library="BuiltIn">
<arg>Response: ${response.content}</arg>
<doc>Logs the given message to the console.</doc>
<status status="PASS" starttime="20220710 15:44:30.202" endtime="20220710 15:44:30.202"/>
</kw>
<kw name="Set Global Variable" library="BuiltIn">
<arg>${response}</arg>
<doc>Makes a variable available globally in all tests and suites.</doc>
<msg timestamp="20220710 15:44:30.203" level="INFO">${response} = &lt;Response [200]&gt;</msg>
<status status="PASS" starttime="20220710 15:44:30.203" endtime="20220710 15:44:30.203"/>
</kw>
<status status="PASS" starttime="20220710 15:44:30.199" endtime="20220710 15:44:30.203"/>
</kw>
<kw name="Validar Ter Logado" library="00_login_keywords">
<kw name="Should Be Equal" library="BuiltIn">
<arg>${response.json()["message"]}</arg>
<arg>Login realizado com sucesso</arg>
<doc>Fails if the given objects are unequal.</doc>
<status status="PASS" starttime="20220710 15:44:30.203" endtime="20220710 15:44:30.203"/>
</kw>
<kw name="Should Not Be Empty" library="BuiltIn">
<arg>${response.json()["authorization"]}</arg>
<doc>Verifies that the given item is not empty.</doc>
<msg timestamp="20220710 15:44:30.204" level="INFO">Length is 192</msg>
<status status="PASS" starttime="20220710 15:44:30.204" endtime="20220710 15:44:30.204"/>
</kw>
<status status="PASS" starttime="20220710 15:44:30.203" endtime="20220710 15:44:30.204"/>
</kw>
<kw name="Set Variable" library="BuiltIn">
<var>${token_auth}</var>
<arg>${response.json()["authorization"]}</arg>
<doc>Returns the given values which can then be assigned to a variables.</doc>
<msg timestamp="20220710 15:44:30.204" level="INFO">${token_auth} = Bearer eyJhbGciOiJIUzI1NiIsInR5cCI6IkpXVCJ9.eyJlbWFpbCI6ImZ1bGFub0BxYS5jb20iLCJwYXNzd29yZCI6InRlc3RlIiwiaWF0IjoxNjU3NDc4NjcwLCJleHAiOjE2NTc0NzkyNzB9.3hXDy25_S_7TR4EqSOBu6SRAFh-MD-Qjr3CmJ2VWfK8</msg>
<status status="PASS" starttime="20220710 15:44:30.204" endtime="20220710 15:44:30.204"/>
</kw>
<kw name="Log To Console" library="BuiltIn">
<arg>Token Salvo: ${token_auth}</arg>
<doc>Logs the given message to the console.</doc>
<status status="PASS" starttime="20220710 15:44:30.204" endtime="20220710 15:44:30.205"/>
</kw>
<kw name="Set Global Variable" library="BuiltIn">
<arg>${token_auth}</arg>
<doc>Makes a variable available globally in all tests and suites.</doc>
<msg timestamp="20220710 15:44:30.205" level="INFO">${token_auth} = Bearer eyJhbGciOiJIUzI1NiIsInR5cCI6IkpXVCJ9.eyJlbWFpbCI6ImZ1bGFub0BxYS5jb20iLCJwYXNzd29yZCI6InRlc3RlIiwiaWF0IjoxNjU3NDc4NjcwLCJleHAiOjE2NTc0NzkyNzB9.3hXDy25_S_7TR4EqSOBu6SRAFh-MD-Qjr3CmJ2VWfK8</msg>
<status status="PASS" starttime="20220710 15:44:30.205" endtime="20220710 15:44:30.205"/>
</kw>
<status status="PASS" starttime="20220710 15:44:30.198" endtime="20220710 15:44:30.205"/>
</kw>
<kw name="POST Endpoint /produtos Existente" library="02_produtos_keywords">
<kw name="Create Dictionary" library="BuiltIn">
<var>&amp;{header}</var>
<arg>Authorization=${token_auth}</arg>
<doc>Creates and returns a dictionary based on the given ``items``.</doc>
<msg timestamp="20220710 15:44:30.205" level="INFO">&amp;{header} = { Authorization=Bearer eyJhbGciOiJIUzI1NiIsInR5cCI6IkpXVCJ9.eyJlbWFpbCI6ImZ1bGFub0BxYS5jb20iLCJwYXNzd29yZCI6InRlc3RlIiwiaWF0IjoxNjU3NDc4NjcwLCJleHAiOjE2NTc0NzkyNzB9.3hXDy25_S_7TR4EqSOBu6SRAFh-MD-Qjr3C...</msg>
<status status="PASS" starttime="20220710 15:44:30.205" endtime="20220710 15:44:30.205"/>
</kw>
<kw name="Create Dictionary" library="BuiltIn">
<var>&amp;{payload}</var>
<arg>nome="Logitech MX Vertical"</arg>
<arg>preco=470</arg>
<arg>descricao="Mouse"</arg>
<arg>quantidade=381</arg>
<doc>Creates and returns a dictionary based on the given ``items``.</doc>
<msg timestamp="20220710 15:44:30.206" level="INFO">&amp;{payload} = { nome="Logitech MX Vertical" | preco=470 | descricao="Mouse" | quantidade=381 }</msg>
<status status="PASS" starttime="20220710 15:44:30.205" endtime="20220710 15:44:30.206"/>
</kw>
<kw name="POST On Session" library="RequestsLibrary">
<var>${response}</var>
<arg>serverest</arg>
<arg>/produtos</arg>
<arg>data=&amp;{payload}</arg>
<arg>headers=${header}</arg>
<arg>expected_status=400</arg>
<doc>Sends a POST request on a previously created HTTP Session.</doc>
<msg timestamp="20220710 15:44:30.208" level="INFO">POST Request : url=http://localhost:3000/produtos 
 path_url=/produtos 
 headers={'User-Agent': 'python-requests/2.25.1', 'Accept-Encoding': 'gzip, deflate', 'Accept': '*/*', 'Connection': 'keep-alive', 'Authorization': 'Bearer eyJhbGciOiJIUzI1NiIsInR5cCI6IkpXVCJ9.eyJlbWFpbCI6ImZ1bGFub0BxYS5jb20iLCJwYXNzd29yZCI6InRlc3RlIiwiaWF0IjoxNjU3NDc4NjcwLCJleHAiOjE2NTc0NzkyNzB9.3hXDy25_S_7TR4EqSOBu6SRAFh-MD-Qjr3CmJ2VWfK8', 'Content-Length': '78', 'Content-Type': 'application/x-www-form-urlencoded'} 
 body=nome=%22Logitech+MX+Vertical%22&amp;preco=470&amp;descricao=%22Mouse%22&amp;quantidade=381 
 </msg>
<msg timestamp="20220710 15:44:30.208" level="INFO">POST Response : url=http://localhost:3000/produtos 
 status=400, reason=Bad Request 
 headers={'Access-Control-Allow-Origin': '*', 'x-dns-prefetch-control': 'off', 'x-frame-options': 'SAMEORIGIN', 'strict-transport-security': 'max-age=15552000; includeSubDomains', 'x-download-options': 'noopen', 'x-content-type-options': 'nosniff', 'x-xss-protection': '1; mode=block', 'x-moesif-transaction-id': '128f991e-9833-470b-b61d-4ad18382f893', 'Content-Type': 'application/json; charset=utf-8', 'Content-Length': '53', 'Date': 'Sun, 10 Jul 2022 18:44:30 GMT', 'Connection': 'keep-alive', 'Keep-Alive': 'timeout=5'} 
 body={
    "message": "Já existe produto com esse nome"
} 
 </msg>
<msg timestamp="20220710 15:44:30.208" level="INFO">${response} = &lt;Response [400]&gt;</msg>
<status status="PASS" starttime="20220710 15:44:30.206" endtime="20220710 15:44:30.208"/>
</kw>
<kw name="Log To Console" library="BuiltIn">
<arg>Response: ${response.content}</arg>
<doc>Logs the given message to the console.</doc>
<status status="PASS" starttime="20220710 15:44:30.208" endtime="20220710 15:44:30.209"/>
</kw>
<kw name="Set Global Variable" library="BuiltIn">
<arg>${response}</arg>
<doc>Makes a variable available globally in all tests and suites.</doc>
<msg timestamp="20220710 15:44:30.209" level="INFO">${response} = &lt;Response [400]&gt;</msg>
<status status="PASS" starttime="20220710 15:44:30.209" endtime="20220710 15:44:30.209"/>
</kw>
<status status="PASS" starttime="20220710 15:44:30.205" endtime="20220710 15:44:30.209"/>
</kw>
<kw name="Validar Status Code &quot;400&quot;" library="common" sourcename="Validar Status Code &quot;${statuscode}&quot;">
<kw name="Should Be True" library="BuiltIn">
<arg>${response.status_code} == ${statuscode}</arg>
<doc>Fails if the given condition is not true.</doc>
<status status="PASS" starttime="20220710 15:44:30.210" endtime="20220710 15:44:30.210"/>
</kw>
<status status="PASS" starttime="20220710 15:44:30.210" endtime="20220710 15:44:30.211"/>
</kw>
<tag>POST_PRODUTO_EXISTENTE</tag>
<status status="PASS" starttime="20220710 15:44:30.198" endtime="20220710 15:44:30.211"/>
</test>
<test id="s1-t6" name="Cenário: POST Criar Produto Erro TOKEN 401" line="41">
<kw name="Fazer Login e Armazenar Token" library="00_login_keywords">
<kw name="POST Endpoint /login" library="00_login_keywords">
<kw name="Create Dictionary" library="BuiltIn">
<var>&amp;{payload}</var>
<arg>email=${email_para_login_adm}</arg>
<arg>password=${senha_para_login_adm}</arg>
<doc>Creates and returns a dictionary based on the given ``items``.</doc>
<msg timestamp="20220710 15:44:30.212" level="INFO">&amp;{payload} = { email=fulano@qa.com | password=teste }</msg>
<status status="PASS" starttime="20220710 15:44:30.211" endtime="20220710 15:44:30.212"/>
</kw>
<kw name="POST On Session" library="RequestsLibrary">
<var>${response}</var>
<arg>serverest</arg>
<arg>/login</arg>
<arg>data=&amp;{payload}</arg>
<doc>Sends a POST request on a previously created HTTP Session.</doc>
<msg timestamp="20220710 15:44:30.214" level="INFO">POST Request : url=http://localhost:3000/login 
 path_url=/login 
 headers={'User-Agent': 'python-requests/2.25.1', 'Accept-Encoding': 'gzip, deflate', 'Accept': '*/*', 'Connection': 'keep-alive', 'Content-Length': '36', 'Content-Type': 'application/x-www-form-urlencoded'} 
 body=email=fulano%40qa.com&amp;password=teste 
 </msg>
<msg timestamp="20220710 15:44:30.214" level="INFO">POST Response : url=http://localhost:3000/login 
 status=200, reason=OK 
 headers={'Access-Control-Allow-Origin': '*', 'x-dns-prefetch-control': 'off', 'x-frame-options': 'SAMEORIGIN', 'strict-transport-security': 'max-age=15552000; includeSubDomains', 'x-download-options': 'noopen', 'x-content-type-options': 'nosniff', 'x-xss-protection': '1; mode=block', 'x-moesif-transaction-id': 'feb4096e-c57b-4eab-9ec0-032655d1fa62', 'Content-Type': 'application/json; charset=utf-8', 'Content-Length': '265', 'Date': 'Sun, 10 Jul 2022 18:44:30 GMT', 'Connection': 'keep-alive', 'Keep-Alive': 'timeout=5'} 
 body={
    "message": "Login realizado com sucesso",
    "authorization": "Bearer eyJhbGciOiJIUzI1NiIsInR5cCI6IkpXVCJ9.eyJlbWFpbCI6ImZ1bGFub0BxYS5jb20iLCJwYXNzd29yZCI6InRlc3RlIiwiaWF0IjoxNjU3NDc4NjcwLCJleHAiOjE2NTc0NzkyNzB9.3hXDy25_S_7TR4EqSOBu6SRAFh-MD-Qjr3CmJ2VWfK8"
} 
 </msg>
<msg timestamp="20220710 15:44:30.214" level="INFO">${response} = &lt;Response [200]&gt;</msg>
<status status="PASS" starttime="20220710 15:44:30.212" endtime="20220710 15:44:30.214"/>
</kw>
<kw name="Log To Console" library="BuiltIn">
<arg>Response: ${response.content}</arg>
<doc>Logs the given message to the console.</doc>
<status status="PASS" starttime="20220710 15:44:30.214" endtime="20220710 15:44:30.215"/>
</kw>
<kw name="Set Global Variable" library="BuiltIn">
<arg>${response}</arg>
<doc>Makes a variable available globally in all tests and suites.</doc>
<msg timestamp="20220710 15:44:30.215" level="INFO">${response} = &lt;Response [200]&gt;</msg>
<status status="PASS" starttime="20220710 15:44:30.215" endtime="20220710 15:44:30.215"/>
</kw>
<status status="PASS" starttime="20220710 15:44:30.211" endtime="20220710 15:44:30.215"/>
</kw>
<kw name="Validar Ter Logado" library="00_login_keywords">
<kw name="Should Be Equal" library="BuiltIn">
<arg>${response.json()["message"]}</arg>
<arg>Login realizado com sucesso</arg>
<doc>Fails if the given objects are unequal.</doc>
<status status="PASS" starttime="20220710 15:44:30.215" endtime="20220710 15:44:30.216"/>
</kw>
<kw name="Should Not Be Empty" library="BuiltIn">
<arg>${response.json()["authorization"]}</arg>
<doc>Verifies that the given item is not empty.</doc>
<msg timestamp="20220710 15:44:30.216" level="INFO">Length is 192</msg>
<status status="PASS" starttime="20220710 15:44:30.216" endtime="20220710 15:44:30.216"/>
</kw>
<status status="PASS" starttime="20220710 15:44:30.215" endtime="20220710 15:44:30.216"/>
</kw>
<kw name="Set Variable" library="BuiltIn">
<var>${token_auth}</var>
<arg>${response.json()["authorization"]}</arg>
<doc>Returns the given values which can then be assigned to a variables.</doc>
<msg timestamp="20220710 15:44:30.217" level="INFO">${token_auth} = Bearer eyJhbGciOiJIUzI1NiIsInR5cCI6IkpXVCJ9.eyJlbWFpbCI6ImZ1bGFub0BxYS5jb20iLCJwYXNzd29yZCI6InRlc3RlIiwiaWF0IjoxNjU3NDc4NjcwLCJleHAiOjE2NTc0NzkyNzB9.3hXDy25_S_7TR4EqSOBu6SRAFh-MD-Qjr3CmJ2VWfK8</msg>
<status status="PASS" starttime="20220710 15:44:30.216" endtime="20220710 15:44:30.217"/>
</kw>
<kw name="Log To Console" library="BuiltIn">
<arg>Token Salvo: ${token_auth}</arg>
<doc>Logs the given message to the console.</doc>
<status status="PASS" starttime="20220710 15:44:30.217" endtime="20220710 15:44:30.217"/>
</kw>
<kw name="Set Global Variable" library="BuiltIn">
<arg>${token_auth}</arg>
<doc>Makes a variable available globally in all tests and suites.</doc>
<msg timestamp="20220710 15:44:30.217" level="INFO">${token_auth} = Bearer eyJhbGciOiJIUzI1NiIsInR5cCI6IkpXVCJ9.eyJlbWFpbCI6ImZ1bGFub0BxYS5jb20iLCJwYXNzd29yZCI6InRlc3RlIiwiaWF0IjoxNjU3NDc4NjcwLCJleHAiOjE2NTc0NzkyNzB9.3hXDy25_S_7TR4EqSOBu6SRAFh-MD-Qjr3CmJ2VWfK8</msg>
<status status="PASS" starttime="20220710 15:44:30.217" endtime="20220710 15:44:30.217"/>
</kw>
<status status="PASS" starttime="20220710 15:44:30.211" endtime="20220710 15:44:30.217"/>
</kw>
<kw name="Criar Dados Produto Valido" library="01_produtos_dynamics">
<kw name="Evaluate" library="BuiltIn">
<var>${produto}</var>
<arg>random.choice(@{produto}) + " " + random.choice(@{marca})</arg>
<arg>random</arg>
<doc>Evaluates the given expression in Python and returns the result.</doc>
<msg timestamp="20220710 15:44:30.218" level="INFO">${produto} = Mouse Dell</msg>
<status status="PASS" starttime="20220710 15:44:30.217" endtime="20220710 15:44:30.218"/>
</kw>
<kw name="Random Number" library="FakerLibrary">
<var>${codigo}</var>
<arg>digits=5</arg>
<doc>Generate a random integer according to the following rules:</doc>
<msg timestamp="20220710 15:44:30.218" level="INFO">${codigo} = 46897</msg>
<status status="PASS" starttime="20220710 15:44:30.218" endtime="20220710 15:44:30.218"/>
</kw>
<kw name="Catenate" library="BuiltIn">
<var>${nome}</var>
<arg>${produto} ${codigo}</arg>
<doc>Catenates the given items together and returns the resulted string.</doc>
<msg timestamp="20220710 15:44:30.218" level="INFO">${nome} = Mouse Dell 46897</msg>
<status status="PASS" starttime="20220710 15:44:30.218" endtime="20220710 15:44:30.218"/>
</kw>
<kw name="Random Number" library="FakerLibrary">
<var>${preco}</var>
<arg>digits=3</arg>
<doc>Generate a random integer according to the following rules:</doc>
<msg timestamp="20220710 15:44:30.219" level="INFO">${preco} = 925</msg>
<status status="PASS" starttime="20220710 15:44:30.218" endtime="20220710 15:44:30.219"/>
</kw>
<kw name="Random Number" library="FakerLibrary">
<var>${quantidade}</var>
<arg>digits=3</arg>
<doc>Generate a random integer according to the following rules:</doc>
<msg timestamp="20220710 15:44:30.219" level="INFO">${quantidade} = 738</msg>
<status status="PASS" starttime="20220710 15:44:30.219" endtime="20220710 15:44:30.219"/>
</kw>
<kw name="Create Dictionary" library="BuiltIn">
<var>&amp;{payload}</var>
<arg>nome=${nome}</arg>
<arg>preco=${preco}</arg>
<arg>descricao=${descricao}</arg>
<arg>quantidade=${quantidade}</arg>
<doc>Creates and returns a dictionary based on the given ``items``.</doc>
<msg timestamp="20220710 15:44:30.219" level="INFO">&amp;{payload} = { nome=Mouse Dell 46897 | preco=925 | descricao=Eletroeletrônico | quantidade=738 }</msg>
<status status="PASS" starttime="20220710 15:44:30.219" endtime="20220710 15:44:30.219"/>
</kw>
<kw name="Log To Console" library="BuiltIn">
<arg>${payload}</arg>
<doc>Logs the given message to the console.</doc>
<status status="PASS" starttime="20220710 15:44:30.220" endtime="20220710 15:44:30.220"/>
</kw>
<kw name="Set Global Variable" library="BuiltIn">
<arg>${payload}</arg>
<doc>Makes a variable available globally in all tests and suites.</doc>
<msg timestamp="20220710 15:44:30.220" level="INFO">${payload} = {'nome': 'Mouse Dell 46897', 'preco': 925, 'descricao': 'Eletroeletrônico', 'quantidade': 738}</msg>
<status status="PASS" starttime="20220710 15:44:30.220" endtime="20220710 15:44:30.220"/>
</kw>
<status status="PASS" starttime="20220710 15:44:30.217" endtime="20220710 15:44:30.220"/>
</kw>
<kw name="POST Endpoint /produtos TOKEN" library="02_produtos_keywords">
<kw name="Create Dictionary" library="BuiltIn">
<var>&amp;{header}</var>
<arg>Authorization=${token_auth}</arg>
<doc>Creates and returns a dictionary based on the given ``items``.</doc>
<msg timestamp="20220710 15:44:30.220" level="INFO">&amp;{header} = { Authorization=Bearer eyJhbGciOiJIUzI1NiIsInR5cCI6IkpXVCJ9.eyJlbWFpbCI6ImZ1bGFub0BxYS5jb20iLCJwYXNzd29yZCI6InRlc3RlIiwiaWF0IjoxNjU3NDc4NjcwLCJleHAiOjE2NTc0NzkyNzB9.3hXDy25_S_7TR4EqSOBu6SRAFh-MD-Qjr3C...</msg>
<status status="PASS" starttime="20220710 15:44:30.220" endtime="20220710 15:44:30.220"/>
</kw>
<kw name="POST On Session" library="RequestsLibrary">
<var>${response}</var>
<arg>serverest</arg>
<arg>/produtos</arg>
<arg>data=&amp;{payload}</arg>
<arg>expected_status=401</arg>
<doc>Sends a POST request on a previously created HTTP Session.</doc>
<msg timestamp="20220710 15:44:30.223" level="INFO">POST Request : url=http://localhost:3000/produtos 
 path_url=/produtos 
 headers={'User-Agent': 'python-requests/2.25.1', 'Accept-Encoding': 'gzip, deflate', 'Accept': '*/*', 'Connection': 'keep-alive', 'Content-Length': '78', 'Content-Type': 'application/x-www-form-urlencoded'} 
 body=nome=Mouse+Dell+46897&amp;preco=925&amp;descricao=Eletroeletr%C3%B4nico&amp;quantidade=738 
 </msg>
<msg timestamp="20220710 15:44:30.223" level="INFO">POST Response : url=http://localhost:3000/produtos 
 status=401, reason=Unauthorized 
 headers={'Access-Control-Allow-Origin': '*', 'x-dns-prefetch-control': 'off', 'x-frame-options': 'SAMEORIGIN', 'strict-transport-security': 'max-age=15552000; includeSubDomains', 'x-download-options': 'noopen', 'x-content-type-options': 'nosniff', 'x-xss-protection': '1; mode=block', 'x-moesif-transaction-id': 'dd88fd4c-b7c6-46c8-85f2-4b18d24b5c09', 'Content-Type': 'application/json; charset=utf-8', 'Content-Length': '103', 'Date': 'Sun, 10 Jul 2022 18:44:30 GMT', 'Connection': 'keep-alive', 'Keep-Alive': 'timeout=5'} 
 body={
    "message": "Token de acesso ausente, inválido, expirado ou usuário do token não existe mais"
} 
 </msg>
<msg timestamp="20220710 15:44:30.223" level="INFO">${response} = &lt;Response [401]&gt;</msg>
<status status="PASS" starttime="20220710 15:44:30.221" endtime="20220710 15:44:30.223"/>
</kw>
<kw name="Log To Console" library="BuiltIn">
<arg>Response: ${response.content}</arg>
<doc>Logs the given message to the console.</doc>
<status status="PASS" starttime="20220710 15:44:30.223" endtime="20220710 15:44:30.224"/>
</kw>
<kw name="Set Global Variable" library="BuiltIn">
<arg>${response}</arg>
<doc>Makes a variable available globally in all tests and suites.</doc>
<msg timestamp="20220710 15:44:30.224" level="INFO">${response} = &lt;Response [401]&gt;</msg>
<status status="PASS" starttime="20220710 15:44:30.224" endtime="20220710 15:44:30.224"/>
</kw>
<status status="PASS" starttime="20220710 15:44:30.220" endtime="20220710 15:44:30.224"/>
</kw>
<kw name="Validar Status Code &quot;401&quot;" library="common" sourcename="Validar Status Code &quot;${statuscode}&quot;">
<kw name="Should Be True" library="BuiltIn">
<arg>${response.status_code} == ${statuscode}</arg>
<doc>Fails if the given condition is not true.</doc>
<status status="PASS" starttime="20220710 15:44:30.224" endtime="20220710 15:44:30.225"/>
</kw>
<status status="PASS" starttime="20220710 15:44:30.224" endtime="20220710 15:44:30.225"/>
</kw>
<tag>POST_PRODUTO_TOKEN</tag>
<status status="PASS" starttime="20220710 15:44:30.211" endtime="20220710 15:44:30.225"/>
</test>
<test id="s1-t7" name="Cenário: POST Criar Produto 403" line="48">
<kw name="Fazer Login e Armazenar Token Nao Administrador" library="00_login_keywords">
<kw name="POST Endpoint /login Nao Administrador" library="00_login_keywords">
<kw name="Create Dictionary" library="BuiltIn">
<var>&amp;{payload}</var>
<arg>email=${email_para_login}</arg>
<arg>password=${senha_para_login}</arg>
<doc>Creates and returns a dictionary based on the given ``items``.</doc>
<msg timestamp="20220710 15:44:30.226" level="INFO">&amp;{payload} = { email=lmueller@example.com | password=yEdm0HHM4w }</msg>
<status status="PASS" starttime="20220710 15:44:30.226" endtime="20220710 15:44:30.226"/>
</kw>
<kw name="POST On Session" library="RequestsLibrary">
<var>${response}</var>
<arg>serverest</arg>
<arg>/login</arg>
<arg>data=&amp;{payload}</arg>
<doc>Sends a POST request on a previously created HTTP Session.</doc>
<msg timestamp="20220710 15:44:30.229" level="INFO">POST Request : url=http://localhost:3000/login 
 path_url=/login 
 headers={'User-Agent': 'python-requests/2.25.1', 'Accept-Encoding': 'gzip, deflate', 'Accept': '*/*', 'Connection': 'keep-alive', 'Content-Length': '48', 'Content-Type': 'application/x-www-form-urlencoded'} 
 body=email=lmueller%40example.com&amp;password=yEdm0HHM4w 
 </msg>
<msg timestamp="20220710 15:44:30.229" level="INFO">POST Response : url=http://localhost:3000/login 
 status=200, reason=OK 
 headers={'Access-Control-Allow-Origin': '*', 'x-dns-prefetch-control': 'off', 'x-frame-options': 'SAMEORIGIN', 'strict-transport-security': 'max-age=15552000; includeSubDomains', 'x-download-options': 'noopen', 'x-content-type-options': 'nosniff', 'x-xss-protection': '1; mode=block', 'x-moesif-transaction-id': 'a585d375-aa35-4006-b933-c0fc3f196d8a', 'Content-Type': 'application/json; charset=utf-8', 'Content-Length': '281', 'Date': 'Sun, 10 Jul 2022 18:44:30 GMT', 'Connection': 'keep-alive', 'Keep-Alive': 'timeout=5'} 
 body={
    "message": "Login realizado com sucesso",
    "authorization": "Bearer eyJhbGciOiJIUzI1NiIsInR5cCI6IkpXVCJ9.eyJlbWFpbCI6ImxtdWVsbGVyQGV4YW1wbGUuY29tIiwicGFzc3dvcmQiOiJ5RWRtMEhITTR3IiwiaWF0IjoxNjU3NDc4NjcwLCJleHAiOjE2NTc0NzkyNzB9.yDriCP1Kh6aJOIg3vZcGJQ7km9jf5mG7CjxWMt4d82I"
} 
 </msg>
<msg timestamp="20220710 15:44:30.229" level="INFO">${response} = &lt;Response [200]&gt;</msg>
<status status="PASS" starttime="20220710 15:44:30.226" endtime="20220710 15:44:30.229"/>
</kw>
<kw name="Log To Console" library="BuiltIn">
<arg>Response: ${response.content}</arg>
<doc>Logs the given message to the console.</doc>
<status status="PASS" starttime="20220710 15:44:30.229" endtime="20220710 15:44:30.230"/>
</kw>
<kw name="Set Global Variable" library="BuiltIn">
<arg>${response}</arg>
<doc>Makes a variable available globally in all tests and suites.</doc>
<msg timestamp="20220710 15:44:30.230" level="INFO">${response} = &lt;Response [200]&gt;</msg>
<status status="PASS" starttime="20220710 15:44:30.230" endtime="20220710 15:44:30.230"/>
</kw>
<status status="PASS" starttime="20220710 15:44:30.226" endtime="20220710 15:44:30.230"/>
</kw>
<kw name="Validar Ter Logado" library="00_login_keywords">
<kw name="Should Be Equal" library="BuiltIn">
<arg>${response.json()["message"]}</arg>
<arg>Login realizado com sucesso</arg>
<doc>Fails if the given objects are unequal.</doc>
<status status="PASS" starttime="20220710 15:44:30.230" endtime="20220710 15:44:30.231"/>
</kw>
<kw name="Should Not Be Empty" library="BuiltIn">
<arg>${response.json()["authorization"]}</arg>
<doc>Verifies that the given item is not empty.</doc>
<msg timestamp="20220710 15:44:30.231" level="INFO">Length is 208</msg>
<status status="PASS" starttime="20220710 15:44:30.231" endtime="20220710 15:44:30.231"/>
</kw>
<status status="PASS" starttime="20220710 15:44:30.230" endtime="20220710 15:44:30.231"/>
</kw>
<kw name="Set Variable" library="BuiltIn">
<var>${token_auth}</var>
<arg>${response.json()["authorization"]}</arg>
<doc>Returns the given values which can then be assigned to a variables.</doc>
<msg timestamp="20220710 15:44:30.232" level="INFO">${token_auth} = Bearer eyJhbGciOiJIUzI1NiIsInR5cCI6IkpXVCJ9.eyJlbWFpbCI6ImxtdWVsbGVyQGV4YW1wbGUuY29tIiwicGFzc3dvcmQiOiJ5RWRtMEhITTR3IiwiaWF0IjoxNjU3NDc4NjcwLCJleHAiOjE2NTc0NzkyNzB9.yDriCP1Kh6aJOIg3vZcGJQ7km9jf5mG7Cjx...</msg>
<status status="PASS" starttime="20220710 15:44:30.231" endtime="20220710 15:44:30.232"/>
</kw>
<kw name="Log To Console" library="BuiltIn">
<arg>Token Salvo: ${token_auth}</arg>
<doc>Logs the given message to the console.</doc>
<status status="PASS" starttime="20220710 15:44:30.232" endtime="20220710 15:44:30.232"/>
</kw>
<kw name="Set Global Variable" library="BuiltIn">
<arg>${token_auth}</arg>
<doc>Makes a variable available globally in all tests and suites.</doc>
<msg timestamp="20220710 15:44:30.232" level="INFO">${token_auth} = Bearer eyJhbGciOiJIUzI1NiIsInR5cCI6IkpXVCJ9.eyJlbWFpbCI6ImxtdWVsbGVyQGV4YW1wbGUuY29tIiwicGFzc3dvcmQiOiJ5RWRtMEhITTR3IiwiaWF0IjoxNjU3NDc4NjcwLCJleHAiOjE2NTc0NzkyNzB9.yDriCP1Kh6aJOIg3vZcGJQ7km9jf5mG7Cjx...</msg>
<status status="PASS" starttime="20220710 15:44:30.232" endtime="20220710 15:44:30.232"/>
</kw>
<status status="PASS" starttime="20220710 15:44:30.226" endtime="20220710 15:44:30.232"/>
</kw>
<kw name="Criar Dados Produto Valido" library="01_produtos_dynamics">
<kw name="Evaluate" library="BuiltIn">
<var>${produto}</var>
<arg>random.choice(@{produto}) + " " + random.choice(@{marca})</arg>
<arg>random</arg>
<doc>Evaluates the given expression in Python and returns the result.</doc>
<msg timestamp="20220710 15:44:30.233" level="INFO">${produto} = Monitor Sony</msg>
<status status="PASS" starttime="20220710 15:44:30.232" endtime="20220710 15:44:30.233"/>
</kw>
<kw name="Random Number" library="FakerLibrary">
<var>${codigo}</var>
<arg>digits=5</arg>
<doc>Generate a random integer according to the following rules:</doc>
<msg timestamp="20220710 15:44:30.233" level="INFO">${codigo} = 12922</msg>
<status status="PASS" starttime="20220710 15:44:30.233" endtime="20220710 15:44:30.233"/>
</kw>
<kw name="Catenate" library="BuiltIn">
<var>${nome}</var>
<arg>${produto} ${codigo}</arg>
<doc>Catenates the given items together and returns the resulted string.</doc>
<msg timestamp="20220710 15:44:30.233" level="INFO">${nome} = Monitor Sony 12922</msg>
<status status="PASS" starttime="20220710 15:44:30.233" endtime="20220710 15:44:30.233"/>
</kw>
<kw name="Random Number" library="FakerLibrary">
<var>${preco}</var>
<arg>digits=3</arg>
<doc>Generate a random integer according to the following rules:</doc>
<msg timestamp="20220710 15:44:30.233" level="INFO">${preco} = 660</msg>
<status status="PASS" starttime="20220710 15:44:30.233" endtime="20220710 15:44:30.233"/>
</kw>
<kw name="Random Number" library="FakerLibrary">
<var>${quantidade}</var>
<arg>digits=3</arg>
<doc>Generate a random integer according to the following rules:</doc>
<msg timestamp="20220710 15:44:30.234" level="INFO">${quantidade} = 223</msg>
<status status="PASS" starttime="20220710 15:44:30.233" endtime="20220710 15:44:30.234"/>
</kw>
<kw name="Create Dictionary" library="BuiltIn">
<var>&amp;{payload}</var>
<arg>nome=${nome}</arg>
<arg>preco=${preco}</arg>
<arg>descricao=${descricao}</arg>
<arg>quantidade=${quantidade}</arg>
<doc>Creates and returns a dictionary based on the given ``items``.</doc>
<msg timestamp="20220710 15:44:30.234" level="INFO">&amp;{payload} = { nome=Monitor Sony 12922 | preco=660 | descricao=Eletroeletrônico | quantidade=223 }</msg>
<status status="PASS" starttime="20220710 15:44:30.234" endtime="20220710 15:44:30.234"/>
</kw>
<kw name="Log To Console" library="BuiltIn">
<arg>${payload}</arg>
<doc>Logs the given message to the console.</doc>
<status status="PASS" starttime="20220710 15:44:30.234" endtime="20220710 15:44:30.234"/>
</kw>
<kw name="Set Global Variable" library="BuiltIn">
<arg>${payload}</arg>
<doc>Makes a variable available globally in all tests and suites.</doc>
<msg timestamp="20220710 15:44:30.234" level="INFO">${payload} = {'nome': 'Monitor Sony 12922', 'preco': 660, 'descricao': 'Eletroeletrônico', 'quantidade': 223}</msg>
<status status="PASS" starttime="20220710 15:44:30.234" endtime="20220710 15:44:30.234"/>
</kw>
<status status="PASS" starttime="20220710 15:44:30.232" endtime="20220710 15:44:30.235"/>
</kw>
<kw name="POST Endpoint /produtos Rota Exclusiva para Administradores" library="02_produtos_keywords">
<kw name="Create Dictionary" library="BuiltIn">
<var>&amp;{header}</var>
<arg>Authorization=${token_auth}</arg>
<doc>Creates and returns a dictionary based on the given ``items``.</doc>
<msg timestamp="20220710 15:44:30.235" level="INFO">&amp;{header} = { Authorization=Bearer eyJhbGciOiJIUzI1NiIsInR5cCI6IkpXVCJ9.eyJlbWFpbCI6ImxtdWVsbGVyQGV4YW1wbGUuY29tIiwicGFzc3dvcmQiOiJ5RWRtMEhITTR3IiwiaWF0IjoxNjU3NDc4NjcwLCJleHAiOjE2NTc0NzkyNzB9.yDriCP1Kh6aJOIg3vZc...</msg>
<status status="PASS" starttime="20220710 15:44:30.235" endtime="20220710 15:44:30.235"/>
</kw>
<kw name="POST On Session" library="RequestsLibrary">
<var>${response}</var>
<arg>serverest</arg>
<arg>/produtos</arg>
<arg>data=&amp;{payload}</arg>
<arg>headers=${header}</arg>
<arg>expected_status=403</arg>
<doc>Sends a POST request on a previously created HTTP Session.</doc>
<msg timestamp="20220710 15:44:30.239" level="INFO">POST Request : url=http://localhost:3000/produtos 
 path_url=/produtos 
 headers={'User-Agent': 'python-requests/2.25.1', 'Accept-Encoding': 'gzip, deflate', 'Accept': '*/*', 'Connection': 'keep-alive', 'Authorization': 'Bearer eyJhbGciOiJIUzI1NiIsInR5cCI6IkpXVCJ9.eyJlbWFpbCI6ImxtdWVsbGVyQGV4YW1wbGUuY29tIiwicGFzc3dvcmQiOiJ5RWRtMEhITTR3IiwiaWF0IjoxNjU3NDc4NjcwLCJleHAiOjE2NTc0NzkyNzB9.yDriCP1Kh6aJOIg3vZcGJQ7km9jf5mG7CjxWMt4d82I', 'Content-Length': '80', 'Content-Type': 'application/x-www-form-urlencoded'} 
 body=nome=Monitor+Sony+12922&amp;preco=660&amp;descricao=Eletroeletr%C3%B4nico&amp;quantidade=223 
 </msg>
<msg timestamp="20220710 15:44:30.239" level="INFO">POST Response : url=http://localhost:3000/produtos 
 status=403, reason=Forbidden 
 headers={'Access-Control-Allow-Origin': '*', 'x-dns-prefetch-control': 'off', 'x-frame-options': 'SAMEORIGIN', 'strict-transport-security': 'max-age=15552000; includeSubDomains', 'x-download-options': 'noopen', 'x-content-type-options': 'nosniff', 'x-xss-protection': '1; mode=block', 'x-moesif-transaction-id': '1ef0696b-a115-4b9b-bf33-2255512e48f4', 'Content-Type': 'application/json; charset=utf-8', 'Content-Length': '56', 'Date': 'Sun, 10 Jul 2022 18:44:30 GMT', 'Connection': 'keep-alive', 'Keep-Alive': 'timeout=5'} 
 body={
    "message": "Rota exclusiva para administradores"
} 
 </msg>
<msg timestamp="20220710 15:44:30.239" level="INFO">${response} = &lt;Response [403]&gt;</msg>
<status status="PASS" starttime="20220710 15:44:30.235" endtime="20220710 15:44:30.239"/>
</kw>
<kw name="Log To Console" library="BuiltIn">
<arg>Response: ${response.content}</arg>
<doc>Logs the given message to the console.</doc>
<status status="PASS" starttime="20220710 15:44:30.240" endtime="20220710 15:44:30.240"/>
</kw>
<kw name="Set Global Variable" library="BuiltIn">
<arg>${response}</arg>
<doc>Makes a variable available globally in all tests and suites.</doc>
<msg timestamp="20220710 15:44:30.241" level="INFO">${response} = &lt;Response [403]&gt;</msg>
<status status="PASS" starttime="20220710 15:44:30.241" endtime="20220710 15:44:30.241"/>
</kw>
<status status="PASS" starttime="20220710 15:44:30.235" endtime="20220710 15:44:30.241"/>
</kw>
<kw name="Validar Status Code &quot;403&quot;" library="common" sourcename="Validar Status Code &quot;${statuscode}&quot;">
<kw name="Should Be True" library="BuiltIn">
<arg>${response.status_code} == ${statuscode}</arg>
<doc>Fails if the given condition is not true.</doc>
<status status="PASS" starttime="20220710 15:44:30.241" endtime="20220710 15:44:30.243"/>
</kw>
<status status="PASS" starttime="20220710 15:44:30.241" endtime="20220710 15:44:30.243"/>
</kw>
<tag>POST_PRODUTO</tag>
<status status="PASS" starttime="20220710 15:44:30.225" endtime="20220710 15:44:30.243"/>
</test>
<test id="s1-t8" name="Cenário: PUT Editar Produto 200" line="56">
<kw name="Fazer Login e Armazenar Token" library="00_login_keywords">
<kw name="POST Endpoint /login" library="00_login_keywords">
<kw name="Create Dictionary" library="BuiltIn">
<var>&amp;{payload}</var>
<arg>email=${email_para_login_adm}</arg>
<arg>password=${senha_para_login_adm}</arg>
<doc>Creates and returns a dictionary based on the given ``items``.</doc>
<msg timestamp="20220710 15:44:30.244" level="INFO">&amp;{payload} = { email=fulano@qa.com | password=teste }</msg>
<status status="PASS" starttime="20220710 15:44:30.244" endtime="20220710 15:44:30.244"/>
</kw>
<kw name="POST On Session" library="RequestsLibrary">
<var>${response}</var>
<arg>serverest</arg>
<arg>/login</arg>
<arg>data=&amp;{payload}</arg>
<doc>Sends a POST request on a previously created HTTP Session.</doc>
<msg timestamp="20220710 15:44:30.247" level="INFO">POST Request : url=http://localhost:3000/login 
 path_url=/login 
 headers={'User-Agent': 'python-requests/2.25.1', 'Accept-Encoding': 'gzip, deflate', 'Accept': '*/*', 'Connection': 'keep-alive', 'Content-Length': '36', 'Content-Type': 'application/x-www-form-urlencoded'} 
 body=email=fulano%40qa.com&amp;password=teste 
 </msg>
<msg timestamp="20220710 15:44:30.247" level="INFO">POST Response : url=http://localhost:3000/login 
 status=200, reason=OK 
 headers={'Access-Control-Allow-Origin': '*', 'x-dns-prefetch-control': 'off', 'x-frame-options': 'SAMEORIGIN', 'strict-transport-security': 'max-age=15552000; includeSubDomains', 'x-download-options': 'noopen', 'x-content-type-options': 'nosniff', 'x-xss-protection': '1; mode=block', 'x-moesif-transaction-id': '55d81fec-19b9-4997-9ab8-70f66bdd883d', 'Content-Type': 'application/json; charset=utf-8', 'Content-Length': '265', 'Date': 'Sun, 10 Jul 2022 18:44:30 GMT', 'Connection': 'keep-alive', 'Keep-Alive': 'timeout=5'} 
 body={
    "message": "Login realizado com sucesso",
    "authorization": "Bearer eyJhbGciOiJIUzI1NiIsInR5cCI6IkpXVCJ9.eyJlbWFpbCI6ImZ1bGFub0BxYS5jb20iLCJwYXNzd29yZCI6InRlc3RlIiwiaWF0IjoxNjU3NDc4NjcwLCJleHAiOjE2NTc0NzkyNzB9.3hXDy25_S_7TR4EqSOBu6SRAFh-MD-Qjr3CmJ2VWfK8"
} 
 </msg>
<msg timestamp="20220710 15:44:30.248" level="INFO">${response} = &lt;Response [200]&gt;</msg>
<status status="PASS" starttime="20220710 15:44:30.244" endtime="20220710 15:44:30.248"/>
</kw>
<kw name="Log To Console" library="BuiltIn">
<arg>Response: ${response.content}</arg>
<doc>Logs the given message to the console.</doc>
<status status="PASS" starttime="20220710 15:44:30.248" endtime="20220710 15:44:30.248"/>
</kw>
<kw name="Set Global Variable" library="BuiltIn">
<arg>${response}</arg>
<doc>Makes a variable available globally in all tests and suites.</doc>
<msg timestamp="20220710 15:44:30.249" level="INFO">${response} = &lt;Response [200]&gt;</msg>
<status status="PASS" starttime="20220710 15:44:30.248" endtime="20220710 15:44:30.249"/>
</kw>
<status status="PASS" starttime="20220710 15:44:30.244" endtime="20220710 15:44:30.249"/>
</kw>
<kw name="Validar Ter Logado" library="00_login_keywords">
<kw name="Should Be Equal" library="BuiltIn">
<arg>${response.json()["message"]}</arg>
<arg>Login realizado com sucesso</arg>
<doc>Fails if the given objects are unequal.</doc>
<status status="PASS" starttime="20220710 15:44:30.249" endtime="20220710 15:44:30.249"/>
</kw>
<kw name="Should Not Be Empty" library="BuiltIn">
<arg>${response.json()["authorization"]}</arg>
<doc>Verifies that the given item is not empty.</doc>
<msg timestamp="20220710 15:44:30.250" level="INFO">Length is 192</msg>
<status status="PASS" starttime="20220710 15:44:30.249" endtime="20220710 15:44:30.250"/>
</kw>
<status status="PASS" starttime="20220710 15:44:30.249" endtime="20220710 15:44:30.250"/>
</kw>
<kw name="Set Variable" library="BuiltIn">
<var>${token_auth}</var>
<arg>${response.json()["authorization"]}</arg>
<doc>Returns the given values which can then be assigned to a variables.</doc>
<msg timestamp="20220710 15:44:30.250" level="INFO">${token_auth} = Bearer eyJhbGciOiJIUzI1NiIsInR5cCI6IkpXVCJ9.eyJlbWFpbCI6ImZ1bGFub0BxYS5jb20iLCJwYXNzd29yZCI6InRlc3RlIiwiaWF0IjoxNjU3NDc4NjcwLCJleHAiOjE2NTc0NzkyNzB9.3hXDy25_S_7TR4EqSOBu6SRAFh-MD-Qjr3CmJ2VWfK8</msg>
<status status="PASS" starttime="20220710 15:44:30.250" endtime="20220710 15:44:30.250"/>
</kw>
<kw name="Log To Console" library="BuiltIn">
<arg>Token Salvo: ${token_auth}</arg>
<doc>Logs the given message to the console.</doc>
<status status="PASS" starttime="20220710 15:44:30.250" endtime="20220710 15:44:30.250"/>
</kw>
<kw name="Set Global Variable" library="BuiltIn">
<arg>${token_auth}</arg>
<doc>Makes a variable available globally in all tests and suites.</doc>
<msg timestamp="20220710 15:44:30.251" level="INFO">${token_auth} = Bearer eyJhbGciOiJIUzI1NiIsInR5cCI6IkpXVCJ9.eyJlbWFpbCI6ImZ1bGFub0BxYS5jb20iLCJwYXNzd29yZCI6InRlc3RlIiwiaWF0IjoxNjU3NDc4NjcwLCJleHAiOjE2NTc0NzkyNzB9.3hXDy25_S_7TR4EqSOBu6SRAFh-MD-Qjr3CmJ2VWfK8</msg>
<status status="PASS" starttime="20220710 15:44:30.250" endtime="20220710 15:44:30.251"/>
</kw>
<status status="PASS" starttime="20220710 15:44:30.244" endtime="20220710 15:44:30.251"/>
</kw>
<kw name="Encontrar ID de um Produto Cadastrado" library="02_produtos_keywords">
<kw name="GET Endpoint /produtos" library="02_produtos_keywords">
<kw name="GET On Session" library="RequestsLibrary">
<var>${response}</var>
<arg>serverest</arg>
<arg>/produtos</arg>
<doc>Sends a GET request on a previously created HTTP Session.</doc>
<msg timestamp="20220710 15:44:30.254" level="INFO">GET Request : url=http://localhost:3000/produtos 
 path_url=/produtos 
 headers={'User-Agent': 'python-requests/2.25.1', 'Accept-Encoding': 'gzip, deflate', 'Accept': '*/*', 'Connection': 'keep-alive'} 
 body=None 
 </msg>
<msg timestamp="20220710 15:44:30.254" level="INFO">GET Response : url=http://localhost:3000/produtos 
 status=200, reason=OK 
 headers={'Access-Control-Allow-Origin': '*', 'x-dns-prefetch-control': 'off', 'x-frame-options': 'SAMEORIGIN', 'strict-transport-security': 'max-age=15552000; includeSubDomains', 'x-download-options': 'noopen', 'x-content-type-options': 'nosniff', 'x-xss-protection': '1; mode=block', 'x-moesif-transaction-id': 'b1756f5b-d0ca-48a6-8c5b-d036051854e5', 'Content-Type': 'application/json; charset=utf-8', 'Content-Length': '3293', 'Date': 'Sun, 10 Jul 2022 18:44:30 GMT', 'Connection': 'keep-alive', 'Keep-Alive': 'timeout=5'} 
 body={
    "quantidade": 16,
    "produtos": [
        {
            "nome": "Gabinete Asus 78880",
            "preco": 410,
            "descricao": "Eletroeletrônico",
            "quantidade": 570,
            "_id": "BeeJh5lz3k6kSIzA"
        },
        {
            "nome": "\"Logitech MX Vertical\"",
            "preco": 470,
            "descricao": "\"Mouse\"",
            "quantidade": 381,
            "_id": "EJx3JOee4DBt2VTr"
        },
        {
            "nome": "Mouse Samsung 45790",
            "preco": 839,
            "descricao": "Eletroeletrônico",
            "quantidade": 706,
            "_id": "HeYLZcgamf5BcihU"
        },
        {
            "nome": "Samsung 60 polegadas",
            "preco": 5240,
            "descricao": "TV",
            "quantidade": 49977,
            "_id": "K6leHdftCeOJj8BJ"
        },
        {
            "nome": "Mouse LG 72105",
            "preco": 504,
            "descricao": "Eletroeletrônico",
            "quantidade": 927,
            "_id": "KEcYmQ1as5VR9wKT"
        },
        {
            "nome": "Teclado Samsung 69701",
            "preco": 489,
            "descricao": "quite",
            "quantidade": 5616,
            "_id": "P4HCMaM4diRJVofC"
        },
        {
            "nome": "Memória Philco 66865",
            "preco": 903,
            "descricao": "Eletroeletrônico",
            "quantidade": 208,
            "_id": "QsewlX4nwkJ2l6Nz"
        },
        {
            "nome": "Teclado LG 3200",
            "preco": 983,
            "descricao": "Eletroeletrônico",
            "quantidade": 172,
            "_id": "RANqSGUx2h6jMS29"
        },
        {
            "nome": "Teclado Asus 28988",
            "preco": 423,
            "descricao": "Eletroeletrônico",
            "quantidade": 759,
            "_id": "S3CgAdzzJjQI3Dia"
        },
        {
            "nome": "Mouse Sony 72732",
            "preco": 803,
            "descricao": "Eletroeletrônico",
            "quantidade": 401,
            "_id": "TARpe8g492uqSA7r"
        },
        {
            "nome": "Monitor Sony 22998",
            "preco": 484,
            "descricao": "Eletroeletrônico",
            "quantidade": 2777,
            "_id": "UKkM4M06BTuPwHAK"
        },
        {
            "nome": "Mouse Samsung 36774",
            "preco": 83,
            "descricao": "Eletroeletrônico",
            "quantidade": 536,
            "_id": "aqckBLqNGCcuBanj"
        },
        {
            "nome": "Mouse Asus 54048",
            "preco": 938,
            "descricao": "Eletroeletrônico",
            "quantidade": 717,
            "_id": "csi79TDLS2RaXBKY"
        },
        {
            "nome": "Monitor Philco 14519",
            "preco": 263,
            "descricao": "Eletroeletrônico",
            "quantidade": 275,
            "_id": "idcE0VDJLlHU7erI"
        },
        {
            "nome": "Memória Samsung 17334",
            "preco": 125,
            "descricao": "Eletroeletrônico",
            "quantidade": 83,
            "_id": "m1yxKPgN7FIxubSD"
        },
        {
            "nome": "Gabinete Asus 50809",
            "preco": 729,
            "descricao": "Eletroeletrônico",
            "quantidade": 981,
            "_id": "qhIusGZfUJBpn4NE"
        }
    ]
} 
 </msg>
<msg timestamp="20220710 15:44:30.255" level="INFO">${response} = &lt;Response [200]&gt;</msg>
<status status="PASS" starttime="20220710 15:44:30.251" endtime="20220710 15:44:30.255"/>
</kw>
<kw name="Log To Console" library="BuiltIn">
<arg>Response: ${response.content}</arg>
<doc>Logs the given message to the console.</doc>
<status status="PASS" starttime="20220710 15:44:30.255" endtime="20220710 15:44:30.256"/>
</kw>
<kw name="Set Global Variable" library="BuiltIn">
<arg>${response}</arg>
<doc>Makes a variable available globally in all tests and suites.</doc>
<msg timestamp="20220710 15:44:30.256" level="INFO">${response} = &lt;Response [200]&gt;</msg>
<status status="PASS" starttime="20220710 15:44:30.256" endtime="20220710 15:44:30.256"/>
</kw>
<status status="PASS" starttime="20220710 15:44:30.251" endtime="20220710 15:44:30.256"/>
</kw>
<kw name="Set Variable" library="BuiltIn">
<var>${id_produto}</var>
<arg>${response.json()["produtos"][0]["_id"]}</arg>
<doc>Returns the given values which can then be assigned to a variables.</doc>
<msg timestamp="20220710 15:44:30.257" level="INFO">${id_produto} = BeeJh5lz3k6kSIzA</msg>
<status status="PASS" starttime="20220710 15:44:30.256" endtime="20220710 15:44:30.257"/>
</kw>
<kw name="Set Global Variable" library="BuiltIn">
<arg>${id_produto}</arg>
<doc>Makes a variable available globally in all tests and suites.</doc>
<msg timestamp="20220710 15:44:30.257" level="INFO">${id_produto} = BeeJh5lz3k6kSIzA</msg>
<status status="PASS" starttime="20220710 15:44:30.257" endtime="20220710 15:44:30.257"/>
</kw>
<status status="PASS" starttime="20220710 15:44:30.251" endtime="20220710 15:44:30.257"/>
</kw>
<kw name="Criar Dados Produto Valido" library="01_produtos_dynamics">
<kw name="Evaluate" library="BuiltIn">
<var>${produto}</var>
<arg>random.choice(@{produto}) + " " + random.choice(@{marca})</arg>
<arg>random</arg>
<doc>Evaluates the given expression in Python and returns the result.</doc>
<msg timestamp="20220710 15:44:30.257" level="INFO">${produto} = Memória Dell</msg>
<status status="PASS" starttime="20220710 15:44:30.257" endtime="20220710 15:44:30.257"/>
</kw>
<kw name="Random Number" library="FakerLibrary">
<var>${codigo}</var>
<arg>digits=5</arg>
<doc>Generate a random integer according to the following rules:</doc>
<msg timestamp="20220710 15:44:30.258" level="INFO">${codigo} = 50132</msg>
<status status="PASS" starttime="20220710 15:44:30.257" endtime="20220710 15:44:30.258"/>
</kw>
<kw name="Catenate" library="BuiltIn">
<var>${nome}</var>
<arg>${produto} ${codigo}</arg>
<doc>Catenates the given items together and returns the resulted string.</doc>
<msg timestamp="20220710 15:44:30.258" level="INFO">${nome} = Memória Dell 50132</msg>
<status status="PASS" starttime="20220710 15:44:30.258" endtime="20220710 15:44:30.258"/>
</kw>
<kw name="Random Number" library="FakerLibrary">
<var>${preco}</var>
<arg>digits=3</arg>
<doc>Generate a random integer according to the following rules:</doc>
<msg timestamp="20220710 15:44:30.258" level="INFO">${preco} = 578</msg>
<status status="PASS" starttime="20220710 15:44:30.258" endtime="20220710 15:44:30.258"/>
</kw>
<kw name="Random Number" library="FakerLibrary">
<var>${quantidade}</var>
<arg>digits=3</arg>
<doc>Generate a random integer according to the following rules:</doc>
<msg timestamp="20220710 15:44:30.258" level="INFO">${quantidade} = 686</msg>
<status status="PASS" starttime="20220710 15:44:30.258" endtime="20220710 15:44:30.258"/>
</kw>
<kw name="Create Dictionary" library="BuiltIn">
<var>&amp;{payload}</var>
<arg>nome=${nome}</arg>
<arg>preco=${preco}</arg>
<arg>descricao=${descricao}</arg>
<arg>quantidade=${quantidade}</arg>
<doc>Creates and returns a dictionary based on the given ``items``.</doc>
<msg timestamp="20220710 15:44:30.259" level="INFO">&amp;{payload} = { nome=Memória Dell 50132 | preco=578 | descricao=Eletroeletrônico | quantidade=686 }</msg>
<status status="PASS" starttime="20220710 15:44:30.258" endtime="20220710 15:44:30.259"/>
</kw>
<kw name="Log To Console" library="BuiltIn">
<arg>${payload}</arg>
<doc>Logs the given message to the console.</doc>
<status status="PASS" starttime="20220710 15:44:30.259" endtime="20220710 15:44:30.259"/>
</kw>
<kw name="Set Global Variable" library="BuiltIn">
<arg>${payload}</arg>
<doc>Makes a variable available globally in all tests and suites.</doc>
<msg timestamp="20220710 15:44:30.259" level="INFO">${payload} = {'nome': 'Memória Dell 50132', 'preco': 578, 'descricao': 'Eletroeletrônico', 'quantidade': 686}</msg>
<status status="PASS" starttime="20220710 15:44:30.259" endtime="20220710 15:44:30.259"/>
</kw>
<status status="PASS" starttime="20220710 15:44:30.257" endtime="20220710 15:44:30.259"/>
</kw>
<kw name="PUT Endpoint /produtos" library="02_produtos_keywords">
<kw name="Create Dictionary" library="BuiltIn">
<var>&amp;{header}</var>
<arg>Authorization=${token_auth}</arg>
<doc>Creates and returns a dictionary based on the given ``items``.</doc>
<msg timestamp="20220710 15:44:30.260" level="INFO">&amp;{header} = { Authorization=Bearer eyJhbGciOiJIUzI1NiIsInR5cCI6IkpXVCJ9.eyJlbWFpbCI6ImZ1bGFub0BxYS5jb20iLCJwYXNzd29yZCI6InRlc3RlIiwiaWF0IjoxNjU3NDc4NjcwLCJleHAiOjE2NTc0NzkyNzB9.3hXDy25_S_7TR4EqSOBu6SRAFh-MD-Qjr3C...</msg>
<status status="PASS" starttime="20220710 15:44:30.260" endtime="20220710 15:44:30.260"/>
</kw>
<kw name="PUT On Session" library="RequestsLibrary">
<var>${response}</var>
<arg>serverest</arg>
<arg>/produtos/${id_produto}</arg>
<arg>data=&amp;{payload}</arg>
<arg>headers=${header}</arg>
<doc>Sends a PUT request on a previously created HTTP Session.</doc>
<msg timestamp="20220710 15:44:30.263" level="INFO">PUT Request : url=http://localhost:3000/produtos/BeeJh5lz3k6kSIzA 
 path_url=/produtos/BeeJh5lz3k6kSIzA 
 headers={'User-Agent': 'python-requests/2.25.1', 'Accept-Encoding': 'gzip, deflate', 'Accept': '*/*', 'Connection': 'keep-alive', 'Authorization': 'Bearer eyJhbGciOiJIUzI1NiIsInR5cCI6IkpXVCJ9.eyJlbWFpbCI6ImZ1bGFub0BxYS5jb20iLCJwYXNzd29yZCI6InRlc3RlIiwiaWF0IjoxNjU3NDc4NjcwLCJleHAiOjE2NTc0NzkyNzB9.3hXDy25_S_7TR4EqSOBu6SRAFh-MD-Qjr3CmJ2VWfK8', 'Content-Length': '85', 'Content-Type': 'application/x-www-form-urlencoded'} 
 body=nome=Mem%C3%B3ria+Dell+50132&amp;preco=578&amp;descricao=Eletroeletr%C3%B4nico&amp;quantidade=686 
 </msg>
<msg timestamp="20220710 15:44:30.263" level="INFO">PUT Response : url=http://localhost:3000/produtos/BeeJh5lz3k6kSIzA 
 status=200, reason=OK 
 headers={'Access-Control-Allow-Origin': '*', 'x-dns-prefetch-control': 'off', 'x-frame-options': 'SAMEORIGIN', 'strict-transport-security': 'max-age=15552000; includeSubDomains', 'x-download-options': 'noopen', 'x-content-type-options': 'nosniff', 'x-xss-protection': '1; mode=block', 'x-moesif-transaction-id': '406daade-de09-499b-868a-ce526b40853d', 'Content-Type': 'application/json; charset=utf-8', 'Content-Length': '50', 'Date': 'Sun, 10 Jul 2022 18:44:30 GMT', 'Connection': 'keep-alive', 'Keep-Alive': 'timeout=5'} 
 body={
    "message": "Registro alterado com sucesso"
} 
 </msg>
<msg timestamp="20220710 15:44:30.263" level="INFO">${response} = &lt;Response [200]&gt;</msg>
<status status="PASS" starttime="20220710 15:44:30.260" endtime="20220710 15:44:30.263"/>
</kw>
<kw name="Log To Console" library="BuiltIn">
<arg>Response: ${response.content}</arg>
<doc>Logs the given message to the console.</doc>
<status status="PASS" starttime="20220710 15:44:30.263" endtime="20220710 15:44:30.264"/>
</kw>
<kw name="Set Global Variable" library="BuiltIn">
<arg>${response}</arg>
<doc>Makes a variable available globally in all tests and suites.</doc>
<msg timestamp="20220710 15:44:30.264" level="INFO">${response} = &lt;Response [200]&gt;</msg>
<status status="PASS" starttime="20220710 15:44:30.264" endtime="20220710 15:44:30.264"/>
</kw>
<status status="PASS" starttime="20220710 15:44:30.259" endtime="20220710 15:44:30.264"/>
</kw>
<kw name="Validar Status Code &quot;200&quot;" library="common" sourcename="Validar Status Code &quot;${statuscode}&quot;">
<kw name="Should Be True" library="BuiltIn">
<arg>${response.status_code} == ${statuscode}</arg>
<doc>Fails if the given condition is not true.</doc>
<status status="PASS" starttime="20220710 15:44:30.264" endtime="20220710 15:44:30.265"/>
</kw>
<status status="PASS" starttime="20220710 15:44:30.264" endtime="20220710 15:44:30.265"/>
</kw>
<tag>PUT_PRODUTO</tag>
<status status="PASS" starttime="20220710 15:44:30.243" endtime="20220710 15:44:30.265"/>
</test>
<test id="s1-t9" name="Cenário: PUT Editar Produto Token Ausente, Invalido ou Expirado 401" line="64">
<kw name="Fazer Login e Armazenar Token" library="00_login_keywords">
<kw name="POST Endpoint /login" library="00_login_keywords">
<kw name="Create Dictionary" library="BuiltIn">
<var>&amp;{payload}</var>
<arg>email=${email_para_login_adm}</arg>
<arg>password=${senha_para_login_adm}</arg>
<doc>Creates and returns a dictionary based on the given ``items``.</doc>
<msg timestamp="20220710 15:44:30.266" level="INFO">&amp;{payload} = { email=fulano@qa.com | password=teste }</msg>
<status status="PASS" starttime="20220710 15:44:30.266" endtime="20220710 15:44:30.266"/>
</kw>
<kw name="POST On Session" library="RequestsLibrary">
<var>${response}</var>
<arg>serverest</arg>
<arg>/login</arg>
<arg>data=&amp;{payload}</arg>
<doc>Sends a POST request on a previously created HTTP Session.</doc>
<msg timestamp="20220710 15:44:30.269" level="INFO">POST Request : url=http://localhost:3000/login 
 path_url=/login 
 headers={'User-Agent': 'python-requests/2.25.1', 'Accept-Encoding': 'gzip, deflate', 'Accept': '*/*', 'Connection': 'keep-alive', 'Content-Length': '36', 'Content-Type': 'application/x-www-form-urlencoded'} 
 body=email=fulano%40qa.com&amp;password=teste 
 </msg>
<msg timestamp="20220710 15:44:30.269" level="INFO">POST Response : url=http://localhost:3000/login 
 status=200, reason=OK 
 headers={'Access-Control-Allow-Origin': '*', 'x-dns-prefetch-control': 'off', 'x-frame-options': 'SAMEORIGIN', 'strict-transport-security': 'max-age=15552000; includeSubDomains', 'x-download-options': 'noopen', 'x-content-type-options': 'nosniff', 'x-xss-protection': '1; mode=block', 'x-moesif-transaction-id': '0b859c9d-3258-4222-ba9d-2f0e02a7b6f0', 'Content-Type': 'application/json; charset=utf-8', 'Content-Length': '265', 'Date': 'Sun, 10 Jul 2022 18:44:30 GMT', 'Connection': 'keep-alive', 'Keep-Alive': 'timeout=5'} 
 body={
    "message": "Login realizado com sucesso",
    "authorization": "Bearer eyJhbGciOiJIUzI1NiIsInR5cCI6IkpXVCJ9.eyJlbWFpbCI6ImZ1bGFub0BxYS5jb20iLCJwYXNzd29yZCI6InRlc3RlIiwiaWF0IjoxNjU3NDc4NjcwLCJleHAiOjE2NTc0NzkyNzB9.3hXDy25_S_7TR4EqSOBu6SRAFh-MD-Qjr3CmJ2VWfK8"
} 
 </msg>
<msg timestamp="20220710 15:44:30.269" level="INFO">${response} = &lt;Response [200]&gt;</msg>
<status status="PASS" starttime="20220710 15:44:30.266" endtime="20220710 15:44:30.269"/>
</kw>
<kw name="Log To Console" library="BuiltIn">
<arg>Response: ${response.content}</arg>
<doc>Logs the given message to the console.</doc>
<status status="PASS" starttime="20220710 15:44:30.269" endtime="20220710 15:44:30.270"/>
</kw>
<kw name="Set Global Variable" library="BuiltIn">
<arg>${response}</arg>
<doc>Makes a variable available globally in all tests and suites.</doc>
<msg timestamp="20220710 15:44:30.270" level="INFO">${response} = &lt;Response [200]&gt;</msg>
<status status="PASS" starttime="20220710 15:44:30.270" endtime="20220710 15:44:30.270"/>
</kw>
<status status="PASS" starttime="20220710 15:44:30.266" endtime="20220710 15:44:30.270"/>
</kw>
<kw name="Validar Ter Logado" library="00_login_keywords">
<kw name="Should Be Equal" library="BuiltIn">
<arg>${response.json()["message"]}</arg>
<arg>Login realizado com sucesso</arg>
<doc>Fails if the given objects are unequal.</doc>
<status status="PASS" starttime="20220710 15:44:30.270" endtime="20220710 15:44:30.271"/>
</kw>
<kw name="Should Not Be Empty" library="BuiltIn">
<arg>${response.json()["authorization"]}</arg>
<doc>Verifies that the given item is not empty.</doc>
<msg timestamp="20220710 15:44:30.271" level="INFO">Length is 192</msg>
<status status="PASS" starttime="20220710 15:44:30.271" endtime="20220710 15:44:30.271"/>
</kw>
<status status="PASS" starttime="20220710 15:44:30.270" endtime="20220710 15:44:30.271"/>
</kw>
[...]
<arg>${payload}</arg>
<doc>Makes a variable available globally in all tests and suites.</doc>
<msg timestamp="20220710 15:44:30.279" level="INFO">${payload} = {'nome': 'Mouse Acer 47536', 'preco': 971, 'descricao': 'Eletroeletrônico', 'quantidade': 527}</msg>
<status status="PASS" starttime="20220710 15:44:30.279" endtime="20220710 15:44:30.279"/>
</kw>
<status status="PASS" starttime="20220710 15:44:30.277" endtime="20220710 15:44:30.279"/>
</kw>
<kw name="PUT Endpoint /produtos Token Invalido" library="02_produtos_keywords">
<kw name="Create Dictionary" library="BuiltIn">
<var>&amp;{header}</var>
<arg>Authorization=${token_auth}</arg>
<doc>Creates and returns a dictionary based on the given ``items``.</doc>
<msg timestamp="20220710 15:44:30.280" level="INFO">&amp;{header} = { Authorization=Bearer eyJhbGciOiJIUzI1NiIsInR5cCI6IkpXVCJ9.eyJlbWFpbCI6ImZ1bGFub0BxYS5jb20iLCJwYXNzd29yZCI6InRlc3RlIiwiaWF0IjoxNjU3NDc4NjcwLCJleHAiOjE2NTc0NzkyNzB9.3hXDy25_S_7TR4EqSOBu6SRAFh-MD-Qjr3C...</msg>
<status status="PASS" starttime="20220710 15:44:30.279" endtime="20220710 15:44:30.280"/>
</kw>
<kw name="PUT On Session" library="RequestsLibrary">
<var>${response}</var>
<arg>serverest</arg>
<arg>/produtos/${id_produto}</arg>
<arg>data=&amp;{payload}</arg>
<arg>expected_status=401</arg>
<doc>Sends a PUT request on a previously created HTTP Session.</doc>
<msg timestamp="20220710 15:44:30.282" level="INFO">PUT Request : url=http://localhost:3000/produtos/BeeJh5lz3k6kSIzA 
 path_url=/produtos/BeeJh5lz3k6kSIzA 
 headers={'User-Agent': 'python-requests/2.25.1', 'Accept-Encoding': 'gzip, deflate', 'Accept': '*/*', 'Connection': 'keep-alive', 'Content-Length': '78', 'Content-Type': 'application/x-www-form-urlencoded'} 
 body=nome=Mouse+Acer+47536&amp;preco=971&amp;descricao=Eletroeletr%C3%B4nico&amp;quantidade=527 
 </msg>
<msg timestamp="20220710 15:44:30.282" level="INFO">PUT Response : url=http://localhost:3000/produtos/BeeJh5lz3k6kSIzA 
 status=401, reason=Unauthorized 
 headers={'Access-Control-Allow-Origin': '*', 'x-dns-prefetch-control': 'off', 'x-frame-options': 'SAMEORIGIN', 'strict-transport-security': 'max-age=15552000; includeSubDomains', 'x-download-options': 'noopen', 'x-content-type-options': 'nosniff', 'x-xss-protection': '1; mode=block', 'x-moesif-transaction-id': '8c9ad3f3-a650-46c3-90b4-f3386837c08e', 'Content-Type': 'application/json; charset=utf-8', 'Content-Length': '103', 'Date': 'Sun, 10 Jul 2022 18:44:30 GMT', 'Connection': 'keep-alive', 'Keep-Alive': 'timeout=5'} 
 body={
    "message": "Token de acesso ausente, inválido, expirado ou usuário do token não existe mais"
} 
 </msg>
<msg timestamp="20220710 15:44:30.282" level="INFO">${response} = &lt;Response [401]&gt;</msg>
<status status="PASS" starttime="20220710 15:44:30.280" endtime="20220710 15:44:30.282"/>
</kw>
<kw name="Log To Console" library="BuiltIn">
<arg>Response: ${response.content}</arg>
<doc>Logs the given message to the console.</doc>
<status status="PASS" starttime="20220710 15:44:30.282" endtime="20220710 15:44:30.283"/>
</kw>
<kw name="Set Global Variable" library="BuiltIn">
<arg>${response}</arg>
<doc>Makes a variable available globally in all tests and suites.</doc>
<msg timestamp="20220710 15:44:30.284" level="INFO">${response} = &lt;Response [401]&gt;</msg>
<status status="PASS" starttime="20220710 15:44:30.283" endtime="20220710 15:44:30.284"/>
</kw>
<status status="PASS" starttime="20220710 15:44:30.279" endtime="20220710 15:44:30.284"/>
</kw>
<kw name="Validar Status Code &quot;401&quot;" library="common" sourcename="Validar Status Code &quot;${statuscode}&quot;">
<kw name="Should Be True" library="BuiltIn">
<arg>${response.status_code} == ${statuscode}</arg>
<doc>Fails if the given condition is not true.</doc>
<status status="PASS" starttime="20220710 15:44:30.284" endtime="20220710 15:44:30.285"/>
</kw>
<status status="PASS" starttime="20220710 15:44:30.284" endtime="20220710 15:44:30.285"/>
</kw>
<tag>PUT_PRODUTO_TOKEN</tag>
<status status="PASS" starttime="20220710 15:44:30.265" endtime="20220710 15:44:30.285"/>
</test>
<test id="s1-t10" name="Cenário: DELETE Excluir Produto 200" line="73">
<kw name="Fazer Login e Armazenar Token" library="00_login_keywords">
<kw name="POST Endpoint /login" library="00_login_keywords">
<kw name="Create Dictionary" library="BuiltIn">
<var>&amp;{payload}</var>
<arg>email=${email_para_login_adm}</arg>
<arg>password=${senha_para_login_adm}</arg>
<doc>Creates and returns a dictionary based on the given ``items``.</doc>
<msg timestamp="20220710 15:44:30.286" level="INFO">&amp;{payload} = { email=fulano@qa.com | password=teste }</msg>
<status status="PASS" starttime="20220710 15:44:30.286" endtime="20220710 15:44:30.286"/>
</kw>
<kw name="POST On Session" library="RequestsLibrary">
<var>${response}</var>
<arg>serverest</arg>
<arg>/login</arg>
<arg>data=&amp;{payload}</arg>
<doc>Sends a POST request on a previously created HTTP Session.</doc>
<msg timestamp="20220710 15:44:30.289" level="INFO">POST Request : url=http://localhost:3000/login 
 path_url=/login 
 headers={'User-Agent': 'python-requests/2.25.1', 'Accept-Encoding': 'gzip, deflate', 'Accept': '*/*', 'Connection': 'keep-alive', 'Content-Length': '36', 'Content-Type': 'application/x-www-form-urlencoded'} 
 body=email=fulano%40qa.com&amp;password=teste 
 </msg>
<msg timestamp="20220710 15:44:30.289" level="INFO">POST Response : url=http://localhost:3000/login 
 status=200, reason=OK 
 headers={'Access-Control-Allow-Origin': '*', 'x-dns-prefetch-control': 'off', 'x-frame-options': 'SAMEORIGIN', 'strict-transport-security': 'max-age=15552000; includeSubDomains', 'x-download-options': 'noopen', 'x-content-type-options': 'nosniff', 'x-xss-protection': '1; mode=block', 'x-moesif-transaction-id': '085be4cc-fb53-4c3c-bb1b-6221bdbdd25e', 'Content-Type': 'application/json; charset=utf-8', 'Content-Length': '265', 'Date': 'Sun, 10 Jul 2022 18:44:30 GMT', 'Connection': 'keep-alive', 'Keep-Alive': 'timeout=5'} 
 body={
    "message": "Login realizado com sucesso",
    "authorization": "Bearer eyJhbGciOiJIUzI1NiIsInR5cCI6IkpXVCJ9.eyJlbWFpbCI6ImZ1bGFub0BxYS5jb20iLCJwYXNzd29yZCI6InRlc3RlIiwiaWF0IjoxNjU3NDc4NjcwLCJleHAiOjE2NTc0NzkyNzB9.3hXDy25_S_7TR4EqSOBu6SRAFh-MD-Qjr3CmJ2VWfK8"
} 
 </msg>
<msg timestamp="20220710 15:44:30.289" level="INFO">${response} = &lt;Response [200]&gt;</msg>
<status status="PASS" starttime="20220710 15:44:30.286" endtime="20220710 15:44:30.289"/>
</kw>
<kw name="Log To Console" library="BuiltIn">
<arg>Response: ${response.content}</arg>
<doc>Logs the given message to the console.</doc>
<status status="PASS" starttime="20220710 15:44:30.289" endtime="20220710 15:44:30.290"/>
</kw>
<kw name="Set Global Variable" library="BuiltIn">
<arg>${response}</arg>
<doc>Makes a variable available globally in all tests and suites.</doc>
<msg timestamp="20220710 15:44:30.290" level="INFO">${response} = &lt;Response [200]&gt;</msg>
<status status="PASS" starttime="20220710 15:44:30.290" endtime="20220710 15:44:30.290"/>
</kw>
<status status="PASS" starttime="20220710 15:44:30.286" endtime="20220710 15:44:30.290"/>
</kw>
<kw name="Validar Ter Logado" library="00_login_keywords">
<kw name="Should Be Equal" library="BuiltIn">
<arg>${response.json()["message"]}</arg>
<arg>Login realizado com sucesso</arg>
<doc>Fails if the given objects are unequal.</doc>
<status status="PASS" starttime="20220710 15:44:30.291" endtime="20220710 15:44:30.291"/>
</kw>
<kw name="Should Not Be Empty" library="BuiltIn">
<arg>${response.json()["authorization"]}</arg>
<doc>Verifies that the given item is not empty.</doc>
<msg timestamp="20220710 15:44:30.291" level="INFO">Length is 192</msg>
<status status="PASS" starttime="20220710 15:44:30.291" endtime="20220710 15:44:30.291"/>
</kw>
<status status="PASS" starttime="20220710 15:44:30.290" endtime="20220710 15:44:30.291"/>
</kw>
<kw name="Set Variable" library="BuiltIn">
<var>${token_auth}</var>
<arg>${response.json()["authorization"]}</arg>
<doc>Returns the given values which can then be assigned to a variables.</doc>
<msg timestamp="20220710 15:44:30.292" level="INFO">${token_auth} = Bearer eyJhbGciOiJIUzI1NiIsInR5cCI6IkpXVCJ9.eyJlbWFpbCI6ImZ1bGFub0BxYS5jb20iLCJwYXNzd29yZCI6InRlc3RlIiwiaWF0IjoxNjU3NDc4NjcwLCJleHAiOjE2NTc0NzkyNzB9.3hXDy25_S_7TR4EqSOBu6SRAFh-MD-Qjr3CmJ2VWfK8</msg>
<status status="PASS" starttime="20220710 15:44:30.291" endtime="20220710 15:44:30.292"/>
</kw>
<kw name="Log To Console" library="BuiltIn">
<arg>Token Salvo: ${token_auth}</arg>
<doc>Logs the given message to the console.</doc>
<status status="PASS" starttime="20220710 15:44:30.292" endtime="20220710 15:44:30.292"/>
</kw>
<kw name="Set Global Variable" library="BuiltIn">
<arg>${token_auth}</arg>
<doc>Makes a variable available globally in all tests and suites.</doc>
<msg timestamp="20220710 15:44:30.292" level="INFO">${token_auth} = Bearer eyJhbGciOiJIUzI1NiIsInR5cCI6IkpXVCJ9.eyJlbWFpbCI6ImZ1bGFub0BxYS5jb20iLCJwYXNzd29yZCI6InRlc3RlIiwiaWF0IjoxNjU3NDc4NjcwLCJleHAiOjE2NTc0NzkyNzB9.3hXDy25_S_7TR4EqSOBu6SRAFh-MD-Qjr3CmJ2VWfK8</msg>
<status status="PASS" starttime="20220710 15:44:30.292" endtime="20220710 15:44:30.292"/>
</kw>
<status status="PASS" starttime="20220710 15:44:30.286" endtime="20220710 15:44:30.292"/>
</kw>
<kw name="Encontrar ID de um Produto Cadastrado" library="02_produtos_keywords">
<kw name="GET Endpoint /produtos" library="02_produtos_keywords">
<kw name="GET On Session" library="RequestsLibrary">
<var>${response}</var>
<arg>serverest</arg>
<arg>/produtos</arg>
<doc>Sends a GET request on a previously created HTTP Session.</doc>
<msg timestamp="20220710 15:44:30.295" level="INFO">GET Request : url=http://localhost:3000/produtos 
 path_url=/produtos 
 headers={'User-Agent': 'python-requests/2.25.1', 'Accept-Encoding': 'gzip, deflate', 'Accept': '*/*', 'Connection': 'keep-alive'} 
 body=None 
 </msg>
<msg timestamp="20220710 15:44:30.295" level="INFO">GET Response : url=http://localhost:3000/produtos 
 status=200, reason=OK 
 headers={'Access-Control-Allow-Origin': '*', 'x-dns-prefetch-control': 'off', 'x-frame-options': 'SAMEORIGIN', 'strict-transport-security': 'max-age=15552000; includeSubDomains', 'x-download-options': 'noopen', 'x-content-type-options': 'nosniff', 'x-xss-protection': '1; mode=block', 'x-moesif-transaction-id': '375de303-efcf-4e18-9da9-989f84023598', 'Content-Type': 'application/json; charset=utf-8', 'Content-Length': '3293', 'Date': 'Sun, 10 Jul 2022 18:44:30 GMT', 'Connection': 'keep-alive', 'Keep-Alive': 'timeout=5'} 
 body={
    "quantidade": 16,
    "produtos": [
        {
            "nome": "Memória Dell 50132",
            "preco": 578,
            "descricao": "Eletroeletrônico",
            "quantidade": 686,
            "_id": "BeeJh5lz3k6kSIzA"
        },
        {
            "nome": "\"Logitech MX Vertical\"",
            "preco": 470,
            "descricao": "\"Mouse\"",
            "quantidade": 381,
            "_id": "EJx3JOee4DBt2VTr"
        },
        {
            "nome": "Mouse Samsung 45790",
            "preco": 839,
            "descricao": "Eletroeletrônico",
            "quantidade": 706,
            "_id": "HeYLZcgamf5BcihU"
        },
        {
            "nome": "Samsung 60 polegadas",
            "preco": 5240,
            "descricao": "TV",
            "quantidade": 49977,
            "_id": "K6leHdftCeOJj8BJ"
        },
        {
            "nome": "Mouse LG 72105",
            "preco": 504,
            "descricao": "Eletroeletrônico",
            "quantidade": 927,
            "_id": "KEcYmQ1as5VR9wKT"
        },
        {
            "nome": "Teclado Samsung 69701",
            "preco": 489,
            "descricao": "quite",
            "quantidade": 5616,
            "_id": "P4HCMaM4diRJVofC"
        },
        {
            "nome": "Memória Philco 66865",
            "preco": 903,
            "descricao": "Eletroeletrônico",
            "quantidade": 208,
            "_id": "QsewlX4nwkJ2l6Nz"
        },
        {
            "nome": "Teclado LG 3200",
            "preco": 983,
            "descricao": "Eletroeletrônico",
            "quantidade": 172,
            "_id": "RANqSGUx2h6jMS29"
        },
        {
            "nome": "Teclado Asus 28988",
            "preco": 423,
            "descricao": "Eletroeletrônico",
            "quantidade": 759,
            "_id": "S3CgAdzzJjQI3Dia"
        },
        {
            "nome": "Mouse Sony 72732",
            "preco": 803,
            "descricao": "Eletroeletrônico",
            "quantidade": 401,
            "_id": "TARpe8g492uqSA7r"
        },
        {
            "nome": "Monitor Sony 22998",
            "preco": 484,
            "descricao": "Eletroeletrônico",
            "quantidade": 2777,
            "_id": "UKkM4M06BTuPwHAK"
        },
        {
            "nome": "Mouse Samsung 36774",
            "preco": 83,
            "descricao": "Eletroeletrônico",
            "quantidade": 536,
            "_id": "aqckBLqNGCcuBanj"
        },
        {
            "nome": "Mouse Asus 54048",
            "preco": 938,
            "descricao": "Eletroeletrônico",
            "quantidade": 717,
            "_id": "csi79TDLS2RaXBKY"
        },
        {
            "nome": "Monitor Philco 14519",
            "preco": 263,
            "descricao": "Eletroeletrônico",
            "quantidade": 275,
            "_id": "idcE0VDJLlHU7erI"
        },
        {
            "nome": "Memória Samsung 17334",
            "preco": 125,
            "descricao": "Eletroeletrônico",
            "quantidade": 83,
            "_id": "m1yxKPgN7FIxubSD"
        },
        {
            "nome": "Gabinete Asus 50809",
            "preco": 729,
            "descricao": "Eletroeletrônico",
            "quantidade": 981,
            "_id": "qhIusGZfUJBpn4NE"
        }
    ]
} 
 </msg>
<msg timestamp="20220710 15:44:30.295" level="INFO">${response} = &lt;Response [200]&gt;</msg>
<status status="PASS" starttime="20220710 15:44:30.293" endtime="20220710 15:44:30.295"/>
</kw>
<kw name="Log To Console" library="BuiltIn">
<arg>Response: ${response.content}</arg>
<doc>Logs the given message to the console.</doc>
<status status="PASS" starttime="20220710 15:44:30.295" endtime="20220710 15:44:30.296"/>
</kw>
<kw name="Set Global Variable" library="BuiltIn">
<arg>${response}</arg>
<doc>Makes a variable available globally in all tests and suites.</doc>
<msg timestamp="20220710 15:44:30.296" level="INFO">${response} = &lt;Response [200]&gt;</msg>
<status status="PASS" starttime="20220710 15:44:30.296" endtime="20220710 15:44:30.296"/>
</kw>
<status status="PASS" starttime="20220710 15:44:30.292" endtime="20220710 15:44:30.296"/>
</kw>
<kw name="Set Variable" library="BuiltIn">
<var>${id_produto}</var>
<arg>${response.json()["produtos"][0]["_id"]}</arg>
<doc>Returns the given values which can then be assigned to a variables.</doc>
<msg timestamp="20220710 15:44:30.297" level="INFO">${id_produto} = BeeJh5lz3k6kSIzA</msg>
<status status="PASS" starttime="20220710 15:44:30.296" endtime="20220710 15:44:30.297"/>
</kw>
<kw name="Set Global Variable" library="BuiltIn">
<arg>${id_produto}</arg>
<doc>Makes a variable available globally in all tests and suites.</doc>
<msg timestamp="20220710 15:44:30.297" level="INFO">${id_produto} = BeeJh5lz3k6kSIzA</msg>
<status status="PASS" starttime="20220710 15:44:30.297" endtime="20220710 15:44:30.297"/>
</kw>
<status status="PASS" starttime="20220710 15:44:30.292" endtime="20220710 15:44:30.297"/>
</kw>
<kw name="DELETE Endpoint /produtos" library="02_produtos_keywords">
<kw name="Create Dictionary" library="BuiltIn">
<var>&amp;{header}</var>
<arg>Authorization=${token_auth}</arg>
<doc>Creates and returns a dictionary based on the given ``items``.</doc>
<msg timestamp="20220710 15:44:30.297" level="INFO">&amp;{header} = { Authorization=Bearer eyJhbGciOiJIUzI1NiIsInR5cCI6IkpXVCJ9.eyJlbWFpbCI6ImZ1bGFub0BxYS5jb20iLCJwYXNzd29yZCI6InRlc3RlIiwiaWF0IjoxNjU3NDc4NjcwLCJleHAiOjE2NTc0NzkyNzB9.3hXDy25_S_7TR4EqSOBu6SRAFh-MD-Qjr3C...</msg>
<status status="PASS" starttime="20220710 15:44:30.297" endtime="20220710 15:44:30.297"/>
</kw>
<kw name="DELETE On Session" library="RequestsLibrary">
<var>${response}</var>
<arg>serverest</arg>
<arg>/produtos/${id_produto}</arg>
<arg>headers=${header}</arg>
<doc>Sends a DELETE request on a previously created HTTP Session.</doc>
<msg timestamp="20220710 15:44:30.300" level="INFO">DELETE Request : url=http://localhost:3000/produtos/BeeJh5lz3k6kSIzA 
 path_url=/produtos/BeeJh5lz3k6kSIzA 
 headers={'User-Agent': 'python-requests/2.25.1', 'Accept-Encoding': 'gzip, deflate', 'Accept': '*/*', 'Connection': 'keep-alive', 'Authorization': 'Bearer eyJhbGciOiJIUzI1NiIsInR5cCI6IkpXVCJ9.eyJlbWFpbCI6ImZ1bGFub0BxYS5jb20iLCJwYXNzd29yZCI6InRlc3RlIiwiaWF0IjoxNjU3NDc4NjcwLCJleHAiOjE2NTc0NzkyNzB9.3hXDy25_S_7TR4EqSOBu6SRAFh-MD-Qjr3CmJ2VWfK8', 'Content-Length': '0'} 
 body=None 
 </msg>
<msg timestamp="20220710 15:44:30.300" level="INFO">DELETE Response : url=http://localhost:3000/produtos/BeeJh5lz3k6kSIzA 
 status=400, reason=Bad Request 
 headers={'Access-Control-Allow-Origin': '*', 'x-dns-prefetch-control': 'off', 'x-frame-options': 'SAMEORIGIN', 'strict-transport-security': 'max-age=15552000; includeSubDomains', 'x-download-options': 'noopen', 'x-content-type-options': 'nosniff', 'x-xss-protection': '1; mode=block', 'x-moesif-transaction-id': '96fa7971-706a-43ff-b36e-196e84e36a07', 'Content-Type': 'application/json; charset=utf-8', 'Content-Length': '163', 'Date': 'Sun, 10 Jul 2022 18:44:30 GMT', 'Connection': 'keep-alive', 'Keep-Alive': 'timeout=5'} 
 body={
    "message": "Não é permitido excluir produto que faz parte de carrinho",
    "idCarrinhos": [
        "Ev6qGatd0EXhJGoh",
        "qbMqntef4iTOwWfg"
    ]
} 
 </msg>
<msg timestamp="20220710 15:44:30.301" level="FAIL">HTTPError: 400 Client Error: Bad Request for url: http://localhost:3000/produtos/BeeJh5lz3k6kSIzA</msg>
<status status="FAIL" starttime="20220710 15:44:30.298" endtime="20220710 15:44:30.302"/>
</kw>
<kw name="Log To Console" library="BuiltIn">
<arg>Response: ${response.content}</arg>
<doc>Logs the given message to the console.</doc>
<status status="NOT RUN" starttime="20220710 15:44:30.302" endtime="20220710 15:44:30.302"/>
</kw>
<kw name="Set Global Variable" library="BuiltIn">
<arg>${response}</arg>
<doc>Makes a variable available globally in all tests and suites.</doc>
<status status="NOT RUN" starttime="20220710 15:44:30.302" endtime="20220710 15:44:30.302"/>
</kw>
<status status="FAIL" starttime="20220710 15:44:30.297" endtime="20220710 15:44:30.303"/>
</kw>
<kw name="Validar Status Code &quot;200&quot;" library="common" sourcename="Validar Status Code &quot;${statuscode}&quot;">
<status status="NOT RUN" starttime="20220710 15:44:30.303" endtime="20220710 15:44:30.303"/>
</kw>
<tag>DELETE_PRODUTO</tag>
<status status="FAIL" starttime="20220710 15:44:30.285" endtime="20220710 15:44:30.303">HTTPError: 400 Client Error: Bad Request for url: http://localhost:3000/produtos/BeeJh5lz3k6kSIzA</status>
</test>
<doc>Arquivo de Testes para o Endpoint /produtos</doc>
<status status="FAIL" starttime="20220710 15:44:29.960" endtime="20220710 15:44:30.303"/>
</suite>
<statistics>
<total>
<stat pass="9" fail="1" skip="0">All Tests</stat>
</total>
<tag>
<stat pass="0" fail="1" skip="0">DELETE_PRODUTO</stat>
<stat pass="1" fail="0" skip="0">GET_PRODUTO</stat>
<stat pass="1" fail="0" skip="0">GET_PRODUTO_ID</stat>
<stat pass="1" fail="0" skip="0">GET_PRODUTO_INVALIDO</stat>
<stat pass="1" fail="0" skip="0">POST_PRODUTO</stat>
<stat pass="1" fail="0" skip="0">POST_PRODUTO_ADM</stat>
<stat pass="1" fail="0" skip="0">POST_PRODUTO_EXISTENTE</stat>
<stat pass="1" fail="0" skip="0">POST_PRODUTO_TOKEN</stat>
<stat pass="1" fail="0" skip="0">PUT_PRODUTO</stat>
<stat pass="1" fail="0" skip="0">PUT_PRODUTO_TOKEN</stat>
</tag>
<suite>
<stat pass="9" fail="1" skip="0" id="s1" name="Produtos Tests">Produtos Tests</stat>
</suite>
</statistics>
<errors>
</errors>
</robot>
